/mnt/home/renjie3/miniconda3/envs/simclr/lib/python3.7/site-packages/thop/utils.py:1: DeprecationWarning: Using or importing the ABCs from 'collections' instead of from 'collections.abc' is deprecated since Python 3.3,and in 3.9 it will stop working
  from collections import Iterable
2021-11-06 10:48:07,423 PyTorch Version: 1.7.1
2021-11-06 10:48:07,466 GPU List: ['Tesla V100-SXM2-32GB']
2021-11-06 10:48:07,469 num_classes: 10
2021-11-06 10:48:07,470 epochs: 300
2021-11-06 10:48:07,470 grad_clip: 5.0
2021-11-06 10:48:07,470 log_frequency: 100
2021-11-06 10:48:07,471 model: {'name': 'ResNet18', 'num_classes': 10}
2021-11-06 10:48:07,471 criterion: {'name': 'CrossEntropyLoss'}
2021-11-06 10:48:07,471 optimizer: {'name': 'SGD', 'lr': 0.1, 'weight_decay': 0.0005, 'momentum': 0.9}
2021-11-06 10:48:07,472 scheduler: {'name': 'CosineAnnealingLR', 'T_max': 300, 'eta_min': 0.0}
2021-11-06 10:48:07,472 dataset: {'name': 'DatasetGenerator', 'train_batch_size': 128, 'eval_batch_size': 128}
2021-11-06 10:48:07,474 seed: 0
2021-11-06 10:48:07,475 version: resnet18
2021-11-06 10:48:07,475 exp_name: my_experiments/class_wise_cifar10_random_assign_8_10_0.8
2021-11-06 10:48:07,475 config_path: configs/cifar10
2021-11-06 10:48:07,476 load_model: False
2021-11-06 10:48:07,476 data_parallel: False
2021-11-06 10:48:07,476 train_batch_size: 512
2021-11-06 10:48:07,477 eval_batch_size: 512
2021-11-06 10:48:07,477 num_of_workers: 8
2021-11-06 10:48:07,477 train_data_type: CIFAR10
2021-11-06 10:48:07,477 train_data_path: ../datasets
2021-11-06 10:48:07,478 test_data_type: CIFAR10
2021-11-06 10:48:07,478 test_data_path: ../datasets
2021-11-06 10:48:07,478 universal_train_portion: 0.2
2021-11-06 10:48:07,479 universal_stop_error: 0.1
2021-11-06 10:48:07,479 universal_train_target: 'train_subset'
2021-11-06 10:48:07,479 train_step: 10
2021-11-06 10:48:07,480 use_subset: True
2021-11-06 10:48:07,480 attack_type: min-min
2021-11-06 10:48:07,480 perturb_type: classwise
2021-11-06 10:48:07,481 patch_location: center
2021-11-06 10:48:07,481 noise_shape: [10, 3, 32, 32]
2021-11-06 10:48:07,481 epsilon: 0.03137254901960784
2021-11-06 10:48:07,482 num_steps: 10
2021-11-06 10:48:07,482 step_size: 0.0031372549019607846
2021-11-06 10:48:07,482 random_start: False
2021-11-06 10:48:07,482 job_id: 103495385
2021-11-06 10:48:07,483 local_dev: 
2021-11-06 10:48:12,213 param size = 11.173962MB
2021-11-06 10:48:15,217 ====================Searching Universal Perturbation====================
Traceback (most recent call last):
  File "perturbation.py", line 494, in <module>
    main()
  File "perturbation.py", line 480, in main
    noise = universal_perturbation(noise_generator, trainer, evaluator, model, criterion, optimizer, scheduler, random_noise, ENV)
  File "perturbation.py", line 199, in universal_perturbation
    for i, (images, labels) in tqdm(enumerate(data_loader[args.universal_train_target]), total=len(data_loader[args.universal_train_target])):
KeyError: "'train_subset'"
