Retrain SimCLR with perturbation from supervised
python simclr_transfer.py --batch_size 512 --epochs 1000 --arch resnet18 --perturbation_budget 32 --pre_load_name randomassign_supervised_10class_classwise_32_10_1.6 --job_id 103499497
check check
__name__ __main__
Files already downloaded and verified
JobId=103499497 JobName=SimCLR
   UserId=renjie3(6007166) GroupId=cse(2010) MCS_label=N/A
   Priority=32811 Nice=0 Account=cmse QOS=normal
   JobState=RUNNING Reason=None Dependency=(null)
   Requeue=1 Restarts=0 BatchFlag=1 Reboot=0 ExitCode=0:0
   RunTime=00:00:09 TimeLimit=1-06:00:00 TimeMin=N/A
   SubmitTime=2021-11-06T20:10:14 EligibleTime=2021-11-06T20:10:14
   AccrueTime=2021-11-06T20:10:14
   StartTime=2021-11-06T20:10:39 EndTime=2021-11-08T01:10:39 Deadline=N/A
   SuspendTime=None SecsPreSuspend=0 LastSchedEval=2021-11-06T20:10:39
   Partition=cmse-gpu AllocNode:Sid=dev-amd20-v100:185374
   ReqNodeList=(null) ExcNodeList=(null)
   NodeList=nvl-001
   BatchHost=nvl-001
   FedOrigin=msuhpcc FedViableSiblings=msuhpcc,preemptable FedActiveSiblings=msuhpcc
   NumNodes=1 NumCPUs=2 NumTasks=1 CPUs/Task=2 ReqB:S:C:T=0:0:*:*
   TRES=cpu=2,mem=16G,node=1,billing=2490,gres/gpu=1
   Socks/Node=* NtasksPerN:B:S:C=0:0:*:* CoreSpec=*
   MinCPUsNode=2 MinMemoryCPU=8G MinTmpDiskNode=0
   Features=[intel14|intel16|intel18|amr|nvf] DelayBoot=00:00:00
   OverSubscribe=OK Contiguous=0 Licenses=(null) Network=(null)
   Command=/mnt/ufs18/home-145/renjie3/Documents/unlearnable/Unlearnable-Examples/submit.sb
   WorkDir=/mnt/ufs18/home-145/renjie3/Documents/unlearnable/Unlearnable-Examples
   Comment=stdout=/mnt/home/renjie3/Documents/unlearnable/Unlearnable-Examples/logfile/103499497.log 
   StdErr=/mnt/home/renjie3/Documents/unlearnable/Unlearnable-Examples/logfile/103499497.err
   StdIn=/dev/null
   StdOut=/mnt/home/renjie3/Documents/unlearnable/Unlearnable-Examples/logfile/103499497.log
   Power=
   TresPerNode=gpu:1
   NtasksPerTRES:0

