Retrain SimCLR with perturbation from supervised using larger steps and larger parameters
python3 perturbation.py --config_path configs/cifar10 --exp_name my_experiments/class_wise_cifar10_random_assign_32_10_0.8 --version resnet18 --train_data_type CIFAR10 --noise_shape 10 3 32 32 --epsilon 32 --num_steps 10 --step_size 0.8 --attack_type min-min --perturb_type classwise --universal_train_target 'train_subset' --universal_stop_error 0.1 --use_subset --job_id 103495388
check check
__name__ simclr
Files already downloaded and verified
Files already downloaded and verified
Train Labels:  [4 7 0 ... 9 6 8]
Valid Labels:  [4 3 4 ... 7 0 1]
{'train_dataset': Dataset RandomLabelCIFAR10
    Number of datapoints: 50000
    Root location: ../datasets
    Split: Train
    StandardTransform
Transform: Compose(
               ToTensor()
           ), 'test_dataset': Dataset RandomLabelCIFAR10
    Number of datapoints: 10000
    Root location: ../datasets
    Split: Test
    StandardTransform
Transform: Compose(
               ToTensor()
           ), 'train_subset': Dataset RandomLabelCIFAR10
    Number of datapoints: 10000
    Root location: ../datasets
    Split: Train
    StandardTransform
Transform: Compose(
               ToTensor()
           ), 'valid_subset': Dataset RandomLabelCIFAR10
    Number of datapoints: 40000
    Root location: ../datasets
    Split: Train
    StandardTransform
Transform: Compose(
               ToTensor()
           )}
train_subset
Files already downloaded and verified
Files already downloaded and verified
Train Labels:  [4 7 0 ... 9 6 8]
Valid Labels:  [4 3 4 ... 7 0 1]
{'train_dataset': Dataset RandomLabelCIFAR10
    Number of datapoints: 50000
    Root location: ../datasets
    Split: Train
    StandardTransform
Transform: Compose(
               ToTensor()
           ), 'test_dataset': Dataset RandomLabelCIFAR10
    Number of datapoints: 10000
    Root location: ../datasets
    Split: Test
    StandardTransform
Transform: Compose(
               ToTensor()
           ), 'train_subset': Dataset RandomLabelCIFAR10
    Number of datapoints: 10000
    Root location: ../datasets
    Split: Train
    StandardTransform
Transform: Compose(
               ToTensor()
           ), 'valid_subset': Dataset RandomLabelCIFAR10
    Number of datapoints: 40000
    Root location: ../datasets
    Split: Train
    StandardTransform
Transform: Compose(
               ToTensor()
           )}
JobId=103495388 JobName=SimCLR
   UserId=renjie3(6007166) GroupId=cse(2010) MCS_label=N/A
   Priority=28284 Nice=0 Account=cmse QOS=normal
   JobState=RUNNING Reason=None Dependency=(null)
   Requeue=1 Restarts=0 BatchFlag=1 Reboot=0 ExitCode=0:0
   RunTime=00:00:21 TimeLimit=1-06:00:00 TimeMin=N/A
   SubmitTime=2021-11-06T10:48:35 EligibleTime=2021-11-06T10:48:35
   AccrueTime=2021-11-06T10:48:35
   StartTime=2021-11-06T10:48:38 EndTime=2021-11-07T15:48:38 Deadline=N/A
   SuspendTime=None SecsPreSuspend=0 LastSchedEval=2021-11-06T10:48:38
   Partition=cmse-gpu AllocNode:Sid=dev-amd20-v100:185374
   ReqNodeList=(null) ExcNodeList=(null)
   NodeList=nvl-001
   BatchHost=nvl-001
   FedOrigin=msuhpcc FedViableSiblings=msuhpcc,preemptable FedActiveSiblings=msuhpcc
   NumNodes=1 NumCPUs=2 NumTasks=1 CPUs/Task=2 ReqB:S:C:T=0:0:*:*
   TRES=cpu=2,mem=16G,node=1,billing=2490,gres/gpu=1
   Socks/Node=* NtasksPerN:B:S:C=0:0:*:* CoreSpec=*
   MinCPUsNode=2 MinMemoryCPU=8G MinTmpDiskNode=0
   Features=[intel14|intel16|intel18|amr|nvf] DelayBoot=00:00:00
   OverSubscribe=OK Contiguous=0 Licenses=(null) Network=(null)
   Command=/mnt/ufs18/home-145/renjie3/Documents/unlearnable/Unlearnable-Examples/submit.sb
   WorkDir=/mnt/ufs18/home-145/renjie3/Documents/unlearnable/Unlearnable-Examples
   Comment=stdout=/mnt/home/renjie3/Documents/unlearnable/Unlearnable-Examples/logfile/103495388.log 
   StdErr=/mnt/home/renjie3/Documents/unlearnable/Unlearnable-Examples/logfile/103495388.err
   StdIn=/dev/null
   StdOut=/mnt/home/renjie3/Documents/unlearnable/Unlearnable-Examples/logfile/103495388.log
   Power=
   TresPerNode=gpu:1
   NtasksPerTRES:0

