/mnt/home/renjie3/miniconda3/envs/simclr/lib/python3.7/site-packages/thop/utils.py:1: DeprecationWarning: Using or importing the ABCs from 'collections' instead of from 'collections.abc' is deprecated since Python 3.3,and in 3.9 it will stop working
  from collections import Iterable
usage: perturbation.py [-h] [--seed SEED] [--version VERSION]
                       [--exp_name EXP_NAME] [--config_path CONFIG_PATH]
                       [--load_model] [--data_parallel]
                       [--train_batch_size TRAIN_BATCH_SIZE]
                       [--eval_batch_size EVAL_BATCH_SIZE]
                       [--num_of_workers NUM_OF_WORKERS]
                       [--train_data_type TRAIN_DATA_TYPE]
                       [--train_data_path TRAIN_DATA_PATH]
                       [--test_data_type TEST_DATA_TYPE]
                       [--test_data_path TEST_DATA_PATH]
                       [--universal_train_portion UNIVERSAL_TRAIN_PORTION]
                       [--universal_stop_error UNIVERSAL_STOP_ERROR]
                       [--universal_train_target UNIVERSAL_TRAIN_TARGET]
                       [--train_step TRAIN_STEP] [--use_subset]
                       [--attack_type {min-min,min-max,random}]
                       [--perturb_type {classwise,samplewise}]
                       [--patch_location {center,random}]
                       [--noise_shape NOISE_SHAPE [NOISE_SHAPE ...]]
                       [--epsilon EPSILON] [--num_steps NUM_STEPS]
                       [--step_size STEP_SIZE] [--random_start]
perturbation.py: error: unrecognized arguments: --job_id 103477985
