Retrain SimCLR with perturbation from supervised using larger steps and larger parameters
python3 perturbation.py --config_path configs/cifar10 --exp_name my_experiments/class_wise_cifar10_random_assign_8_10_0.8 --version resnet18 --train_data_type CIFAR10 --noise_shape 10 3 32 32 --epsilon 8 --num_steps 10 --step_size 0.8 --attack_type min-min --perturb_type classwise --universal_train_target train_dataset --universal_stop_error 0.1 --use_subset --job_id 103495743
check check
__name__ simclr
Files already downloaded and verified
Files already downloaded and verified
Train Labels:  [4 7 0 ... 9 6 8]
Valid Labels:  [4 3 4 ... 7 0 1]
{'train_dataset': Dataset RandomLabelCIFAR10
    Number of datapoints: 50000
    Root location: ../datasets
    Split: Train
    StandardTransform
Transform: Compose(
               ToTensor()
           ), 'test_dataset': Dataset RandomLabelCIFAR10
    Number of datapoints: 10000
    Root location: ../datasets
    Split: Test
    StandardTransform
Transform: Compose(
               ToTensor()
           ), 'train_subset': Dataset RandomLabelCIFAR10
    Number of datapoints: 10000
    Root location: ../datasets
    Split: Train
    StandardTransform
Transform: Compose(
               ToTensor()
           ), 'valid_subset': Dataset RandomLabelCIFAR10
    Number of datapoints: 40000
    Root location: ../datasets
    Split: Train
    StandardTransform
Transform: Compose(
               ToTensor()
           )}
train_subset
Files already downloaded and verified
Files already downloaded and verified
Train Labels:  [4 7 0 ... 9 6 8]
Valid Labels:  [4 3 4 ... 7 0 1]
{'train_dataset': Dataset RandomLabelCIFAR10
    Number of datapoints: 50000
    Root location: ../datasets
    Split: Train
    StandardTransform
Transform: Compose(
               ToTensor()
           ), 'test_dataset': Dataset RandomLabelCIFAR10
    Number of datapoints: 10000
    Root location: ../datasets
    Split: Test
    StandardTransform
Transform: Compose(
               ToTensor()
           ), 'train_subset': Dataset RandomLabelCIFAR10
    Number of datapoints: 10000
    Root location: ../datasets
    Split: Train
    StandardTransform
Transform: Compose(
               ToTensor()
           ), 'valid_subset': Dataset RandomLabelCIFAR10
    Number of datapoints: 40000
    Root location: ../datasets
    Split: Train
    StandardTransform
Transform: Compose(
               ToTensor()
           )}
0.0
