Retrain SimCLR to test the transferability.
python -u simclr_transfer.py --batch_size 512 --epochs 1000 --arch resnet18 --perturbation_budget 32 --pre_load_name unlearnable_20211025164521_0.5_512_151 --job_id 103408656
check check
__name__ __main__
Files already downloaded and verified
Files already downloaded and verified
Files already downloaded and verified
[INFO] Register count_convNd() for <class 'torch.nn.modules.conv.Conv2d'>.
[INFO] Register count_bn() for <class 'torch.nn.modules.batchnorm.BatchNorm2d'>.
[INFO] Register zero_ops() for <class 'torch.nn.modules.activation.ReLU'>.
[91m[WARN] Cannot find rule for <class 'torchvision.models.resnet.BasicBlock'>. Treat it as zero Macs and zero Params.[00m
[91m[WARN] Cannot find rule for <class 'torch.nn.modules.container.Sequential'>. Treat it as zero Macs and zero Params.[00m
[INFO] Register count_adap_avgpool() for <class 'torch.nn.modules.pooling.AdaptiveAvgPool2d'>.
[INFO] Register count_linear() for <class 'torch.nn.modules.linear.Linear'>.
[INFO] Register count_bn() for <class 'torch.nn.modules.batchnorm.BatchNorm1d'>.
[91m[WARN] Cannot find rule for <class 'model.Model'>. Treat it as zero Macs and zero Params.[00m
JobId=103408656 JobName=SimCLR
   UserId=renjie3(6007166) GroupId=cse(2010) MCS_label=N/A
   Priority=34019 Nice=0 Account=cmse QOS=normal
   JobState=RUNNING Reason=None Dependency=(null)
   Requeue=1 Restarts=0 BatchFlag=1 Reboot=0 ExitCode=0:0
   RunTime=00:00:53 TimeLimit=1-06:00:00 TimeMin=N/A
   SubmitTime=2021-11-03T20:01:19 EligibleTime=2021-11-03T20:01:19
   AccrueTime=2021-11-03T20:01:19
   StartTime=2021-11-04T00:23:49 EndTime=2021-11-05T06:23:49 Deadline=N/A
   SuspendTime=None SecsPreSuspend=0 LastSchedEval=2021-11-04T00:23:49
   Partition=cmse-gpu AllocNode:Sid=dev-amd20-v100:102980
   ReqNodeList=(null) ExcNodeList=(null)
   NodeList=csn-013
   BatchHost=csn-013
   FedOrigin=msuhpcc FedViableSiblings=msuhpcc,preemptable FedActiveSiblings=msuhpcc
   NumNodes=1 NumCPUs=2 NumTasks=1 CPUs/Task=2 ReqB:S:C:T=0:0:*:*
   TRES=cpu=2,mem=16G,node=1,billing=2490,gres/gpu=1
   Socks/Node=* NtasksPerN:B:S:C=0:0:*:* CoreSpec=*
   MinCPUsNode=2 MinMemoryCPU=8G MinTmpDiskNode=0
   Features=[intel14|intel16|intel18|amr|nvf] DelayBoot=00:00:00
   OverSubscribe=OK Contiguous=0 Licenses=(null) Network=(null)
   Command=/mnt/ufs18/home-145/renjie3/Documents/unlearnable/Unlearnable-Examples/submit.sb
   WorkDir=/mnt/ufs18/home-145/renjie3/Documents/unlearnable/Unlearnable-Examples
   Comment=stdout=/mnt/home/renjie3/Documents/unlearnable/Unlearnable-Examples/logfile/103408656.log 
   StdErr=/mnt/home/renjie3/Documents/unlearnable/Unlearnable-Examples/logfile/103408656.err
   StdIn=/dev/null
   StdOut=/mnt/home/renjie3/Documents/unlearnable/Unlearnable-Examples/logfile/103408656.log
   Power=
   TresPerNode=gpu:1
   NtasksPerTRES:0

