/mnt/home/renjie3/miniconda3/envs/simclr/lib/python3.7/site-packages/thop/utils.py:1: DeprecationWarning: Using or importing the ABCs from 'collections' instead of from 'collections.abc' is deprecated since Python 3.3,and in 3.9 it will stop working
  from collections import Iterable
2021-11-06 10:59:42,350 PyTorch Version: 1.7.1
2021-11-06 10:59:42,358 GPU List: ['Tesla V100-SXM2-32GB']
2021-11-06 10:59:42,361 num_classes: 10
2021-11-06 10:59:42,361 epochs: 300
2021-11-06 10:59:42,362 grad_clip: 5.0
2021-11-06 10:59:42,362 log_frequency: 100
2021-11-06 10:59:42,362 model: {'name': 'ResNet18', 'num_classes': 10}
2021-11-06 10:59:42,363 criterion: {'name': 'CrossEntropyLoss'}
2021-11-06 10:59:42,363 optimizer: {'name': 'SGD', 'lr': 0.1, 'weight_decay': 0.0005, 'momentum': 0.9}
2021-11-06 10:59:42,363 scheduler: {'name': 'CosineAnnealingLR', 'T_max': 300, 'eta_min': 0.0}
2021-11-06 10:59:42,364 dataset: {'name': 'DatasetGenerator', 'train_batch_size': 128, 'eval_batch_size': 128}
2021-11-06 10:59:42,365 seed: 0
2021-11-06 10:59:42,366 version: resnet18
2021-11-06 10:59:42,366 exp_name: my_experiments/class_wise_cifar10_random_assign_8_10_1.6
2021-11-06 10:59:42,366 config_path: configs/cifar10
2021-11-06 10:59:42,366 load_model: False
2021-11-06 10:59:42,367 data_parallel: False
2021-11-06 10:59:42,367 train_batch_size: 512
2021-11-06 10:59:42,367 eval_batch_size: 512
2021-11-06 10:59:42,367 num_of_workers: 8
2021-11-06 10:59:42,368 train_data_type: CIFAR10
2021-11-06 10:59:42,368 train_data_path: ../datasets
2021-11-06 10:59:42,368 test_data_type: CIFAR10
2021-11-06 10:59:42,368 test_data_path: ../datasets
2021-11-06 10:59:42,369 universal_train_portion: 0.2
2021-11-06 10:59:42,369 universal_stop_error: 0.1
2021-11-06 10:59:42,369 universal_train_target: train_dataset
2021-11-06 10:59:42,370 train_step: 10
2021-11-06 10:59:42,370 use_subset: True
2021-11-06 10:59:42,370 attack_type: min-min
2021-11-06 10:59:42,371 perturb_type: classwise
2021-11-06 10:59:42,371 patch_location: center
2021-11-06 10:59:42,371 noise_shape: [10, 3, 32, 32]
2021-11-06 10:59:42,372 epsilon: 0.03137254901960784
2021-11-06 10:59:42,372 num_steps: 10
2021-11-06 10:59:42,372 step_size: 0.006274509803921569
2021-11-06 10:59:42,373 random_start: False
2021-11-06 10:59:42,373 job_id: 103495744
2021-11-06 10:59:42,373 local_dev: 
2021-11-06 10:59:46,482 param size = 11.173962MB
slurmstepd: error: *** JOB 103495744 ON nvl-001 CANCELLED AT 2021-11-06T10:59:48 ***
