No shuffle clean
python3 -u ssl_perturbation_save_model.py --config_path configs/cifar10 --exp_name path/to/your/experiment/folder --version resnet18 --train_data_type CIFAR10 --noise_shape 1024 3 32 32 --epsilon 32 --num_steps 20 --step_size 0.8 --attack_type min-min --perturb_type clean_train --train_step 10 --epochs 1000 --min_min_attack_fn non_eot --strong_aug --class_4 --job_id 104645774
check check
__name__ simclr
Files already downloaded and verified
Files already downloaded and verified
Files already downloaded and verified
Files already downloaded and verified
The whole epochs are 1000
6.880796670913696
6.786038875579834
6.671801567077637
6.634894847869873
6.514137506484985
6.5378148555755615
6.5197813510894775
6.488702297210693
6.489607810974121
6.453053712844849
model saved at unlearnable_cleantrain_104645774_20211115112200_0.5_512_1000
6.467268466949463
6.442373991012573
6.387015342712402
6.430631160736084
6.389798879623413
6.395697593688965
6.430517673492432
6.403827905654907
6.366334438323975
6.312443494796753
model saved at unlearnable_cleantrain_104645774_20211115112200_0.5_512_1000
6.361462831497192
6.348036050796509
6.3431236743927
6.317902326583862
6.326609134674072
6.293622732162476
6.330923557281494
6.310728311538696
6.327686309814453
6.2754974365234375
model saved at unlearnable_cleantrain_104645774_20211115112200_0.5_512_1000
6.261414051055908
6.248715877532959
6.26297926902771
6.2526140213012695
6.269155025482178
6.204563617706299
6.221040964126587
6.252625942230225
6.215247869491577
6.204464435577393
model saved at unlearnable_cleantrain_104645774_20211115112200_0.5_512_1000
6.2140116691589355
6.214579343795776
6.185058355331421
6.211450576782227
6.167781829833984
6.214961051940918
6.177798509597778
6.167225122451782
6.128490209579468
6.102910995483398
model saved at unlearnable_cleantrain_104645774_20211115112200_0.5_512_1000
6.124907493591309
6.142570734024048
6.121715307235718
6.0884740352630615
6.046202182769775
6.107678413391113
6.122587203979492
6.141010284423828
6.102650165557861
6.1146745681762695
model saved at unlearnable_cleantrain_104645774_20211115112200_0.5_512_1000
6.109680891036987
6.123105525970459
6.144061803817749
6.0963311195373535
6.106790781021118
6.07880711555481
6.104587078094482
6.071263790130615
6.099926233291626
6.031220436096191
model saved at unlearnable_cleantrain_104645774_20211115112200_0.5_512_1000
6.038407564163208
6.026814937591553
6.0486485958099365
6.041013956069946
6.049411296844482
6.020607233047485
6.033556222915649
6.035092115402222
6.041982173919678
6.01257586479187
model saved at unlearnable_cleantrain_104645774_20211115112200_0.5_512_1000
6.027616500854492
6.030437469482422
6.025340795516968
6.004688739776611
6.01736855506897
5.998105525970459
6.0063560009002686
5.978757381439209
5.999406576156616
5.993274688720703
model saved at unlearnable_cleantrain_104645774_20211115112200_0.5_512_1000
5.984770774841309
5.973626375198364
6.003756999969482
5.984023809432983
5.994792222976685
5.978002071380615
5.955660343170166
5.964951753616333
5.97429633140564
5.910440444946289
model saved at unlearnable_cleantrain_104645774_20211115112200_0.5_512_1000
5.966339349746704
5.909013509750366
5.947372913360596
5.911062240600586
5.960459470748901
5.920637845993042
5.9653401374816895
5.932727813720703
5.912394285202026
5.905656337738037
model saved at unlearnable_cleantrain_104645774_20211115112200_0.5_512_1000
5.915289402008057
5.8800482749938965
5.898275136947632
5.921533584594727
5.888303279876709
5.895835638046265
5.889267921447754
5.914651155471802
5.884401559829712
5.903784990310669
model saved at unlearnable_cleantrain_104645774_20211115112200_0.5_512_1000
5.866209268569946
5.866336345672607
5.910998582839966
5.901952743530273
5.9093017578125
5.892001390457153
5.880964517593384
5.883368730545044
5.8861541748046875
5.907110214233398
model saved at unlearnable_cleantrain_104645774_20211115112200_0.5_512_1000
5.925804853439331
5.907431125640869
5.925807952880859
5.936075687408447
5.883838891983032
5.885595798492432
5.907935857772827
5.891623258590698
5.887515068054199
5.86676287651062
model saved at unlearnable_cleantrain_104645774_20211115112200_0.5_512_1000
5.877448320388794
5.887774467468262
5.8563854694366455
5.833032131195068
5.852023601531982
5.859917163848877
5.8601624965667725
5.85377049446106
5.819316625595093
5.838103771209717
model saved at unlearnable_cleantrain_104645774_20211115112200_0.5_512_1000
5.839363098144531
5.848764419555664
5.869337320327759
5.850990056991577
5.860750913619995
5.812518119812012
5.827682018280029
5.804175853729248
5.869879484176636
5.836520433425903
model saved at unlearnable_cleantrain_104645774_20211115112200_0.5_512_1000
5.832016468048096
5.824113607406616
5.805988073348999
5.842708110809326
5.8264830112457275
5.828573703765869
5.801128625869751
5.809996843338013
5.832374095916748
5.793668270111084
model saved at unlearnable_cleantrain_104645774_20211115112200_0.5_512_1000
5.814845085144043
5.799200773239136
5.7992753982543945
5.784944772720337
5.804708480834961
5.794378757476807
5.794164419174194
5.821088790893555
5.798134803771973
5.822078704833984
model saved at unlearnable_cleantrain_104645774_20211115112200_0.5_512_1000
5.83545184135437
5.797076940536499
5.840490102767944
5.7999231815338135
5.8073413372039795
5.8040688037872314
5.782872676849365
5.809050559997559
5.808467864990234
5.818081855773926
model saved at unlearnable_cleantrain_104645774_20211115112200_0.5_512_1000
5.793867588043213
5.785011529922485
5.785616874694824
5.8045244216918945
5.786780595779419
5.771931886672974
5.772850036621094
5.774003267288208
5.735525131225586
5.760493993759155
model saved at unlearnable_cleantrain_104645774_20211115112200_0.5_512_1000
5.769585371017456
5.781925201416016
5.768908977508545
5.762494087219238
5.764667272567749
5.799372673034668
5.767285585403442
5.769255876541138
5.780452489852905
5.760235071182251
model saved at unlearnable_cleantrain_104645774_20211115112200_0.5_512_1000
5.788572788238525
5.746114730834961
5.757369041442871
5.73560094833374
5.775180101394653
5.7671754360198975
5.76039981842041
5.739048004150391
5.745680332183838
5.750524282455444
model saved at unlearnable_cleantrain_104645774_20211115112200_0.5_512_1000
5.734908103942871
5.726449012756348
5.723377227783203
5.747805118560791
5.743985652923584
5.768759727478027
5.739964008331299
5.758373737335205
5.7438836097717285
5.785014867782593
model saved at unlearnable_cleantrain_104645774_20211115112200_0.5_512_1000
5.709972620010376
5.726338863372803
5.724517822265625
5.733600378036499
5.7340004444122314
5.757199287414551
5.726189136505127
5.719009160995483
5.7465598583221436
5.7551820278167725
model saved at unlearnable_cleantrain_104645774_20211115112200_0.5_512_1000
5.706113338470459
5.731039524078369
5.757862567901611
5.7179155349731445
5.724236726760864
5.731358528137207
5.717857837677002
5.716037750244141
5.72018575668335
5.735440254211426
model saved at unlearnable_cleantrain_104645774_20211115112200_0.5_512_1000
5.681775093078613
5.711172819137573
5.7134199142456055
5.738171815872192
5.7283408641815186
5.704891681671143
5.718438625335693
5.708358526229858
5.713788747787476
5.704038381576538
model saved at unlearnable_cleantrain_104645774_20211115112200_0.5_512_1000
5.69116997718811
5.7142651081085205
5.688456296920776
5.683507680892944
5.694185733795166
5.684762477874756
5.712525844573975
5.698620796203613
5.678675413131714
5.702232122421265
model saved at unlearnable_cleantrain_104645774_20211115112200_0.5_512_1000
5.721781253814697
5.692232131958008
5.704018831253052
5.688117265701294
5.699084520339966
5.710615634918213
5.680464267730713
5.686766147613525
5.682260036468506
5.675682544708252
model saved at unlearnable_cleantrain_104645774_20211115112200_0.5_512_1000
5.6662211418151855
5.699703216552734
5.69622802734375
5.674798488616943
5.68751859664917
5.673229455947876
5.668051719665527
5.693147659301758
5.681081771850586
5.682935953140259
model saved at unlearnable_cleantrain_104645774_20211115112200_0.5_512_1000
5.685579299926758
5.691729545593262
5.670131206512451
5.694911241531372
5.670680522918701
5.697652339935303
5.693706035614014
5.672937870025635
5.665518283843994
5.6650710105896
model saved at unlearnable_cleantrain_104645774_20211115112200_0.5_512_1000
5.6685402393341064
5.662522792816162
5.659735202789307
5.672072887420654
5.644643545150757
5.706223011016846
5.680297136306763
5.663490533828735
5.690171003341675
5.6858766078948975
model saved at unlearnable_cleantrain_104645774_20211115112200_0.5_512_1000
5.685836553573608
5.68899941444397
5.65730619430542
5.649883270263672
5.669020175933838
5.67067813873291
5.669862747192383
5.678474187850952
5.626407623291016
5.646652698516846
model saved at unlearnable_cleantrain_104645774_20211115112200_0.5_512_1000
5.637964248657227
5.634614944458008
5.650051593780518
5.641689300537109
5.643997669219971
5.6480348110198975
5.669862508773804
5.663387775421143
5.655354976654053
5.631862163543701
model saved at unlearnable_cleantrain_104645774_20211115112200_0.5_512_1000
5.625845670700073
5.629014730453491
5.6239094734191895
5.64995002746582
5.652970314025879
5.631178855895996
5.632358551025391
5.6373138427734375
5.629339933395386
5.666950941085815
model saved at unlearnable_cleantrain_104645774_20211115112200_0.5_512_1000
5.649066209793091
5.6284215450286865
5.623136758804321
5.6524317264556885
5.635263204574585
5.645108938217163
5.619120121002197
5.64684534072876
5.625499963760376
5.597967624664307
model saved at unlearnable_cleantrain_104645774_20211115112200_0.5_512_1000
5.607468128204346
5.61727499961853
5.6340625286102295
5.605135202407837
5.631304979324341
5.641210556030273
5.610628366470337
5.628249168395996
5.62188720703125
5.631974220275879
model saved at unlearnable_cleantrain_104645774_20211115112200_0.5_512_1000
5.614148378372192
5.596381187438965
5.619045257568359
5.62114953994751
5.614741802215576
5.5998640060424805
5.596810340881348
5.598333835601807
5.6118998527526855
5.600921392440796
model saved at unlearnable_cleantrain_104645774_20211115112200_0.5_512_1000
5.625269412994385
5.609902620315552
5.60551381111145
5.592059135437012
5.593119859695435
5.616310119628906
5.5940282344818115
5.618832111358643
5.60934853553772
5.5990636348724365
model saved at unlearnable_cleantrain_104645774_20211115112200_0.5_512_1000
5.571810722351074
5.607202529907227
5.585348844528198
5.627152681350708
5.6421520709991455
5.593501091003418
5.59687352180481
5.593250036239624
5.6307971477508545
5.609591960906982
model saved at unlearnable_cleantrain_104645774_20211115112200_0.5_512_1000
5.59494161605835
5.620762825012207
5.604548215866089
5.586666107177734
5.59232497215271
5.592337131500244
5.582951307296753
5.601226091384888
5.589632034301758
5.58077335357666
model saved at unlearnable_cleantrain_104645774_20211115112200_0.5_512_1000
5.596267938613892
5.589085340499878
5.582140207290649
5.585531711578369
5.607375383377075
5.612661361694336
5.6257593631744385
5.601325511932373
5.571211338043213
5.566845417022705
model saved at unlearnable_cleantrain_104645774_20211115112200_0.5_512_1000
5.584980726242065
5.5944249629974365
5.590999126434326
5.585472822189331
5.573235750198364
5.583163022994995
5.53746485710144
5.565969228744507
5.562819719314575
5.5867040157318115
model saved at unlearnable_cleantrain_104645774_20211115112200_0.5_512_1000
5.566699028015137
5.589913606643677
5.584503412246704
5.5530641078948975
5.580324172973633
5.606556415557861
5.5674779415130615
5.559960126876831
5.5636796951293945
5.557065486907959
model saved at unlearnable_cleantrain_104645774_20211115112200_0.5_512_1000
5.574093341827393
5.578336238861084
5.558566331863403
5.562227964401245
5.562063694000244
5.561941385269165
5.559716463088989
5.573245048522949
5.552099227905273
5.561288833618164
model saved at unlearnable_cleantrain_104645774_20211115112200_0.5_512_1000
5.5800230503082275
5.577555894851685
5.556392669677734
5.553949356079102
5.55500864982605
5.554213285446167
5.57156229019165
5.583449125289917
5.559097766876221
5.551223516464233
model saved at unlearnable_cleantrain_104645774_20211115112200_0.5_512_1000
5.569962978363037
5.567887306213379
5.5811731815338135
5.5542073249816895
5.5563883781433105
5.552844524383545
5.529272079467773
5.567726373672485
5.5451226234436035
5.568782329559326
model saved at unlearnable_cleantrain_104645774_20211115112200_0.5_512_1000
5.5459136962890625
5.570740461349487
5.5841965675354
5.558615207672119
5.568979024887085
5.555083274841309
5.554129123687744
5.530685901641846
5.557268857955933
5.553122520446777
model saved at unlearnable_cleantrain_104645774_20211115112200_0.5_512_1000
5.554003000259399
5.5291900634765625
5.580307960510254
5.553806304931641
5.549077272415161
5.549722671508789
5.537256479263306
5.551757335662842
5.542104721069336
5.549517869949341
model saved at unlearnable_cleantrain_104645774_20211115112200_0.5_512_1000
5.545105695724487
5.537137985229492
5.545838356018066
5.531640529632568
5.533636569976807
5.553542852401733
5.561402082443237
5.521862030029297
5.542351245880127
5.551133871078491
model saved at unlearnable_cleantrain_104645774_20211115112200_0.5_512_1000
5.546939849853516
5.532124280929565
5.538786888122559
5.513613939285278
5.520763158798218
5.5358662605285645
5.553053140640259
5.547381401062012
5.531347274780273
5.516843795776367
model saved at unlearnable_cleantrain_104645774_20211115112200_0.5_512_1000
5.549489736557007
5.5557005405426025
5.531349420547485
5.547389507293701
5.551926136016846
5.524952411651611
5.524230003356934
5.512554407119751
5.520236968994141
5.5176684856414795
model saved at unlearnable_cleantrain_104645774_20211115112200_0.5_512_1000
5.542051553726196
5.5364885330200195
5.524193525314331
5.513616561889648
5.552433490753174
5.527860641479492
5.531940221786499
5.538932800292969
5.520064115524292
5.539746046066284
model saved at unlearnable_cleantrain_104645774_20211115112200_0.5_512_1000
5.496058940887451
5.524956226348877
5.537379264831543
5.537693738937378
5.54414176940918
5.52567195892334
5.556049823760986
5.5331456661224365
5.5124831199646
5.490420341491699
model saved at unlearnable_cleantrain_104645774_20211115112200_0.5_512_1000
5.510808229446411
5.530235290527344
5.53473973274231
5.504415988922119
5.4998345375061035
5.526663303375244
5.4984612464904785
5.520588636398315
5.507943868637085
5.509629487991333
model saved at unlearnable_cleantrain_104645774_20211115112200_0.5_512_1000
5.502284049987793
5.512237548828125
5.533543348312378
5.515104293823242
5.521082878112793
5.500325918197632
5.49957275390625
5.487120151519775
5.513157367706299
5.516046762466431
model saved at unlearnable_cleantrain_104645774_20211115112200_0.5_512_1000
5.501281261444092
5.487810850143433
5.501379489898682
5.495435476303101
5.508715629577637
5.5146355628967285
5.524027109146118
5.511387586593628
5.5077972412109375
5.497533082962036
model saved at unlearnable_cleantrain_104645774_20211115112200_0.5_512_1000
5.522064447402954
5.52640438079834
5.517706394195557
5.4743781089782715
5.494940280914307
5.510498285293579
5.517617464065552
5.493272066116333
5.504313707351685
5.513659238815308
model saved at unlearnable_cleantrain_104645774_20211115112200_0.5_512_1000
5.471719741821289
5.5021584033966064
5.502817153930664
5.511681795120239
5.49585223197937
5.490855932235718
5.498575448989868
5.488226413726807
5.47194504737854
5.494301795959473
model saved at unlearnable_cleantrain_104645774_20211115112200_0.5_512_1000
5.517580270767212
5.528047323226929
5.481894493103027
5.512967348098755
5.471995115280151
5.503307819366455
5.476080417633057
5.497476100921631
5.498591423034668
5.501119613647461
model saved at unlearnable_cleantrain_104645774_20211115112200_0.5_512_1000
5.50587010383606
5.467461347579956
5.502776861190796
5.481752872467041
5.4986162185668945
5.499634504318237
5.511473655700684
5.459743499755859
5.46230673789978
5.467947244644165
model saved at unlearnable_cleantrain_104645774_20211115112200_0.5_512_1000
5.472107887268066
5.492788314819336
5.494652271270752
5.472046375274658
5.4659130573272705
5.49183464050293
5.4771106243133545
5.4821741580963135
5.496225118637085
5.486324310302734
model saved at unlearnable_cleantrain_104645774_20211115112200_0.5_512_1000
5.4869444370269775
5.491062641143799
5.474789142608643
5.502286434173584
5.485219240188599
5.484055757522583
5.471388578414917
5.513386964797974
5.493259429931641
5.45711088180542
model saved at unlearnable_cleantrain_104645774_20211115112200_0.5_512_1000
5.482670783996582
5.485912322998047
5.483973741531372
5.481139659881592
5.451841831207275
5.4671125411987305
5.459447622299194
5.478621482849121
5.447127342224121
5.483996868133545
model saved at unlearnable_cleantrain_104645774_20211115112200_0.5_512_1000
5.451098203659058
5.462691783905029
5.479763507843018
5.463115453720093
5.488019943237305
5.465882778167725
5.454636812210083
5.469551086425781
5.522109270095825
5.45154881477356
model saved at unlearnable_cleantrain_104645774_20211115112200_0.5_512_1000
5.4544782638549805
5.482990741729736
5.45901083946228
5.481566667556763
5.4708943367004395
5.470142602920532
5.469051122665405
5.479460000991821
5.471574783325195
5.463544607162476
model saved at unlearnable_cleantrain_104645774_20211115112200_0.5_512_1000
5.445098638534546
5.467365026473999
5.505654573440552
5.476104974746704
5.469254970550537
5.464807510375977
5.4498450756073
5.4576256275177
5.467855930328369
5.477257966995239
model saved at unlearnable_cleantrain_104645774_20211115112200_0.5_512_1000
5.472872734069824
5.465792179107666
5.494449615478516
5.465699911117554
5.464850902557373
5.45055079460144
5.4479899406433105
5.472771644592285
5.485018253326416
5.44820499420166
model saved at unlearnable_cleantrain_104645774_20211115112200_0.5_512_1000
5.4656147956848145
5.4426610469818115
5.44145393371582
5.450964450836182
5.475569248199463
5.47754693031311
5.469084024429321
5.448815107345581
5.43722128868103
5.481853485107422
model saved at unlearnable_cleantrain_104645774_20211115112200_0.5_512_1000
5.469048261642456
5.450465440750122
5.45141863822937
5.443304538726807
5.46416974067688
5.451964378356934
5.461289644241333
5.451320648193359
5.441507339477539
5.472966194152832
model saved at unlearnable_cleantrain_104645774_20211115112200_0.5_512_1000
5.471890211105347
5.466031551361084
5.471801519393921
5.4543890953063965
5.439041614532471
5.467540502548218
5.454413414001465
5.461171627044678
5.452854156494141
5.475040674209595
model saved at unlearnable_cleantrain_104645774_20211115112200_0.5_512_1000
5.463702440261841
5.456928253173828
5.455992937088013
5.437727451324463
5.468769311904907
5.456027507781982
5.447603225708008
5.438778877258301
5.4518163204193115
5.444180011749268
model saved at unlearnable_cleantrain_104645774_20211115112200_0.5_512_1000
5.46515965461731
5.456097602844238
5.436580657958984
5.444725036621094
5.45091700553894
5.445826530456543
5.437413692474365
5.442537307739258
5.409387588500977
5.422886371612549
model saved at unlearnable_cleantrain_104645774_20211115112200_0.5_512_1000
5.443191766738892
5.4449462890625
5.428952217102051
5.44946813583374
5.417485237121582
5.450223922729492
5.426560878753662
5.442912817001343
5.4309399127960205
5.440253734588623
model saved at unlearnable_cleantrain_104645774_20211115112200_0.5_512_1000
5.449950456619263
5.448204517364502
5.424313068389893
5.455341577529907
5.443047523498535
5.440031290054321
5.433068037033081
5.428995609283447
5.445646524429321
5.4305548667907715
model saved at unlearnable_cleantrain_104645774_20211115112200_0.5_512_1000
5.4423723220825195
5.436633586883545
5.4238176345825195
5.431568622589111
5.431104898452759
5.428346157073975
5.431440591812134
5.446300268173218
5.44530463218689
5.421361684799194
model saved at unlearnable_cleantrain_104645774_20211115112200_0.5_512_1000
5.419016599655151
5.416575193405151
5.42933201789856
5.429725885391235
5.441872835159302
5.443641901016235
5.414694309234619
5.416590690612793
5.4272308349609375
5.426485776901245
model saved at unlearnable_cleantrain_104645774_20211115112200_0.5_512_1000
5.4284467697143555
5.428560733795166
5.400760889053345
5.406358957290649
5.439966440200806
5.432953357696533
5.425071954727173
5.44489598274231
5.4405128955841064
5.426816463470459
model saved at unlearnable_cleantrain_104645774_20211115112200_0.5_512_1000
5.4188807010650635
5.419090509414673
5.41978645324707
5.445785045623779
5.44830846786499
5.422715663909912
5.419304609298706
5.447622537612915
5.409636735916138
5.4164879322052
model saved at unlearnable_cleantrain_104645774_20211115112200_0.5_512_1000
5.42496919631958
5.430410623550415
5.3996052742004395
5.4049072265625
5.4212870597839355
5.413842439651489
5.4233081340789795
5.3980817794799805
5.40031886100769
5.404726028442383
model saved at unlearnable_cleantrain_104645774_20211115112200_0.5_512_1000
5.4009034633636475
5.421982765197754
5.4217352867126465
5.418185472488403
5.403509616851807
5.399334192276001
5.421268701553345
5.403131723403931
5.421174049377441
5.415227890014648
model saved at unlearnable_cleantrain_104645774_20211115112200_0.5_512_1000
5.4173362255096436
5.416359901428223
5.429498910903931
5.430079936981201
5.4148170948028564
5.420062303543091
5.412525415420532
5.437534332275391
5.436453819274902
5.403385162353516
model saved at unlearnable_cleantrain_104645774_20211115112200_0.5_512_1000
5.417517185211182
5.421436548233032
5.390848398208618
5.42690634727478
5.396146535873413
5.398732662200928
5.409193515777588
5.385347843170166
5.3972389698028564
5.416477680206299
model saved at unlearnable_cleantrain_104645774_20211115112200_0.5_512_1000
5.419550657272339
5.419957876205444
5.406395435333252
5.381657361984253
5.4200439453125
5.419970750808716
5.391411304473877
5.405712127685547
5.400535583496094
5.396662473678589
model saved at unlearnable_cleantrain_104645774_20211115112200_0.5_512_1000
5.403329133987427
5.4179604053497314
5.408742904663086
5.395046710968018
5.3902504444122314
5.39781928062439
5.40807032585144
5.409818172454834
5.430911540985107
5.412996768951416
model saved at unlearnable_cleantrain_104645774_20211115112200_0.5_512_1000
5.40195894241333
5.395366191864014
5.41010308265686
5.379308700561523
5.416882514953613
5.384239912033081
5.4082560539245605
5.421916961669922
5.390756368637085
5.416470527648926
model saved at unlearnable_cleantrain_104645774_20211115112200_0.5_512_1000
5.40774393081665
5.400072336196899
5.391393661499023
5.394719123840332
5.429017782211304
5.406508445739746
5.409591197967529
5.4165260791778564
5.429882287979126
5.37317419052124
model saved at unlearnable_cleantrain_104645774_20211115112200_0.5_512_1000
5.384610176086426
5.399177551269531
5.392297029495239
5.399637222290039
5.415635347366333
5.385122299194336
5.371270418167114
5.391395568847656
5.398258686065674
5.39151668548584
model saved at unlearnable_cleantrain_104645774_20211115112200_0.5_512_1000
5.400821208953857
5.414413213729858
5.410130500793457
5.40448784828186
5.397768020629883
5.4047300815582275
5.406505823135376
5.403518915176392
5.415300607681274
5.406952857971191
model saved at unlearnable_cleantrain_104645774_20211115112200_0.5_512_1000
5.388310194015503
5.41745138168335
5.403365135192871
5.404487133026123
5.411071062088013
5.397639274597168
5.39926290512085
5.403036117553711
5.397286891937256
5.400228500366211
model saved at unlearnable_cleantrain_104645774_20211115112200_0.5_512_1000
5.408016204833984
5.386131763458252
5.410001993179321
5.40596342086792
5.383883714675903
5.400444746017456
5.3981993198394775
5.371896505355835
5.387777328491211
5.402068614959717
model saved at unlearnable_cleantrain_104645774_20211115112200_0.5_512_1000
5.388717174530029
5.381389617919922
5.370307445526123
5.405178785324097
5.3781843185424805
5.377260208129883
5.3888022899627686
5.3843371868133545
5.398230075836182
5.372780084609985
model saved at unlearnable_cleantrain_104645774_20211115112200_0.5_512_1000
5.3924243450164795
5.371533155441284
5.39827561378479
5.390105724334717
5.36968469619751
5.393961429595947
5.372274398803711
5.361213445663452
5.396381855010986
5.3934102058410645
model saved at unlearnable_cleantrain_104645774_20211115112200_0.5_512_1000
5.3611390590667725
5.369013786315918
5.386453866958618
5.37408185005188
5.384275197982788
5.362699270248413
5.378777742385864
5.38435697555542
5.380029678344727
5.386685371398926
model saved at unlearnable_cleantrain_104645774_20211115112200_0.5_512_1000
5.370490312576294
5.3653271198272705
5.3780200481414795
5.341879844665527
5.3761537075042725
5.384303569793701
5.3822784423828125
5.388903617858887
5.375498294830322
5.362078666687012
model saved at unlearnable_cleantrain_104645774_20211115112200_0.5_512_1000
5.37067437171936
5.378797769546509
5.368791103363037
5.390515327453613
5.390858173370361
5.363759517669678
5.385684490203857
5.375293254852295
5.384662389755249
5.3628222942352295
model saved at unlearnable_cleantrain_104645774_20211115112200_0.5_512_1000
5.377460956573486
5.357019424438477
5.388613700866699
5.348397493362427
5.392943859100342
5.369119644165039
5.383460521697998
5.384200096130371
5.374082326889038
5.371653318405151
model saved at unlearnable_cleantrain_104645774_20211115112200_0.5_512_1000
5.376461505889893
5.362425327301025
5.365578651428223
5.381560802459717
5.376391410827637
5.380849123001099
5.370800733566284
5.387378931045532
5.3645546436309814
5.3749918937683105
model saved at unlearnable_cleantrain_104645774_20211115112200_0.5_512_1000
5.391136169433594
5.365639686584473
5.379588842391968
5.365891456604004
5.374987602233887
5.357004880905151
5.338653326034546
5.394007921218872
5.357134580612183
5.355319499969482
model saved at unlearnable_cleantrain_104645774_20211115112200_0.5_512_1000
5.3743603229522705
5.3546600341796875
5.360249996185303
5.367174863815308
5.374385595321655
5.345080375671387
5.359637975692749
5.354050159454346
5.367395401000977
5.372055530548096
model saved at unlearnable_cleantrain_104645774_20211115112200_0.5_512_1000
5.3599326610565186
5.3685688972473145
5.392099380493164
5.374032020568848
5.35257887840271
5.379343271255493
5.348578691482544
5.367588996887207
5.363709449768066
5.358886241912842
model saved at unlearnable_cleantrain_104645774_20211115112200_0.5_512_1000
JobId=104645774 JobName=SimCLR
   UserId=renjie3(6007166) GroupId=cse(2010) MCS_label=N/A
   Priority=29950 Nice=0 Account=cmse QOS=normal
   JobState=RUNNING Reason=None Dependency=(null)
   Requeue=1 Restarts=0 BatchFlag=1 Reboot=0 ExitCode=0:0
   RunTime=01:35:07 TimeLimit=02:00:00 TimeMin=N/A
   SubmitTime=2021-11-15T11:21:38 EligibleTime=2021-11-15T11:21:38
   AccrueTime=2021-11-15T11:21:38
   StartTime=2021-11-15T11:21:41 EndTime=2021-11-15T13:21:41 Deadline=N/A
   SuspendTime=None SecsPreSuspend=0 LastSchedEval=2021-11-15T11:21:41
   Partition=cmse-gpu AllocNode:Sid=dev-amd20-v100:204881
   ReqNodeList=(null) ExcNodeList=(null)
   NodeList=nvl-001
   BatchHost=nvl-001
   FedOrigin=msuhpcc FedViableSiblings=msuhpcc,preemptable FedActiveSiblings=msuhpcc
   NumNodes=1 NumCPUs=2 NumTasks=1 CPUs/Task=2 ReqB:S:C:T=0:0:*:*
   TRES=cpu=2,mem=16G,node=1,billing=2490,gres/gpu=1
   Socks/Node=* NtasksPerN:B:S:C=0:0:*:* CoreSpec=*
   MinCPUsNode=2 MinMemoryCPU=8G MinTmpDiskNode=0
   Features=[intel14|intel16|intel18|amr|nvf] DelayBoot=00:00:00
   OverSubscribe=OK Contiguous=0 Licenses=(null) Network=(null)
   Command=/mnt/ufs18/home-145/renjie3/Documents/unlearnable/Unlearnable-Examples/submit.sb
   WorkDir=/mnt/ufs18/home-145/renjie3/Documents/unlearnable/Unlearnable-Examples
   Comment=stdout=/mnt/home/renjie3/Documents/unlearnable/Unlearnable-Examples/logfile/104645773.log 
   StdErr=/mnt/home/renjie3/Documents/unlearnable/Unlearnable-Examples/logfile/104645774.err
   StdIn=/dev/null
   StdOut=/mnt/home/renjie3/Documents/unlearnable/Unlearnable-Examples/logfile/104645774.log
   Power=
   TresPerNode=gpu:v100:1
   NtasksPerTRES:0

