samplewise
python3 -u ssl_perturbation_save_model.py --config_path configs/cifar10 --exp_name path/to/your/experiment/folder --version resnet18 --train_data_type CIFAR10 --noise_shape 1024 3 32 32 --epsilon 32 --num_steps 20 --step_size 0.8 --attack_type min-min --perturb_type samplewise --train_step 10 --epochs 1000 --min_min_attack_fn non_eot --strong_aug --class_4 --job_id 104630307
check check
__name__ simclr
Files already downloaded and verified
Files already downloaded and verified
Files already downloaded and verified
Files already downloaded and verified
The whole epochs are 1000
6.853292942047119
6.778712272644043
6.701818227767944
6.662165641784668
6.57975959777832
6.52638053894043
6.477877855300903
6.5653464794158936
6.509803771972656
6.461199760437012
model saved at unlearnable_samplewise_104630307_20211115104136_0.5_512_1000
6.452409029006958
6.423024892807007
6.431137323379517
6.435532093048096
6.40372109413147
6.336363792419434
6.399412155151367
6.377598524093628
6.358797311782837
6.330337285995483
model saved at unlearnable_samplewise_104630307_20211115104136_0.5_512_1000
6.384564638137817
6.3251142501831055
6.28666877746582
6.303032636642456
6.308199405670166
6.3095831871032715
6.254621505737305
6.291630506515503
6.232364654541016
6.304633140563965
model saved at unlearnable_samplewise_104630307_20211115104136_0.5_512_1000
6.275111198425293
6.282363176345825
6.188940763473511
6.1796722412109375
6.242477655410767
6.168169021606445
6.202762126922607
6.2022545337677
6.210665702819824
6.169365406036377
model saved at unlearnable_samplewise_104630307_20211115104136_0.5_512_1000
6.188498258590698
6.116380929946899
6.133422136306763
6.137577533721924
6.16113805770874
6.086142539978027
6.171588659286499
6.094014406204224
6.05808162689209
6.139189720153809
model saved at unlearnable_samplewise_104630307_20211115104136_0.5_512_1000
6.1301774978637695
6.117046356201172
6.081486940383911
6.082911968231201
6.049005508422852
6.096799850463867
6.101935386657715
6.08623743057251
6.109354496002197
6.09853196144104
model saved at unlearnable_samplewise_104630307_20211115104136_0.5_512_1000
6.08849024772644
6.079421520233154
6.050985097885132
6.0245301723480225
6.072286128997803
6.057178497314453
6.078876256942749
6.0484185218811035
6.034916400909424
6.032810688018799
model saved at unlearnable_samplewise_104630307_20211115104136_0.5_512_1000
6.04214882850647
6.040062665939331
6.04665470123291
6.004285573959351
6.032805919647217
6.047248125076294
5.989903211593628
5.99834942817688
6.001882791519165
6.001934289932251
model saved at unlearnable_samplewise_104630307_20211115104136_0.5_512_1000
6.004562854766846
5.9795081615448
6.0232038497924805
5.964228868484497
5.989924907684326
5.95042610168457
5.960353136062622
5.9394731521606445
5.933891773223877
5.9315996170043945
model saved at unlearnable_samplewise_104630307_20211115104136_0.5_512_1000
5.995429515838623
5.967669725418091
5.951763391494751
5.972813844680786
5.9330503940582275
5.955289840698242
5.913402080535889
5.928055286407471
5.923301696777344
5.913280963897705
model saved at unlearnable_samplewise_104630307_20211115104136_0.5_512_1000
5.919705867767334
5.942476987838745
5.8981404304504395
5.922957897186279
5.922791242599487
5.924093723297119
5.929552316665649
5.920568943023682
5.917951822280884
5.922083377838135
model saved at unlearnable_samplewise_104630307_20211115104136_0.5_512_1000
5.889824628829956
5.913864612579346
5.873190879821777
5.91487455368042
5.924865007400513
5.926568269729614
5.89243745803833
5.891227722167969
5.876176595687866
5.882526874542236
model saved at unlearnable_samplewise_104630307_20211115104136_0.5_512_1000
5.88002347946167
5.850354909896851
5.873640298843384
5.877844333648682
5.859282732009888
5.859362363815308
5.880640268325806
5.864340782165527
5.8707311153411865
5.866682291030884
model saved at unlearnable_samplewise_104630307_20211115104136_0.5_512_1000
5.875672817230225
5.891018867492676
5.8438262939453125
5.868260383605957
5.851797342300415
5.851211071014404
5.841456890106201
5.841606616973877
5.899369716644287
5.876901626586914
model saved at unlearnable_samplewise_104630307_20211115104136_0.5_512_1000
5.8370959758758545
5.83838677406311
5.821198463439941
5.85704779624939
5.856902599334717
5.826125383377075
5.836953401565552
5.850040912628174
5.830774545669556
5.814409971237183
model saved at unlearnable_samplewise_104630307_20211115104136_0.5_512_1000
5.81710410118103
5.793501853942871
5.819041013717651
5.805685043334961
5.844268321990967
5.827521800994873
5.825709581375122
5.8011205196380615
5.792217969894409
5.831868886947632
model saved at unlearnable_samplewise_104630307_20211115104136_0.5_512_1000
5.80580472946167
5.797529220581055
5.794455289840698
5.800102710723877
5.8244547843933105
5.823743104934692
5.808291912078857
5.81179141998291
5.814049243927002
5.818225383758545
model saved at unlearnable_samplewise_104630307_20211115104136_0.5_512_1000
5.801496982574463
5.815636396408081
5.784531354904175
5.809486389160156
5.763736248016357
5.796001672744751
5.7461936473846436
5.7848124504089355
5.814667463302612
5.77886962890625
model saved at unlearnable_samplewise_104630307_20211115104136_0.5_512_1000
5.774679183959961
5.803014516830444
5.805289030075073
5.793249607086182
5.779127359390259
5.792551279067993
5.761213064193726
5.750970363616943
5.783627986907959
5.796631574630737
model saved at unlearnable_samplewise_104630307_20211115104136_0.5_512_1000
5.7579615116119385
5.801456928253174
5.768574953079224
5.774230003356934
5.758078575134277
5.763858079910278
5.781460762023926
5.779504776000977
5.7697131633758545
5.757122993469238
model saved at unlearnable_samplewise_104630307_20211115104136_0.5_512_1000
5.755234718322754
5.785861968994141
5.748202562332153
5.764316558837891
5.768260478973389
5.775674104690552
5.753328800201416
5.80058741569519
5.773763179779053
5.718040704727173
model saved at unlearnable_samplewise_104630307_20211115104136_0.5_512_1000
5.745275020599365
5.767726898193359
5.7358880043029785
5.7713892459869385
5.748628377914429
5.745218992233276
5.719750881195068
5.762395143508911
5.742450952529907
5.740407943725586
model saved at unlearnable_samplewise_104630307_20211115104136_0.5_512_1000
5.725435495376587
5.744123935699463
5.734704971313477
5.736530780792236
5.744534730911255
5.7503745555877686
5.74980616569519
5.739418268203735
5.740829944610596
5.713041543960571
model saved at unlearnable_samplewise_104630307_20211115104136_0.5_512_1000
5.739424228668213
5.695415019989014
5.73933219909668
5.7407426834106445
5.734004497528076
5.729332447052002
5.753696918487549
5.71610426902771
5.7247467041015625
5.717850685119629
model saved at unlearnable_samplewise_104630307_20211115104136_0.5_512_1000
5.70769476890564
5.720356225967407
5.714872360229492
5.708958625793457
5.6762535572052
5.711142301559448
5.7237629890441895
5.729442596435547
5.708290338516235
5.700619697570801
model saved at unlearnable_samplewise_104630307_20211115104136_0.5_512_1000
5.703058481216431
5.741049766540527
5.670957565307617
5.703711032867432
5.701647758483887
5.705357551574707
5.698226451873779
5.696134567260742
5.704554080963135
5.691904783248901
model saved at unlearnable_samplewise_104630307_20211115104136_0.5_512_1000
5.714054107666016
5.703876256942749
5.692146301269531
5.72999119758606
5.704372882843018
5.693853855133057
5.663195610046387
5.667882442474365
5.681758642196655
5.6980767250061035
model saved at unlearnable_samplewise_104630307_20211115104136_0.5_512_1000
5.692904233932495
5.682610750198364
5.697019338607788
5.6785664558410645
5.660783052444458
5.698768377304077
5.694085597991943
5.6675169467926025
5.682849168777466
5.713958978652954
model saved at unlearnable_samplewise_104630307_20211115104136_0.5_512_1000
5.675438165664673
5.65958571434021
5.690220355987549
5.692289352416992
5.647958993911743
5.659960746765137
5.674207448959351
5.666537046432495
5.655193328857422
5.666077613830566
model saved at unlearnable_samplewise_104630307_20211115104136_0.5_512_1000
5.662584543228149
5.66226863861084
5.650491714477539
5.664889335632324
5.6613030433654785
5.672418832778931
5.6486475467681885
5.644542694091797
5.670141696929932
5.658744812011719
model saved at unlearnable_samplewise_104630307_20211115104136_0.5_512_1000
5.6444501876831055
5.653588771820068
5.648514270782471
5.647403717041016
5.657230854034424
5.671278715133667
5.6358537673950195
5.684355735778809
5.641288757324219
5.682352066040039
model saved at unlearnable_samplewise_104630307_20211115104136_0.5_512_1000
5.670811653137207
5.644005537033081
5.651385307312012
5.628398656845093
5.661293029785156
5.631791353225708
5.649669885635376
5.676892995834351
5.656681776046753
5.636577367782593
model saved at unlearnable_samplewise_104630307_20211115104136_0.5_512_1000
5.648164510726929
5.644557952880859
5.654891729354858
5.644284009933472
5.649156808853149
5.616990089416504
5.625002145767212
5.624066352844238
5.652223825454712
5.6420578956604
model saved at unlearnable_samplewise_104630307_20211115104136_0.5_512_1000
5.625454664230347
5.631840467453003
5.632038354873657
5.6188859939575195
5.639655590057373
5.6339192390441895
5.620657444000244
5.617515563964844
5.6259377002716064
5.6367340087890625
model saved at unlearnable_samplewise_104630307_20211115104136_0.5_512_1000
5.635832786560059
5.632361888885498
5.646472692489624
5.648075342178345
5.626798629760742
5.626102447509766
5.64244818687439
5.629521369934082
5.632069826126099
5.626648664474487
model saved at unlearnable_samplewise_104630307_20211115104136_0.5_512_1000
5.638969421386719
5.6180641651153564
5.609048366546631
5.621722221374512
5.599364280700684
5.625463008880615
5.602172136306763
5.6271750926971436
5.617931842803955
5.602670669555664
model saved at unlearnable_samplewise_104630307_20211115104136_0.5_512_1000
5.604431629180908
5.614121675491333
5.601781368255615
5.606414794921875
5.626232624053955
5.592006683349609
5.635216474533081
5.610137939453125
5.628084659576416
5.608261585235596
model saved at unlearnable_samplewise_104630307_20211115104136_0.5_512_1000
5.618133068084717
5.599246978759766
5.609851837158203
5.57959508895874
5.600293874740601
5.600968599319458
5.581662654876709
5.618973016738892
5.5952372550964355
5.628468990325928
model saved at unlearnable_samplewise_104630307_20211115104136_0.5_512_1000
5.5800940990448
5.587000608444214
5.610567331314087
5.608783960342407
5.61506986618042
5.617660045623779
5.593083143234253
5.567601203918457
5.579427242279053
5.586751461029053
model saved at unlearnable_samplewise_104630307_20211115104136_0.5_512_1000
5.577695369720459
5.591963529586792
5.589109182357788
5.593532085418701
5.603242874145508
5.606341361999512
5.602857828140259
5.5777692794799805
5.57754111289978
5.582791566848755
model saved at unlearnable_samplewise_104630307_20211115104136_0.5_512_1000
5.572950839996338
5.584481716156006
5.599404573440552
5.575944423675537
5.568600416183472
5.566695928573608
5.5827696323394775
5.572744846343994
5.560445070266724
5.6157386302948
model saved at unlearnable_samplewise_104630307_20211115104136_0.5_512_1000
5.598442077636719
5.593122243881226
5.583506107330322
5.580094337463379
5.566696643829346
5.556619882583618
5.56473445892334
5.558723211288452
5.571070909500122
5.590082406997681
model saved at unlearnable_samplewise_104630307_20211115104136_0.5_512_1000
5.588084936141968
5.606888771057129
5.558032989501953
5.572205305099487
5.581300258636475
5.573742628097534
5.579421758651733
5.566078186035156
5.5772504806518555
5.568667888641357
model saved at unlearnable_samplewise_104630307_20211115104136_0.5_512_1000
5.562700986862183
5.585493326187134
5.548898696899414
5.586253643035889
5.573344469070435
5.586757659912109
5.55974555015564
5.584939956665039
5.581477403640747
5.562687873840332
model saved at unlearnable_samplewise_104630307_20211115104136_0.5_512_1000
5.564484119415283
5.588815212249756
5.557165622711182
5.54469108581543
5.547149658203125
5.566684722900391
5.565197229385376
5.532135248184204
5.533173561096191
5.565378904342651
model saved at unlearnable_samplewise_104630307_20211115104136_0.5_512_1000
5.550804138183594
5.573622226715088
5.5385823249816895
5.552967309951782
5.552352666854858
5.548482179641724
5.539968013763428
5.572253465652466
5.590194225311279
5.55008602142334
model saved at unlearnable_samplewise_104630307_20211115104136_0.5_512_1000
5.564412355422974
5.568133115768433
5.5296454429626465
5.566173315048218
5.536364793777466
5.557173490524292
5.543361186981201
5.556436538696289
5.550738573074341
5.521653890609741
model saved at unlearnable_samplewise_104630307_20211115104136_0.5_512_1000
5.523529291152954
5.519029140472412
5.54520058631897
5.514994144439697
5.550126075744629
5.565346717834473
5.558672904968262
5.5431318283081055
5.535500526428223
5.532037734985352
model saved at unlearnable_samplewise_104630307_20211115104136_0.5_512_1000
5.542893409729004
5.541346073150635
5.536264419555664
5.521929740905762
5.570468902587891
5.551753520965576
5.534707307815552
5.551122665405273
5.57719087600708
5.557771921157837
model saved at unlearnable_samplewise_104630307_20211115104136_0.5_512_1000
5.5183844566345215
5.511737823486328
5.532596588134766
5.535728931427002
5.526904106140137
5.522410869598389
5.5400495529174805
5.555196285247803
5.5089123249053955
5.532385349273682
model saved at unlearnable_samplewise_104630307_20211115104136_0.5_512_1000
5.521260738372803
5.5356714725494385
5.539216756820679
5.530277490615845
5.536789417266846
5.544181823730469
5.536567211151123
5.511741876602173
5.501457452774048
5.54419469833374
model saved at unlearnable_samplewise_104630307_20211115104136_0.5_512_1000
5.529160499572754
5.529770135879517
5.521353721618652
5.515624523162842
5.5121965408325195
5.519784450531006
5.558698654174805
5.539755582809448
5.494363069534302
5.485866069793701
model saved at unlearnable_samplewise_104630307_20211115104136_0.5_512_1000
5.537414789199829
5.551037788391113
5.504831075668335
5.512906312942505
5.525303602218628
5.537872076034546
5.497877359390259
5.5325706005096436
5.533270359039307
5.512358665466309
model saved at unlearnable_samplewise_104630307_20211115104136_0.5_512_1000
5.531975746154785
5.534440994262695
5.517775297164917
5.52485728263855
5.52777624130249
5.527223587036133
5.507241725921631
5.512045860290527
5.520883321762085
5.505006313323975
model saved at unlearnable_samplewise_104630307_20211115104136_0.5_512_1000
5.516071319580078
5.514591693878174
5.497770309448242
5.512835502624512
5.53278923034668
5.518862247467041
5.5081610679626465
5.518030166625977
5.5149290561676025
5.478719234466553
model saved at unlearnable_samplewise_104630307_20211115104136_0.5_512_1000
5.505131959915161
5.507498264312744
5.514437675476074
5.498119354248047
5.521092414855957
5.507004499435425
5.511682748794556
5.4995927810668945
5.527715444564819
5.516538619995117
model saved at unlearnable_samplewise_104630307_20211115104136_0.5_512_1000
5.478410482406616
5.508551120758057
5.5120930671691895
5.507700443267822
5.5110015869140625
5.502744197845459
5.504440069198608
5.495522499084473
5.495062351226807
5.490834474563599
model saved at unlearnable_samplewise_104630307_20211115104136_0.5_512_1000
5.512024402618408
5.522761583328247
5.486978769302368
5.520328998565674
5.495751142501831
5.470542669296265
5.457274913787842
5.499140739440918
5.492599010467529
5.4724180698394775
model saved at unlearnable_samplewise_104630307_20211115104136_0.5_512_1000
5.474353313446045
5.486063718795776
5.5035059452056885
5.500136137008667
5.484684467315674
5.480756044387817
5.469967603683472
5.495713233947754
5.493388652801514
5.523308992385864
model saved at unlearnable_samplewise_104630307_20211115104136_0.5_512_1000
5.507964611053467
5.489953994750977
5.501201629638672
5.495029926300049
5.486389398574829
5.485764980316162
5.504584074020386
5.479384660720825
5.494736194610596
5.51189661026001
model saved at unlearnable_samplewise_104630307_20211115104136_0.5_512_1000
5.509057283401489
5.459625959396362
5.491751432418823
5.4895782470703125
5.488443374633789
5.510183811187744
5.488576412200928
5.491567611694336
5.508742809295654
5.4929492473602295
model saved at unlearnable_samplewise_104630307_20211115104136_0.5_512_1000
5.481006145477295
5.48359489440918
5.48044228553772
5.4890663623809814
5.50815486907959
5.4648590087890625
5.494009256362915
5.469231605529785
5.491943359375
5.472535610198975
model saved at unlearnable_samplewise_104630307_20211115104136_0.5_512_1000
5.481648683547974
5.489341497421265
5.479623079299927
5.460131883621216
5.44462776184082
5.4528021812438965
5.4891088008880615
5.467030048370361
5.4753148555755615
5.480730056762695
model saved at unlearnable_samplewise_104630307_20211115104136_0.5_512_1000
5.447117328643799
5.468934535980225
5.467268466949463
5.482050180435181
5.468480825424194
5.480870008468628
5.494112968444824
5.465452194213867
5.46927547454834
5.492315769195557
model saved at unlearnable_samplewise_104630307_20211115104136_0.5_512_1000
5.475135803222656
5.497361183166504
5.465010404586792
5.49034571647644
5.455642461776733
5.491491079330444
5.490689516067505
5.47574520111084
5.494523048400879
5.481655597686768
model saved at unlearnable_samplewise_104630307_20211115104136_0.5_512_1000
5.484795808792114
5.468264579772949
5.476687431335449
5.457513093948364
5.477599143981934
5.462079763412476
5.456019163131714
5.462663412094116
5.454720497131348
5.451730251312256
model saved at unlearnable_samplewise_104630307_20211115104136_0.5_512_1000
5.4546098709106445
5.456045150756836
5.46547532081604
5.511631488800049
5.471925497055054
5.4686174392700195
5.453756093978882
5.455515384674072
5.465375900268555
5.483803987503052
model saved at unlearnable_samplewise_104630307_20211115104136_0.5_512_1000
5.466101408004761
5.472266912460327
5.455518007278442
5.459352970123291
5.473827838897705
5.4539313316345215
5.4703428745269775
5.4964234828948975
5.451297760009766
5.461276531219482
model saved at unlearnable_samplewise_104630307_20211115104136_0.5_512_1000
5.43503475189209
5.449349403381348
5.466917991638184
5.461627960205078
5.460551738739014
5.45231556892395
5.451809883117676
5.444451093673706
5.458866834640503
5.436439514160156
model saved at unlearnable_samplewise_104630307_20211115104136_0.5_512_1000
5.444112777709961
5.44891357421875
5.449499607086182
5.437363147735596
5.45551323890686
5.421662092208862
5.474781513214111
5.4531872272491455
5.462261199951172
5.445559024810791
model saved at unlearnable_samplewise_104630307_20211115104136_0.5_512_1000
5.457566976547241
5.454077959060669
5.440570831298828
5.437406539916992
5.467676162719727
5.468976736068726
5.399106025695801
5.466153144836426
5.451649904251099
5.455290794372559
model saved at unlearnable_samplewise_104630307_20211115104136_0.5_512_1000
5.434650897979736
5.4530134201049805
5.453057765960693
5.45594596862793
5.440131664276123
5.4498679637908936
5.424410820007324
5.4182963371276855
5.4413416385650635
5.4344189167022705
model saved at unlearnable_samplewise_104630307_20211115104136_0.5_512_1000
5.451214790344238
5.436467409133911
5.4405198097229
5.434373140335083
5.438447713851929
5.443809270858765
5.447850227355957
5.439288377761841
5.452479124069214
5.437487602233887
model saved at unlearnable_samplewise_104630307_20211115104136_0.5_512_1000
5.455998182296753
5.439347505569458
5.456378936767578
5.446874141693115
5.433981895446777
5.444368362426758
5.405545234680176
5.428680658340454
5.45273232460022
5.441755294799805
model saved at unlearnable_samplewise_104630307_20211115104136_0.5_512_1000
5.430037498474121
5.428802251815796
5.432244062423706
5.446978807449341
5.444438457489014
5.4430646896362305
5.418952465057373
5.406993389129639
5.444194793701172
5.431356906890869
model saved at unlearnable_samplewise_104630307_20211115104136_0.5_512_1000
5.434945821762085
5.4503583908081055
5.441629409790039
5.436895132064819
5.442544460296631
5.442265033721924
5.446066379547119
5.42389440536499
5.417587995529175
5.420135498046875
model saved at unlearnable_samplewise_104630307_20211115104136_0.5_512_1000
5.424028396606445
5.438726902008057
5.443999290466309
5.430880546569824
5.43347430229187
5.401165723800659
5.434391975402832
5.413322687149048
5.431377649307251
5.418962001800537
model saved at unlearnable_samplewise_104630307_20211115104136_0.5_512_1000
5.430180311203003
5.448679208755493
5.4303138256073
5.435172080993652
5.44180703163147
5.4473466873168945
5.439446210861206
5.444358825683594
5.406019687652588
5.429840326309204
model saved at unlearnable_samplewise_104630307_20211115104136_0.5_512_1000
5.43143892288208
5.417274713516235
5.427855968475342
5.405293941497803
5.406925678253174
5.414389610290527
5.450900554656982
5.431365489959717
5.4066667556762695
5.42695689201355
model saved at unlearnable_samplewise_104630307_20211115104136_0.5_512_1000
5.431603908538818
5.437256097793579
5.423124074935913
5.4029951095581055
5.427820205688477
5.416531085968018
5.416940450668335
5.404903411865234
5.419265985488892
5.442620277404785
model saved at unlearnable_samplewise_104630307_20211115104136_0.5_512_1000
5.411728382110596
5.403491497039795
5.417943239212036
5.405358552932739
5.427491903305054
5.424202919006348
5.4173431396484375
5.411802053451538
5.4354329109191895
5.41780424118042
model saved at unlearnable_samplewise_104630307_20211115104136_0.5_512_1000
5.432502508163452
5.416831970214844
5.421502113342285
5.408282995223999
5.405189752578735
5.4078075885772705
5.425532341003418
5.401163101196289
5.415421962738037
5.411511182785034
model saved at unlearnable_samplewise_104630307_20211115104136_0.5_512_1000
5.424220561981201
5.395551443099976
5.40416955947876
5.434479236602783
5.4169392585754395
5.416608810424805
5.412403583526611
5.393679141998291
5.402409553527832
5.388429880142212
model saved at unlearnable_samplewise_104630307_20211115104136_0.5_512_1000
5.400889873504639
5.418217420578003
5.419026851654053
5.410681247711182
5.40438437461853
5.413377523422241
5.41958475112915
5.409369945526123
5.410592555999756
5.414170026779175
model saved at unlearnable_samplewise_104630307_20211115104136_0.5_512_1000
5.42675256729126
5.397502660751343
5.3934760093688965
5.444305419921875
5.401732921600342
5.4073569774627686
5.408255100250244
5.395401477813721
5.444944143295288
5.43013858795166
model saved at unlearnable_samplewise_104630307_20211115104136_0.5_512_1000
5.429476022720337
5.404089689254761
5.3974645137786865
5.408857822418213
5.402521133422852
5.3902106285095215
5.391568899154663
5.412411212921143
5.41123104095459
5.408645153045654
model saved at unlearnable_samplewise_104630307_20211115104136_0.5_512_1000
5.404379844665527
5.375802040100098
5.39024806022644
5.380212068557739
5.391316890716553
5.393556594848633
5.380839824676514
5.38659143447876
5.397703170776367
5.395772933959961
model saved at unlearnable_samplewise_104630307_20211115104136_0.5_512_1000
5.3917622566223145
5.3901519775390625
5.392244577407837
5.3910231590271
5.372204065322876
5.381253719329834
5.408879518508911
5.402740478515625
5.385633945465088
5.3897294998168945
model saved at unlearnable_samplewise_104630307_20211115104136_0.5_512_1000
5.386361837387085
5.384313583374023
5.386786937713623
5.382123947143555
5.3977227210998535
5.4128546714782715
5.38519811630249
5.403433322906494
5.39638876914978
5.40095329284668
model saved at unlearnable_samplewise_104630307_20211115104136_0.5_512_1000
5.380331993103027
5.4150390625
5.394079685211182
5.39089298248291
5.392852067947388
5.388979434967041
5.407195568084717
5.397941827774048
5.400865077972412
5.420008897781372
model saved at unlearnable_samplewise_104630307_20211115104136_0.5_512_1000
5.41211462020874
5.385838031768799
5.365814685821533
5.385855674743652
5.376054763793945
5.372464179992676
5.377071380615234
5.403243064880371
5.393077611923218
5.390610456466675
model saved at unlearnable_samplewise_104630307_20211115104136_0.5_512_1000
5.403254508972168
5.380130767822266
5.379470348358154
5.381595849990845
5.396223783493042
5.409925937652588
5.404099464416504
5.369322299957275
5.391480445861816
5.387186765670776
model saved at unlearnable_samplewise_104630307_20211115104136_0.5_512_1000
5.39481520652771
5.401625871658325
5.400719404220581
5.379609823226929
5.384665250778198
5.389812231063843
5.368295669555664
5.375264644622803
5.369866371154785
5.377960681915283
model saved at unlearnable_samplewise_104630307_20211115104136_0.5_512_1000
5.3608238697052
5.394617080688477
5.377650499343872
5.380030155181885
5.378427982330322
5.359400033950806
5.381850719451904
5.371297836303711
5.37694239616394
5.401323080062866
model saved at unlearnable_samplewise_104630307_20211115104136_0.5_512_1000
5.38780403137207
5.377517461776733
5.3918375968933105
5.372512340545654
5.367654323577881
5.383151531219482
5.383682489395142
5.394024133682251
5.380453109741211
5.369577407836914
model saved at unlearnable_samplewise_104630307_20211115104136_0.5_512_1000
5.390201807022095
5.368674278259277
5.346582651138306
5.37133002281189
5.388244867324829
5.351985931396484
5.3928608894348145
5.372209787368774
5.369343042373657
5.381787061691284
model saved at unlearnable_samplewise_104630307_20211115104136_0.5_512_1000
5.372300386428833
5.3720080852508545
5.386225461959839
5.363669157028198
5.372684717178345
5.379781007766724
5.386646270751953
5.387509346008301
5.3832502365112305
5.389262914657593
model saved at unlearnable_samplewise_104630307_20211115104136_0.5_512_1000
5.376874923706055
5.363133668899536
5.408390998840332
5.374829292297363
5.374451398849487
5.367941856384277
5.3642072677612305
5.362790584564209
5.341320753097534
5.384915828704834
model saved at unlearnable_samplewise_104630307_20211115104136_0.5_512_1000
5.376057386398315
5.3856041431427
5.358282089233398
5.361708164215088
5.373764753341675
5.368252754211426
5.363446474075317
5.360110521316528
5.358615398406982
5.382006645202637
model saved at unlearnable_samplewise_104630307_20211115104136_0.5_512_1000
5.373814582824707
5.382453680038452
5.3783087730407715
5.371196746826172
5.354790210723877
5.35987114906311
5.347950458526611
5.370104074478149
5.3873291015625
5.354469060897827
model saved at unlearnable_samplewise_104630307_20211115104136_0.5_512_1000
JobId=104630307 JobName=SimCLR
   UserId=renjie3(6007166) GroupId=cse(2010) MCS_label=N/A
   Priority=29971 Nice=0 Account=cmse QOS=normal
   JobState=RUNNING Reason=None Dependency=(null)
   Requeue=1 Restarts=0 BatchFlag=1 Reboot=0 ExitCode=0:0
   RunTime=01:43:17 TimeLimit=02:00:00 TimeMin=N/A
   SubmitTime=2021-11-15T10:41:16 EligibleTime=2021-11-15T10:41:16
   AccrueTime=2021-11-15T10:41:16
   StartTime=2021-11-15T10:41:19 EndTime=2021-11-15T12:41:19 Deadline=N/A
   SuspendTime=None SecsPreSuspend=0 LastSchedEval=2021-11-15T10:41:19
   Partition=cmse-gpu AllocNode:Sid=dev-amd20-v100:185374
   ReqNodeList=(null) ExcNodeList=(null)
   NodeList=nvl-006
   BatchHost=nvl-006
   FedOrigin=msuhpcc FedViableSiblings=msuhpcc,preemptable FedActiveSiblings=msuhpcc
   NumNodes=1 NumCPUs=2 NumTasks=1 CPUs/Task=2 ReqB:S:C:T=0:0:*:*
   TRES=cpu=2,mem=16G,node=1,billing=2490,gres/gpu=1
   Socks/Node=* NtasksPerN:B:S:C=0:0:*:* CoreSpec=*
   MinCPUsNode=2 MinMemoryCPU=8G MinTmpDiskNode=0
   Features=[intel14|intel16|intel18|amr|nvf] DelayBoot=00:00:00
   OverSubscribe=OK Contiguous=0 Licenses=(null) Network=(null)
   Command=/mnt/ufs18/home-145/renjie3/Documents/unlearnable/Unlearnable-Examples/submit.sb
   WorkDir=/mnt/ufs18/home-145/renjie3/Documents/unlearnable/Unlearnable-Examples
   Comment=stdout=/mnt/home/renjie3/Documents/unlearnable/Unlearnable-Examples/logfile/104630306.log 
   StdErr=/mnt/home/renjie3/Documents/unlearnable/Unlearnable-Examples/logfile/104630307.err
   StdIn=/dev/null
   StdOut=/mnt/home/renjie3/Documents/unlearnable/Unlearnable-Examples/logfile/104630307.log
   Power=
   TresPerNode=gpu:v100:1
   NtasksPerTRES:0

