No shuffle samplewise
python3 -u ssl_perturbation_save_model.py --config_path configs/cifar10 --exp_name path/to/your/experiment/folder --version resnet18 --train_data_type CIFAR10 --noise_shape 1024 3 32 32 --epsilon 32 --num_steps 20 --step_size 0.8 --attack_type min-min --perturb_type clean_train --train_step 10 --epochs 1000 --min_min_attack_fn non_eot --strong_aug --class_4 --job_id 104762192
check check
__name__ simclr
Files already downloaded and verified
Files already downloaded and verified
Files already downloaded and verified
Files already downloaded and verified
The whole epochs are 1000
6.862006187438965
6.6953887939453125
6.7072954177856445
6.570661783218384
6.562522888183594
6.548485994338989
6.555201768875122
6.514907598495483
6.502917289733887
6.458329916000366
model saved at unlearnable_cleantrain_104762192_20211115145331_0.5_512_1000
6.43525505065918
6.43739128112793
6.425475597381592
6.367096662521362
6.404330730438232
6.414604425430298
6.311227798461914
6.343978643417358
6.347315788269043
6.337359189987183
model saved at unlearnable_cleantrain_104762192_20211115145331_0.5_512_1000
6.23566460609436
6.2918431758880615
6.264975070953369
6.267819404602051
6.278138160705566
6.218394041061401
6.212584972381592
6.239832162857056
6.247074127197266
6.259499549865723
model saved at unlearnable_cleantrain_104762192_20211115145331_0.5_512_1000
6.2059853076934814
6.24784255027771
6.2064714431762695
6.212141513824463
6.207779407501221
6.219374895095825
6.214838266372681
6.2033531665802
6.192689418792725
6.192994117736816
model saved at unlearnable_cleantrain_104762192_20211115145331_0.5_512_1000
6.133752822875977
6.135092735290527
6.193037986755371
6.168546676635742
6.109615802764893
6.140376091003418
6.15355920791626
6.111281633377075
6.14532470703125
6.131518840789795
model saved at unlearnable_cleantrain_104762192_20211115145331_0.5_512_1000
6.104548931121826
6.126838684082031
6.066669225692749
6.052868604660034
6.082975149154663
6.052244663238525
6.085938930511475
6.081243991851807
6.095029354095459
6.065469264984131
model saved at unlearnable_cleantrain_104762192_20211115145331_0.5_512_1000
6.07912802696228
6.073611736297607
6.047420263290405
6.089221239089966
6.072589635848999
6.069106578826904
6.054044246673584
6.060567855834961
5.972519159317017
6.021243095397949
model saved at unlearnable_cleantrain_104762192_20211115145331_0.5_512_1000
6.020431995391846
5.999495029449463
5.999194860458374
6.0319812297821045
6.04748797416687
5.96968936920166
6.012506484985352
6.001613616943359
6.010631322860718
6.011314392089844
model saved at unlearnable_cleantrain_104762192_20211115145331_0.5_512_1000
5.981281518936157
5.996999025344849
5.968402147293091
5.959059953689575
5.981544256210327
5.987579822540283
5.969258069992065
6.005456924438477
5.969415187835693
5.927696943283081
model saved at unlearnable_cleantrain_104762192_20211115145331_0.5_512_1000
5.968799352645874
5.989475727081299
5.974952936172485
5.954201698303223
5.935330152511597
5.9318177700042725
5.940218687057495
5.938931703567505
5.962582111358643
5.948935508728027
model saved at unlearnable_cleantrain_104762192_20211115145331_0.5_512_1000
5.940348148345947
5.923125982284546
5.924501895904541
5.928935766220093
5.897409200668335
5.9154052734375
5.88102126121521
5.896611928939819
5.900788068771362
5.91777777671814
model saved at unlearnable_cleantrain_104762192_20211115145331_0.5_512_1000
5.883909702301025
5.91791844367981
5.880513906478882
5.892468690872192
5.87914514541626
5.881832122802734
5.892446041107178
5.876497030258179
5.86995530128479
5.888567209243774
model saved at unlearnable_cleantrain_104762192_20211115145331_0.5_512_1000
5.855441570281982
5.884755611419678
5.862421274185181
5.878053188323975
5.871956825256348
5.832531929016113
5.863649129867554
5.815736770629883
5.858370065689087
5.82754111289978
model saved at unlearnable_cleantrain_104762192_20211115145331_0.5_512_1000
5.833052635192871
5.805002450942993
5.831518650054932
5.810130834579468
5.823867559432983
5.855874061584473
5.858222007751465
5.843486785888672
5.833449363708496
5.820836067199707
model saved at unlearnable_cleantrain_104762192_20211115145331_0.5_512_1000
5.824586391448975
5.830780982971191
5.850860834121704
5.843423843383789
5.8305253982543945
5.843337774276733
5.81804895401001
5.838558197021484
5.80483078956604
5.837875843048096
model saved at unlearnable_cleantrain_104762192_20211115145331_0.5_512_1000
5.80788516998291
5.812330007553101
5.808353900909424
5.8235392570495605
5.802277326583862
5.774054050445557
5.804442405700684
5.803487777709961
5.786355257034302
5.794643878936768
model saved at unlearnable_cleantrain_104762192_20211115145331_0.5_512_1000
5.818852186203003
5.811076402664185
5.7859930992126465
5.8350989818573
5.855760335922241
5.832981824874878
5.828123092651367
5.80429744720459
5.797667026519775
5.79203987121582
model saved at unlearnable_cleantrain_104762192_20211115145331_0.5_512_1000
5.82154393196106
5.818299770355225
5.80316162109375
5.819611072540283
5.789786100387573
5.797828674316406
5.783678293228149
5.7604851722717285
5.773419141769409
5.788017988204956
model saved at unlearnable_cleantrain_104762192_20211115145331_0.5_512_1000
5.791895866394043
5.785847187042236
5.7746500968933105
5.754727125167847
5.793747425079346
5.775629043579102
5.768296718597412
5.732968807220459
5.7679829597473145
5.7901530265808105
model saved at unlearnable_cleantrain_104762192_20211115145331_0.5_512_1000
5.775869607925415
5.74244236946106
5.750346422195435
5.790210008621216
5.7664008140563965
5.748372554779053
5.781037092208862
5.74735426902771
5.766019344329834
5.766395568847656
model saved at unlearnable_cleantrain_104762192_20211115145331_0.5_512_1000
5.741837024688721
5.736388206481934
5.745737075805664
5.771651744842529
5.762209415435791
5.72358775138855
5.765460252761841
5.764466762542725
5.7453293800354
5.760317802429199
model saved at unlearnable_cleantrain_104762192_20211115145331_0.5_512_1000
5.762572765350342
5.758250951766968
5.739273548126221
5.742154598236084
5.768691301345825
5.7475831508636475
5.765800476074219
5.762815713882446
5.743498802185059
5.74806022644043
model saved at unlearnable_cleantrain_104762192_20211115145331_0.5_512_1000
5.744071006774902
5.70959210395813
5.71988320350647
5.7265825271606445
5.7337164878845215
5.7354888916015625
5.727154731750488
5.694157838821411
5.748398303985596
5.70969820022583
model saved at unlearnable_cleantrain_104762192_20211115145331_0.5_512_1000
5.731750726699829
5.7360570430755615
5.714624643325806
5.714470148086548
5.687704086303711
5.738880395889282
5.695206165313721
5.717710256576538
5.686986923217773
5.737294673919678
model saved at unlearnable_cleantrain_104762192_20211115145331_0.5_512_1000
5.714724540710449
5.724109649658203
5.678972482681274
5.7189390659332275
5.720598459243774
5.71215295791626
5.722641944885254
5.702563047409058
5.713365793228149
5.71796727180481
model saved at unlearnable_cleantrain_104762192_20211115145331_0.5_512_1000
5.7161805629730225
5.737388610839844
5.702505350112915
5.7088398933410645
5.737989902496338
5.738033294677734
5.706260919570923
5.719161510467529
5.678579092025757
5.686577081680298
model saved at unlearnable_cleantrain_104762192_20211115145331_0.5_512_1000
5.705512523651123
5.714214324951172
5.684872627258301
5.71430778503418
5.661599636077881
5.697293281555176
5.707604169845581
5.692469596862793
5.684712648391724
5.690093994140625
model saved at unlearnable_cleantrain_104762192_20211115145331_0.5_512_1000
5.714148044586182
5.716479539871216
5.663093090057373
5.674147129058838
5.690729379653931
5.662841320037842
5.659075498580933
5.668998956680298
5.663320541381836
5.670020818710327
model saved at unlearnable_cleantrain_104762192_20211115145331_0.5_512_1000
5.6713173389434814
5.646577596664429
5.6795971393585205
5.645353078842163
5.679448843002319
5.682181358337402
5.642433404922485
5.657445430755615
5.679441928863525
5.675849199295044
model saved at unlearnable_cleantrain_104762192_20211115145331_0.5_512_1000
5.656909942626953
5.651506662368774
5.671812295913696
5.654052972793579
5.667438745498657
5.6741979122161865
5.652634620666504
5.667950391769409
5.672030687332153
5.65793514251709
model saved at unlearnable_cleantrain_104762192_20211115145331_0.5_512_1000
5.6651623249053955
5.667163133621216
5.6797194480896
5.65748929977417
5.624088525772095
5.66080117225647
5.67470121383667
5.643470764160156
5.6605143547058105
5.647068500518799
model saved at unlearnable_cleantrain_104762192_20211115145331_0.5_512_1000
5.647111654281616
5.6407811641693115
5.666046380996704
5.650643587112427
5.64663028717041
5.641124963760376
5.634208917617798
5.654278755187988
5.623789548873901
5.649933099746704
model saved at unlearnable_cleantrain_104762192_20211115145331_0.5_512_1000
5.660376310348511
5.621255397796631
5.678979873657227
5.64055061340332
5.632725238800049
5.634782314300537
5.644028663635254
5.652169227600098
5.653538227081299
5.644679069519043
model saved at unlearnable_cleantrain_104762192_20211115145331_0.5_512_1000
5.642752647399902
5.607498645782471
5.654033660888672
5.628303527832031
5.637960910797119
5.634596824645996
5.64297342300415
5.655908107757568
5.620007276535034
5.609668970108032
model saved at unlearnable_cleantrain_104762192_20211115145331_0.5_512_1000
5.625538349151611
5.625300407409668
5.64433217048645
5.622195243835449
5.629940986633301
5.648452281951904
5.652591228485107
5.627273321151733
5.6665802001953125
5.634210109710693
model saved at unlearnable_cleantrain_104762192_20211115145331_0.5_512_1000
5.6365883350372314
5.629746437072754
5.6277220249176025
5.63595986366272
5.605668783187866
5.613698720932007
5.616377353668213
5.630930423736572
5.606479167938232
5.605742931365967
model saved at unlearnable_cleantrain_104762192_20211115145331_0.5_512_1000
5.597679138183594
5.595759630203247
5.599483013153076
5.605454444885254
5.608715534210205
5.605537414550781
5.636751413345337
5.6080546379089355
5.617581129074097
5.624584436416626
model saved at unlearnable_cleantrain_104762192_20211115145331_0.5_512_1000
5.603911876678467
5.61238169670105
5.611266613006592
5.618632555007935
5.61776876449585
5.611981391906738
5.595767974853516
5.6052446365356445
5.6103715896606445
5.585010051727295
model saved at unlearnable_cleantrain_104762192_20211115145331_0.5_512_1000
5.586531162261963
5.5975658893585205
5.599348068237305
5.587182283401489
5.595895290374756
5.595057249069214
5.576623439788818
5.574854850769043
5.614704370498657
5.602364540100098
model saved at unlearnable_cleantrain_104762192_20211115145331_0.5_512_1000
5.602838516235352
5.5996739864349365
5.62887167930603
5.611083030700684
5.584076166152954
5.576929807662964
5.606991767883301
5.579493522644043
5.587405443191528
5.578290939331055
model saved at unlearnable_cleantrain_104762192_20211115145331_0.5_512_1000
5.620990514755249
5.563230514526367
5.60317063331604
5.569125175476074
5.558109760284424
5.616170883178711
5.582091331481934
5.590391635894775
5.592157363891602
5.599526643753052
model saved at unlearnable_cleantrain_104762192_20211115145331_0.5_512_1000
5.58678126335144
5.577639579772949
5.577392339706421
5.5967302322387695
5.586581707000732
5.598934173583984
5.570564031600952
5.589351415634155
5.589165449142456
5.573458909988403
model saved at unlearnable_cleantrain_104762192_20211115145331_0.5_512_1000
5.567980766296387
5.55168604850769
5.614226818084717
5.5613322257995605
5.584917068481445
5.570723533630371
5.575725793838501
5.552518606185913
5.54592490196228
5.586874961853027
model saved at unlearnable_cleantrain_104762192_20211115145331_0.5_512_1000
5.5962560176849365
5.566776752471924
5.571040391921997
5.558966636657715
5.563308477401733
5.5641255378723145
5.576984167098999
5.559083938598633
5.568703651428223
5.558574438095093
model saved at unlearnable_cleantrain_104762192_20211115145331_0.5_512_1000
5.573467016220093
5.547086477279663
5.570659160614014
5.5397961139678955
5.567533016204834
5.575835704803467
5.558011293411255
5.554179906845093
5.552948713302612
5.553854703903198
model saved at unlearnable_cleantrain_104762192_20211115145331_0.5_512_1000
5.577292203903198
5.57392430305481
5.565487384796143
5.552252292633057
5.535131454467773
5.52713942527771
5.5562591552734375
5.54894757270813
5.553689479827881
5.568974733352661
model saved at unlearnable_cleantrain_104762192_20211115145331_0.5_512_1000
5.547739744186401
5.563454627990723
5.549279689788818
5.5379838943481445
5.563074588775635
5.553646802902222
5.554592132568359
5.5555808544158936
5.5395166873931885
5.548050880432129
model saved at unlearnable_cleantrain_104762192_20211115145331_0.5_512_1000
5.525919675827026
5.5404369831085205
5.526821613311768
5.566596746444702
5.567605018615723
5.543758153915405
5.556054592132568
5.553216934204102
5.572808027267456
5.56565523147583
model saved at unlearnable_cleantrain_104762192_20211115145331_0.5_512_1000
5.561150550842285
5.544953346252441
5.541788816452026
5.606270790100098
5.55599570274353
5.529286623001099
5.54691743850708
5.532249450683594
5.560605525970459
5.542542934417725
model saved at unlearnable_cleantrain_104762192_20211115145331_0.5_512_1000
5.518359661102295
5.520009517669678
5.507864475250244
5.514573097229004
5.507080078125
5.538760662078857
5.534209728240967
5.5332207679748535
5.524585962295532
5.515287399291992
model saved at unlearnable_cleantrain_104762192_20211115145331_0.5_512_1000
5.532843589782715
5.556200265884399
5.5547661781311035
5.539520740509033
5.543230772018433
5.5404133796691895
5.519673585891724
5.516421794891357
5.53641939163208
5.536935329437256
model saved at unlearnable_cleantrain_104762192_20211115145331_0.5_512_1000
5.51047420501709
5.547799825668335
5.530955076217651
5.520881175994873
5.5323405265808105
5.53986930847168
5.523026704788208
5.528385400772095
5.5100133419036865
5.521500825881958
model saved at unlearnable_cleantrain_104762192_20211115145331_0.5_512_1000
5.5095906257629395
5.535395622253418
5.533095836639404
5.527253150939941
5.5174736976623535
5.508334398269653
5.49813437461853
5.552113056182861
5.52514910697937
5.538365840911865
model saved at unlearnable_cleantrain_104762192_20211115145331_0.5_512_1000
5.505178213119507
5.5461156368255615
5.51483416557312
5.5219292640686035
5.521425485610962
5.51073694229126
5.517066717147827
5.510897636413574
5.522252082824707
5.5311102867126465
model saved at unlearnable_cleantrain_104762192_20211115145331_0.5_512_1000
5.53798770904541
5.517351150512695
5.500591039657593
5.5108325481414795
5.5087890625
5.514650583267212
5.504562139511108
5.529566049575806
5.521821975708008
5.485778331756592
model saved at unlearnable_cleantrain_104762192_20211115145331_0.5_512_1000
5.500881195068359
5.511875629425049
5.507676124572754
5.50894832611084
5.535071134567261
5.489816904067993
5.519650459289551
5.504895448684692
5.520093679428101
5.524380445480347
model saved at unlearnable_cleantrain_104762192_20211115145331_0.5_512_1000
5.513149261474609
5.526453018188477
5.514327764511108
5.517906188964844
5.501133918762207
5.502793073654175
5.506723403930664
5.501134395599365
5.495272636413574
5.499839782714844
model saved at unlearnable_cleantrain_104762192_20211115145331_0.5_512_1000
5.508407115936279
5.495714902877808
5.5034401416778564
5.510755777359009
5.517253875732422
5.499982833862305
5.5011982917785645
5.509984493255615
5.49205756187439
5.520735502243042
model saved at unlearnable_cleantrain_104762192_20211115145331_0.5_512_1000
5.4936299324035645
5.497410297393799
5.502268314361572
5.49833083152771
5.530071020126343
5.487869739532471
5.488866567611694
5.497327566146851
5.501943111419678
5.50587272644043
model saved at unlearnable_cleantrain_104762192_20211115145331_0.5_512_1000
5.476572275161743
5.4742431640625
5.499732732772827
5.483932971954346
5.473764419555664
5.50557017326355
5.468494892120361
5.492924928665161
5.498901844024658
5.473793983459473
model saved at unlearnable_cleantrain_104762192_20211115145331_0.5_512_1000
5.5022969245910645
5.5189714431762695
5.48886513710022
5.481177091598511
5.494189262390137
5.485865116119385
5.493336200714111
5.483138561248779
5.497040748596191
5.476902008056641
model saved at unlearnable_cleantrain_104762192_20211115145331_0.5_512_1000
5.504289627075195
5.4782021045684814
5.486821889877319
5.500945568084717
5.517946243286133
5.4856858253479
5.524979114532471
5.500209331512451
5.495075225830078
5.477223873138428
model saved at unlearnable_cleantrain_104762192_20211115145331_0.5_512_1000
5.4839186668396
5.492688894271851
5.476198196411133
5.501284122467041
5.487632513046265
5.491574764251709
5.457249641418457
5.481994390487671
5.47429633140564
5.449520587921143
model saved at unlearnable_cleantrain_104762192_20211115145331_0.5_512_1000
5.496916770935059
5.445980548858643
5.463292360305786
5.485835313796997
5.473539113998413
5.474861145019531
5.467488527297974
5.500958681106567
5.489360570907593
5.491464138031006
model saved at unlearnable_cleantrain_104762192_20211115145331_0.5_512_1000
5.488774061203003
5.460482358932495
5.457273006439209
5.47612190246582
5.483994722366333
5.467861652374268
5.461475610733032
5.477713346481323
5.478056192398071
5.477691650390625
model saved at unlearnable_cleantrain_104762192_20211115145331_0.5_512_1000
5.470223665237427
5.43622899055481
5.471329212188721
5.454254388809204
5.4750542640686035
5.483482360839844
5.456328630447388
5.496183395385742
5.502898454666138
5.477560997009277
model saved at unlearnable_cleantrain_104762192_20211115145331_0.5_512_1000
5.4943907260894775
5.455048322677612
5.453489542007446
5.462319612503052
5.466105937957764
5.4717490673065186
5.455271244049072
5.461015701293945
5.448239803314209
5.484191417694092
model saved at unlearnable_cleantrain_104762192_20211115145331_0.5_512_1000
5.4700212478637695
5.453357934951782
5.47479772567749
5.465908050537109
5.479597568511963
5.469332456588745
5.46781587600708
5.45826530456543
5.431898593902588
5.47114109992981
model saved at unlearnable_cleantrain_104762192_20211115145331_0.5_512_1000
5.447702884674072
5.474495887756348
5.444682598114014
5.464186906814575
5.450736999511719
5.4507670402526855
5.4713029861450195
5.4628472328186035
5.453542709350586
5.443001747131348
model saved at unlearnable_cleantrain_104762192_20211115145331_0.5_512_1000
5.447524070739746
5.44805645942688
5.455460548400879
5.461491823196411
5.457613945007324
5.461803436279297
5.431479454040527
5.417137622833252
5.433426380157471
5.45625901222229
model saved at unlearnable_cleantrain_104762192_20211115145331_0.5_512_1000
5.4450037479400635
5.465307235717773
5.440117359161377
5.424571514129639
5.459383726119995
5.44443416595459
5.464264392852783
5.453424453735352
5.4419050216674805
5.444198369979858
model saved at unlearnable_cleantrain_104762192_20211115145331_0.5_512_1000
5.43046236038208
5.452821731567383
5.45673394203186
5.433014631271362
5.436450958251953
5.438874006271362
5.449459791183472
5.4609739780426025
5.467925786972046
5.434122085571289
model saved at unlearnable_cleantrain_104762192_20211115145331_0.5_512_1000
5.459635496139526
5.450074195861816
5.464856147766113
5.455311059951782
5.440216779708862
5.4611945152282715
5.449043035507202
5.437496662139893
5.425657033920288
5.421044111251831
model saved at unlearnable_cleantrain_104762192_20211115145331_0.5_512_1000
5.447599172592163
5.444653511047363
5.436871528625488
5.443399906158447
5.435950040817261
5.470457553863525
5.4413721561431885
5.413802623748779
5.419119119644165
5.426947832107544
model saved at unlearnable_cleantrain_104762192_20211115145331_0.5_512_1000
5.461542844772339
5.414602994918823
5.430980682373047
5.44165563583374
5.442271709442139
5.437756061553955
5.43640661239624
5.4152421951293945
5.430596113204956
5.430465221405029
model saved at unlearnable_cleantrain_104762192_20211115145331_0.5_512_1000
5.4350409507751465
5.467079162597656
5.423755407333374
5.445467710494995
5.435861587524414
5.442636489868164
5.395288467407227
5.4226460456848145
5.449568271636963
5.422965049743652
model saved at unlearnable_cleantrain_104762192_20211115145331_0.5_512_1000
5.414985179901123
5.430917024612427
5.4196696281433105
5.420649766921997
5.422296524047852
5.403573513031006
5.407845735549927
5.415594100952148
5.41339898109436
5.444805145263672
model saved at unlearnable_cleantrain_104762192_20211115145331_0.5_512_1000
5.40683913230896
5.4172444343566895
5.40719199180603
5.403132677078247
5.430166006088257
5.427589178085327
5.438246726989746
5.407040357589722
5.429665803909302
5.418366432189941
model saved at unlearnable_cleantrain_104762192_20211115145331_0.5_512_1000
5.423832654953003
5.413221836090088
5.4242167472839355
5.422411680221558
5.439906597137451
5.416632175445557
5.418473243713379
5.4102911949157715
5.422217130661011
5.404329299926758
model saved at unlearnable_cleantrain_104762192_20211115145331_0.5_512_1000
5.426004409790039
5.41799783706665
5.408245801925659
5.412191867828369
5.408711910247803
5.432946681976318
5.401877403259277
5.4459404945373535
5.436752080917358
5.413982629776001
model saved at unlearnable_cleantrain_104762192_20211115145331_0.5_512_1000
5.42993950843811
5.410738706588745
5.4243996143341064
5.420295000076294
5.414806127548218
5.409998178482056
5.423514127731323
5.407917499542236
5.43164587020874
5.4061315059661865
model saved at unlearnable_cleantrain_104762192_20211115145331_0.5_512_1000
5.388057470321655
5.411890983581543
5.425868511199951
5.386277437210083
5.419862270355225
5.425265312194824
5.408697128295898
5.403782844543457
5.389644145965576
5.425682306289673
model saved at unlearnable_cleantrain_104762192_20211115145331_0.5_512_1000
5.413924217224121
5.42643404006958
5.4181554317474365
5.4239771366119385
5.411020517349243
5.395366668701172
5.428696155548096
5.437342166900635
5.431558609008789
5.4130637645721436
model saved at unlearnable_cleantrain_104762192_20211115145331_0.5_512_1000
5.426655054092407
5.415855884552002
5.416585922241211
5.419860124588013
5.414590358734131
5.415021657943726
5.40007472038269
5.409663677215576
5.398119926452637
5.400508403778076
model saved at unlearnable_cleantrain_104762192_20211115145331_0.5_512_1000
5.402132987976074
5.403620958328247
5.400275230407715
5.406078338623047
5.399157524108887
5.403893947601318
5.413383960723877
5.410562992095947
5.383598327636719
5.395329475402832
model saved at unlearnable_cleantrain_104762192_20211115145331_0.5_512_1000
5.40933084487915
5.42800235748291
5.401698350906372
5.381695508956909
5.400456666946411
5.381312847137451
5.406591892242432
5.390207767486572
5.38457465171814
5.385998010635376
model saved at unlearnable_cleantrain_104762192_20211115145331_0.5_512_1000
5.399643898010254
5.387781620025635
5.41648530960083
5.414974689483643
5.392978191375732
5.382715702056885
5.394164085388184
5.422055244445801
5.395580530166626
5.361455678939819
model saved at unlearnable_cleantrain_104762192_20211115145331_0.5_512_1000
5.397927761077881
5.381263732910156
5.385393381118774
5.428667068481445
5.384066820144653
5.410025119781494
5.367791652679443
5.394189834594727
5.396505832672119
5.388756990432739
model saved at unlearnable_cleantrain_104762192_20211115145331_0.5_512_1000
5.3788604736328125
5.407282829284668
5.388158321380615
5.4027276039123535
5.378833055496216
5.384495496749878
5.3847596645355225
5.390141010284424
5.388662815093994
5.384713172912598
model saved at unlearnable_cleantrain_104762192_20211115145331_0.5_512_1000
5.410938739776611
5.400310277938843
5.420292854309082
5.385194778442383
5.419286727905273
5.375534296035767
5.416865348815918
5.401947021484375
5.386784315109253
5.39388108253479
model saved at unlearnable_cleantrain_104762192_20211115145331_0.5_512_1000
5.382482528686523
5.39756965637207
5.381951808929443
5.4006524085998535
5.381592273712158
5.384470462799072
5.383262634277344
5.380149841308594
5.380499839782715
5.40973687171936
model saved at unlearnable_cleantrain_104762192_20211115145331_0.5_512_1000
5.38256311416626
5.371134042739868
5.374005317687988
5.390157461166382
5.377587080001831
5.402219772338867
5.374279737472534
5.386322021484375
5.388608932495117
5.3666932582855225
model saved at unlearnable_cleantrain_104762192_20211115145331_0.5_512_1000
5.374590635299683
5.373523235321045
5.353778839111328
5.388375282287598
5.383367538452148
5.389138221740723
5.3788206577301025
5.384614944458008
5.388731241226196
5.41396427154541
model saved at unlearnable_cleantrain_104762192_20211115145331_0.5_512_1000
5.376869440078735
5.3964643478393555
5.405384063720703
5.367262363433838
5.375577211380005
5.384997844696045
5.401665925979614
5.383086442947388
5.37618613243103
5.405940055847168
model saved at unlearnable_cleantrain_104762192_20211115145331_0.5_512_1000
5.379678726196289
5.363751411437988
5.385721683502197
5.363560199737549
5.380514621734619
5.38881778717041
5.359670162200928
5.359354019165039
5.373443126678467
5.365805149078369
model saved at unlearnable_cleantrain_104762192_20211115145331_0.5_512_1000
5.35925030708313
5.359807252883911
5.372175216674805
5.377577781677246
5.353064060211182
5.3751959800720215
5.3973894119262695
5.378967761993408
5.367242813110352
5.402495861053467
model saved at unlearnable_cleantrain_104762192_20211115145331_0.5_512_1000
5.379462957382202
5.366714239120483
5.382316589355469
5.3797173500061035
5.378924369812012
5.3573713302612305
5.3882551193237305
5.361825942993164
5.381170272827148
5.36507511138916
model saved at unlearnable_cleantrain_104762192_20211115145331_0.5_512_1000
5.343116760253906
5.381245136260986
5.3756256103515625
5.375604152679443
5.361018896102905
5.374698638916016
5.3569254875183105
5.3785412311553955
5.378093004226685
5.36515212059021
model saved at unlearnable_cleantrain_104762192_20211115145331_0.5_512_1000
5.3721699714660645
5.35045051574707
5.400737285614014
5.372158765792847
5.366787433624268
5.386856555938721
5.3687028884887695
5.365696668624878
5.384283542633057
5.3368799686431885
model saved at unlearnable_cleantrain_104762192_20211115145331_0.5_512_1000
5.364976644515991
5.377554893493652
5.349653720855713
5.374733209609985
5.3808274269104
5.376230001449585
5.368573188781738
5.368617057800293
5.361395359039307
5.348530530929565
model saved at unlearnable_cleantrain_104762192_20211115145331_0.5_512_1000
JobId=104762192 JobName=SimCLR
   UserId=renjie3(6007166) GroupId=cse(2010) MCS_label=N/A
   Priority=29206 Nice=0 Account=cmse QOS=normal
   JobState=RUNNING Reason=None Dependency=(null)
   Requeue=1 Restarts=0 BatchFlag=1 Reboot=0 ExitCode=0:0
   RunTime=01:34:19 TimeLimit=10:00:00 TimeMin=N/A
   SubmitTime=2021-11-15T14:53:16 EligibleTime=2021-11-15T14:53:16
   AccrueTime=2021-11-15T14:53:16
   StartTime=2021-11-15T14:53:19 EndTime=2021-11-16T00:53:19 Deadline=N/A
   SuspendTime=None SecsPreSuspend=0 LastSchedEval=2021-11-15T14:53:19
   Partition=cmse-gpu AllocNode:Sid=dev-amd20-v100:204881
   ReqNodeList=(null) ExcNodeList=(null)
   NodeList=nvl-001
   BatchHost=nvl-001
   FedOrigin=msuhpcc FedViableSiblings=msuhpcc,preemptable FedActiveSiblings=msuhpcc
   NumNodes=1 NumCPUs=2 NumTasks=1 CPUs/Task=2 ReqB:S:C:T=0:0:*:*
   TRES=cpu=2,mem=16G,node=1,billing=2490,gres/gpu=1
   Socks/Node=* NtasksPerN:B:S:C=0:0:*:* CoreSpec=*
   MinCPUsNode=2 MinMemoryCPU=8G MinTmpDiskNode=0
   Features=[intel14|intel16|intel18|amr|nvf] DelayBoot=00:00:00
   OverSubscribe=OK Contiguous=0 Licenses=(null) Network=(null)
   Command=/mnt/ufs18/home-145/renjie3/Documents/unlearnable/Unlearnable-Examples/submit.sb
   WorkDir=/mnt/ufs18/home-145/renjie3/Documents/unlearnable/Unlearnable-Examples
   Comment=stdout=/mnt/home/renjie3/Documents/unlearnable/Unlearnable-Examples/logfile/104762191.log 
   StdErr=/mnt/home/renjie3/Documents/unlearnable/Unlearnable-Examples/logfile/104762192.err
   StdIn=/dev/null
   StdOut=/mnt/home/renjie3/Documents/unlearnable/Unlearnable-Examples/logfile/104762192.log
   Power=
   TresPerNode=gpu:v100:1
   NtasksPerTRES:0

