usage: ssl_perturbation_save_model.py [-h] [--seed SEED] [--version VERSION]
                                      [--exp_name EXP_NAME]
                                      [--config_path CONFIG_PATH]
                                      [--load_model] [--data_parallel]
                                      [--train_batch_size TRAIN_BATCH_SIZE]
                                      [--eval_batch_size EVAL_BATCH_SIZE]
                                      [--num_of_workers NUM_OF_WORKERS]
                                      [--train_data_type TRAIN_DATA_TYPE]
                                      [--train_data_path TRAIN_DATA_PATH]
                                      [--test_data_type TEST_DATA_TYPE]
                                      [--test_data_path TEST_DATA_PATH]
                                      [--universal_train_portion UNIVERSAL_TRAIN_PORTION]
                                      [--universal_stop_error UNIVERSAL_STOP_ERROR]
                                      [--universal_train_target UNIVERSAL_TRAIN_TARGET]
                                      [--train_step TRAIN_STEP] [--use_subset]
                                      [--attack_type {min-min,min-max,random}]
                                      [--perturb_type {classwise,samplewise,clean_train}]
                                      [--patch_location {center,random}]
                                      [--noise_shape NOISE_SHAPE [NOISE_SHAPE ...]]
                                      [--epsilon EPSILON]
                                      [--num_steps NUM_STEPS]
                                      [--step_size STEP_SIZE] [--random_start]
                                      [--feature_dim FEATURE_DIM]
                                      [--temperature TEMPERATURE] [--k K]
                                      [--batch_size BATCH_SIZE]
                                      [--epochs EPOCHS] [--arch ARCH]
                                      [--save_image_num SAVE_IMAGE_NUM]
                                      [--min_min_attack_fn MIN_MIN_ATTACK_FN]
                                      [--strong_aug] [--local_dev LOCAL_DEV]
                                      [--no_save] [--model_group MODEL_GROUP]
                                      [--job_id JOB_ID] [--org_label_noise]
                                      [--class_4] [--noise_after_transform]
                                      [--shuffle_train_perturb_data]
                                      [--not_shuffle_train_data]
ssl_perturbation_save_model.py: error: unrecognized arguments: &
usage: ssl_perturbation_save_model.py [-h] [--seed SEED] [--version VERSION]
                                      [--exp_name EXP_NAME]
                                      [--config_path CONFIG_PATH]
                                      [--load_model] [--data_parallel]
                                      [--train_batch_size TRAIN_BATCH_SIZE]
                                      [--eval_batch_size EVAL_BATCH_SIZE]
                                      [--num_of_workers NUM_OF_WORKERS]
                                      [--train_data_type TRAIN_DATA_TYPE]
                                      [--train_data_path TRAIN_DATA_PATH]
                                      [--test_data_type TEST_DATA_TYPE]
                                      [--test_data_path TEST_DATA_PATH]
                                      [--universal_train_portion UNIVERSAL_TRAIN_PORTION]
                                      [--universal_stop_error UNIVERSAL_STOP_ERROR]
                                      [--universal_train_target UNIVERSAL_TRAIN_TARGET]
                                      [--train_step TRAIN_STEP] [--use_subset]
                                      [--attack_type {min-min,min-max,random}]
                                      [--perturb_type {classwise,samplewise,clean_train}]
                                      [--patch_location {center,random}]
                                      [--noise_shape NOISE_SHAPE [NOISE_SHAPE ...]]
                                      [--epsilon EPSILON]
                                      [--num_steps NUM_STEPS]
                                      [--step_size STEP_SIZE] [--random_start]
                                      [--feature_dim FEATURE_DIM]
                                      [--temperature TEMPERATURE] [--k K]
                                      [--batch_size BATCH_SIZE]
                                      [--epochs EPOCHS] [--arch ARCH]
                                      [--save_image_num SAVE_IMAGE_NUM]
                                      [--min_min_attack_fn MIN_MIN_ATTACK_FN]
                                      [--strong_aug] [--local_dev LOCAL_DEV]
                                      [--no_save] [--model_group MODEL_GROUP]
                                      [--job_id JOB_ID] [--org_label_noise]
                                      [--class_4] [--noise_after_transform]
                                      [--shuffle_train_perturb_data]
                                      [--not_shuffle_train_data]
ssl_perturbation_save_model.py: error: unrecognized arguments: &
usage: ssl_perturbation_save_model.py [-h] [--seed SEED] [--version VERSION]
                                      [--exp_name EXP_NAME]
                                      [--config_path CONFIG_PATH]
                                      [--load_model] [--data_parallel]
                                      [--train_batch_size TRAIN_BATCH_SIZE]
                                      [--eval_batch_size EVAL_BATCH_SIZE]
                                      [--num_of_workers NUM_OF_WORKERS]
                                      [--train_data_type TRAIN_DATA_TYPE]
                                      [--train_data_path TRAIN_DATA_PATH]
                                      [--test_data_type TEST_DATA_TYPE]
                                      [--test_data_path TEST_DATA_PATH]
                                      [--universal_train_portion UNIVERSAL_TRAIN_PORTION]
                                      [--universal_stop_error UNIVERSAL_STOP_ERROR]
                                      [--universal_train_target UNIVERSAL_TRAIN_TARGET]
                                      [--train_step TRAIN_STEP] [--use_subset]
                                      [--attack_type {min-min,min-max,random}]
                                      [--perturb_type {classwise,samplewise,clean_train}]
                                      [--patch_location {center,random}]
                                      [--noise_shape NOISE_SHAPE [NOISE_SHAPE ...]]
                                      [--epsilon EPSILON]
                                      [--num_steps NUM_STEPS]
                                      [--step_size STEP_SIZE] [--random_start]
                                      [--feature_dim FEATURE_DIM]
                                      [--temperature TEMPERATURE] [--k K]
                                      [--batch_size BATCH_SIZE]
                                      [--epochs EPOCHS] [--arch ARCH]
                                      [--save_image_num SAVE_IMAGE_NUM]
                                      [--min_min_attack_fn MIN_MIN_ATTACK_FN]
                                      [--strong_aug] [--local_dev LOCAL_DEV]
                                      [--no_save] [--model_group MODEL_GROUP]
                                      [--job_id JOB_ID] [--org_label_noise]
                                      [--class_4] [--noise_after_transform]
                                      [--shuffle_train_perturb_data]
                                      [--not_shuffle_train_data]
ssl_perturbation_save_model.py: error: unrecognized arguments: &
