clean base shuffle
python3 -u ssl_perturbation_save_model.py --config_path configs/cifar10 --exp_name path/to/your/experiment/folder --version resnet18 --train_data_type CIFAR10 --noise_shape 1024 3 32 32 --epsilon 32 --num_steps 1 --step_size 0.8 --attack_type min-min --perturb_type clean_train --train_step 10 --epochs 1000 --min_min_attack_fn non_eot --strong_aug --class_4 --job_id 104927372_1
check check
__name__ simclr
Files already downloaded and verified
Files already downloaded and verified
Files already downloaded and verified
Files already downloaded and verified
The whole epochs are 1000
6.895380258560181
6.751943111419678
6.699417591094971
6.6346352100372314
6.618236064910889
6.50470757484436
6.471234083175659
6.574768304824829
6.551202297210693
6.4373939037323
model saved at unlearnable_cleantrain_104927372_1_20211115203634_0.5_512_1000
6.4709632396698
6.449027061462402
6.436772346496582
6.438242435455322
6.404451131820679
6.426146984100342
6.364542484283447
6.381167888641357
6.4007792472839355
6.306956768035889
model saved at unlearnable_cleantrain_104927372_1_20211115203634_0.5_512_1000
6.345724105834961
6.341172695159912
6.303283929824829
6.3449907302856445
6.291993618011475
6.312347173690796
6.345714330673218
6.255456209182739
6.2783753871917725
6.287911891937256
model saved at unlearnable_cleantrain_104927372_1_20211115203634_0.5_512_1000
6.250153064727783
6.266607284545898
6.26544451713562
6.1870808601379395
6.231539011001587
6.208451747894287
6.200165748596191
6.22402811050415
6.208613395690918
6.192068099975586
model saved at unlearnable_cleantrain_104927372_1_20211115203634_0.5_512_1000
6.152214527130127
6.23566460609436
6.1744773387908936
6.196179389953613
6.199418306350708
6.175852537155151
6.169119119644165
6.156496524810791
6.190964221954346
6.168586730957031
model saved at unlearnable_cleantrain_104927372_1_20211115203634_0.5_512_1000
6.103294849395752
6.152935981750488
6.139488697052002
6.1439080238342285
6.105340957641602
6.100104808807373
6.08184289932251
6.082458972930908
6.072864532470703
6.08966588973999
model saved at unlearnable_cleantrain_104927372_1_20211115203634_0.5_512_1000
6.071048736572266
6.105389833450317
6.062509298324585
6.079647064208984
6.076740980148315
6.051033973693848
6.076802968978882
6.040242671966553
6.0694520473480225
6.0536816120147705
model saved at unlearnable_cleantrain_104927372_1_20211115203634_0.5_512_1000
6.037961959838867
6.063959836959839
6.036292791366577
6.067250490188599
6.029581546783447
6.012208938598633
6.014895439147949
6.030367851257324
5.994834661483765
6.029273748397827
model saved at unlearnable_cleantrain_104927372_1_20211115203634_0.5_512_1000
6.012572765350342
5.9920430183410645
6.023704528808594
6.0175628662109375
6.0197529792785645
5.970216989517212
5.984788179397583
5.9947919845581055
5.960861682891846
5.969304084777832
model saved at unlearnable_cleantrain_104927372_1_20211115203634_0.5_512_1000
5.956829786300659
5.9606194496154785
5.967562437057495
5.956332683563232
5.924043416976929
5.934398651123047
5.933674097061157
5.976789236068726
5.945137977600098
5.913846731185913
model saved at unlearnable_cleantrain_104927372_1_20211115203634_0.5_512_1000
5.934884309768677
5.910045623779297
5.956965684890747
5.903679609298706
5.912890672683716
5.904627799987793
5.9449944496154785
5.948210954666138
5.880812883377075
5.9064459800720215
model saved at unlearnable_cleantrain_104927372_1_20211115203634_0.5_512_1000
5.897989988327026
5.9043354988098145
5.932690382003784
5.94926643371582
5.8984692096710205
5.934314966201782
5.901749610900879
5.906496047973633
5.939938545227051
5.861211776733398
model saved at unlearnable_cleantrain_104927372_1_20211115203634_0.5_512_1000
5.889013051986694
5.885833740234375
5.891826391220093
5.9244279861450195
5.874207496643066
5.896811485290527
5.886232852935791
5.860578775405884
5.894765615463257
5.884188652038574
model saved at unlearnable_cleantrain_104927372_1_20211115203634_0.5_512_1000
5.891657590866089
5.871122121810913
5.859810829162598
5.87151312828064
5.907134532928467
5.863616704940796
5.866288661956787
5.885229110717773
5.839130401611328
5.863501071929932
model saved at unlearnable_cleantrain_104927372_1_20211115203634_0.5_512_1000
5.879065752029419
5.852922439575195
5.859743118286133
5.8538384437561035
5.81500244140625
5.841239929199219
5.8535497188568115
5.830868244171143
5.811094760894775
5.828272342681885
model saved at unlearnable_cleantrain_104927372_1_20211115203634_0.5_512_1000
5.819078207015991
5.8457770347595215
5.8498969078063965
5.865537405014038
5.793483018875122
5.835142374038696
5.8271753787994385
5.844438076019287
5.826204061508179
5.8195765018463135
model saved at unlearnable_cleantrain_104927372_1_20211115203634_0.5_512_1000
5.822454929351807
5.794940948486328
5.806925058364868
5.817280054092407
5.792974948883057
5.82830286026001
5.833223342895508
5.84406304359436
5.851141929626465
5.798849105834961
model saved at unlearnable_cleantrain_104927372_1_20211115203634_0.5_512_1000
5.802326440811157
5.8011474609375
5.814826488494873
5.822158098220825
5.821587800979614
5.828601598739624
5.778198719024658
5.787844657897949
5.797575235366821
5.770096302032471
model saved at unlearnable_cleantrain_104927372_1_20211115203634_0.5_512_1000
5.785651683807373
5.782364845275879
5.782761335372925
5.791147708892822
5.749166965484619
5.788578271865845
5.783357858657837
5.780660152435303
5.777287244796753
5.759625434875488
model saved at unlearnable_cleantrain_104927372_1_20211115203634_0.5_512_1000
5.762108564376831
5.788566589355469
5.745612621307373
5.771806716918945
5.786008834838867
5.778134107589722
5.782666444778442
5.7633538246154785
5.760583162307739
5.785784959793091
model saved at unlearnable_cleantrain_104927372_1_20211115203634_0.5_512_1000
5.772114515304565
5.793950796127319
5.7708306312561035
5.758066654205322
5.751819849014282
5.793344736099243
5.767029285430908
5.761626243591309
5.783087253570557
5.772551536560059
model saved at unlearnable_cleantrain_104927372_1_20211115203634_0.5_512_1000
5.777623891830444
5.752171516418457
5.787177324295044
5.758987903594971
5.801407337188721
5.773897647857666
5.762908935546875
5.737945556640625
5.763002395629883
5.764309406280518
model saved at unlearnable_cleantrain_104927372_1_20211115203634_0.5_512_1000
5.749914169311523
5.730623006820679
5.744870185852051
5.748421669006348
5.753886938095093
5.749522686004639
5.726010084152222
5.747761249542236
5.756751775741577
5.706808567047119
model saved at unlearnable_cleantrain_104927372_1_20211115203634_0.5_512_1000
5.766359806060791
5.741870164871216
5.742082834243774
5.721421718597412
5.73207950592041
5.731256484985352
5.760882616043091
5.751299619674683
5.729431629180908
5.729252815246582
model saved at unlearnable_cleantrain_104927372_1_20211115203634_0.5_512_1000
5.722395658493042
5.726890802383423
5.714462041854858
5.722318887710571
5.717372179031372
5.746068954467773
5.718843936920166
5.74967098236084
5.735078811645508
5.711583614349365
model saved at unlearnable_cleantrain_104927372_1_20211115203634_0.5_512_1000
5.7225072383880615
5.713701248168945
5.7094032764434814
5.6922852993011475
5.734302759170532
5.7237255573272705
5.700733661651611
5.68814492225647
5.705540418624878
5.686945676803589
model saved at unlearnable_cleantrain_104927372_1_20211115203634_0.5_512_1000
5.67596435546875
5.6832733154296875
5.731277704238892
5.719813823699951
5.748043060302734
5.721905708312988
5.730370044708252
5.710943222045898
5.703850269317627
5.682116270065308
model saved at unlearnable_cleantrain_104927372_1_20211115203634_0.5_512_1000
5.688070297241211
5.693120718002319
5.692364931106567
5.710631847381592
5.671568393707275
5.676496505737305
5.679688453674316
5.6832051277160645
5.680397987365723
5.688371181488037
model saved at unlearnable_cleantrain_104927372_1_20211115203634_0.5_512_1000
5.687224864959717
5.671952724456787
5.667541980743408
5.690016508102417
5.674946308135986
5.667514085769653
5.6756062507629395
5.69022536277771
5.660966396331787
5.674196720123291
model saved at unlearnable_cleantrain_104927372_1_20211115203634_0.5_512_1000
5.6976141929626465
5.711504697799683
5.684778928756714
5.681603670120239
5.669365167617798
5.668529987335205
5.655458927154541
5.691339015960693
5.6783952713012695
5.673795700073242
model saved at unlearnable_cleantrain_104927372_1_20211115203634_0.5_512_1000
5.660677671432495
5.645210027694702
5.639126777648926
5.653959512710571
5.657814979553223
5.660853147506714
5.650163650512695
5.650606393814087
5.673787593841553
5.655318737030029
model saved at unlearnable_cleantrain_104927372_1_20211115203634_0.5_512_1000
5.658282995223999
5.64667272567749
5.655280351638794
5.639119625091553
5.67646336555481
5.654531002044678
5.644721269607544
5.668259143829346
5.659547328948975
5.633562803268433
model saved at unlearnable_cleantrain_104927372_1_20211115203634_0.5_512_1000
5.6484174728393555
5.660020589828491
5.634909152984619
5.643962621688843
5.651525259017944
5.631631135940552
5.670458793640137
5.618159294128418
5.640725135803223
5.6363205909729
model saved at unlearnable_cleantrain_104927372_1_20211115203634_0.5_512_1000
5.638353586196899
5.6352362632751465
5.659692764282227
5.647724390029907
5.647811651229858
5.645268678665161
5.6158857345581055
5.642956733703613
5.631986379623413
5.624239206314087
model saved at unlearnable_cleantrain_104927372_1_20211115203634_0.5_512_1000
5.6345062255859375
5.645361661911011
5.622849941253662
5.615609407424927
5.641469478607178
5.6300718784332275
5.642113924026489
5.639654874801636
5.647011995315552
5.629163503646851
model saved at unlearnable_cleantrain_104927372_1_20211115203634_0.5_512_1000
5.619678497314453
5.633029937744141
5.615766763687134
5.6257805824279785
5.614040851593018
5.637824773788452
5.592927694320679
5.632139444351196
5.593075752258301
5.622088193893433
model saved at unlearnable_cleantrain_104927372_1_20211115203634_0.5_512_1000
5.6243181228637695
5.62347674369812
5.643138885498047
5.63560676574707
5.63563084602356
5.620544195175171
5.627335786819458
5.623855113983154
5.645196914672852
5.602085828781128
model saved at unlearnable_cleantrain_104927372_1_20211115203634_0.5_512_1000
5.611402273178101
5.6358137130737305
5.631621599197388
5.606120824813843
5.608628034591675
5.6014628410339355
5.614504098892212
5.627100706100464
5.613101959228516
5.61304235458374
model saved at unlearnable_cleantrain_104927372_1_20211115203634_0.5_512_1000
5.591827154159546
5.60836935043335
5.597689390182495
5.593176603317261
5.619149208068848
5.59891414642334
5.590895414352417
5.61169958114624
5.589688777923584
5.599597930908203
model saved at unlearnable_cleantrain_104927372_1_20211115203634_0.5_512_1000
5.6044933795928955
5.607614278793335
5.613207578659058
5.589826345443726
5.596028089523315
5.588963747024536
5.592129945755005
5.605382442474365
5.598015069961548
5.574073314666748
model saved at unlearnable_cleantrain_104927372_1_20211115203634_0.5_512_1000
5.610655069351196
5.626297235488892
5.598893165588379
5.618558406829834
5.58198881149292
5.590597629547119
5.606863737106323
5.6074934005737305
5.575128078460693
5.606832027435303
model saved at unlearnable_cleantrain_104927372_1_20211115203634_0.5_512_1000
5.58271050453186
5.58610987663269
5.567747354507446
5.568256855010986
5.580861568450928
5.582165241241455
5.5832600593566895
5.590021371841431
5.576033353805542
5.586259841918945
model saved at unlearnable_cleantrain_104927372_1_20211115203634_0.5_512_1000
5.583133697509766
5.576591730117798
5.590217113494873
5.5905938148498535
5.563488483428955
5.574413299560547
5.576116323471069
5.581579923629761
5.560389280319214
5.553371429443359
model saved at unlearnable_cleantrain_104927372_1_20211115203634_0.5_512_1000
5.572246074676514
5.561848402023315
5.57200813293457
5.572973012924194
5.5588483810424805
5.59045147895813
5.555932521820068
5.5678019523620605
5.57991099357605
5.531176805496216
model saved at unlearnable_cleantrain_104927372_1_20211115203634_0.5_512_1000
5.582201242446899
5.556453466415405
5.583770751953125
5.5554609298706055
5.546541452407837
5.536365270614624
5.533973217010498
5.530370473861694
5.5428712368011475
5.554549694061279
model saved at unlearnable_cleantrain_104927372_1_20211115203634_0.5_512_1000
5.585206031799316
5.569346189498901
5.533745288848877
5.579809665679932
5.579967498779297
5.551077842712402
5.5495405197143555
5.549829721450806
5.587836742401123
5.547137975692749
model saved at unlearnable_cleantrain_104927372_1_20211115203634_0.5_512_1000
5.553313732147217
5.5625951290130615
5.57342529296875
5.530282258987427
5.544520139694214
5.55310320854187
5.570154190063477
5.548884868621826
5.534465074539185
5.5404322147369385
model saved at unlearnable_cleantrain_104927372_1_20211115203634_0.5_512_1000
5.551461696624756
5.540110111236572
5.549678325653076
5.5492517948150635
5.54669713973999
5.536235332489014
5.528798818588257
5.565262794494629
5.523324251174927
5.5619215965271
model saved at unlearnable_cleantrain_104927372_1_20211115203634_0.5_512_1000
5.547775983810425
5.566287517547607
5.564237356185913
5.55980658531189
5.570553302764893
5.534616708755493
5.581964015960693
5.570440292358398
5.546503305435181
5.532203674316406
model saved at unlearnable_cleantrain_104927372_1_20211115203634_0.5_512_1000
5.534458875656128
5.522540807723999
5.54479193687439
5.523275375366211
5.533247470855713
5.5375096797943115
5.534776210784912
5.527405738830566
5.5359673500061035
5.560277938842773
model saved at unlearnable_cleantrain_104927372_1_20211115203634_0.5_512_1000
5.537724018096924
5.521484613418579
5.523986339569092
5.543268203735352
5.536738872528076
5.537525415420532
5.531953573226929
5.549564599990845
5.533763885498047
5.524857997894287
model saved at unlearnable_cleantrain_104927372_1_20211115203634_0.5_512_1000
5.5333287715911865
5.536914110183716
5.51889705657959
5.522348165512085
5.52785849571228
5.544206619262695
5.5183424949646
5.527210235595703
5.510231018066406
5.537464141845703
model saved at unlearnable_cleantrain_104927372_1_20211115203634_0.5_512_1000
5.509778022766113
5.5311598777771
5.5441343784332275
5.537204265594482
5.5174641609191895
5.523930788040161
5.5157670974731445
5.522492408752441
5.5160300731658936
5.504027366638184
model saved at unlearnable_cleantrain_104927372_1_20211115203634_0.5_512_1000
5.513806104660034
5.497089862823486
5.495110273361206
5.510319709777832
5.527780294418335
5.481545925140381
5.513983726501465
5.530968189239502
5.502202272415161
5.518284320831299
model saved at unlearnable_cleantrain_104927372_1_20211115203634_0.5_512_1000
5.525706768035889
5.510990381240845
5.50907564163208
5.506464242935181
5.489193439483643
5.494954824447632
5.519283056259155
5.508438348770142
5.514436721801758
5.5086987018585205
model saved at unlearnable_cleantrain_104927372_1_20211115203634_0.5_512_1000
5.498201131820679
5.486958980560303
5.511960029602051
5.5017595291137695
5.5255138874053955
5.507900238037109
5.5306549072265625
5.526856422424316
5.524358749389648
5.507940292358398
model saved at unlearnable_cleantrain_104927372_1_20211115203634_0.5_512_1000
5.503615856170654
5.512262582778931
5.509081125259399
5.522464752197266
5.505470514297485
5.519304990768433
5.5174643993377686
5.496191024780273
5.513036251068115
5.510786056518555
model saved at unlearnable_cleantrain_104927372_1_20211115203634_0.5_512_1000
5.506730079650879
5.508472919464111
5.485216379165649
5.499457836151123
5.507028341293335
5.503791570663452
5.491616249084473
5.480474948883057
5.476667404174805
5.4900147914886475
model saved at unlearnable_cleantrain_104927372_1_20211115203634_0.5_512_1000
5.4832847118377686
5.503194332122803
5.494214057922363
5.503584384918213
5.492238283157349
5.50262975692749
5.512709379196167
5.497910976409912
5.484382152557373
5.480353116989136
model saved at unlearnable_cleantrain_104927372_1_20211115203634_0.5_512_1000
5.505074739456177
5.510529279708862
5.467477083206177
5.496860027313232
5.480651378631592
5.463828086853027
5.498547554016113
5.492940187454224
5.469091415405273
5.4854960441589355
model saved at unlearnable_cleantrain_104927372_1_20211115203634_0.5_512_1000
5.493319749832153
5.498856782913208
5.497632265090942
5.470880508422852
5.502921104431152
5.474783420562744
5.50138783454895
5.490177154541016
5.463107347488403
5.4727089405059814
model saved at unlearnable_cleantrain_104927372_1_20211115203634_0.5_512_1000
5.514634370803833
5.4991090297698975
5.462261199951172
5.481206893920898
5.498301267623901
5.44277548789978
5.485335826873779
5.456873178482056
5.481675386428833
5.4930500984191895
model saved at unlearnable_cleantrain_104927372_1_20211115203634_0.5_512_1000
5.491819858551025
5.491183280944824
5.495818853378296
5.478740692138672
5.4970622062683105
5.469564914703369
5.462041139602661
5.481469631195068
5.4927637577056885
5.508944511413574
model saved at unlearnable_cleantrain_104927372_1_20211115203634_0.5_512_1000
5.489119291305542
5.4781622886657715
5.485668897628784
5.496769189834595
5.4848198890686035
5.476355075836182
5.4896180629730225
5.479448318481445
5.482389450073242
5.489575624465942
model saved at unlearnable_cleantrain_104927372_1_20211115203634_0.5_512_1000
5.501047134399414
5.478182077407837
5.466676473617554
5.456774711608887
5.474305152893066
5.467507362365723
5.448886156082153
5.488865852355957
5.487465143203735
5.459166526794434
model saved at unlearnable_cleantrain_104927372_1_20211115203634_0.5_512_1000
5.466142654418945
5.470961332321167
5.49184775352478
5.465717554092407
5.470693826675415
5.45781946182251
5.469007968902588
5.478834867477417
5.456356048583984
5.454606294631958
model saved at unlearnable_cleantrain_104927372_1_20211115203634_0.5_512_1000
5.461607933044434
5.477163791656494
5.494577884674072
5.505345821380615
5.469695329666138
5.453731536865234
5.485205888748169
5.452250003814697
5.445614576339722
5.44596529006958
model saved at unlearnable_cleantrain_104927372_1_20211115203634_0.5_512_1000
5.46835732460022
5.467533349990845
5.477845668792725
5.470022678375244
5.464449405670166
5.447653770446777
5.47409987449646
5.4621148109436035
5.464017152786255
5.473997354507446
model saved at unlearnable_cleantrain_104927372_1_20211115203634_0.5_512_1000
5.456238269805908
5.469343185424805
5.4706315994262695
5.4755353927612305
5.452951669692993
5.468860149383545
5.4661102294921875
5.435607671737671
5.4645068645477295
5.450597047805786
model saved at unlearnable_cleantrain_104927372_1_20211115203634_0.5_512_1000
5.452520847320557
5.4774956703186035
5.455427169799805
5.466986656188965
5.449463129043579
5.446026802062988
5.490301132202148
5.4741339683532715
5.4587082862854
5.462277889251709
model saved at unlearnable_cleantrain_104927372_1_20211115203634_0.5_512_1000
5.429409503936768
5.441694259643555
5.4632484912872314
5.4420249462127686
5.438217878341675
5.450867652893066
5.447200059890747
5.464331865310669
5.442909240722656
5.451874732971191
model saved at unlearnable_cleantrain_104927372_1_20211115203634_0.5_512_1000
5.434860706329346
5.472557306289673
5.4679787158966064
5.430466651916504
5.455125570297241
5.465023994445801
5.468035936355591
5.4392430782318115
5.473297119140625
5.439759254455566
model saved at unlearnable_cleantrain_104927372_1_20211115203634_0.5_512_1000
5.446294546127319
5.465825796127319
5.453592300415039
5.444792747497559
5.445692300796509
5.425220966339111
5.448299884796143
5.4313435554504395
5.444025278091431
5.449152946472168
model saved at unlearnable_cleantrain_104927372_1_20211115203634_0.5_512_1000
5.446630477905273
5.424077272415161
5.4315454959869385
5.446475982666016
5.426567077636719
5.416363954544067
5.464148759841919
5.427126884460449
5.446043252944946
5.423183441162109
model saved at unlearnable_cleantrain_104927372_1_20211115203634_0.5_512_1000
5.435068368911743
5.432608127593994
5.438406467437744
5.421966075897217
5.45738959312439
5.4426960945129395
5.461705684661865
5.420324325561523
5.4409260749816895
5.422896862030029
model saved at unlearnable_cleantrain_104927372_1_20211115203634_0.5_512_1000
5.4430999755859375
5.448709011077881
5.441241264343262
5.420517206192017
5.448945760726929
5.415013313293457
5.406759262084961
5.432593822479248
5.461738109588623
5.4454333782196045
model saved at unlearnable_cleantrain_104927372_1_20211115203634_0.5_512_1000
5.423230886459351
5.430862188339233
5.4475297927856445
5.446892976760864
5.412051439285278
5.465564012527466
5.4521825313568115
5.4378392696380615
5.4158148765563965
5.4541144371032715
model saved at unlearnable_cleantrain_104927372_1_20211115203634_0.5_512_1000
5.431828498840332
5.431167840957642
5.4026267528533936
5.437032222747803
5.430570125579834
5.427970886230469
5.435522079467773
5.420926332473755
5.425451755523682
5.434755802154541
model saved at unlearnable_cleantrain_104927372_1_20211115203634_0.5_512_1000
5.426855087280273
5.412691116333008
5.419626951217651
5.43259334564209
5.411031723022461
5.434832572937012
5.404941082000732
5.416880369186401
5.444126844406128
5.419571399688721
model saved at unlearnable_cleantrain_104927372_1_20211115203634_0.5_512_1000
5.4330456256866455
5.420705795288086
5.422220468521118
5.404466152191162
5.420229434967041
5.417072534561157
5.431930780410767
5.4096739292144775
5.425462961196899
5.407822370529175
model saved at unlearnable_cleantrain_104927372_1_20211115203634_0.5_512_1000
5.413697004318237
5.415286302566528
5.423663854598999
5.4229724407196045
5.424352169036865
5.4065022468566895
5.411752700805664
5.378826141357422
5.405798673629761
5.423546314239502
model saved at unlearnable_cleantrain_104927372_1_20211115203634_0.5_512_1000
5.41814398765564
5.413578987121582
5.404820919036865
5.4247260093688965
5.4154276847839355
5.405481815338135
5.412026405334473
5.4026265144348145
5.4087910652160645
5.410610198974609
model saved at unlearnable_cleantrain_104927372_1_20211115203634_0.5_512_1000
5.407005548477173
5.405257940292358
5.408823013305664
5.428157567977905
5.41037917137146
5.414983749389648
5.4122912883758545
5.395341396331787
5.415518522262573
5.393015146255493
model saved at unlearnable_cleantrain_104927372_1_20211115203634_0.5_512_1000
5.39778995513916
5.38857102394104
5.4248504638671875
5.395968914031982
5.4114320278167725
5.405693531036377
5.397455215454102
5.436843633651733
5.3938679695129395
5.393482446670532
model saved at unlearnable_cleantrain_104927372_1_20211115203634_0.5_512_1000
5.4329609870910645
5.38970947265625
5.413429021835327
5.402765512466431
5.388046979904175
5.41072678565979
5.415689706802368
5.400277614593506
5.377804756164551
5.397543907165527
model saved at unlearnable_cleantrain_104927372_1_20211115203634_0.5_512_1000
5.395682096481323
5.405087232589722
5.427101135253906
5.404974699020386
5.3940558433532715
5.36799168586731
5.3945698738098145
5.40410852432251
5.402379035949707
5.443871974945068
model saved at unlearnable_cleantrain_104927372_1_20211115203634_0.5_512_1000
5.39077353477478
5.414323568344116
5.392224311828613
5.4114861488342285
5.417977571487427
5.395784378051758
5.4065234661102295
5.3983917236328125
5.402291536331177
5.390517950057983
model saved at unlearnable_cleantrain_104927372_1_20211115203634_0.5_512_1000
5.398813009262085
5.410620212554932
5.415968894958496
5.396674156188965
5.369188547134399
5.402781963348389
5.392194509506226
5.390758991241455
5.365793466567993
5.412432670593262
model saved at unlearnable_cleantrain_104927372_1_20211115203634_0.5_512_1000
5.408714532852173
5.417680978775024
5.395067453384399
5.38640022277832
5.406781435012817
5.4302144050598145
5.392661809921265
5.41821026802063
5.409739017486572
5.36324667930603
model saved at unlearnable_cleantrain_104927372_1_20211115203634_0.5_512_1000
5.422711372375488
5.419285774230957
5.394622564315796
5.413797855377197
5.397383451461792
5.397627830505371
5.391162872314453
5.404163599014282
5.404403448104858
5.401839017868042
model saved at unlearnable_cleantrain_104927372_1_20211115203634_0.5_512_1000
5.410847187042236
5.411684036254883
5.390953302383423
5.382148504257202
5.368112564086914
5.403156757354736
5.399082660675049
5.370708227157593
5.405016660690308
5.4078850746154785
model saved at unlearnable_cleantrain_104927372_1_20211115203634_0.5_512_1000
5.4001147747039795
5.385883569717407
5.40556263923645
5.385834455490112
5.388509750366211
5.37899112701416
5.3897082805633545
5.380223751068115
5.398671627044678
5.370452880859375
model saved at unlearnable_cleantrain_104927372_1_20211115203634_0.5_512_1000
5.411973476409912
5.412045001983643
5.391737937927246
5.392083644866943
5.37578010559082
5.395976305007935
5.37034010887146
5.373471975326538
5.377365350723267
5.3926897048950195
model saved at unlearnable_cleantrain_104927372_1_20211115203634_0.5_512_1000
5.368058204650879
5.384687900543213
5.384701728820801
5.398503303527832
5.36701512336731
5.383195400238037
5.371849775314331
5.381281852722168
5.362973213195801
5.370808362960815
model saved at unlearnable_cleantrain_104927372_1_20211115203634_0.5_512_1000
5.382892847061157
5.401530981063843
5.398765563964844
5.3734130859375
5.383318901062012
5.391849756240845
5.40025520324707
5.389221906661987
5.390943288803101
5.386013031005859
model saved at unlearnable_cleantrain_104927372_1_20211115203634_0.5_512_1000
5.395995855331421
5.398801803588867
5.370543718338013
5.37018346786499
5.378079652786255
5.367813348770142
5.376543760299683
5.401555776596069
5.3668670654296875
5.37611198425293
model saved at unlearnable_cleantrain_104927372_1_20211115203634_0.5_512_1000
5.389835834503174
5.402372121810913
5.378831148147583
5.375039339065552
5.4004905223846436
5.372542858123779
5.385028600692749
5.404241561889648
5.3419349193573
5.379744052886963
model saved at unlearnable_cleantrain_104927372_1_20211115203634_0.5_512_1000
5.352354526519775
5.355364799499512
5.354557037353516
5.36497163772583
5.386572599411011
5.376307010650635
5.376681804656982
5.37493109703064
5.366466999053955
5.368258476257324
model saved at unlearnable_cleantrain_104927372_1_20211115203634_0.5_512_1000
5.372347116470337
5.379376173019409
5.387179851531982
5.3619585037231445
5.380747079849243
5.396842002868652
5.369660377502441
5.37973427772522
5.352633237838745
5.375004768371582
model saved at unlearnable_cleantrain_104927372_1_20211115203634_0.5_512_1000
5.3538641929626465
5.342884302139282
5.358569383621216
5.3678083419799805
5.372759580612183
5.373135089874268
5.368011713027954
5.374828338623047
5.361376047134399
5.351468086242676
model saved at unlearnable_cleantrain_104927372_1_20211115203634_0.5_512_1000
JobId=104927372 JobName=SimCLR
   UserId=renjie3(6007166) GroupId=cse(2010) MCS_label=N/A
   Priority=25375 Nice=0 Account=cmse QOS=normal
   JobState=RUNNING Reason=None Dependency=(null)
   Requeue=1 Restarts=0 BatchFlag=1 Reboot=0 ExitCode=0:0
   RunTime=01:32:48 TimeLimit=02:00:00 TimeMin=N/A
   SubmitTime=2021-11-15T20:35:56 EligibleTime=2021-11-15T20:35:56
   AccrueTime=2021-11-15T20:35:56
   StartTime=2021-11-15T20:36:06 EndTime=2021-11-15T22:36:06 Deadline=N/A
   SuspendTime=None SecsPreSuspend=0 LastSchedEval=2021-11-15T20:36:06
   Partition=general-short AllocNode:Sid=dev-amd20-v100:204881
   ReqNodeList=(null) ExcNodeList=(null)
   NodeList=nvl-000
   BatchHost=nvl-000
   FedOrigin=msuhpcc FedViableSiblings=msuhpcc,preemptable FedActiveSiblings=msuhpcc
   NumNodes=1 NumCPUs=2 NumTasks=1 CPUs/Task=2 ReqB:S:C:T=0:0:*:*
   TRES=cpu=2,mem=16G,node=1,billing=2490,gres/gpu=1
   Socks/Node=* NtasksPerN:B:S:C=0:0:*:* CoreSpec=*
   MinCPUsNode=2 MinMemoryCPU=8G MinTmpDiskNode=0
   Features=[intel14|intel16|intel18|amr|nvf] DelayBoot=00:00:00
   OverSubscribe=OK Contiguous=0 Licenses=(null) Network=(null)
   Command=/mnt/ufs18/home-145/renjie3/Documents/unlearnable/Unlearnable-Examples/submit.sb
   WorkDir=/mnt/ufs18/home-145/renjie3/Documents/unlearnable/Unlearnable-Examples
   Comment=stdout=/mnt/home/renjie3/Documents/unlearnable/Unlearnable-Examples/logfile/104927372.log 
   StdErr=/mnt/home/renjie3/Documents/unlearnable/Unlearnable-Examples/logfile/104927372.err
   StdIn=/dev/null
   StdOut=/mnt/home/renjie3/Documents/unlearnable/Unlearnable-Examples/logfile/104927372.log
   Power=
   TresPerNode=gpu:v100:1
   NtasksPerTRES:0

