No shuffle. 3 budgets all use one step
python3 -u ssl_perturbation_save_model.py --config_path configs/cifar10 --exp_name path/to/your/experiment/folder --version resnet18 --train_data_type CIFAR10 --noise_shape 1024 3 32 32 --epsilon 32 --num_steps 1 --step_size 0.8 --attack_type min-min --perturb_type samplewise --train_step 10 --epochs 1000 --min_min_attack_fn non_eot --strong_aug --class_4 --job_id 104924856_1
python3 -u ssl_perturbation_save_model.py --config_path configs/cifar10 --exp_name path/to/your/experiment/folder --version resnet18 --train_data_type CIFAR10 --noise_shape 1024 3 32 32 --epsilon 16 --num_steps 1 --step_size 0.8 --attack_type min-min --perturb_type samplewise --train_step 10 --epochs 1000 --min_min_attack_fn non_eot --strong_aug --class_4 --shuffle_train_perturb_data --job_id 104924856_2
python3 -u ssl_perturbation_save_model.py --config_path configs/cifar10 --exp_name path/to/your/experiment/folder --version resnet18 --train_data_type CIFAR10 --noise_shape 1024 3 32 32 --epsilon 8 --num_steps 1 --step_size 0.8 --attack_type min-min --perturb_type samplewise --train_step 10 --epochs 1000 --min_min_attack_fn non_eot --strong_aug --class_4 --shuffle_train_perturb_data --job_id 104924856_3
check checkcheck checkcheck check


__name____name__ simclr
__name__ simclr 
simclr
Files already downloaded and verified
Files already downloaded and verified
Files already downloaded and verified
Files already downloaded and verified
Files already downloaded and verified
Files already downloaded and verified
Files already downloaded and verified
Files already downloaded and verified
Files already downloaded and verified
Files already downloaded and verified
Files already downloaded and verified
Files already downloaded and verified
The whole epochs are 1000
The whole epochs are 1000
The whole epochs are 1000
0.029925457492936403
min_min_attack_simclr_return_loss_tensor: 6.859887599945068
0.03262574326072354
min_min_attack_simclr_return_loss_tensor: 6.872185707092285
0.035845821839757264
min_min_attack_simclr_return_loss_tensor: 6.908949851989746
0.03133333018922713
min_min_attack_simclr_return_loss_tensor: 6.8474321365356445
6.8582541942596436
0.03258554854255635
min_min_attack_simclr_return_loss_tensor: 6.869723796844482
6.892841815948486
0.03501985229377169
min_min_attack_simclr_return_loss_tensor: 6.874392509460449
6.872688055038452
0.050219545082654804
min_min_attack_simclr_return_loss_tensor: 6.901656150817871
0.06561062662512995
min_min_attack_simclr_return_loss_tensor: 6.785789489746094
0.04611907155776862
min_min_attack_simclr_return_loss_tensor: 6.796504497528076
0.04913107790343929
min_min_attack_simclr_return_loss_tensor: 6.896322250366211
6.656956434249878
0.06685367945465259
min_min_attack_simclr_return_loss_tensor: 6.8012495040893555
6.807185649871826
0.046108874448691495
min_min_attack_simclr_return_loss_tensor: 6.844820022583008
6.7891685962677
0.08751394270802848
min_min_attack_simclr_return_loss_tensor: 6.808946132659912
0.08862185044563375
min_min_attack_simclr_return_loss_tensor: 6.789267539978027
6.659789800643921
0.07116416221833788
min_min_attack_simclr_return_loss_tensor: 6.864514350891113
0.06147702362795826
min_min_attack_simclr_return_loss_tensor: 6.656310081481934
0.0729803237481974
min_min_attack_simclr_return_loss_tensor: 6.862966537475586
6.853142023086548
0.06461064200266264
min_min_attack_simclr_return_loss_tensor: 6.693368911743164
6.672670841217041
0.08744624399696477
min_min_attack_simclr_return_loss_tensor: 6.716796875
0.12435096956323832
min_min_attack_simclr_return_loss_tensor: 6.684517860412598
0.08337351566297002
min_min_attack_simclr_return_loss_tensor: 6.755863666534424
6.624717712402344
0.12976410565897822
min_min_attack_simclr_return_loss_tensor: 6.671248435974121
6.618919134140015
0.07142165777622722
min_min_attack_simclr_return_loss_tensor: 6.54969596862793
0.07994988452992402
min_min_attack_simclr_return_loss_tensor: 6.589184284210205
6.593748569488525
0.10433191448100843
min_min_attack_simclr_return_loss_tensor: 6.681222438812256
0.10536324742133729
min_min_attack_simclr_return_loss_tensor: 6.698644161224365
6.547350645065308
0.08781617492786609
min_min_attack_simclr_return_loss_tensor: 6.576127052307129
0.15309871290810406
min_min_attack_simclr_return_loss_tensor: 6.655447959899902
0.08798516937531531
min_min_attack_simclr_return_loss_tensor: 6.576729774475098
0.17732300679199398
min_min_attack_simclr_return_loss_tensor: 6.651834964752197
6.657466411590576
6.570107936859131
0.135697947407607
min_min_attack_simclr_return_loss_tensor: 6.6543378829956055
0.12753295741276816
min_min_attack_simclr_return_loss_tensor: 6.650938034057617
6.520514726638794
0.1722588879056275
min_min_attack_simclr_return_loss_tensor: 6.671562194824219
0.08904819944291376
min_min_attack_simclr_return_loss_tensor: 6.543216705322266
0.21360644343076274
min_min_attack_simclr_return_loss_tensor: 6.6619873046875
6.555150985717773
0.09732465259730816
min_min_attack_simclr_return_loss_tensor: 6.525566101074219
6.527655601501465
0.14956646104110405
min_min_attack_simclr_return_loss_tensor: 6.422588348388672
0.14501237572403625
min_min_attack_simclr_return_loss_tensor: 6.416225433349609
6.52364444732666
0.22077017230913043
min_min_attack_simclr_return_loss_tensor: 6.653282165527344
0.10172936585149728
min_min_attack_simclr_return_loss_tensor: 6.604846477508545
0.24529037531465292
min_min_attack_simclr_return_loss_tensor: 6.602818489074707
6.496854782104492
0.10165499523282051
min_min_attack_simclr_return_loss_tensor: 6.55831241607666
6.509340047836304
