check check
__name__ simclr
Files already downloaded and verified
Files already downloaded and verified
Files already downloaded and verified
Files already downloaded and verified
The whole epochs are 1000
6.857860803604126
6.796621561050415
6.6580915451049805
6.566033363342285
6.588299512863159
6.5431740283966064
6.51479959487915
6.5136988162994385
6.434383392333984
6.4709861278533936
model saved at unlearnable_cleantrain_105006912_1_20211115235309_0.5_512_1000
6.409180641174316
6.492097616195679
6.399094581604004
6.431647539138794
6.398129463195801
6.396819353103638
6.414494037628174
6.30007791519165
6.353745222091675
6.34895396232605
model saved at unlearnable_cleantrain_105006912_1_20211115235309_0.5_512_1000
6.3649444580078125
6.260067939758301
6.319825172424316
6.299276351928711
6.279140949249268
6.283901691436768
6.311709642410278
6.203253746032715
6.237592458724976
6.256216049194336
model saved at unlearnable_cleantrain_105006912_1_20211115235309_0.5_512_1000
6.2026238441467285
6.211110353469849
6.246910095214844
6.255051612854004
6.191640377044678
6.178359031677246
6.217618703842163
6.203319549560547
6.1659932136535645
6.173223495483398
model saved at unlearnable_cleantrain_105006912_1_20211115235309_0.5_512_1000
6.114440441131592
6.12661075592041
6.146871566772461
6.1732704639434814
6.157762289047241
6.134059906005859
6.151371479034424
6.100327014923096
6.14495325088501
6.095733642578125
model saved at unlearnable_cleantrain_105006912_1_20211115235309_0.5_512_1000
6.124769926071167
6.151719570159912
6.134275197982788
6.081513166427612
6.107903480529785
6.1180925369262695
6.086146593093872
6.126408576965332
6.090639114379883
6.119121551513672
model saved at unlearnable_cleantrain_105006912_1_20211115235309_0.5_512_1000
6.12347674369812
6.102648019790649
6.102111577987671
6.061748743057251
6.065300703048706
6.068371295928955
6.054186105728149
6.066478490829468
6.0761399269104
5.99530029296875
model saved at unlearnable_cleantrain_105006912_1_20211115235309_0.5_512_1000
6.029792308807373
6.016261339187622
6.019474506378174
5.99398136138916
6.01607084274292
5.997281789779663
6.025444746017456
5.9887285232543945
5.998687028884888
6.021585464477539
model saved at unlearnable_cleantrain_105006912_1_20211115235309_0.5_512_1000
5.999671220779419
5.96090841293335
5.967045307159424
5.984734296798706
5.9317498207092285
5.983362197875977
5.947779893875122
5.9690635204315186
5.968041896820068
6.017981052398682
model saved at unlearnable_cleantrain_105006912_1_20211115235309_0.5_512_1000
5.970451354980469
5.961075305938721
5.988354206085205
5.926612138748169
5.964811086654663
5.945598125457764
5.950918912887573
5.9237587451934814
5.92851448059082
5.924463987350464
model saved at unlearnable_cleantrain_105006912_1_20211115235309_0.5_512_1000
5.934175968170166
5.914324045181274
5.903738975524902
5.938865661621094
5.913651466369629
5.9011571407318115
5.907425165176392
5.888777256011963
5.910904169082642
5.867738962173462
model saved at unlearnable_cleantrain_105006912_1_20211115235309_0.5_512_1000
5.923698902130127
5.899467468261719
5.905393362045288
5.904325485229492
5.937549352645874
5.909567356109619
5.87620210647583
5.888244152069092
5.880423069000244
5.843975305557251
model saved at unlearnable_cleantrain_105006912_1_20211115235309_0.5_512_1000
5.867316246032715
5.869088411331177
5.8626508712768555
5.877380609512329
5.850817918777466
5.859477281570435
5.852066516876221
5.877235651016235
5.847326040267944
5.871619939804077
model saved at unlearnable_cleantrain_105006912_1_20211115235309_0.5_512_1000
5.851778507232666
5.853566884994507
5.871046304702759
5.862075567245483
5.881263494491577
5.866333484649658
5.868804454803467
5.841449975967407
5.831822633743286
5.82740592956543
model saved at unlearnable_cleantrain_105006912_1_20211115235309_0.5_512_1000
5.847614526748657
5.829239845275879
5.867496967315674
5.852888345718384
5.833072185516357
5.834496259689331
5.830668210983276
5.849416732788086
5.829331636428833
5.8111231327056885
model saved at unlearnable_cleantrain_105006912_1_20211115235309_0.5_512_1000
5.864634275436401
5.823668956756592
5.8277812004089355
5.838608980178833
5.853561878204346
5.83465838432312
5.818117141723633
5.814434766769409
5.851484298706055
5.8136889934539795
model saved at unlearnable_cleantrain_105006912_1_20211115235309_0.5_512_1000
5.770573854446411
5.835633993148804
5.812039136886597
5.78490948677063
5.8230438232421875
5.848652124404907
5.802344560623169
5.810075044631958
5.804704189300537
5.815871953964233
model saved at unlearnable_cleantrain_105006912_1_20211115235309_0.5_512_1000
5.792328834533691
5.791706800460815
5.799985408782959
5.807523488998413
5.806253671646118
5.7687036991119385
5.768765211105347
5.805618762969971
5.760414361953735
5.761514902114868
model saved at unlearnable_cleantrain_105006912_1_20211115235309_0.5_512_1000
5.79932975769043
5.765035629272461
5.760319471359253
5.761124134063721
5.777426242828369
5.782532453536987
5.77639627456665
5.75693678855896
5.744452953338623
5.764446020126343
model saved at unlearnable_cleantrain_105006912_1_20211115235309_0.5_512_1000
5.75964879989624
5.787501811981201
5.771265029907227
5.75329852104187
5.799472093582153
5.781527757644653
5.799355745315552
5.7549121379852295
5.736741781234741
5.772148370742798
model saved at unlearnable_cleantrain_105006912_1_20211115235309_0.5_512_1000
5.782350540161133
5.750142812728882
5.73518180847168
5.774050235748291
5.747715473175049
5.768028020858765
5.744071960449219
5.754232883453369
5.744659423828125
5.739619731903076
model saved at unlearnable_cleantrain_105006912_1_20211115235309_0.5_512_1000
5.730944633483887
5.733608961105347
5.725580930709839
5.725249290466309
5.737978219985962
5.745601415634155
5.744018316268921
5.741312265396118
5.770236253738403
5.748255729675293
model saved at unlearnable_cleantrain_105006912_1_20211115235309_0.5_512_1000
5.776768684387207
5.725432872772217
5.7377800941467285
5.740165710449219
5.78994083404541
5.759335517883301
5.744396686553955
5.761847972869873
5.7165727615356445
5.706389665603638
model saved at unlearnable_cleantrain_105006912_1_20211115235309_0.5_512_1000
5.704658031463623
5.716395854949951
5.723827362060547
5.7257161140441895
5.702215194702148
5.714048385620117
5.733087062835693
5.749418020248413
5.731588363647461
5.7395970821380615
model saved at unlearnable_cleantrain_105006912_1_20211115235309_0.5_512_1000
5.726321220397949
5.716405868530273
5.721132278442383
5.723519802093506
5.716241836547852
5.704406023025513
5.699974298477173
5.699656009674072
5.6968982219696045
5.685118675231934
model saved at unlearnable_cleantrain_105006912_1_20211115235309_0.5_512_1000
5.686473369598389
5.668168544769287
5.686033487319946
5.6968653202056885
5.705296277999878
5.702300071716309
5.707844018936157
5.7057106494903564
5.675079822540283
5.699125289916992
model saved at unlearnable_cleantrain_105006912_1_20211115235309_0.5_512_1000
5.700180292129517
5.671182870864868
5.658351898193359
5.710022926330566
5.7074785232543945
5.678722620010376
5.708353757858276
5.68553614616394
5.696122646331787
5.693626403808594
model saved at unlearnable_cleantrain_105006912_1_20211115235309_0.5_512_1000
5.691168785095215
5.6867499351501465
5.674661874771118
5.656534910202026
5.683697700500488
5.67789363861084
5.681042432785034
5.672800540924072
5.668470621109009
5.6345367431640625
model saved at unlearnable_cleantrain_105006912_1_20211115235309_0.5_512_1000
5.64224910736084
5.647688627243042
5.69154691696167
5.6548943519592285
5.6696107387542725
5.681985855102539
5.642895936965942
5.681055068969727
5.678381443023682
5.674983501434326
model saved at unlearnable_cleantrain_105006912_1_20211115235309_0.5_512_1000
5.654154062271118
5.651454448699951
5.651869297027588
5.665725231170654
5.646687746047974
5.659616470336914
5.660317897796631
5.647643327713013
5.669468402862549
5.65181565284729
model saved at unlearnable_cleantrain_105006912_1_20211115235309_0.5_512_1000
5.650589466094971
5.633532285690308
5.6605870723724365
5.654196262359619
5.647873401641846
5.659698963165283
5.6351518630981445
5.660185813903809
5.62139368057251
5.64267110824585
model saved at unlearnable_cleantrain_105006912_1_20211115235309_0.5_512_1000
5.6442484855651855
5.642982244491577
5.646189212799072
5.637580871582031
5.620822906494141
5.657666444778442
5.654093980789185
5.631167411804199
5.646541595458984
5.6641881465911865
model saved at unlearnable_cleantrain_105006912_1_20211115235309_0.5_512_1000
5.660285711288452
5.65007209777832
5.61945104598999
5.630977630615234
5.621591806411743
5.637038707733154
5.641036510467529
5.6313886642456055
5.6169116497039795
5.621395587921143
model saved at unlearnable_cleantrain_105006912_1_20211115235309_0.5_512_1000
5.625333070755005
5.636638879776001
5.633662462234497
5.639330625534058
5.6348443031311035
5.637490749359131
5.630164623260498
5.619679927825928
5.61262845993042
5.646947145462036
model saved at unlearnable_cleantrain_105006912_1_20211115235309_0.5_512_1000
5.645235061645508
5.609859943389893
5.645804405212402
5.61266016960144
5.590206146240234
5.617582082748413
5.627379894256592
5.635262966156006
5.617090702056885
5.635059833526611
model saved at unlearnable_cleantrain_105006912_1_20211115235309_0.5_512_1000
5.609815835952759
5.635670185089111
5.6214141845703125
5.628988742828369
5.603872060775757
5.6144092082977295
5.618205547332764
5.624958753585815
5.612666845321655
5.623724937438965
model saved at unlearnable_cleantrain_105006912_1_20211115235309_0.5_512_1000
5.641046762466431
5.600328683853149
5.630924940109253
5.632850170135498
5.6017632484436035
5.602405548095703
5.623628616333008
5.614365577697754
5.597634315490723
5.604593753814697
model saved at unlearnable_cleantrain_105006912_1_20211115235309_0.5_512_1000
5.604702472686768
5.588583946228027
5.5715556144714355
5.602600574493408
5.592925071716309
5.605031251907349
5.596004962921143
5.59251070022583
5.591562032699585
5.572635889053345
model saved at unlearnable_cleantrain_105006912_1_20211115235309_0.5_512_1000
5.599245071411133
5.5695719718933105
5.592841148376465
5.601414442062378
5.588768005371094
5.579063892364502
5.6131415367126465
5.601571321487427
5.628428936004639
5.608660459518433
model saved at unlearnable_cleantrain_105006912_1_20211115235309_0.5_512_1000
5.573729038238525
5.564358711242676
5.6023008823394775
5.597630500793457
5.597195148468018
5.612438440322876
5.5923097133636475
5.585607051849365
5.577627658843994
5.573399543762207
model saved at unlearnable_cleantrain_105006912_1_20211115235309_0.5_512_1000
5.605353355407715
5.555305004119873
5.5785253047943115
5.591097116470337
5.588105201721191
5.565279960632324
5.579288959503174
5.545986890792847
5.586387395858765
5.5764546394348145
model saved at unlearnable_cleantrain_105006912_1_20211115235309_0.5_512_1000
5.566529989242554
5.581273078918457
5.555049896240234
5.536211252212524
5.555786609649658
5.6019134521484375
5.576264142990112
5.590814113616943
5.55895733833313
5.570244550704956
model saved at unlearnable_cleantrain_105006912_1_20211115235309_0.5_512_1000
5.588444471359253
5.561716556549072
5.58329701423645
5.555373668670654
5.571508884429932
5.590237379074097
5.5636985301971436
5.573971748352051
5.587543964385986
5.5626959800720215
model saved at unlearnable_cleantrain_105006912_1_20211115235309_0.5_512_1000
5.575334310531616
5.5726494789123535
5.539867401123047
5.5353615283966064
5.5773725509643555
5.5433080196380615
5.552580833435059
5.572255849838257
5.559587478637695
5.583737373352051
model saved at unlearnable_cleantrain_105006912_1_20211115235309_0.5_512_1000
5.572987794876099
5.5462892055511475
5.564158916473389
5.567939519882202
5.561307668685913
5.550792217254639
5.5667338371276855
5.570746898651123
5.554886817932129
5.5582709312438965
model saved at unlearnable_cleantrain_105006912_1_20211115235309_0.5_512_1000
5.561996221542358
5.538582801818848
5.564149379730225
5.555297374725342
5.577065944671631
5.551531553268433
5.554752826690674
5.55500054359436
5.540071725845337
5.5413384437561035
model saved at unlearnable_cleantrain_105006912_1_20211115235309_0.5_512_1000
5.571451663970947
5.541693210601807
5.55403208732605
5.556373596191406
5.534186601638794
5.570718765258789
5.567340850830078
5.5525922775268555
5.566751003265381
5.5377843379974365
model saved at unlearnable_cleantrain_105006912_1_20211115235309_0.5_512_1000
5.546267509460449
5.5550947189331055
5.562185764312744
5.543956995010376
5.563539981842041
5.551858901977539
5.5432188510894775
5.527670860290527
5.557886362075806
5.562364339828491
model saved at unlearnable_cleantrain_105006912_1_20211115235309_0.5_512_1000
5.530061960220337
5.509922742843628
5.5430638790130615
5.521750450134277
5.531906366348267
5.537698030471802
5.551766633987427
5.543776750564575
5.546025514602661
5.525906085968018
model saved at unlearnable_cleantrain_105006912_1_20211115235309_0.5_512_1000
5.551497936248779
5.537508249282837
5.522982597351074
5.534629821777344
5.545770168304443
5.546827077865601
5.560114145278931
5.553856611251831
5.4949729442596436
5.5000433921813965
model saved at unlearnable_cleantrain_105006912_1_20211115235309_0.5_512_1000
5.507805347442627
5.531071186065674
5.520201683044434
5.510502576828003
5.5219035148620605
5.526691436767578
5.522398471832275
5.516769886016846
5.515987873077393
5.5304529666900635
model saved at unlearnable_cleantrain_105006912_1_20211115235309_0.5_512_1000
5.538146734237671
5.503066062927246
5.514961242675781
5.508906364440918
5.516472578048706
5.53857946395874
5.517401218414307
5.509201765060425
5.509629487991333
5.535998344421387
model saved at unlearnable_cleantrain_105006912_1_20211115235309_0.5_512_1000
5.516443967819214
5.510406970977783
5.523355007171631
5.531582832336426
5.5092151165008545
5.509768962860107
5.508610248565674
5.4981443881988525
5.497948169708252
5.529927492141724
model saved at unlearnable_cleantrain_105006912_1_20211115235309_0.5_512_1000
5.489824295043945
5.529353618621826
5.5237507820129395
5.505500793457031
5.492804288864136
5.510083198547363
5.518718719482422
5.538477420806885
5.5239098072052
5.534306764602661
model saved at unlearnable_cleantrain_105006912_1_20211115235309_0.5_512_1000
5.502153635025024
5.488659620285034
5.501808404922485
5.521283388137817
5.514222860336304
5.516730308532715
5.506710052490234
5.504499912261963
5.537206172943115
5.493952751159668
model saved at unlearnable_cleantrain_105006912_1_20211115235309_0.5_512_1000
5.50150728225708
5.502851724624634
5.509821891784668
5.510681629180908
5.523106098175049
5.514089107513428
5.49963903427124
5.5190770626068115
5.496302127838135
5.500524520874023
model saved at unlearnable_cleantrain_105006912_1_20211115235309_0.5_512_1000
5.4956841468811035
5.5067102909088135
5.500613212585449
5.500412464141846
5.518395900726318
5.490925312042236
5.473423480987549
5.509771347045898
5.486205577850342
5.483439207077026
model saved at unlearnable_cleantrain_105006912_1_20211115235309_0.5_512_1000
5.517043590545654
5.493526220321655
5.515441417694092
5.51521635055542
5.502469062805176
5.51218581199646
5.50449800491333
5.511774778366089
5.510078191757202
5.510768890380859
model saved at unlearnable_cleantrain_105006912_1_20211115235309_0.5_512_1000
5.494900465011597
5.511303186416626
5.497027397155762
5.4896557331085205
5.477624177932739
5.482940196990967
5.507330417633057
5.482351541519165
5.497114658355713
5.466412544250488
model saved at unlearnable_cleantrain_105006912_1_20211115235309_0.5_512_1000
5.484091281890869
5.46081018447876
5.4860475063323975
5.481917142868042
5.489569425582886
5.505048036575317
5.531849384307861
5.520167827606201
5.511765003204346
5.492158651351929
model saved at unlearnable_cleantrain_105006912_1_20211115235309_0.5_512_1000
5.49651575088501
5.489865303039551
5.502749681472778
5.4976277351379395
5.5058913230896
5.489522457122803
5.5233893394470215
5.4920454025268555
5.496682405471802
5.47574257850647
model saved at unlearnable_cleantrain_105006912_1_20211115235309_0.5_512_1000
5.501766204833984
5.473557710647583
5.464451551437378
5.478177070617676
5.492855072021484
5.488352298736572
5.475252866744995
5.467055797576904
5.498691558837891
5.498449325561523
model saved at unlearnable_cleantrain_105006912_1_20211115235309_0.5_512_1000
5.461157321929932
5.4641337394714355
5.469571828842163
5.48745584487915
5.478033542633057
5.465398550033569
5.482738494873047
5.49521017074585
5.436014413833618
5.4778032302856445
model saved at unlearnable_cleantrain_105006912_1_20211115235309_0.5_512_1000
5.4662926197052
5.475352764129639
5.4828040599823
5.486052989959717
5.4567742347717285
5.491464376449585
5.47421932220459
5.482066631317139
5.469470500946045
5.447993278503418
model saved at unlearnable_cleantrain_105006912_1_20211115235309_0.5_512_1000
5.4906463623046875
5.462296962738037
5.484131336212158
5.475683212280273
5.467984914779663
5.456580638885498
5.473038911819458
5.457507610321045
5.461674213409424
5.501945972442627
model saved at unlearnable_cleantrain_105006912_1_20211115235309_0.5_512_1000
5.465899467468262
5.45332145690918
5.469222545623779
5.485568284988403
5.444125175476074
5.4511706829071045
5.455704927444458
5.473956346511841
5.493082284927368
5.485366344451904
model saved at unlearnable_cleantrain_105006912_1_20211115235309_0.5_512_1000
5.473156452178955
5.4911229610443115
5.489069700241089
5.4534010887146
5.466859817504883
5.437666893005371
5.446887493133545
5.453526735305786
5.506928205490112
5.46563196182251
model saved at unlearnable_cleantrain_105006912_1_20211115235309_0.5_512_1000
5.428114175796509
5.49587082862854
5.472153425216675
5.438911437988281
5.46154260635376
5.466680526733398
5.464172840118408
5.444584846496582
5.469135999679565
5.45722222328186
model saved at unlearnable_cleantrain_105006912_1_20211115235309_0.5_512_1000
5.45421838760376
5.466545820236206
5.471034526824951
5.448352098464966
5.435415029525757
5.447524547576904
5.459215879440308
5.489401340484619
5.448774814605713
5.4662744998931885
model saved at unlearnable_cleantrain_105006912_1_20211115235309_0.5_512_1000
5.428508758544922
5.481029272079468
5.456320524215698
5.460999965667725
5.474213361740112
5.456584692001343
5.450491428375244
5.482280254364014
5.450666427612305
5.450059413909912
model saved at unlearnable_cleantrain_105006912_1_20211115235309_0.5_512_1000
5.446266174316406
5.443864583969116
5.431548357009888
5.45305871963501
5.4356935024261475
5.43299674987793
5.459531784057617
5.437973499298096
5.415943145751953
5.432878017425537
model saved at unlearnable_cleantrain_105006912_1_20211115235309_0.5_512_1000
5.453230857849121
5.437134027481079
5.432372093200684
5.432687759399414
5.455632925033569
5.455549716949463
5.434067249298096
5.453341960906982
5.428145885467529
5.4761059284210205
model saved at unlearnable_cleantrain_105006912_1_20211115235309_0.5_512_1000
5.447557210922241
5.455951690673828
5.462884426116943
5.4560041427612305
5.433486700057983
5.453024864196777
5.439146995544434
5.456381797790527
5.455935478210449
5.443898439407349
model saved at unlearnable_cleantrain_105006912_1_20211115235309_0.5_512_1000
5.45479679107666
5.453974008560181
5.441375255584717
5.444321393966675
5.4546058177948
5.416824817657471
5.442822694778442
5.436754941940308
5.434503555297852
5.445941686630249
model saved at unlearnable_cleantrain_105006912_1_20211115235309_0.5_512_1000
5.433803558349609
5.46490740776062
5.44250226020813
5.432226657867432
5.4128406047821045
5.43649697303772
5.429926872253418
5.449652671813965
5.4270617961883545
5.4283411502838135
model saved at unlearnable_cleantrain_105006912_1_20211115235309_0.5_512_1000
5.42209005355835
5.448767185211182
5.414365768432617
5.434197902679443
5.421911716461182
5.439267158508301
5.419757127761841
5.446136713027954
5.438134670257568
5.42355751991272
model saved at unlearnable_cleantrain_105006912_1_20211115235309_0.5_512_1000
5.451647758483887
5.417925834655762
5.428020238876343
5.444772720336914
5.461248397827148
5.460016965866089
5.429411172866821
5.446912050247192
5.4299540519714355
5.448207855224609
model saved at unlearnable_cleantrain_105006912_1_20211115235309_0.5_512_1000
5.4323060512542725
5.4181907176971436
5.413457870483398
5.439134359359741
5.436644792556763
5.4235358238220215
5.435378074645996
5.421502590179443
5.421476602554321
5.43134069442749
model saved at unlearnable_cleantrain_105006912_1_20211115235309_0.5_512_1000
5.4347617626190186
5.428471803665161
5.44357442855835
5.418824195861816
5.4343037605285645
5.435831546783447
5.417102813720703
5.412153959274292
5.4282262325286865
5.416163921356201
model saved at unlearnable_cleantrain_105006912_1_20211115235309_0.5_512_1000
5.408003568649292
5.404820680618286
5.421060085296631
5.433412075042725
5.45007586479187
5.416382312774658
5.437385559082031
5.4211297035217285
5.4091925621032715
5.4189229011535645
model saved at unlearnable_cleantrain_105006912_1_20211115235309_0.5_512_1000
5.44184422492981
5.421858310699463
5.413190841674805
5.415778636932373
5.4277403354644775
5.424456596374512
5.42050838470459
5.417649269104004
5.420864105224609
5.426017761230469
model saved at unlearnable_cleantrain_105006912_1_20211115235309_0.5_512_1000
5.418927192687988
5.412883520126343
5.417562961578369
5.411070108413696
5.4581568241119385
5.429041862487793
5.426966428756714
5.441509246826172
5.414427995681763
5.403272390365601
model saved at unlearnable_cleantrain_105006912_1_20211115235309_0.5_512_1000
5.442466974258423
5.422413349151611
5.417764186859131
5.391228437423706
5.436072587966919
5.408639192581177
5.4143898487091064
5.428939342498779
5.399710655212402
5.410077333450317
model saved at unlearnable_cleantrain_105006912_1_20211115235309_0.5_512_1000
5.407883882522583
5.402051687240601
5.3979811668396
5.400885581970215
5.407688856124878
5.397902011871338
5.399488687515259
5.423892021179199
5.397501230239868
5.388572454452515
model saved at unlearnable_cleantrain_105006912_1_20211115235309_0.5_512_1000
5.397591590881348
5.408445596694946
5.431034088134766
5.408776521682739
5.429497718811035
5.405837774276733
5.431870937347412
5.410001993179321
5.390148878097534
5.378470420837402
model saved at unlearnable_cleantrain_105006912_1_20211115235309_0.5_512_1000
5.393655061721802
5.400851488113403
5.4180169105529785
5.394471645355225
5.393768072128296
5.403462171554565
5.398412227630615
5.421728134155273
5.38450813293457
5.4030537605285645
model saved at unlearnable_cleantrain_105006912_1_20211115235309_0.5_512_1000
5.412553787231445
5.418968677520752
5.411275148391724
5.400351285934448
5.396098375320435
5.392585039138794
5.41328501701355
5.394134521484375
5.384135484695435
5.385495185852051
model saved at unlearnable_cleantrain_105006912_1_20211115235309_0.5_512_1000
5.401239395141602
5.402478218078613
5.409822225570679
5.401700019836426
5.392049074172974
5.3934924602508545
5.402873754501343
5.385161876678467
5.399906158447266
5.418146848678589
model saved at unlearnable_cleantrain_105006912_1_20211115235309_0.5_512_1000
5.402093172073364
5.409410715103149
5.373634099960327
5.389853477478027
5.394564867019653
5.3897175788879395
5.387181520462036
5.399211645126343
5.385693788528442
5.4149816036224365
model saved at unlearnable_cleantrain_105006912_1_20211115235309_0.5_512_1000
5.392371654510498
5.396089315414429
5.393443822860718
5.413690090179443
5.388555526733398
5.3792994022369385
5.389378070831299
5.39991021156311
5.381276369094849
5.375128269195557
model saved at unlearnable_cleantrain_105006912_1_20211115235309_0.5_512_1000
5.397308826446533
5.390303134918213
5.389307737350464
5.388102769851685
5.3928749561309814
5.393213748931885
5.3973095417022705
5.416993141174316
5.394603967666626
5.409879446029663
model saved at unlearnable_cleantrain_105006912_1_20211115235309_0.5_512_1000
5.373394012451172
5.394697427749634
5.365247011184692
5.374821662902832
5.390403747558594
5.38053297996521
5.38715934753418
5.3921799659729
5.394990921020508
5.421609163284302
model saved at unlearnable_cleantrain_105006912_1_20211115235309_0.5_512_1000
5.397964000701904
5.374371290206909
5.388010263442993
5.385557651519775
5.390043497085571
5.377063274383545
5.375493049621582
5.3818769454956055
5.378126382827759
5.3711113929748535
model saved at unlearnable_cleantrain_105006912_1_20211115235309_0.5_512_1000
5.387747764587402
5.37380838394165
5.394933462142944
5.368528366088867
5.387413501739502
5.3784589767456055
5.383562326431274
5.391607046127319
5.3617589473724365
5.391988515853882
model saved at unlearnable_cleantrain_105006912_1_20211115235309_0.5_512_1000
5.384815216064453
5.378144979476929
5.392300367355347
5.389871120452881
5.362085342407227
5.3789472579956055
5.378014802932739
5.379257678985596
5.3642168045043945
5.376650333404541
model saved at unlearnable_cleantrain_105006912_1_20211115235309_0.5_512_1000
5.3888654708862305
5.391831636428833
5.3574042320251465
5.394729852676392
5.367678642272949
5.382282972335815
5.391396999359131
5.385923385620117
5.381782054901123
5.389599084854126
model saved at unlearnable_cleantrain_105006912_1_20211115235309_0.5_512_1000
5.360321998596191
5.374097585678101
5.377467393875122
5.366343975067139
5.3939690589904785
5.34717321395874
5.356686115264893
5.359973430633545
5.389556646347046
5.385016918182373
model saved at unlearnable_cleantrain_105006912_1_20211115235309_0.5_512_1000
5.368882894515991
5.380094766616821
5.3517374992370605
5.369871616363525
5.384782552719116
5.386777639389038
5.370461940765381
5.371606826782227
5.38809061050415
5.369283437728882
model saved at unlearnable_cleantrain_105006912_1_20211115235309_0.5_512_1000
5.398231506347656
5.392197608947754
5.385423898696899
5.374041557312012
5.395596981048584
5.360283613204956
5.377216815948486
5.356553077697754
5.377691268920898
5.400309801101685
model saved at unlearnable_cleantrain_105006912_1_20211115235309_0.5_512_1000
5.374619483947754
5.380136966705322
5.363545894622803
5.357857942581177
5.3608527183532715
5.371410131454468
5.374405384063721
5.361446857452393
5.379281520843506
5.368609428405762
model saved at unlearnable_cleantrain_105006912_1_20211115235309_0.5_512_1000
