Retrain SimCLR with perturbation from samplewise no shuffle.
python simclr_transfer.py --batch_size 512 --epochs 1000 --arch resnet18 --class_4 --perturbation_budget 1 --pre_load_name unlearnable_samplewise_104763711_20211115145540_0.5_512_1000_checkpoint_perturbation --samplewise --job_id 105025588_1
JobId=105025588 JobName=SimCLR
   UserId=renjie3(6007166) GroupId=cse(2010) MCS_label=N/A
   Priority=23892 Nice=0 Account=cmse QOS=normal
   JobState=RUNNING Reason=None Dependency=(null)
   Requeue=1 Restarts=0 BatchFlag=1 Reboot=0 ExitCode=0:0
   RunTime=01:53:57 TimeLimit=05:00:00 TimeMin=N/A
   SubmitTime=2021-11-16T00:26:31 EligibleTime=2021-11-16T00:26:31
   AccrueTime=2021-11-16T00:26:31
   StartTime=2021-11-16T00:30:44 EndTime=2021-11-16T05:30:44 Deadline=N/A
   SuspendTime=None SecsPreSuspend=0 LastSchedEval=2021-11-16T00:30:44
   Partition=cmse-gpu AllocNode:Sid=dev-amd20-v100:185374
   ReqNodeList=(null) ExcNodeList=(null)
   NodeList=nvl-001
   BatchHost=nvl-001
   FedOrigin=msuhpcc FedViableSiblings=msuhpcc,preemptable FedActiveSiblings=msuhpcc
   NumNodes=1 NumCPUs=2 NumTasks=1 CPUs/Task=2 ReqB:S:C:T=0:0:*:*
   TRES=cpu=2,mem=16G,node=1,billing=2490,gres/gpu=1
   Socks/Node=* NtasksPerN:B:S:C=0:0:*:* CoreSpec=*
   MinCPUsNode=2 MinMemoryCPU=8G MinTmpDiskNode=0
   Features=[intel14|intel16|intel18|amr|nvf] DelayBoot=00:00:00
   OverSubscribe=OK Contiguous=0 Licenses=(null) Network=(null)
   Command=/mnt/ufs18/home-145/renjie3/Documents/unlearnable/Unlearnable-Examples/submit.sb
   WorkDir=/mnt/ufs18/home-145/renjie3/Documents/unlearnable/Unlearnable-Examples
   Comment=stdout=/mnt/home/renjie3/Documents/unlearnable/Unlearnable-Examples/logfile/105025588.log 
   StdErr=/mnt/home/renjie3/Documents/unlearnable/Unlearnable-Examples/logfile/105025588.err
   StdIn=/dev/null
   StdOut=/mnt/home/renjie3/Documents/unlearnable/Unlearnable-Examples/logfile/105025588.log
   Power=
   TresPerNode=gpu:v100:1
   NtasksPerTRES:0

