clean train
python3 -u ssl_perturbation_save_model.py --config_path configs/cifar10 --exp_name path/to/your/experiment/folder --version resnet18 --train_data_type CIFAR10 --noise_shape 1024 3 32 32 --epsilon 8 --num_steps 20 --step_size 0.8 --attack_type min-min --perturb_type clean_train --train_step 10 --epochs 1000 --min_min_attack_fn non_eot --strong_aug --class_4 --not_shuffle_train_data --job_id 105483054_1
python3 -u ssl_perturbation_save_model.py --config_path configs/cifar10 --exp_name path/to/your/experiment/folder --version resnet18 --train_data_type CIFAR10 --noise_shape 1024 3 32 32 --epsilon 8 --num_steps 20 --step_size 0.8 --attack_type min-min --perturb_type clean_train --train_step 10 --epochs 1000 --min_min_attack_fn non_eot --strong_aug --class_4 --job_id 105483054_2
JobId=105483054 JobName=SimCLR
   UserId=renjie3(6007166) GroupId=cse(2010) MCS_label=N/A
   Priority=26101 Nice=0 Account=cmse QOS=normal
   JobState=RUNNING Reason=None Dependency=(null)
   Requeue=1 Restarts=0 BatchFlag=1 Reboot=0 ExitCode=0:0
   RunTime=01:41:03 TimeLimit=02:00:00 TimeMin=N/A
   SubmitTime=2021-11-16T16:52:40 EligibleTime=2021-11-16T16:52:40
   AccrueTime=2021-11-16T16:52:40
   StartTime=2021-11-16T16:58:40 EndTime=2021-11-16T18:58:40 Deadline=N/A
   SuspendTime=None SecsPreSuspend=0 LastSchedEval=2021-11-16T16:58:40
   Partition=general-short AllocNode:Sid=dev-amd20-v100:185374
   ReqNodeList=(null) ExcNodeList=(null)
   NodeList=nvl-004
   BatchHost=nvl-004
   FedOrigin=msuhpcc FedViableSiblings=msuhpcc,preemptable FedActiveSiblings=msuhpcc
   NumNodes=1 NumCPUs=6 NumTasks=1 CPUs/Task=6 ReqB:S:C:T=0:0:*:*
   TRES=cpu=6,mem=48G,node=1,billing=7471,gres/gpu=1
   Socks/Node=* NtasksPerN:B:S:C=0:0:*:* CoreSpec=*
   MinCPUsNode=6 MinMemoryCPU=8G MinTmpDiskNode=0
   Features=[intel14|intel16|intel18|amr|nvf] DelayBoot=00:00:00
   OverSubscribe=OK Contiguous=0 Licenses=(null) Network=(null)
   Command=/mnt/ufs18/home-145/renjie3/Documents/unlearnable/Unlearnable-Examples/submit.sb
   WorkDir=/mnt/ufs18/home-145/renjie3/Documents/unlearnable/Unlearnable-Examples
   Comment=stdout=/mnt/home/renjie3/Documents/unlearnable/Unlearnable-Examples/logfile/105483052.log 
   StdErr=/mnt/home/renjie3/Documents/unlearnable/Unlearnable-Examples/logfile/105483054.err
   StdIn=/dev/null
   StdOut=/mnt/home/renjie3/Documents/unlearnable/Unlearnable-Examples/logfile/105483054.log
   Power=
   TresPerNode=gpu:v100:1
   NtasksPerTRES:0

