check check
__name__ simclr
Files already downloaded and verified
Files already downloaded and verified
Files already downloaded and verified
Files already downloaded and verified
The whole epochs are 1000
model saved at unlearnable_cleantrain_105483054_2_20211116165927_0.5_512_1000
model saved at unlearnable_cleantrain_105483054_2_20211116165927_0.5_512_1000
model saved at unlearnable_cleantrain_105483054_2_20211116165927_0.5_512_1000
model saved at unlearnable_cleantrain_105483054_2_20211116165927_0.5_512_1000
model saved at unlearnable_cleantrain_105483054_2_20211116165927_0.5_512_1000
model saved at unlearnable_cleantrain_105483054_2_20211116165927_0.5_512_1000
model saved at unlearnable_cleantrain_105483054_2_20211116165927_0.5_512_1000
model saved at unlearnable_cleantrain_105483054_2_20211116165927_0.5_512_1000
model saved at unlearnable_cleantrain_105483054_2_20211116165927_0.5_512_1000
model saved at unlearnable_cleantrain_105483054_2_20211116165927_0.5_512_1000
model saved at unlearnable_cleantrain_105483054_2_20211116165927_0.5_512_1000
model saved at unlearnable_cleantrain_105483054_2_20211116165927_0.5_512_1000
model saved at unlearnable_cleantrain_105483054_2_20211116165927_0.5_512_1000
model saved at unlearnable_cleantrain_105483054_2_20211116165927_0.5_512_1000
model saved at unlearnable_cleantrain_105483054_2_20211116165927_0.5_512_1000
model saved at unlearnable_cleantrain_105483054_2_20211116165927_0.5_512_1000
model saved at unlearnable_cleantrain_105483054_2_20211116165927_0.5_512_1000
model saved at unlearnable_cleantrain_105483054_2_20211116165927_0.5_512_1000
model saved at unlearnable_cleantrain_105483054_2_20211116165927_0.5_512_1000
model saved at unlearnable_cleantrain_105483054_2_20211116165927_0.5_512_1000
model saved at unlearnable_cleantrain_105483054_2_20211116165927_0.5_512_1000
model saved at unlearnable_cleantrain_105483054_2_20211116165927_0.5_512_1000
model saved at unlearnable_cleantrain_105483054_2_20211116165927_0.5_512_1000
model saved at unlearnable_cleantrain_105483054_2_20211116165927_0.5_512_1000
model saved at unlearnable_cleantrain_105483054_2_20211116165927_0.5_512_1000
model saved at unlearnable_cleantrain_105483054_2_20211116165927_0.5_512_1000
model saved at unlearnable_cleantrain_105483054_2_20211116165927_0.5_512_1000
model saved at unlearnable_cleantrain_105483054_2_20211116165927_0.5_512_1000
model saved at unlearnable_cleantrain_105483054_2_20211116165927_0.5_512_1000
model saved at unlearnable_cleantrain_105483054_2_20211116165927_0.5_512_1000
model saved at unlearnable_cleantrain_105483054_2_20211116165927_0.5_512_1000
model saved at unlearnable_cleantrain_105483054_2_20211116165927_0.5_512_1000
model saved at unlearnable_cleantrain_105483054_2_20211116165927_0.5_512_1000
model saved at unlearnable_cleantrain_105483054_2_20211116165927_0.5_512_1000
model saved at unlearnable_cleantrain_105483054_2_20211116165927_0.5_512_1000
model saved at unlearnable_cleantrain_105483054_2_20211116165927_0.5_512_1000
model saved at unlearnable_cleantrain_105483054_2_20211116165927_0.5_512_1000
model saved at unlearnable_cleantrain_105483054_2_20211116165927_0.5_512_1000
model saved at unlearnable_cleantrain_105483054_2_20211116165927_0.5_512_1000
model saved at unlearnable_cleantrain_105483054_2_20211116165927_0.5_512_1000
model saved at unlearnable_cleantrain_105483054_2_20211116165927_0.5_512_1000
model saved at unlearnable_cleantrain_105483054_2_20211116165927_0.5_512_1000
model saved at unlearnable_cleantrain_105483054_2_20211116165927_0.5_512_1000
model saved at unlearnable_cleantrain_105483054_2_20211116165927_0.5_512_1000
model saved at unlearnable_cleantrain_105483054_2_20211116165927_0.5_512_1000
model saved at unlearnable_cleantrain_105483054_2_20211116165927_0.5_512_1000
model saved at unlearnable_cleantrain_105483054_2_20211116165927_0.5_512_1000
model saved at unlearnable_cleantrain_105483054_2_20211116165927_0.5_512_1000
model saved at unlearnable_cleantrain_105483054_2_20211116165927_0.5_512_1000
model saved at unlearnable_cleantrain_105483054_2_20211116165927_0.5_512_1000
model saved at unlearnable_cleantrain_105483054_2_20211116165927_0.5_512_1000
model saved at unlearnable_cleantrain_105483054_2_20211116165927_0.5_512_1000
model saved at unlearnable_cleantrain_105483054_2_20211116165927_0.5_512_1000
model saved at unlearnable_cleantrain_105483054_2_20211116165927_0.5_512_1000
model saved at unlearnable_cleantrain_105483054_2_20211116165927_0.5_512_1000
model saved at unlearnable_cleantrain_105483054_2_20211116165927_0.5_512_1000
model saved at unlearnable_cleantrain_105483054_2_20211116165927_0.5_512_1000
model saved at unlearnable_cleantrain_105483054_2_20211116165927_0.5_512_1000
model saved at unlearnable_cleantrain_105483054_2_20211116165927_0.5_512_1000
model saved at unlearnable_cleantrain_105483054_2_20211116165927_0.5_512_1000
model saved at unlearnable_cleantrain_105483054_2_20211116165927_0.5_512_1000
model saved at unlearnable_cleantrain_105483054_2_20211116165927_0.5_512_1000
model saved at unlearnable_cleantrain_105483054_2_20211116165927_0.5_512_1000
model saved at unlearnable_cleantrain_105483054_2_20211116165927_0.5_512_1000
model saved at unlearnable_cleantrain_105483054_2_20211116165927_0.5_512_1000
model saved at unlearnable_cleantrain_105483054_2_20211116165927_0.5_512_1000
model saved at unlearnable_cleantrain_105483054_2_20211116165927_0.5_512_1000
model saved at unlearnable_cleantrain_105483054_2_20211116165927_0.5_512_1000
model saved at unlearnable_cleantrain_105483054_2_20211116165927_0.5_512_1000
model saved at unlearnable_cleantrain_105483054_2_20211116165927_0.5_512_1000
model saved at unlearnable_cleantrain_105483054_2_20211116165927_0.5_512_1000
model saved at unlearnable_cleantrain_105483054_2_20211116165927_0.5_512_1000
model saved at unlearnable_cleantrain_105483054_2_20211116165927_0.5_512_1000
model saved at unlearnable_cleantrain_105483054_2_20211116165927_0.5_512_1000
model saved at unlearnable_cleantrain_105483054_2_20211116165927_0.5_512_1000
model saved at unlearnable_cleantrain_105483054_2_20211116165927_0.5_512_1000
model saved at unlearnable_cleantrain_105483054_2_20211116165927_0.5_512_1000
model saved at unlearnable_cleantrain_105483054_2_20211116165927_0.5_512_1000
model saved at unlearnable_cleantrain_105483054_2_20211116165927_0.5_512_1000
model saved at unlearnable_cleantrain_105483054_2_20211116165927_0.5_512_1000
model saved at unlearnable_cleantrain_105483054_2_20211116165927_0.5_512_1000
model saved at unlearnable_cleantrain_105483054_2_20211116165927_0.5_512_1000
model saved at unlearnable_cleantrain_105483054_2_20211116165927_0.5_512_1000
model saved at unlearnable_cleantrain_105483054_2_20211116165927_0.5_512_1000
model saved at unlearnable_cleantrain_105483054_2_20211116165927_0.5_512_1000
model saved at unlearnable_cleantrain_105483054_2_20211116165927_0.5_512_1000
model saved at unlearnable_cleantrain_105483054_2_20211116165927_0.5_512_1000
model saved at unlearnable_cleantrain_105483054_2_20211116165927_0.5_512_1000
model saved at unlearnable_cleantrain_105483054_2_20211116165927_0.5_512_1000
model saved at unlearnable_cleantrain_105483054_2_20211116165927_0.5_512_1000
model saved at unlearnable_cleantrain_105483054_2_20211116165927_0.5_512_1000
model saved at unlearnable_cleantrain_105483054_2_20211116165927_0.5_512_1000
model saved at unlearnable_cleantrain_105483054_2_20211116165927_0.5_512_1000
model saved at unlearnable_cleantrain_105483054_2_20211116165927_0.5_512_1000
model saved at unlearnable_cleantrain_105483054_2_20211116165927_0.5_512_1000
model saved at unlearnable_cleantrain_105483054_2_20211116165927_0.5_512_1000
model saved at unlearnable_cleantrain_105483054_2_20211116165927_0.5_512_1000
model saved at unlearnable_cleantrain_105483054_2_20211116165927_0.5_512_1000
model saved at unlearnable_cleantrain_105483054_2_20211116165927_0.5_512_1000
model saved at unlearnable_cleantrain_105483054_2_20211116165927_0.5_512_1000
