check check
__name__ simclr
Files already downloaded and verified
Files already downloaded and verified
Files already downloaded and verified
Files already downloaded and verified
The whole epochs are 1000
min_min_attack_simclr_return_loss_tensor_eot_v1: 6.863428990046184
min_min_attack_simclr_return_loss_tensor_eot_v1: 6.850066884358724
min_min_attack_simclr_return_loss_tensor_eot_v1: 6.842227633794149
min_min_attack_simclr_return_loss_tensor_eot_v1: 6.836132558186849
min_min_attack_simclr_return_loss_tensor_eot_v1: 6.829929383595784
min_min_attack_simclr_return_loss_tensor_eot_v1: 6.828237724304199
min_min_attack_simclr_return_loss_tensor_eot_v1: 6.821833690007527
min_min_attack_simclr_return_loss_tensor_eot_v1: 6.817824840545654
min_min_attack_simclr_return_loss_tensor_eot_v1: 6.815608326594035
min_min_attack_simclr_return_loss_tensor_eot_v1: 6.810109599431356
min_min_attack_simclr_return_loss_tensor_eot_v1: 6.807567310333252
min_min_attack_simclr_return_loss_tensor_eot_v1: 6.805567773183187
min_min_attack_simclr_return_loss_tensor_eot_v1: 6.806840467453003
min_min_attack_simclr_return_loss_tensor_eot_v1: 6.8060567061106365
min_min_attack_simclr_return_loss_tensor_eot_v1: 6.803840001424153
min_min_attack_simclr_return_loss_tensor_eot_v1: 6.803229904174804
min_min_attack_simclr_return_loss_tensor_eot_v1: 6.80279008547465
min_min_attack_simclr_return_loss_tensor_eot_v1: 6.802034775416057
min_min_attack_simclr_return_loss_tensor_eot_v1: 6.802128346761068
min_min_attack_simclr_return_loss_tensor_eot_v1: 6.800396426518758
min_min_attack_simclr_return_loss_tensor_eot_v1: 6.851080322265625
min_min_attack_simclr_return_loss_tensor_eot_v1: 6.843412510553995
min_min_attack_simclr_return_loss_tensor_eot_v1: 6.838603909810384
min_min_attack_simclr_return_loss_tensor_eot_v1: 6.82944385210673
min_min_attack_simclr_return_loss_tensor_eot_v1: 6.825830173492432
min_min_attack_simclr_return_loss_tensor_eot_v1: 6.820550934473673
min_min_attack_simclr_return_loss_tensor_eot_v1: 6.815215587615967
min_min_attack_simclr_return_loss_tensor_eot_v1: 6.810247818628947
min_min_attack_simclr_return_loss_tensor_eot_v1: 6.806425460179647
min_min_attack_simclr_return_loss_tensor_eot_v1: 6.804997237523397
min_min_attack_simclr_return_loss_tensor_eot_v1: 6.801861000061035
min_min_attack_simclr_return_loss_tensor_eot_v1: 6.800333023071289
min_min_attack_simclr_return_loss_tensor_eot_v1: 6.795804071426391
min_min_attack_simclr_return_loss_tensor_eot_v1: 6.798405679066976
min_min_attack_simclr_return_loss_tensor_eot_v1: 6.795853090286255
min_min_attack_simclr_return_loss_tensor_eot_v1: 6.787615156173706
min_min_attack_simclr_return_loss_tensor_eot_v1: 6.792988395690918
min_min_attack_simclr_return_loss_tensor_eot_v1: 6.7951777617136635
min_min_attack_simclr_return_loss_tensor_eot_v1: 6.7943355719248455
min_min_attack_simclr_return_loss_tensor_eot_v1: 6.794062312444051
6.86320686340332
results['numerator'] [2.4789083003997803]
results['denominator'] [2114.680908203125]
min_min_attack_simclr_return_loss_tensor_eot_v1: 6.860779269536336
min_min_attack_simclr_return_loss_tensor_eot_v1: 6.855017375946045
min_min_attack_simclr_return_loss_tensor_eot_v1: 6.855736621220907
min_min_attack_simclr_return_loss_tensor_eot_v1: 6.8490628878275555
min_min_attack_simclr_return_loss_tensor_eot_v1: 6.843998003005981
min_min_attack_simclr_return_loss_tensor_eot_v1: 6.843267202377319
min_min_attack_simclr_return_loss_tensor_eot_v1: 6.8357483069101965
min_min_attack_simclr_return_loss_tensor_eot_v1: 6.839780521392822
min_min_attack_simclr_return_loss_tensor_eot_v1: 6.835581302642822
min_min_attack_simclr_return_loss_tensor_eot_v1: 6.839236927032471
min_min_attack_simclr_return_loss_tensor_eot_v1: 6.834565273920695
min_min_attack_simclr_return_loss_tensor_eot_v1: 6.824485381444295
min_min_attack_simclr_return_loss_tensor_eot_v1: 6.830146360397339
min_min_attack_simclr_return_loss_tensor_eot_v1: 6.821797164281209
min_min_attack_simclr_return_loss_tensor_eot_v1: 6.8294231255849205
min_min_attack_simclr_return_loss_tensor_eot_v1: 6.828943618138632
min_min_attack_simclr_return_loss_tensor_eot_v1: 6.822117185592651
min_min_attack_simclr_return_loss_tensor_eot_v1: 6.820658095677694
min_min_attack_simclr_return_loss_tensor_eot_v1: 6.824338960647583
min_min_attack_simclr_return_loss_tensor_eot_v1: 6.819448693593343
min_min_attack_simclr_return_loss_tensor_eot_v1: 6.861696418126424
min_min_attack_simclr_return_loss_tensor_eot_v1: 6.857761208216349
min_min_attack_simclr_return_loss_tensor_eot_v1: 6.8510420004526775
min_min_attack_simclr_return_loss_tensor_eot_v1: 6.84817328453064
min_min_attack_simclr_return_loss_tensor_eot_v1: 6.84594529469808
min_min_attack_simclr_return_loss_tensor_eot_v1: 6.847946230570475
min_min_attack_simclr_return_loss_tensor_eot_v1: 6.835361003875732
min_min_attack_simclr_return_loss_tensor_eot_v1: 6.836314312616984
min_min_attack_simclr_return_loss_tensor_eot_v1: 6.836319828033448
min_min_attack_simclr_return_loss_tensor_eot_v1: 6.834432125091553
min_min_attack_simclr_return_loss_tensor_eot_v1: 6.824204921722412
min_min_attack_simclr_return_loss_tensor_eot_v1: 6.835556205113729
min_min_attack_simclr_return_loss_tensor_eot_v1: 6.829684162139893
min_min_attack_simclr_return_loss_tensor_eot_v1: 6.831740665435791
min_min_attack_simclr_return_loss_tensor_eot_v1: 6.823104031880697
min_min_attack_simclr_return_loss_tensor_eot_v1: 6.833306312561035
min_min_attack_simclr_return_loss_tensor_eot_v1: 6.8221242745717365
min_min_attack_simclr_return_loss_tensor_eot_v1: 6.818027846018473
min_min_attack_simclr_return_loss_tensor_eot_v1: 6.817340596516927
min_min_attack_simclr_return_loss_tensor_eot_v1: 6.816788736979166
6.722194671630859
results['numerator'] [2.4789083003997803, 2.931378722190857]
results['denominator'] [2114.680908203125, 2112.1878662109375]
min_min_attack_simclr_return_loss_tensor_eot_v1: 6.623396587371826
min_min_attack_simclr_return_loss_tensor_eot_v1: 6.604277070363363
min_min_attack_simclr_return_loss_tensor_eot_v1: 6.593934361139933
min_min_attack_simclr_return_loss_tensor_eot_v1: 6.585568396250407
min_min_attack_simclr_return_loss_tensor_eot_v1: 6.579353189468383
min_min_attack_simclr_return_loss_tensor_eot_v1: 6.571923812230428
min_min_attack_simclr_return_loss_tensor_eot_v1: 6.568153285980225
min_min_attack_simclr_return_loss_tensor_eot_v1: 6.561824957529704
min_min_attack_simclr_return_loss_tensor_eot_v1: 6.562121947606404
min_min_attack_simclr_return_loss_tensor_eot_v1: 6.552083492279053
min_min_attack_simclr_return_loss_tensor_eot_v1: 6.552209838231405
min_min_attack_simclr_return_loss_tensor_eot_v1: 6.542977635065714
min_min_attack_simclr_return_loss_tensor_eot_v1: 6.545255533854166
min_min_attack_simclr_return_loss_tensor_eot_v1: 6.5390815893809
min_min_attack_simclr_return_loss_tensor_eot_v1: 6.543065436681112
min_min_attack_simclr_return_loss_tensor_eot_v1: 6.540571149190267
min_min_attack_simclr_return_loss_tensor_eot_v1: 6.533465131123861
min_min_attack_simclr_return_loss_tensor_eot_v1: 6.538633235295614
min_min_attack_simclr_return_loss_tensor_eot_v1: 6.538494698206583
min_min_attack_simclr_return_loss_tensor_eot_v1: 6.5318905512491865
min_min_attack_simclr_return_loss_tensor_eot_v1: 6.633983071645101
min_min_attack_simclr_return_loss_tensor_eot_v1: 6.616015068689982
min_min_attack_simclr_return_loss_tensor_eot_v1: 6.6087044397989905
min_min_attack_simclr_return_loss_tensor_eot_v1: 6.602371025085449
min_min_attack_simclr_return_loss_tensor_eot_v1: 6.5898096561431885
min_min_attack_simclr_return_loss_tensor_eot_v1: 6.592804114023845
min_min_attack_simclr_return_loss_tensor_eot_v1: 6.586023807525635
min_min_attack_simclr_return_loss_tensor_eot_v1: 6.579654137293498
min_min_attack_simclr_return_loss_tensor_eot_v1: 6.573686361312866
min_min_attack_simclr_return_loss_tensor_eot_v1: 6.575387907028198
min_min_attack_simclr_return_loss_tensor_eot_v1: 6.566321849822998
min_min_attack_simclr_return_loss_tensor_eot_v1: 6.566305621465047
min_min_attack_simclr_return_loss_tensor_eot_v1: 6.56012012163798
min_min_attack_simclr_return_loss_tensor_eot_v1: 6.553218730290731
min_min_attack_simclr_return_loss_tensor_eot_v1: 6.547453006108602
min_min_attack_simclr_return_loss_tensor_eot_v1: 6.548726479212443
min_min_attack_simclr_return_loss_tensor_eot_v1: 6.546404425303141
min_min_attack_simclr_return_loss_tensor_eot_v1: 6.545373980204264
min_min_attack_simclr_return_loss_tensor_eot_v1: 6.547467486063639
min_min_attack_simclr_return_loss_tensor_eot_v1: 6.541658290227255
6.746078729629517
results['numerator'] [2.4789083003997803, 2.931378722190857, 3.293653726577759]
results['denominator'] [2114.680908203125, 2112.1878662109375, 2242.0394287109375]
min_min_attack_simclr_return_loss_tensor_eot_v1: 6.570477692286174
min_min_attack_simclr_return_loss_tensor_eot_v1: 6.563800923029581
min_min_attack_simclr_return_loss_tensor_eot_v1: 6.5541407585144045
min_min_attack_simclr_return_loss_tensor_eot_v1: 6.5559161822001135
min_min_attack_simclr_return_loss_tensor_eot_v1: 6.546762196222941
min_min_attack_simclr_return_loss_tensor_eot_v1: 6.545815658569336
min_min_attack_simclr_return_loss_tensor_eot_v1: 6.544461679458618
min_min_attack_simclr_return_loss_tensor_eot_v1: 6.544587326049805
min_min_attack_simclr_return_loss_tensor_eot_v1: 6.539969253540039
min_min_attack_simclr_return_loss_tensor_eot_v1: 6.535767650604248
min_min_attack_simclr_return_loss_tensor_eot_v1: 6.535938040415446
min_min_attack_simclr_return_loss_tensor_eot_v1: 6.529589827855428
min_min_attack_simclr_return_loss_tensor_eot_v1: 6.522973044713338
min_min_attack_simclr_return_loss_tensor_eot_v1: 6.527009264628092
min_min_attack_simclr_return_loss_tensor_eot_v1: 6.520648701985677
min_min_attack_simclr_return_loss_tensor_eot_v1: 6.5253717263539635
min_min_attack_simclr_return_loss_tensor_eot_v1: 6.518066692352295
min_min_attack_simclr_return_loss_tensor_eot_v1: 6.522207482655843
min_min_attack_simclr_return_loss_tensor_eot_v1: 6.5209397633870445
min_min_attack_simclr_return_loss_tensor_eot_v1: 6.517817322413126
min_min_attack_simclr_return_loss_tensor_eot_v1: 6.578910207748413
min_min_attack_simclr_return_loss_tensor_eot_v1: 6.575215371449788
min_min_attack_simclr_return_loss_tensor_eot_v1: 6.5722189744313555
min_min_attack_simclr_return_loss_tensor_eot_v1: 6.573954645792643
min_min_attack_simclr_return_loss_tensor_eot_v1: 6.565497175852458
min_min_attack_simclr_return_loss_tensor_eot_v1: 6.560792907079061
min_min_attack_simclr_return_loss_tensor_eot_v1: 6.555875047047933
min_min_attack_simclr_return_loss_tensor_eot_v1: 6.555077823003133
min_min_attack_simclr_return_loss_tensor_eot_v1: 6.549831183751424
min_min_attack_simclr_return_loss_tensor_eot_v1: 6.553648185729981
min_min_attack_simclr_return_loss_tensor_eot_v1: 6.549694315592448
min_min_attack_simclr_return_loss_tensor_eot_v1: 6.551018794377645
min_min_attack_simclr_return_loss_tensor_eot_v1: 6.546283229192098
min_min_attack_simclr_return_loss_tensor_eot_v1: 6.534921820958456
min_min_attack_simclr_return_loss_tensor_eot_v1: 6.538575808207194
min_min_attack_simclr_return_loss_tensor_eot_v1: 6.536270523071289
min_min_attack_simclr_return_loss_tensor_eot_v1: 6.530925146738688
min_min_attack_simclr_return_loss_tensor_eot_v1: 6.539532041549682
min_min_attack_simclr_return_loss_tensor_eot_v1: 6.529941892623901
min_min_attack_simclr_return_loss_tensor_eot_v1: 6.534139617284139
6.576639175415039
results['numerator'] [2.4789083003997803, 2.931378722190857, 3.293653726577759, 3.7475897073745728]
results['denominator'] [2114.680908203125, 2112.1878662109375, 2242.0394287109375, 2250.63720703125]
min_min_attack_simclr_return_loss_tensor_eot_v1: 6.6381462415059405
min_min_attack_simclr_return_loss_tensor_eot_v1: 6.640666532516479
min_min_attack_simclr_return_loss_tensor_eot_v1: 6.636266438166301
min_min_attack_simclr_return_loss_tensor_eot_v1: 6.625941753387451
min_min_attack_simclr_return_loss_tensor_eot_v1: 6.626175165176392
min_min_attack_simclr_return_loss_tensor_eot_v1: 6.622256867090861
min_min_attack_simclr_return_loss_tensor_eot_v1: 6.621551020940145
min_min_attack_simclr_return_loss_tensor_eot_v1: 6.6200324694315595
min_min_attack_simclr_return_loss_tensor_eot_v1: 6.609755118687947
min_min_attack_simclr_return_loss_tensor_eot_v1: 6.625528860092163
min_min_attack_simclr_return_loss_tensor_eot_v1: 6.611906337738037
min_min_attack_simclr_return_loss_tensor_eot_v1: 6.613154109319051
min_min_attack_simclr_return_loss_tensor_eot_v1: 6.6130995909372965
min_min_attack_simclr_return_loss_tensor_eot_v1: 6.60307731628418
min_min_attack_simclr_return_loss_tensor_eot_v1: 6.605597972869873
min_min_attack_simclr_return_loss_tensor_eot_v1: 6.614571173985799
min_min_attack_simclr_return_loss_tensor_eot_v1: 6.613396453857422
min_min_attack_simclr_return_loss_tensor_eot_v1: 6.613856395085652
min_min_attack_simclr_return_loss_tensor_eot_v1: 6.613268152872721
min_min_attack_simclr_return_loss_tensor_eot_v1: 6.607511536280314
min_min_attack_simclr_return_loss_tensor_eot_v1: 6.645405435562134
min_min_attack_simclr_return_loss_tensor_eot_v1: 6.64289615948995
min_min_attack_simclr_return_loss_tensor_eot_v1: 6.6445503393809
min_min_attack_simclr_return_loss_tensor_eot_v1: 6.638483460744222
min_min_attack_simclr_return_loss_tensor_eot_v1: 6.645035250981649
min_min_attack_simclr_return_loss_tensor_eot_v1: 6.63706742922465
min_min_attack_simclr_return_loss_tensor_eot_v1: 6.639940929412842
min_min_attack_simclr_return_loss_tensor_eot_v1: 6.625615231196085
min_min_attack_simclr_return_loss_tensor_eot_v1: 6.62871953646342
min_min_attack_simclr_return_loss_tensor_eot_v1: 6.627178970972697
min_min_attack_simclr_return_loss_tensor_eot_v1: 6.630460755030314
min_min_attack_simclr_return_loss_tensor_eot_v1: 6.628055922190348
min_min_attack_simclr_return_loss_tensor_eot_v1: 6.631780083974203
min_min_attack_simclr_return_loss_tensor_eot_v1: 6.6225560188293455
min_min_attack_simclr_return_loss_tensor_eot_v1: 6.623533153533936
min_min_attack_simclr_return_loss_tensor_eot_v1: 6.619849586486817
min_min_attack_simclr_return_loss_tensor_eot_v1: 6.627366129557291
min_min_attack_simclr_return_loss_tensor_eot_v1: 6.621625073750814
min_min_attack_simclr_return_loss_tensor_eot_v1: 6.618902540206909
min_min_attack_simclr_return_loss_tensor_eot_v1: 6.618101342519124
6.532862901687622
results['numerator'] [2.4789083003997803, 2.931378722190857, 3.293653726577759, 3.7475897073745728, 3.956272602081299]
results['denominator'] [2114.680908203125, 2112.1878662109375, 2242.0394287109375, 2250.63720703125, 2173.20458984375]
min_min_attack_simclr_return_loss_tensor_eot_v1: 6.580118465423584
min_min_attack_simclr_return_loss_tensor_eot_v1: 6.567497364679972
min_min_attack_simclr_return_loss_tensor_eot_v1: 6.550495243072509
min_min_attack_simclr_return_loss_tensor_eot_v1: 6.549603843688965
min_min_attack_simclr_return_loss_tensor_eot_v1: 6.550489282608032
min_min_attack_simclr_return_loss_tensor_eot_v1: 6.546566565831502
min_min_attack_simclr_return_loss_tensor_eot_v1: 6.548585144678752
min_min_attack_simclr_return_loss_tensor_eot_v1: 6.538064050674438
min_min_attack_simclr_return_loss_tensor_eot_v1: 6.548900461196899
min_min_attack_simclr_return_loss_tensor_eot_v1: 6.536941051483154
min_min_attack_simclr_return_loss_tensor_eot_v1: 6.536265230178833
min_min_attack_simclr_return_loss_tensor_eot_v1: 6.534052960077921
min_min_attack_simclr_return_loss_tensor_eot_v1: 6.537060896555583
min_min_attack_simclr_return_loss_tensor_eot_v1: 6.528281211853027
min_min_attack_simclr_return_loss_tensor_eot_v1: 6.533064349492391
min_min_attack_simclr_return_loss_tensor_eot_v1: 6.533925135930379
min_min_attack_simclr_return_loss_tensor_eot_v1: 6.540121189753214
min_min_attack_simclr_return_loss_tensor_eot_v1: 6.532437467575074
min_min_attack_simclr_return_loss_tensor_eot_v1: 6.526883983612061
min_min_attack_simclr_return_loss_tensor_eot_v1: 6.52817522684733
min_min_attack_simclr_return_loss_tensor_eot_v1: 6.572668917973837
min_min_attack_simclr_return_loss_tensor_eot_v1: 6.5699771245320635
min_min_attack_simclr_return_loss_tensor_eot_v1: 6.558212375640869
min_min_attack_simclr_return_loss_tensor_eot_v1: 6.564894485473633
min_min_attack_simclr_return_loss_tensor_eot_v1: 6.545134464899699
min_min_attack_simclr_return_loss_tensor_eot_v1: 6.556769323348999
min_min_attack_simclr_return_loss_tensor_eot_v1: 6.551791365941366
min_min_attack_simclr_return_loss_tensor_eot_v1: 6.553167422612508
min_min_attack_simclr_return_loss_tensor_eot_v1: 6.54526686668396
min_min_attack_simclr_return_loss_tensor_eot_v1: 6.543315013249715
min_min_attack_simclr_return_loss_tensor_eot_v1: 6.550979820887248
min_min_attack_simclr_return_loss_tensor_eot_v1: 6.551863606770834
min_min_attack_simclr_return_loss_tensor_eot_v1: 6.545749378204346
min_min_attack_simclr_return_loss_tensor_eot_v1: 6.541375271479288
min_min_attack_simclr_return_loss_tensor_eot_v1: 6.539779011408488
min_min_attack_simclr_return_loss_tensor_eot_v1: 6.540599155426025
min_min_attack_simclr_return_loss_tensor_eot_v1: 6.54227876663208
