both shuffle
python3 -u ssl_perturbation_save_model.py --config_path configs/cifar10 --exp_name path/to/your/experiment/folder --version resnet18 --train_data_type CIFAR10 --noise_shape 1024 3 32 32 --epsilon 32 --num_steps 20 --step_size 0.8 --attack_type min-min --perturb_type samplewise --train_step 10 --epochs 1000 --min_min_attack_fn non_eot --strong_aug --class_4 --shuffle_train_perturb_data --job_id 107351011_1
python3 -u ssl_perturbation_save_model.py --config_path configs/cifar10 --exp_name path/to/your/experiment/folder --version resnet18 --train_data_type CIFAR10 --noise_shape 1024 3 32 32 --epsilon 16 --num_steps 20 --step_size 0.8 --attack_type min-min --perturb_type samplewise --train_step 10 --epochs 1000 --min_min_attack_fn non_eot --strong_aug --class_4 --shuffle_train_perturb_data --job_id 107351011_2
python3 -u ssl_perturbation_save_model.py --config_path configs/cifar10 --exp_name path/to/your/experiment/folder --version resnet18 --train_data_type CIFAR10 --noise_shape 1024 3 32 32 --epsilon 8 --num_steps 20 --step_size 0.8 --attack_type min-min --perturb_type samplewise --train_step 10 --epochs 1000 --min_min_attack_fn non_eot --strong_aug --class_4 --shuffle_train_perturb_data --job_id 107351011_3
JobId=107351011 JobName=SimCLR
   UserId=renjie3(6007166) GroupId=cse(2010) MCS_label=N/A
   Priority=25960 Nice=0 Account=cmse QOS=normal
   JobState=RUNNING Reason=None Dependency=(null)
   Requeue=1 Restarts=0 BatchFlag=1 Reboot=0 ExitCode=0:0
   RunTime=12:41:13 TimeLimit=1-00:00:00 TimeMin=N/A
   SubmitTime=2021-11-17T17:24:05 EligibleTime=2021-11-17T17:24:05
   AccrueTime=2021-11-17T17:24:05
   StartTime=2021-11-17T18:07:57 EndTime=2021-11-18T18:07:57 Deadline=N/A
   SuspendTime=None SecsPreSuspend=0 LastSchedEval=2021-11-17T18:07:57
   Partition=cmse-gpu AllocNode:Sid=dev-amd20-v100:126438
   ReqNodeList=(null) ExcNodeList=(null)
   NodeList=nvl-007
   BatchHost=nvl-007
   FedOrigin=msuhpcc FedViableSiblings=msuhpcc,preemptable FedActiveSiblings=msuhpcc
   NumNodes=1 NumCPUs=6 NumTasks=1 CPUs/Task=6 ReqB:S:C:T=0:0:*:*
   TRES=cpu=6,mem=48G,node=1,billing=7471,gres/gpu=1
   Socks/Node=* NtasksPerN:B:S:C=0:0:*:* CoreSpec=*
   MinCPUsNode=6 MinMemoryCPU=8G MinTmpDiskNode=0
   Features=[intel14|intel16|intel18|amr|nvf] DelayBoot=00:00:00
   OverSubscribe=OK Contiguous=0 Licenses=(null) Network=(null)
   Command=/mnt/ufs18/home-145/renjie3/Documents/unlearnable/Unlearnable-Examples/submit.sb
   WorkDir=/mnt/ufs18/home-145/renjie3/Documents/unlearnable/Unlearnable-Examples
   Comment=stdout=/mnt/ufs18/home-145/renjie3/Documents/unlearnable/Unlearnable-Examples/logfile/107351011.log 
   StdErr=/mnt/ufs18/home-145/renjie3/Documents/unlearnable/Unlearnable-Examples/logfile/107351011.err
   StdIn=/dev/null
   StdOut=/mnt/ufs18/home-145/renjie3/Documents/unlearnable/Unlearnable-Examples/logfile/107351011.log
   Power=
   TresPerNode=gpu:v100:1
   NtasksPerTRES:0

