check check
__name__ simclr
Files already downloaded and verified
Files already downloaded and verified
Files already downloaded and verified
Files already downloaded and verified
The whole epochs are 1000
model saved at unlearnable_cleantrain_107559015_1_20211120210627_0.5_512_1000
model saved at unlearnable_cleantrain_107559015_1_20211120210627_0.5_512_1000
model saved at unlearnable_cleantrain_107559015_1_20211120210627_0.5_512_1000
model saved at unlearnable_cleantrain_107559015_1_20211120210627_0.5_512_1000
model saved at unlearnable_cleantrain_107559015_1_20211120210627_0.5_512_1000
model saved at unlearnable_cleantrain_107559015_1_20211120210627_0.5_512_1000
model saved at unlearnable_cleantrain_107559015_1_20211120210627_0.5_512_1000
model saved at unlearnable_cleantrain_107559015_1_20211120210627_0.5_512_1000
model saved at unlearnable_cleantrain_107559015_1_20211120210627_0.5_512_1000
model saved at unlearnable_cleantrain_107559015_1_20211120210627_0.5_512_1000
model saved at unlearnable_cleantrain_107559015_1_20211120210627_0.5_512_1000
model saved at unlearnable_cleantrain_107559015_1_20211120210627_0.5_512_1000
model saved at unlearnable_cleantrain_107559015_1_20211120210627_0.5_512_1000
model saved at unlearnable_cleantrain_107559015_1_20211120210627_0.5_512_1000
model saved at unlearnable_cleantrain_107559015_1_20211120210627_0.5_512_1000
model saved at unlearnable_cleantrain_107559015_1_20211120210627_0.5_512_1000
model saved at unlearnable_cleantrain_107559015_1_20211120210627_0.5_512_1000
model saved at unlearnable_cleantrain_107559015_1_20211120210627_0.5_512_1000
model saved at unlearnable_cleantrain_107559015_1_20211120210627_0.5_512_1000
model saved at unlearnable_cleantrain_107559015_1_20211120210627_0.5_512_1000
model saved at unlearnable_cleantrain_107559015_1_20211120210627_0.5_512_1000
model saved at unlearnable_cleantrain_107559015_1_20211120210627_0.5_512_1000
model saved at unlearnable_cleantrain_107559015_1_20211120210627_0.5_512_1000
model saved at unlearnable_cleantrain_107559015_1_20211120210627_0.5_512_1000
model saved at unlearnable_cleantrain_107559015_1_20211120210627_0.5_512_1000
model saved at unlearnable_cleantrain_107559015_1_20211120210627_0.5_512_1000
model saved at unlearnable_cleantrain_107559015_1_20211120210627_0.5_512_1000
model saved at unlearnable_cleantrain_107559015_1_20211120210627_0.5_512_1000
model saved at unlearnable_cleantrain_107559015_1_20211120210627_0.5_512_1000
model saved at unlearnable_cleantrain_107559015_1_20211120210627_0.5_512_1000
model saved at unlearnable_cleantrain_107559015_1_20211120210627_0.5_512_1000
model saved at unlearnable_cleantrain_107559015_1_20211120210627_0.5_512_1000
model saved at unlearnable_cleantrain_107559015_1_20211120210627_0.5_512_1000
model saved at unlearnable_cleantrain_107559015_1_20211120210627_0.5_512_1000
model saved at unlearnable_cleantrain_107559015_1_20211120210627_0.5_512_1000
model saved at unlearnable_cleantrain_107559015_1_20211120210627_0.5_512_1000
model saved at unlearnable_cleantrain_107559015_1_20211120210627_0.5_512_1000
model saved at unlearnable_cleantrain_107559015_1_20211120210627_0.5_512_1000
model saved at unlearnable_cleantrain_107559015_1_20211120210627_0.5_512_1000
model saved at unlearnable_cleantrain_107559015_1_20211120210627_0.5_512_1000
model saved at unlearnable_cleantrain_107559015_1_20211120210627_0.5_512_1000
model saved at unlearnable_cleantrain_107559015_1_20211120210627_0.5_512_1000
model saved at unlearnable_cleantrain_107559015_1_20211120210627_0.5_512_1000
model saved at unlearnable_cleantrain_107559015_1_20211120210627_0.5_512_1000
model saved at unlearnable_cleantrain_107559015_1_20211120210627_0.5_512_1000
model saved at unlearnable_cleantrain_107559015_1_20211120210627_0.5_512_1000
model saved at unlearnable_cleantrain_107559015_1_20211120210627_0.5_512_1000
model saved at unlearnable_cleantrain_107559015_1_20211120210627_0.5_512_1000
model saved at unlearnable_cleantrain_107559015_1_20211120210627_0.5_512_1000
model saved at unlearnable_cleantrain_107559015_1_20211120210627_0.5_512_1000
model saved at unlearnable_cleantrain_107559015_1_20211120210627_0.5_512_1000
model saved at unlearnable_cleantrain_107559015_1_20211120210627_0.5_512_1000
model saved at unlearnable_cleantrain_107559015_1_20211120210627_0.5_512_1000
model saved at unlearnable_cleantrain_107559015_1_20211120210627_0.5_512_1000
model saved at unlearnable_cleantrain_107559015_1_20211120210627_0.5_512_1000
model saved at unlearnable_cleantrain_107559015_1_20211120210627_0.5_512_1000
model saved at unlearnable_cleantrain_107559015_1_20211120210627_0.5_512_1000
model saved at unlearnable_cleantrain_107559015_1_20211120210627_0.5_512_1000
model saved at unlearnable_cleantrain_107559015_1_20211120210627_0.5_512_1000
model saved at unlearnable_cleantrain_107559015_1_20211120210627_0.5_512_1000
model saved at unlearnable_cleantrain_107559015_1_20211120210627_0.5_512_1000
model saved at unlearnable_cleantrain_107559015_1_20211120210627_0.5_512_1000
model saved at unlearnable_cleantrain_107559015_1_20211120210627_0.5_512_1000
model saved at unlearnable_cleantrain_107559015_1_20211120210627_0.5_512_1000
model saved at unlearnable_cleantrain_107559015_1_20211120210627_0.5_512_1000
model saved at unlearnable_cleantrain_107559015_1_20211120210627_0.5_512_1000
model saved at unlearnable_cleantrain_107559015_1_20211120210627_0.5_512_1000
model saved at unlearnable_cleantrain_107559015_1_20211120210627_0.5_512_1000
model saved at unlearnable_cleantrain_107559015_1_20211120210627_0.5_512_1000
model saved at unlearnable_cleantrain_107559015_1_20211120210627_0.5_512_1000
model saved at unlearnable_cleantrain_107559015_1_20211120210627_0.5_512_1000
model saved at unlearnable_cleantrain_107559015_1_20211120210627_0.5_512_1000
model saved at unlearnable_cleantrain_107559015_1_20211120210627_0.5_512_1000
model saved at unlearnable_cleantrain_107559015_1_20211120210627_0.5_512_1000
model saved at unlearnable_cleantrain_107559015_1_20211120210627_0.5_512_1000
model saved at unlearnable_cleantrain_107559015_1_20211120210627_0.5_512_1000
model saved at unlearnable_cleantrain_107559015_1_20211120210627_0.5_512_1000
model saved at unlearnable_cleantrain_107559015_1_20211120210627_0.5_512_1000
model saved at unlearnable_cleantrain_107559015_1_20211120210627_0.5_512_1000
model saved at unlearnable_cleantrain_107559015_1_20211120210627_0.5_512_1000
model saved at unlearnable_cleantrain_107559015_1_20211120210627_0.5_512_1000
model saved at unlearnable_cleantrain_107559015_1_20211120210627_0.5_512_1000
model saved at unlearnable_cleantrain_107559015_1_20211120210627_0.5_512_1000
model saved at unlearnable_cleantrain_107559015_1_20211120210627_0.5_512_1000
model saved at unlearnable_cleantrain_107559015_1_20211120210627_0.5_512_1000
model saved at unlearnable_cleantrain_107559015_1_20211120210627_0.5_512_1000
model saved at unlearnable_cleantrain_107559015_1_20211120210627_0.5_512_1000
model saved at unlearnable_cleantrain_107559015_1_20211120210627_0.5_512_1000
model saved at unlearnable_cleantrain_107559015_1_20211120210627_0.5_512_1000
model saved at unlearnable_cleantrain_107559015_1_20211120210627_0.5_512_1000
model saved at unlearnable_cleantrain_107559015_1_20211120210627_0.5_512_1000
model saved at unlearnable_cleantrain_107559015_1_20211120210627_0.5_512_1000
model saved at unlearnable_cleantrain_107559015_1_20211120210627_0.5_512_1000
model saved at unlearnable_cleantrain_107559015_1_20211120210627_0.5_512_1000
model saved at unlearnable_cleantrain_107559015_1_20211120210627_0.5_512_1000
model saved at unlearnable_cleantrain_107559015_1_20211120210627_0.5_512_1000
model saved at unlearnable_cleantrain_107559015_1_20211120210627_0.5_512_1000
model saved at unlearnable_cleantrain_107559015_1_20211120210627_0.5_512_1000
model saved at unlearnable_cleantrain_107559015_1_20211120210627_0.5_512_1000
model saved at unlearnable_cleantrain_107559015_1_20211120210627_0.5_512_1000
