samplewise_myshuffle 10 20 shuffle_step
python3 -u ssl_perturbation_save_model.py --config_path configs/cifar10 --exp_name path/to/your/experiment/folder --version resnet18 --train_data_type CIFAR10 --noise_shape 1024 3 32 32 --epsilon 32 --num_steps 20 --step_size 0.8 --attack_type min-min --perturb_type samplewise_myshuffle --train_step 10 --epochs 1000 --min_min_attack_fn non_eot --strong_aug --class_4 --shuffle_train_perturb_data --shuffle_step 10 --job_id 107536567_1
python3 -u ssl_perturbation_save_model.py --config_path configs/cifar10 --exp_name path/to/your/experiment/folder --version resnet18 --train_data_type CIFAR10 --noise_shape 1024 3 32 32 --epsilon 32 --num_steps 20 --step_size 0.8 --attack_type min-min --perturb_type samplewise_myshuffle --train_step 10 --epochs 1000 --min_min_attack_fn non_eot --strong_aug --class_4 --shuffle_train_perturb_data --shuffle_step 20 --job_id 107536567_2
JobId=107536567 JobName=SimCLR
   UserId=renjie3(6007166) GroupId=cse(2010) MCS_label=N/A
   Priority=12590 Nice=0 Account=cmse QOS=normal
   JobState=RUNNING Reason=None Dependency=(null)
   Requeue=1 Restarts=0 BatchFlag=1 Reboot=0 ExitCode=0:0
   RunTime=08:45:45 TimeLimit=20:00:00 TimeMin=N/A
   SubmitTime=2021-11-19T19:32:41 EligibleTime=2021-11-19T19:32:41
   AccrueTime=2021-11-19T19:32:41
   StartTime=2021-11-20T09:55:16 EndTime=2021-11-21T05:55:16 Deadline=N/A
   SuspendTime=None SecsPreSuspend=0 LastSchedEval=2021-11-20T09:55:16
   Partition=cmse-gpu AllocNode:Sid=dev-amd20-v100:169540
   ReqNodeList=(null) ExcNodeList=(null)
   NodeList=nvl-005
   BatchHost=nvl-005
   FedOrigin=msuhpcc FedViableSiblings=msuhpcc,preemptable FedActiveSiblings=msuhpcc
   NumNodes=1 NumCPUs=6 NumTasks=1 CPUs/Task=6 ReqB:S:C:T=0:0:*:*
   TRES=cpu=6,mem=48G,node=1,billing=7471,gres/gpu=1
   Socks/Node=* NtasksPerN:B:S:C=0:0:*:* CoreSpec=*
   MinCPUsNode=6 MinMemoryCPU=8G MinTmpDiskNode=0
   Features=[intel14|intel16|intel18|amr|nvf] DelayBoot=00:00:00
   OverSubscribe=OK Contiguous=0 Licenses=(null) Network=(null)
   Command=/mnt/ufs18/home-145/renjie3/Documents/unlearnable/Unlearnable-Examples/submit.sb
   WorkDir=/mnt/ufs18/home-145/renjie3/Documents/unlearnable/Unlearnable-Examples
   Comment=stdout=/mnt/ufs18/home-145/renjie3/Documents/unlearnable/Unlearnable-Examples/logfile/107536567.log 
   StdErr=/mnt/ufs18/home-145/renjie3/Documents/unlearnable/Unlearnable-Examples/logfile/107536567.err
   StdIn=/dev/null
   StdOut=/mnt/ufs18/home-145/renjie3/Documents/unlearnable/Unlearnable-Examples/logfile/107536567.log
   Power=
   TresPerNode=gpu:v100:1
   NtasksPerTRES:0

