This save model after 150 epochs. Number of workers 0. Removed Normalization transform.
8 * 0.1 small steps
python3 ssl_perturbation_save_model.py --config_path configs/cifar10 --exp_name path/to/your/experiment/folder --version resnet18 --train_data_type CIFAR10 --noise_shape 10 3 32 32 --epsilon 8 --num_steps 8 --step_size 0.1 --attack_type min-min --perturb_type classwise --universal_train_target 'classwise' --train_step 10 --epochs 150
check check
__name__ simclr
Files already downloaded and verified
Files already downloaded and verified
Files already downloaded and verified
Files already downloaded and verified
The whole epochs are 150
0.013133892629146576
0.012542233315706253
0.012178677901029587
0.011924980758428573
0.011929395339488983
0.011885936686992645
0.011801022157669067
0.011736059186458588
0.01178231200695038
0.011685299860239029
6.10837408930985
0.011621469811201095
0.011666580529212952
0.011660577737092972
0.011493857545852661
0.011586839724779129
0.011489706184864045
0.011507091906070709
0.011399692583084107
0.011468107005357742
0.011389384204149247
5.902414897053512
0.011415597248077393
0.011389980436563491
0.011368985328674317
0.011461178979873657
0.011352116684913635
0.01134941275715828
0.011252075488567352
0.01126482316493988
0.011270040422677994
0.011295764210224152
5.812407680393494
0.011256288356781005
0.011191866348981857
0.011214802618026733
0.011091233917474746
0.011306703865528107
0.011209708715677261
0.01114362670660019
0.01114805574297905
0.01109895100235939
0.011168074587583543
5.7444187292118665
0.01106740394115448
0.011085339158773423
0.011062267172336578
0.011040365384817124
0.01100686753988266
0.010986824785470962
0.010980678547620774
0.011020068714618683
0.011021107668876647
0.011119448726177216
5.706509727792642
0.01096713941693306
0.01106637484908104
0.011014384838342666
0.011009260263442993
0.01098703407883644
0.011126165832281112
0.011078432111740113
0.01102854773759842
0.010952459305524825
0.011004508671760558
5.680761175057323
0.010969764277935027
0.010936492364406586
0.010954950209856033
0.010846523342132569
0.010860379934310913
0.010930176601409913
0.010864736899137497
0.010887772297859193
0.010889429528713227
0.010874118576049805
5.650430109083038
0.01079934728384018
0.01084831786751747
0.010836254279613496
0.010900657467842101
0.010801806477308273
0.010926351320743561
0.010851161029338837
0.010926366610527039
0.010852591491937638
0.010913951637744904
5.633380182010612
0.010875191727876663
0.010992631431818008
0.010897293149232865
0.010814908257722855
0.010816826059818268
0.010812731207609177
0.010842560065984726
0.010821507004499435
0.01085050410270691
0.01083348892211914
5.621647117064171
0.010844983670711517
0.010847095482349396
0.01078535855293274
0.010768477020263671
0.01078190468430519
0.01077214790701866
0.0108514306640625
0.010749732072353363
0.01076021009325981
0.0108510002887249
5.612361755567727
model saved at unlearnable_20211009162414_0.5_512_150
0.010783360414505005
0.010706624759435653
0.010775162757635117
0.010773330540657043
0.010731577322483062
0.010751334702968598
0.010766046878099442
0.010726785598993302
0.010765939413309097
0.010706390535831452
5.5891027942146225
0.010750876208543777
0.010714445487260818
0.010691089639663696
0.01072068874835968
0.01081010690689087
0.010799059998989105
0.010674144402742386
0.010698875020742417
0.010660943931341172
0.01069619417667389
5.577620363727059
0.010709577641487122
0.010682581534385682
0.010760743300914765
0.010779685373306274
0.010710878665447236
0.010701654081344604
0.010700501950979232
0.010726414332389831
0.010679638782739639
0.010662358281612397
5.570719399403051
0.010677844381332397
0.01063252898812294
0.010716021152734756
0.010724486134052276
0.010700591093301773
0.010690530327558517
0.010656392568349838
0.010710380778312684
0.010716286264657975
0.0106501673078537
5.568517709515758
0.010655546511411667
0.010650318366289139
0.010702864784002303
0.010620996372699738
0.010626081463098526
0.010632204705476761
0.01068563670873642
0.010651323009729385
0.01063395482301712
0.010681716167926788
5.548893633577013
0.01064915287733078
0.010678097945451737
0.010608029242753983
0.010626779063940049
0.010664945144653321
0.010627378115653991
0.010610121130943298
0.0106615125477314
0.010599355851411819
0.010645622276067733
5.54650027481551
0.010675879334211349
0.010603619084358215
0.010663251414299012
0.010617485715150834
0.010624460011720658
0.010590550609827042
0.010585659041404724
0.01057962195634842
0.010592909245491028
0.010586121827363968
5.540047360449722
0.010585476108789444
0.010597630635499955
0.010594139175415039
0.010559549188613892
0.010563906810283661
0.010554689034223557
0.010595684114694595
0.01056163437128067
0.01058697818160057
0.010587134374380112
5.530514343497679
0.010657075340747833
0.01057869474887848
0.01057572527050972
0.010546469169855117
0.010571361042261123
0.010565353187322617
0.010599521861076355
0.010581944702863694
0.01058167399406433
0.010556810027360915
5.529543444053414
0.010604541219472885
0.010630535898208619
0.010664350581169128
0.010713262901306152
0.010616696391105651
0.010573310149908066
0.010609774479866028
0.01061871451973915
0.01058330718755722
0.010574325938224792
5.5257519839965195
model saved at unlearnable_20211009162414_0.5_512_150
0.01054651277422905
0.010539691293239593
0.010548113429546356
0.010592038896083832
0.010570546976327895
0.010548131577968597
0.010546043266057969
0.010552078293561935
0.010531110305786132
0.010540924265384674
5.51856622499289
0.01058374845981598
0.01056530549287796
0.010533196024894715
0.010549745726585388
0.010525398676395415
0.01054695653796196
0.010534832184314728
0.01052399306178093
0.010522841001749038
0.010518415089845657
5.516763062821221
0.01054569258093834
0.010574784889221192
0.010579372756481171
0.010561456491947174
0.010578359115123748
0.010568740708827972
0.01051357293367386
0.010524914186000824
0.010488628553152085
0.010519811193943024
5.5084085857745295
0.010509685536623
0.010518454201221467
0.010588835337162018
0.010530113070011138
0.01051190844297409
0.010497792730331421
0.010496556341648101
0.010547331047058106
0.010554014427661896
0.010578864070177078
5.5034417712811345
0.010517261080741882
0.010540422066450119
0.010480287536382676
0.010510626779794693
0.010507968618869781
0.01049208945631981
0.01052187971830368
0.010485965704917907
0.010558262575864792
0.010539152165651322
5.500050525075381
0.010502942141294479
0.01050070074558258
0.010539731661081315
0.01051168782711029
0.01049043883562088
0.010530559960603715
0.010502367607355118
0.010523264269828796
0.010471908955574035
0.010498200950622559
5.496970815756886
0.010489790949821472
0.010511451927423476
0.01052040426015854
0.010539107605218888
0.010475842844247818
0.01052856635093689
0.010481277092695236
0.010538271116018296
0.010567155501842498
0.010489136861562729
5.495406121322789
0.010484620867967606
0.010484670211076736
0.010489695264101028
0.010507387819290162
0.010505136716365814
0.01047775276184082
0.010498498471975327
0.010498877820968628
0.010506368008852005
0.010503261260986328
5.496872951074974
0.01049746217250824
0.010480852497816086
0.01048364108800888
0.010497476090192795
0.01050787685394287
0.010469841421842575
0.010557926527261735
0.010475233684778214
0.010452291941642761
0.010457376954555512
5.489927670390336
0.01046825803399086
0.010510641243457795
0.01046269602537155
0.010462825832366943
0.010465440703630447
0.010464938099384308
0.01044640513420105
0.010448253254890441
0.01046481340289116
0.010461540110111236
5.486320923284157
model saved at unlearnable_20211009162414_0.5_512_150
0.01046988074541092
0.010480164378881454
0.010458450533151626
0.010465436153411865
0.010443780683279037
0.010482259110212326
0.010452738894224167
0.010446366583108902
0.010490625030994415
0.010471264933347702
5.483222042162394
0.010450527250766754
0.010465501240491866
0.010488024713993073
0.010427816207408905
0.01046200538277626
0.010441726286411285
0.010464133163690567
0.010454957270622253
0.010483467779159546
0.010474804134368897
5.480975372275126
0.010459665622711181
0.010459481610059738
0.01044308602809906
0.010443262122869492
0.010439552297592162
0.010423548107147216
0.010429704570770264
0.010441726576089858
0.010444286893606186
0.010434029395580292
5.4759759509686345
0.010462615431547164
0.010446565555334091
0.010442773023843764
0.010450789580345154
0.010409724082946777
0.010431668738126754
0.01043932733297348
0.010456907647848129
0.010426951650381088
0.010432681937217712
5.474328203299611
0.010426998544931412
0.010429280428886413
0.010411831744909287
0.01042433002114296
0.01042577763557434
0.010431851123571395
0.01045736764550209
0.010487121224403382
0.010442602369785309
0.010441393908262252
5.47061517558147
0.01041894675731659
0.010449099249839782
0.010420241150856019
0.010443881467580796
0.010473965106010437
0.010434323045015336
0.010434182822704315
0.010420085495710373
0.010455124751329422
0.010455279216766358
5.471413759841132
0.010444067307710648
0.010455935997962951
0.01044378026843071
0.010441207131147384
0.010421999138593674
0.010407708604335784
0.010413636746406555
0.01041030098080635
0.010438206009864807
0.010404866853952408
5.468087122612393
0.010414843360185623
0.01041997103214264
0.010411187019348145
0.01041611469745636
0.010423291652202606
0.010401843159198761
0.010385579886436463
0.010410529354810715
0.010400708528757095
0.010398509674072265
5.465176105499268
0.010397631821632385
0.010415352339744569
0.010403495237827302
0.010412769577503204
0.010425159133672715
0.010403406543731689
0.01039225207209587
0.010416444568634033
0.010396905493736267
0.010407449741363525
5.4593672211637205
0.010396379861831666
0.010393613837957382
0.010385640369653702
0.010395090487003326
0.010405346925258636
0.01039089324593544
0.010432236379384995
0.010414507839679718
0.010413189071416855
0.01039556617617607
5.4618049749394055
model saved at unlearnable_20211009162414_0.5_512_150
0.010396383638381959
0.010389990817308426
0.010384682532548905
0.010418052842617036
0.01038606789469719
0.010395304698944091
0.01039586931824684
0.010424758772850037
0.010395870714187622
0.010449380828142165
5.458230701918454
0.010398119004964828
0.010410223071575166
0.01040288135766983
0.0104038933801651
0.010388842333555222
0.010425955834388732
0.010381021414995193
0.010426273618936539
0.010410178290605546
0.010436927392482757
5.456530865934706
0.010432379914522172
0.010402110158205032
0.010385284610986709
0.010379806079864502
0.010377398164272309
0.010408841981887818
0.010404058285951614
0.010398952569961548
0.010394149609804153
0.010383380860090255
5.4599078561841825
0.010412015167474746
0.010400650380849839
0.010384774239063263
0.010398693610429765
0.010397982555627823
0.01036711738228798
0.010386881511211395
0.010392469627857209
0.010375992007255554
0.010372135001420976
5.45517363990705
0.010375514714717865
0.010380194617509842
0.010393976160287857
0.010384587130546569
0.010378434355258941
0.010369693106412888
0.010377715322971343
0.01035759209036827
0.010387742896080018
0.010370992398262023
5.447963021465184
0.010405067008733749
0.010372357277870179
0.010374176515340805
0.010354285567998885
0.010361440978050232
0.01036261367559433
0.01037898912191391
0.010396870721578598
0.010367276328802109
0.010378198444843292
5.449073865241611
0.01038876126050949
0.010394327167272567
0.010373408805131911
0.010361475549936295
0.010365665348768234
0.010379418967962266
0.010369666159152984
0.010381380940675736
0.010387908302545547
0.010348221892118453
5.445915831732996
0.010356343077421188
0.010356072838306427
0.010352750018835068
0.010394665100574494
0.010355105940103531
0.0103826760327816
