This save model after 150 epochs. Number of workers 0. Removed Normalization transform.
10 * 0.1 small steps
python3 ssl_perturbation_save_model.py --config_path configs/cifar10 --exp_name path/to/your/experiment/folder --version resnet18 --train_data_type CIFAR10 --noise_shape 10 3 32 32 --epsilon 8 --num_steps 10 --step_size 0.1 --attack_type min-min --perturb_type classwise --universal_train_target 'classwise' --train_step 10 --epochs 150
check check
__name__ simclr
Files already downloaded and verified
Files already downloaded and verified
Files already downloaded and verified
Files already downloaded and verified
The whole epochs are 150
0.013279853416442871
0.012628269371986389
0.01213238748073578
0.011958916456222525
0.011813987247467047
0.011771919753074647
0.011759674671173096
0.01166807467842102
0.01168891842269898
0.011704362689971926
6.134888703061133
0.01162482600784302
0.011599264922142026
0.011552121115684506
0.011507194889068604
0.011467145083427431
0.01146484280681611
0.011400328566551208
0.011391704261779781
0.011417657637596126
0.011380610648155215
5.9253846198013145
0.01136023344421387
0.011340046453475954
0.011458448546409605
0.011328218879699705
0.011287268266677855
0.011301392753601074
0.011221918917655943
0.011221011847496031
0.011206725525856023
0.01134279562568664
5.825159702104392
0.01117561641693115
0.011212236804008485
0.011170295357704167
0.0111702421503067
0.011132156370162969
0.011076747106552123
0.011252501504898078
0.01109964377784729
0.01107826295852661
0.011058400440216063
5.76418823065217
0.011004105063438413
0.01102770151901245
0.010987960247993471
0.010969897837638857
0.010957092194557186
0.010971872971534728
0.011040439345359806
0.011012386970520021
0.010976993623733524
0.010916594221115109
5.708658154477778
0.011060879776000976
0.010938650810241694
0.010979018274307252
0.01090706025028229
0.010915686067581178
0.010953994997024543
0.01089779510784149
0.010889161148071291
0.010913111632347108
0.010916237762451172
5.6905392568136
0.01084401093006134
0.010876591011047362
0.010877391139984132
0.010854539799690251
0.010958514554977417
0.010900944323539736
0.010869997717857361
0.010869985373497012
0.010802243747711179
0.010780145351409916
5.670583567668483
0.01083637720394135
0.01078449279975891
0.010761547439575199
0.010768097982406613
0.01077731293296814
0.010813502843856812
0.010845135864257812
0.01083603806591034
0.010870577361106868
0.010776878651618964
5.6453886228738375
0.010750411296844481
0.010718025559425349
0.010735688621521002
0.010772598609924314
0.010808980816841122
0.01085717654323578
0.010864605716705323
0.010718843888282772
0.010715815515518189
0.010738956103324888
5.630027938134892
0.010705648315429684
0.010777456218719481
0.010691445690155028
0.010704039025306703
0.0106818100938797
0.010687336896896356
0.010716558099746705
0.010749389823913571
0.010695025388717656
0.010773992151260379
5.6098862874139215
model saved at unlearnable_20211009163527_0.5_512_150
0.010683292840003966
0.010670268395423885
0.010688773192405701
0.010729606425285336
0.010708924991607669
0.010692955848693848
0.010696110505104068
0.010644659697532654
0.010644118562698366
0.010711610399246221
5.598722831490114
0.010653901984214781
0.01070619805240631
0.010667464020729068
0.010721636803627015
0.010662501564979558
0.010668435400009153
0.010656000759124753
0.010706034952163698
0.010688439235687254
0.010623022171974188
5.59448742129139
0.010642951302528382
0.010629072111129763
0.010698120042800905
0.01062524946594238
0.010665483721733099
0.01063343028831482
0.010705490626335138
0.010634640965461734
0.010650557735443118
0.010665786388397219
5.582782519232366
0.010615488251686095
0.010582210103988646
0.010592486734390253
0.01067145133686066
0.010619661315917964
0.010625925371170047
0.010658375952720641
0.010653319842338567
0.010619256699562074
0.010618163695335386
5.571455616311929
0.010576155249595638
0.010601780070304875
0.01059826776123047
0.010638076701164243
0.010575452520370482
0.010584302623748777
0.010582198644638061
0.010562190397262573
0.01058841313266754
0.01060258410644531
5.558961425859904
0.01057405052471161
0.010578545322418215
0.010613644413948058
0.010636941267967227
0.010568255002021788
0.010579034273147579
0.010593686617851256
0.010548202476501466
0.0105545310049057
0.010586968118667602
5.55339028663242
0.01061105838775635
0.010577228476524356
0.010559742578506472
0.010560303101539612
0.010549740899085995
0.010517948987007142
0.010582651471137999
0.010535450465202335
0.010524627164840698
0.010550808257102967
5.545054032630527
0.01054749060535431
0.010525923907279966
0.010542628799438476
0.010540616300582886
0.010532393058776852
0.010567449219703677
0.010532812127113343
0.010555966541290283
0.010537024727821349
0.010590536138534546
5.538515685759869
0.010523515050888058
0.010550463744163512
0.010519247827529906
0.010529906340599061
0.010526667798995975
0.010545918475151064
0.010537669997215275
0.010525227667808534
0.010558584874153135
0.010541558639526367
5.534685483912832
0.010513046201705937
0.010524905925750734
0.01055771531486511
0.010537605113983155
0.010496870245933532
0.01048628628826141
0.01051146883583069
0.010501272813796998
0.010486455662727353
0.010534519606590272
5.526351569854107
model saved at unlearnable_20211009163527_0.5_512_150
0.010481473267555231
0.010525441255569458
0.010496157235145567
0.010489120733261104
0.010501426431655879
0.010483474449157718
0.010508673592567448
0.01049184687805176
0.010497312854766842
0.010474038780212407
5.519702085514658
0.010507802222251894
0.010491322318077088
0.010494948658943178
0.010503455372810366
0.010496226032257078
0.010484862624168395
0.010477051426887507
0.010498598763465884
0.010535167506217956
0.010493298054695127
5.517560049430611
0.010522065162658691
0.010485057308197017
0.010536440824508666
0.010501884818077088
0.010464239248275756
0.010547885256767267
0.010511499261856086
0.010481826998710635
0.01047752581882477
0.010480593672752383
5.518120765686035
0.010467803022384644
0.010458398064613341
0.010484244124412533
0.010476703051567081
0.010470373107910153
0.010456273865699766
0.01046420746231079
0.010451173813819882
0.01046414138698578
0.01047417158317566
5.507886862017445
0.01048601884937286
0.010448774027824402
0.010470904462814328
0.010450220403671264
0.01044725072860718
0.010432331848144535
0.010453878507614138
0.010442660855293275
0.010440367448806765
0.010476979397773738
5.507789695385805
0.010479711044311526
0.010431260043144227
0.010448508071899414
0.010449745174407958
0.010450006367683411
0.010463344672203069
0.010431627334594722
0.010449774632453914
0.010446693475723265
0.01045336036968231
5.502511638955972
0.010431615427970884
0.010431120154380797
0.010438928222656255
0.010410962930679321
0.010442633754730224
0.010472453789711003
0.010482839680671688
0.010440560462951661
0.010429923597335822
0.010419799588203427
5.500185435580224
0.010415071236610413
0.01044057156658173
0.010421519433975221
0.01045730931282044
0.010437066373825073
0.010425673841476444
0.010427452102661133
0.01041126385402679
0.010418752811431882
0.010429256309509279
5.496181114432738
0.010416623797416685
0.010400215040206906
0.010410000467300418
0.010419305851936336
0.010411576292037964
0.010414871716499326
0.010408652437210085
0.010428627637863161
0.010404915192604065
0.010401447464942933
5.491172475913136
0.010466136870384217
0.010440499877929688
0.010442816265106201
0.010422326071739194
0.010399644054412845
0.010419340221405025
0.010414285525321957
0.010437106704711912
0.01041461594390869
0.010409945803642273
5.490247790346441
model saved at unlearnable_20211009163527_0.5_512_150
0.010402637521743772
0.010403089192390441
0.010426448065757751
0.010401895336151124
0.010404630440711975
0.010414136054039002
0.010392197929382323
0.010408166647911067
0.010404349925041198
0.010423547680854794
5.484275065746504
0.01040158338928223
0.010436426323890685
0.010416086821556092
0.01041618449115753
0.010389965864181522
0.010415332452774047
0.01041678933429718
0.010404819284439086
0.010418457818031312
0.010388538427352908
5.488157468972747
0.010389979325294493
0.01040954727745056
0.010391358142852785
0.010377317440986631
0.010434632805824283
0.01041458417415619
0.01037781648921967
0.010400180074691772
0.010385388731956477
0.010381963983535766
5.481942068670214
0.010381331450462342
0.010394651900291443
0.010374716099739077
0.01039921612739563
0.010420621548652646
0.010405397944450374
0.010406516243934632
0.010389659576416018
0.01039697536087036
0.010392019558906547
5.480731079258869
0.010393491237640384
0.010382099225044246
0.010405330686569212
0.010400879242897032
0.010394222705841064
0.010371914328575135
0.010383575303077694
0.010367539859771728
0.010385807265281675
0.010383736813545227
5.471363618201816
0.010393472951889039
0.010381327116012574
0.010386336605072027
0.010360934867858886
0.010376312539100645
0.01037440640926361
0.010375406686782836
0.010374547802925108
0.010365119235038755
0.010374630587577816
5.472983360290527
0.010386771238327026
0.010412055118560795
0.01036938739776611
0.010350389414787291
0.010370571592330935
0.010379540924072264
0.010378637691497805
0.010358169091224667
0.010370244865417476
0.01037013802719116
5.4736535278792235
0.010355759089469911
0.010384743750572207
0.01037766504764557
0.010352289479255676
0.01035747335147858
0.010374242468833925
0.010369378252029422
0.010347203454971313
0.010363822073936463
0.01035255389881134
5.471059469832587
0.010374607860565186
0.010389647100448606
0.01035290751743317
0.010365986198425294
0.010373637954711915
0.010357265814781188
0.010355441884040832
