This save model after 150 epochs. Number of workers 0. Removed Normalization transform. With large noise
python3 ssl_perturbation_save_model.py --config_path configs/cifar10 --exp_name path/to/your/experiment/folder --version resnet18 --train_data_type CIFAR10 --noise_shape 10 3 32 32 --epsilon 8 --num_steps 1 --step_size 0.8 --attack_type min-min --perturb_type classwise --universal_train_target 'classwise' --train_step 10 --epochs 150
check check
__name__ simclr
Files already downloaded and verified
Files already downloaded and verified
Files already downloaded and verified
Files already downloaded and verified
The whole epochs are 150
0.013171664514541626
0.012518767013549805
0.012128744831085204
0.012041092004776
0.01205761194229126
0.011928888988494873
0.011862221994400025
0.011856642503738404
0.011767436246871947
0.01175258399963379
0.011945113933347549
0.011869371204376221
0.011745181827545166
0.011695637512207032
0.011690486974716186
0.011722886447906495
0.011613547830581664
0.011662590579986573
0.011749868593215942
0.011618751316070557
0.01159938271522522
0.011537526935799835
0.011524526510238647
0.01152795274734497
0.011623058319091797
0.01146794882774353
0.011454216651916503
0.011740272932052612
0.011418942804336548
0.011532614946365356
0.011447100982666016
0.011467585773468018
0.011360338917866196
0.0114204070854187
0.011443870830535888
0.011376537961959839
0.011347655420303344
0.01129497371673584
0.011275939044952393
0.011279666318893433
0.011303496646881104
0.011260963821411132
0.011388256282806396
0.011226679342462844
0.011314991931915283
0.011442815036773682
0.011303569087982178
0.011202233791351318
0.011233317852020263
0.011240957489013673
0.011253925218582154
0.011203975105285644
0.011278182544708252
0.011234324026107788
0.011144673509388855
0.011360437412261963
0.011201213998794556
0.011247468547821046
0.01118808599472046
0.011252098588943481
0.011203600835800171
0.011175426216125488
0.011180576305389404
0.011134230976104737
0.011183184518814088
0.011081120460150168
0.011126227102279663
0.01113989779472351
0.011216726379394531
0.011155622987747192
0.011184696855545044
0.011229187440872193
0.011142305507659912
0.011187963256835938
0.01112034110069275
0.011189365873336792
0.011034428718086985
0.01108632227897644
0.01109855299949646
0.011114124212265014
0.0110808918094635
0.011111681499481201
0.011052191734313965
0.011105318775177002
0.011122474431991576
0.011075617942810059
0.011064075193405151
0.01098813020537809
0.011076437311172485
0.01109259994506836
0.011115174322128296
0.011097393054962159
0.011115173702239991
0.011168782739639282
0.011050267457962035
0.011105242881774903
0.01108343563079834
0.011040588836669921
0.010963656373091579
0.01104069875717163
0.011042225284576416
0.01106796841621399
0.011072131671905518
0.011089231767654419
0.011080075607299804
0.011077611465454102
0.011108626890182495
0.01104257905960083
0.011081981773376465
0.010940042871636213
0.011065212030410767
0.011067390546798707
0.010988984460830688
0.01099784315109253
0.010985553731918335
0.01102126482963562
0.010987858028411865
0.010996452541351318
0.01101645691871643
0.010995486803054809
0.010918007760318284
0.011002429313659669
0.011092235078811645
0.011076225109100342
0.011016135272979736
0.01100707516670227
0.010991220111846924
0.010975012464523315
0.01105217064857483
0.011037537517547607
0.011027431764602661
0.010893512133163275
0.010953449354171753
0.010972095670700073
0.010964094362258911
0.010960406408309937
0.010948506937026977
0.010980897388458252
0.010956149835586548
0.010944260559082031
0.010964905853271485
0.011006463556289673
0.010877384679372777
0.011014029426574708
0.010967921199798584
0.010932869625091553
0.010948512992858886
0.010995780963897705
0.011065667610168457
0.011024856271743775
0.010914968872070312
0.010917178554534912
0.01093574348449707
0.010868436925727682
0.010936988830566406
0.010934893779754639
0.010962994060516358
0.010926478853225709
0.01092416485786438
0.010929470319747924
0.01094219757080078
0.010941181707382203
0.010921216707229614
0.010963787984848022
0.01085048618236768
0.01089888648033142
0.010922843294143676
0.010973248805999756
0.010949142150878907
0.010899886999130248
0.010959469442367554
0.01093639546394348
0.010894362173080444
0.010885448713302612
0.01094504012107849
0.010832195112616131
0.010902365379333496
0.010903708057403564
0.010877023038864135
0.010877798585891723
0.010944206380844116
0.01090528826713562
0.010896480598449707
0.010932857131958008
0.010896201639175415
0.01088269603729248
0.010816302582544764
0.010928228464126588
0.01088981692314148
0.010922509803771973
0.010909865798950195
0.010913891830444337
0.010936554498672485
0.010901378183364868
0.010916890640258789
0.010868692035675049
0.010901371440887452
0.010814849728929628
0.010903015756607055
0.010903349895477294
0.010857805271148682
0.01088591588973999
0.01093141547203064
0.010855660219192504
0.010876026964187623
0.010888818359375
0.011019496116638184
0.01089095664024353
0.010797592071989147
0.010929470043182373
0.010870506887435913
0.010892880811691284
0.010897649507522584
0.010876936407089234
0.010868628101348877
0.01088975793838501
0.010876974096298217
0.01085689492225647
0.01086693902015686
0.010793354794306239
0.010880765895843506
0.010863472480773927
0.010849635963439942
0.010897957105636596
0.01085321132659912
0.010885108041763306
0.010825586977005005
0.010897725830078125
0.010962244892120361
0.010862153139114379
0.010777752251201068
0.010874373397827148
0.010842812452316284
0.010898493642807008
0.01086780987739563
0.01087462501525879
0.010831559133529662
0.010845793724060058
0.010867169170379639
0.010848166761398315
0.010829083251953125
0.010767551955104489
0.010866538715362549
0.010878637256622314
0.010861661701202393
0.010812832794189453
0.010848212471008301
0.010894935464859009
0.010851009092330933
0.010837070589065552
0.010854203510284424
0.010866302366256714
0.0107549803101064
0.010829534254074097
0.01080156310081482
0.01084592402458191
0.010872310724258424
0.010829812631607056
0.010854994201660157
0.010830033559799194
0.010869297924041748
0.010850045986175538
0.01081265001296997
0.01074524216123463
0.010805051412582397
0.010837144002914429
0.010823473205566406
0.010813952703475953
0.010791324825286865
0.01080417134284973
0.010870236835479736
0.01083424633026123
0.01082111382484436
0.010864786758422852
0.010752220302052105
0.01083501148223877
0.010793664541244507
0.010807884187698364
0.01080342661857605
0.010832888402938843
0.0108119580078125
0.010832660160064697
0.010800439653396606
0.010867726469039917
0.01088454821586609
0.010740644519322926
0.010825433549880982
0.010790130920410156
0.010835774431228637
0.010802310152053834
0.01083043607711792
0.010791882333755493
0.0108103795337677
0.010811761140823365
0.01077975968360901
0.010845370302200317
0.010733315394711248
0.010806104288101196
0.010792241353988647
0.010813022727966309
0.010821831817626953
0.010810620346069336
0.0108032151222229
0.010790154170989991
0.010773122091293335
0.010780752811431885
0.010798595399856567
0.010730336516250655
0.010779988393783569
0.010873008546829224
0.010812654943466187
0.010828038015365601
0.010788147678375245
0.010781870107650757
0.010808143892288208
0.01079002200126648
0.010837127170562745
0.01083144341468811
0.010722052526765877
0.01077937487602234
0.010815290813446045
0.010808206825256348
0.010842211780548096
0.010792067041397095
0.010806357498168946
0.010817520360946655
0.010848684301376343
0.01080357328414917
0.010771978607177735
0.010725619367410228
0.010794747877120972
0.010789728326797485
0.010805234231948853
0.010780123863220215
0.010773180713653565
0.010818120470046997
0.01078373688697815
0.010820296287536621
0.010805874710083008
0.01080011658668518
0.01071038480233593
0.010773610296249389
0.010786305608749389
0.010779948081970215
0.01081060809135437
0.010769547033309937
0.010791727275848388
0.010787886199951172
0.010879859600067139
0.01078639991760254
0.010795304985046387
0.010709657823455702
0.010778963632583618
0.010776975898742675
0.010796847019195557
0.010768735122680664
0.010735421152114868
0.01076439305305481
0.01079966950416565
0.010789104175567627
0.010770089473724365
0.01080264636039734
0.010702689677553693
0.010770265569686889
0.010773407955169678
0.01075489441871643
0.010746918144226075
0.010786914348602294
0.010785047941207885
0.01076161187171936
0.010755011501312256
0.010765577812194824
0.01077427345275879
0.010695759082193841
0.01077010118484497
0.010756285619735718
0.010774849452972413
0.01082251404762268
0.010758272829055787
0.010770297784805297
0.010746732873916627
0.010782764348983764
0.010780799379348754
0.010756689357757568
0.010695317251242927
0.010760514659881593
0.010757879352569581
0.010741002864837647
0.010790008039474488
0.010756243705749511
0.010769891290664673
0.010755691213607787
0.010743648824691773
0.010744137554168701
0.01076951865196228
0.010679819601943199
0.010765031719207764
0.010741026096343994
0.010774838390350342
0.010737689065933228
0.010738654308319091
0.010754886255264282
0.0107948939037323
0.010751335535049438
0.01076256947517395
0.01076105206489563
0.010683284150724559
0.010750892629623414
0.01073109372138977
0.010718459281921387
0.01074075735092163
0.010746534357070923
0.010733928232192992
0.010739655113220215
0.010749474849700928
0.010741643800735473
0.010774439458847046
0.010674642408554702
0.010792982950210571
0.010770715589523316
0.010759130239486695
0.010769791088104249
0.01073151577949524
0.01073560375213623
0.010734305047988892
0.010784426441192627
0.01074526029586792
0.010762111072540282
0.010673544475251866
0.010750781402587891
0.010720774297714234
0.010722635326385498
0.010761260585784912
0.010753192195892334
0.010714158611297608
0.010726695909500122
0.010748506937026978
0.010745322046279907
0.010719870071411133
0.01066220183040678
0.01071712498664856
0.010742507438659668
0.010728073425292969
0.01075966733932495
0.010755272827148438
0.010756774549484253
0.010730329341888428
0.01071977900505066
0.01072899471282959
0.010716229486465454
0.010664313666752934
0.010754256772994995
0.010720222902297974
0.010723098983764648
0.010721438026428222
0.010739945611953735
0.010730456018447876
0.010721795892715455
0.010718349132537842
0.01072420371055603
0.010719727067947387
0.0106626511887484
0.010723093385696412
0.010743863153457642
0.010757900457382202
0.010707509927749635
0.010732747793197632
0.010753307275772095
0.010724985055923461
0.010716328563690185
0.01072485182762146
0.01073577847480774
0.010653678827064554
0.01071129379272461
0.010726830101013184
0.010743386487960815
0.010736869173049926
0.01074612184524536
0.010698760871887206
0.010738257360458374
0.010728724098205567
0.010731521282196045
0.010725361280441284
0.01065550011957122
0.010720381832122802
0.01074929147720337
0.010713046169281006
0.010707242860794067
0.010736113662719727
0.01074278299331665
0.010726217393875121
0.010734756212234497
0.010727792673110963
0.010710707330703735
0.01065361457540817
0.010680796852111816
0.010709147701263428
0.01074801881790161
0.010701724720001221
0.01075610152244568
0.010733329820632935
