This save model after 150 epochs. Number of workers 2. Removed Normalization transform.
python3 ssl_perturbation_save_model.py --config_path configs/cifar10 --exp_name path/to/your/experiment/folder --version resnet18 --train_data_type CIFAR10 --noise_shape 10 3 32 32 --epsilon 8 --num_steps 1 --step_size 1.6 --attack_type min-min --perturb_type classwise --universal_train_target 'classwise' --train_step 10 --epochs 150
check check
__name__ simclr
Files already downloaded and verified
Files already downloaded and verified
Files already downloaded and verified
Files already downloaded and verified
The whole epochs are 150
0.013367332916259765
0.012377552261352539
0.012218027124404908
0.012129611825942993
0.011946442794799804
0.011807661657333374
0.011634997549057008
0.011428953304290772
0.011345943622589111
0.011514588298797607
6.0335388871812325
0.011874896421432496
0.01141609390258789
0.010955434064865112
0.010795349397659302
0.010836306991577149
0.0107489741897583
0.011009476709365845
0.01083647029876709
0.010608531656265258
0.010588479280471802
5.369185845876477
0.010520455627441406
0.010430110197067261
0.010404983863830566
0.01039124355316162
0.010393544635772705
0.01038613986968994
0.010390537815093994
0.010405440444946288
0.01040092001914978
0.010435951070785522
5.290537185275678
0.010401515655517578
0.010387109441757202
0.010387542448043824
0.010378876905441285
0.010388146181106568
0.010383365468978882
0.010381436567306519
0.01037955901145935
0.010373831605911255
0.01039548843383789
5.282858140689811
0.010366372814178466
0.010377337284088135
0.010364107828140259
0.01035977346420288
0.01037797248840332
0.010367012891769408
0.010361638927459716
0.010362473545074464
0.010356230840682983
0.010349121370315552
5.277687200565928
0.010359303331375122
0.0103615016746521
0.010374062976837158
0.01036804617881775
0.010353508110046386
0.010358240127563477
0.0103480260181427
0.010350474853515625
0.0103582027053833
0.010357105560302735
5.2718530684402305
0.010359130802154542
0.010369885482788086
0.010358623085021973
0.010369726085662842
0.010375816593170165
0.010389265203475951
0.010364858913421631
0.010383124914169312
0.010350396785736083
0.010359044609069824
5.269467634024079
0.010362073020935059
0.010353575801849365
0.010367272443771362
0.010352740688323975
0.010380109176635743
0.010355252714157104
0.010367556838989258
0.0103514990234375
0.010370065689086914
0.010370151844024659
5.264429456179904
0.010369449291229248
0.010397619142532349
0.010357137489318848
0.010370580015182495
0.010365777425765992
0.010385850095748902
0.010357430477142333
0.01039947958946228
0.010360602655410767
0.010353580408096313
5.260830780894486
0.010351873216629028
0.010351152095794678
0.010360584850311279
0.010348972043991088
0.010343448495864868
0.010335881090164185
0.010343039035797119
0.010353375663757325
0.010359628810882569
0.010342975692749024
5.259733598256848
model saved at unlearnable_20211009190929_0.5_512_150
0.010335138273239135
0.010361243143081665
0.01038191276550293
0.010359194650650024
0.010333749055862427
0.010333809299468994
0.010345214490890504
0.010344666891098022
0.010335848026275634
0.01033617678642273
5.256170631683979
0.010333169422149659
0.010335529174804688
0.01034706597328186
0.0103515980052948
0.010332435607910155
0.010329846267700196
0.01035743010520935
0.010321261177062988
0.010331689100265502
0.010328833503723144
5.253012775145855
0.01033112774848938
0.01034079912185669
0.01033554934501648
0.01033141523361206
0.010338979549407958
0.010336408920288085
0.010331497087478637
0.010359180202484131
0.0103235267162323
0.010313451147079468
5.252277300529873
0.010321666488647461
0.010320792627334595
0.01033563440322876
0.010330144739151
0.010360815315246581
0.010333890628814697
0.010353589763641357
0.010332818822860718
0.010322752599716186
0.010316056118011474
5.248986558815868
0.010321493215560914
0.010330605363845825
0.010327194604873658
0.010319412097930908
0.010332912368774413
0.010335890970230103
0.010326557846069336
0.01033310152053833
0.010335607347488403
0.010334603672027588
5.247651109990385
0.010344431648254394
0.010326125326156616
0.010335592813491822
0.010329850788116456
0.010327360363006593
0.010323003015518188
0.010328089265823364
0.010332423686981201
0.010326322937011719
0.010320967063903808
5.245150276066101
0.010318317613601684
0.01032965880393982
0.010326276817321777
0.01031261360168457
0.01032351245880127
0.010331154890060425
0.010320278310775756
0.010317439422607422
0.01031841661453247
0.01032043649673462
5.244283130488445
0.010315693521499634
0.010311256837844849
0.010314984836578368
0.010318108205795288
0.010331026735305787
0.010325851001739501
0.010331584768295288
0.010331906509399413
0.01031166729927063
0.010307309665679932
5.240533617353931
0.010315744075775147
0.010302641887664795
0.010297650594711303
0.0103003537940979
0.01029901216506958
0.0103
0.010301213474273681
0.010304561519622803
0.01031107479095459
0.010314150276184082
5.2408065746739965
0.010307651605606078
0.010304132270812989
0.010295002355575561
0.010315257959365845
0.010306846017837525
0.010293442764282226
0.010286124391555787
0.010304940881729126
0.010296567907333375
0.01029746690750122
5.238123023632875
model saved at unlearnable_20211009190929_0.5_512_150
0.010316423540115357
0.010293357362747193
0.010290881462097168
0.010290614604949951
0.010289311218261718
0.010309647150039673
0.010299771308898927
0.010291309328079224
0.010290177211761474
0.010299363431930542
5.237889122717159
0.010292794780731201
0.010294653234481812
0.010293551139831544
0.010304903955459594
0.010291096105575562
0.010286493110656738
0.010290014896392823
0.010287861461639404
0.010296585111618042
0.010292571916580201
5.237564686647396
0.010295122003555299
0.010296594591140747
0.010284485025405883
0.010284474754333497
0.010298467493057252
0.0102914554977417
0.010292899799346923
0.010281369771957398
0.010281800956726074
0.010284758644104004
5.235403306705436
0.010286789388656617
0.010288540935516358
0.01029647744178772
0.010293208780288696
0.010292276954650879
0.01028643048286438
0.010305288400650025
0.010296296615600586
0.01029304958343506
0.010290405960083009
5.235506165887892
0.010296445770263672
0.010283820524215698
0.010293376321792603
0.010281612339019775
0.010294179487228394
0.010309427118301392
0.01030500057220459
0.010287763957977295
0.010294225234985351
0.010292071895599365
5.2360877204187135
0.01028705906867981
0.010279778289794922
0.010290773668289184
0.01029099534034729
0.01028612829208374
0.010290996599197388
0.010291188936233521
0.01031294909477234
0.010283139095306397
0.010279044132232667
5.236000100361932
0.010280285367965698
0.01028306357383728
0.010309341325759887
0.010287708492279052
0.010286138229370117
0.01027747612953186
0.010273088989257812
0.010298063335418701
0.010285232276916504
0.010283607292175293
5.233052553589811
0.010281522321701049
0.010284482250213623
0.010283249492645264
0.01028568910598755
0.010311132993698121
0.010281589727401733
0.010285967607498168
0.010295969762802124
0.010281150627136231
0.010289255514144897
5.231995577664719
0.010279399576187134
0.010286011590957642
0.010280769653320313
0.01028765175819397
0.01030457781791687
0.010274968328475952
0.01028421501159668
0.010288112649917603
0.010286825342178344
0.010273160047531128
5.2319608177106405
0.010284880046844483
0.010291266975402832
0.01028219072341919
0.010280507612228394
0.010285658645629882
0.010293057918548584
0.010289467592239379
0.010284060964584351
0.01029877911567688
0.010267578077316285
5.2305058007387775
model saved at unlearnable_20211009190929_0.5_512_150
0.010271436281204223
0.010279654788970947
0.010283872556686401
0.010285129470825195
0.010285951404571534
0.01028155261039734
0.010276089181900025
0.010275426797866822
0.010272675428390502
0.010278378057479859
5.229438009950304
0.010272380046844483
0.010276607427597046
0.010273372640609742
0.010270922088623046
0.010275941333770753
0.010276343822479248
0.010271746425628663
0.010265524454116822
0.010272930612564088
0.010273817405700684
5.228116109199131
0.010269002504348755
0.010272289409637451
0.010277528600692748
0.010279373579025268
0.0102770068359375
0.010269284381866455
0.010284602375030517
0.010279885501861572
0.010262948055267333
0.010259460229873658
5.228931741616161
0.010264290113449096
0.010266240367889404
0.010277809658050537
0.010278163537979126
0.010268332967758179
0.01028503767967224
0.010266720933914184
0.01026574686050415
0.010273661661148072
0.01027791865348816
5.227609241131654
0.01027780369758606
0.010284154262542724
0.010276359930038451
0.010272517404556274
0.010270535278320312
0.010280737733840943
0.010260915956497193
0.010278837718963624
0.010268527011871338
0.0102606036567688
5.225655703200507
0.010284188013076782
0.010278439645767213
0.010274845209121704
0.010254001369476318
0.010265614566802979
0.010265687236785889
0.0102730526638031
0.01026996298789978
0.010261600904464721
0.01026968300819397
5.227710969669303
0.010265962791442871
0.010266766061782838
0.010259699373245239
0.010263339271545411
0.010262745027542115
0.010258331785202026
0.010259508600234985
0.010256688976287842
0.01026978346824646
0.010260729522705079
5.224870568698215
0.01030142071723938
0.010263432312011718
0.010261489400863648
0.01026676763534546
0.010266698541641235
0.010263073568344116
0.010272491664886474
0.010253569955825806
0.010261464157104492
0.010258791227340698
5.223925875634262
0.010263984575271607
0.010254657649993896
0.010251680088043212
0.010256471157073975
0.010271865272521972
0.01026118257522583
0.010262392253875732
0.010259628982543945
0.010262156009674072
0.010249479188919067
5.222831347554
0.010265269680023193
0.010260491304397584
0.010257529983520508
0.010258204154968262
0.010262093162536621
0.010263375577926635
0.010259086065292359
0.01026634970664978
0.010255275650024414
0.010265890483856201
5.222306005733529
model saved at unlearnable_20211009190929_0.5_512_150
0.010252321510314941
0.010248421173095703
0.01025786166191101
0.010262360372543335
0.010268114242553712
0.010273005838394165
0.01026462860107422
0.010257224464416504
0.010280880565643311
0.010271365156173705
5.222858561682947
0.010260236005783081
0.01028298833847046
0.010269922027587891
0.010268526067733765
0.010258042850494385
0.010251611566543578
0.010252868041992188
0.010264046821594238
0.010259479885101319
0.010246446933746338
5.224031089507427
0.010246357183456421
0.010250678863525391
0.010262788820266724
0.010249330835342407
0.01024442442893982
0.010253234148025512
0.010248661203384399
0.010253840627670287
0.010242406644821168
0.010255644617080688
5.2223862618515176
0.010255055646896362
0.01025483874320984
0.01025920838356018
0.010257767267227174
0.010259643440246583
0.010242532424926757
0.010247919149398804
0.010255636749267579
0.010258312578201294
0.010256470069885254
5.22040314526902
0.010248394794464112
0.010253313360214233
0.010244622259140015
0.010274260377883912
0.01026142587661743
0.01024868577003479
0.010246494884490967
0.010268865003585816
0.01026052209854126
0.010249808320999145
5.222278885005676
0.010245485467910766
0.010248476572036744
0.010241915311813354
0.01025352071762085
0.010245928859710693
0.01025271538734436
0.010242382974624634
0.010245980243682862
0.010252538356781006
0.010247878227233886
5.221706203578674
0.010246187658309936
0.010238220882415772
0.010240418701171875
0.010240875301361084
0.010245269994735717
0.0102495481300354
0.010253081941604614
0.010240604076385497
0.010245913372039795
0.010248994379043579
5.2206467598983926
0.010251590204238891
0.01024459379196167
0.010251235094070435
0.010255055742263795
0.010254856767654419
0.01025066647529602
0.01024997329711914
0.010246878261566162
0.010251553573608399
0.010246610679626464
5.220143927741296
0.01024025752067566
0.010241516027450562
0.010244672555923462
0.010249260063171386
0.010251921043395996
0.010248307256698608
0.010245403690338134
0.010251244792938232
0.01025348211288452
0.010249100856781006
5.21952935346623
0.01024027090072632
0.01025292739868164
0.010256495895385742
0.010249860315322877
0.010253815727233887
0.01024922565460205
0.010239556751251221
0.010243819389343262
0.010237183847427368
0.010242637348175048
5.21902015528728
model saved at unlearnable_20211009190929_0.5_512_150
0.010241360445022583
0.010240667581558227
0.010237284669876098
0.010239347791671754
0.010249215211868286
0.010240773963928222
0.010241031847000122
0.010244322719573975
0.010238250045776368
0.010240631771087647
5.218770110730043
0.010240619630813599
0.0102418381690979
0.01024250135421753
0.010244136896133424
0.010253468713760375
0.010241923809051513
0.01026825888633728
0.010241866359710694
0.010252313537597656
0.010253064031600952
5.219075689610746
0.010266928462982178
0.010246463975906372
0.010237570152282716
0.01023515872001648
0.010252929763793946
0.01024228352546692
0.01023505121231079
0.010233127346038819
0.010239396162033081
0.010248917713165284
5.217204590433652
0.010265382432937621
0.010233407030105592
0.010248128852844238
0.010245922260284424
0.010252263536453247
0.010237199001312257
0.01023095067024231
0.01024773380279541
0.010232043418884278
0.010244159059524536
5.217911150037628
0.01023820990562439
0.010240260133743287
0.010230506677627564
0.010236856155395508
0.010237175483703613
0.010240186557769775
0.010238664083480835
0.010266396617889405
0.010252042083740235
0.01023828088760376
5.2173545434302895
0.010229615201950074
0.01022985375404358
0.010238255805969237
0.010232939805984498
0.010240460796356201
0.01022936863899231
0.010224905500411987
0.01022843936920166
0.010230029497146607
0.010227353868484498
5.217359528099139
0.010233702144622802
0.01022557885169983
0.010232934732437134
0.010232073240280151
0.01023592785835266
0.010235713596343994
0.01023479453086853
0.010228203706741334
0.010239721546173095
0.01024530996322632
5.215725471063988
0.010247986459732055
0.01023531265258789
0.010241498718261719
0.0102382688331604
0.010243285245895385
0.010250458164215088
0.010238238477706909
0.010228397836685181
0.010231966218948365
0.010239210929870606
5.216253477273528
0.010228574848175048
0.01023496608734131
0.010234555530548096
0.010225995273590088
0.010230654554367065
0.010248280334472656
0.010228778400421143
0.010231337509155274
0.010221882781982421
0.010229338989257812
5.215400037077284
0.01023290675163269
0.010229496355056763
0.010232754621505738
0.010237022104263306
0.01023810245513916
0.010233148956298828
0.010232435092926026
0.010231587753295898
0.0102310297870636
0.010236011772155761
5.216454412519317
model saved at unlearnable_20211009190929_0.5_512_150
0.010245124225616456
0.010237598171234132
0.010233297891616821
0.010235502262115479
0.010242970209121705
0.010237568683624267
0.010226012268066405
0.010237245721817017
0.01024001482963562
0.010243031454086303
5.214960344058952
0.010250018682479859
0.010241990022659301
0.010243604307174683
0.010237778043746948
0.010287463254928589
0.010243668718338013
0.010229345531463624
0.010235136165618896
0.010230077657699585
0.01023211238861084
5.215450827608404
0.010234653387069702
0.010223815078735352
0.010228374938964844
0.01023204550743103
0.010233382263183594
0.010224634981155396
0.010229894742965697
0.010242797708511352
0.010240975723266602
0.010229487180709838
5.21456403339032
0.010228506631851196
0.010229325351715089
0.010226973972320556
0.010227026920318603
0.010229442987442017
0.010240467977523803
0.010235005321502686
0.01022986780166626
0.01022710916519165
0.010230029640197754
5.213731898474939
0.010237337503433228
0.010235513830184936
0.010231943635940552
0.010233220825195313
0.010224306602478027
0.01023233443260193
0.010228350381851197
0.010229878664016723
0.010251856689453125
0.010272610969543457
5.214363452085514
0.010235457725524902
0.010237855787277221
0.010260721273422242
0.010243606100082398
0.010237005910873414
0.010233304071426391
0.010232693176269531
0.010225865669250489
0.010231296672821045
0.010241093454360962
5.213718492960193
0.010225446996688843
0.010235542669296264
0.010227519149780274
0.010226876993179321
0.010229317655563355
0.01022789849281311
0.01024270812034607
0.010241014013290405
0.010235973539352418
0.010237197103500366
5.214221187473572
0.010233205089569092
0.01023017107963562
0.010237984790802002
0.01022867226600647
0.010227039699554444
0.01023598196029663
0.010227926168441773
0.01023917805671692
0.0102334343624115
0.010240193881988525
5.213453160118811
0.010231721048355102
0.010237397899627685
0.010238367233276367
0.010226263380050659
0.01022911615371704
0.010240394878387451
0.010228586883544923
0.0102376322555542
0.010229268445968628
0.010249736003875732
5.21381558093828
0.010237953433990478
0.010232567348480225
0.010228369684219361
0.010229498634338379
0.010222849159240722
0.010227834787368774
0.010240148496627808
0.010234477567672729
0.010239958410263062
0.010234930772781372
5.214452920500765
model saved at unlearnable_20211009190929_0.5_512_150
0.010230922317504883
0.010232487745285034
0.01024431339263916
0.010239629497528076
0.010225752305984498
0.010223338928222657
0.01023094871520996
0.010229102020263671
0.010224014120101928
0.010219483413696289
5.213679185847647
0.01022434552192688
0.010219913425445556
0.010230142345428466
0.010221922311782837
0.010226953239440917
0.010232205152511597
0.010240916385650634
0.010225270223617553
0.010232365674972535
0.010239938459396362
5.211665197746041
0.01024319107055664
0.01025196792602539
0.010221134929656983
0.01022894992828369
0.010221987781524658
0.010228618450164794
0.010220659341812134
0.01023161979675293
0.010225300331115723
0.01023160264968872
5.212720325312664
0.010219865198135376
0.010228653793334961
0.010227371473312378
0.010236719102859497
0.010252117223739624
0.010239161195755004
0.010237286720275879
0.010234388523101807
0.010222145776748657
0.010221526803970336
5.212496010298581
0.01022428159713745
0.010223355598449706
0.010226488542556762
0.01022917797088623
0.010233778924942016
0.010238123188018798
0.010228342695236207
0.010229783544540405
0.010227836227416992
0.010221449403762817
5.212094474084599
0.010231851682662964
0.010226299476623535
0.010235113773345947
0.0102359854221344
0.010239481868743896
0.01022655312538147
0.010227063856124877
0.010226463050842285
0.010229482355117798
0.01023685652732849
5.2118062432279295
0.010224152517318726
0.010281123247146607
0.010235884122848512
0.010235449209213257
0.010269981317520141
0.01022315128326416
0.010224679651260376
0.010223320236206054
0.010218212604522705
0.010213744649887085
5.21271451478152
0.010221741189956664
0.010221843137741089
0.010244345617294311
0.01022237512588501
0.01022808530807495
0.01023947937965393
0.010230653524398803
0.010220632362365723
0.010229071073532105
0.010231176652908324
5.21087661231916
0.010216220140457153
0.010226773567199707
0.01022899715423584
0.010214479246139526
0.010225026712417602
0.01021814073562622
0.010220095310211182
0.010221059293746948
0.01021773359298706
0.010215431423187257
5.210411381475704
0.010219571704864502
0.010241342935562133
0.010219106731414795
0.010225521030426026
0.010214104928970336
0.010222915697097778
0.010226462154388428
0.010238107681274413
0.010246106967926025
0.010241672801971436
5.2096648462039905
model saved at unlearnable_20211009190929_0.5_512_150
0.010227941474914551
0.01022918272972107
0.010226489105224609
0.010244682207107544
0.01022984209060669
0.010229558401107787
0.010220745735168457
0.010231073904037475
0.010218410987854004
0.010225320253372193
5.210121528389528
0.010217133197784424
0.01022543212890625
0.010226435298919678
0.01022087200164795
0.010214182024002075
0.010218445425033569
0.010223030834197998
0.010220310745239257
0.010220901412963867
0.010221205596923829
5.210629389458096
0.010220388021469117
0.010217299890518188
0.010217294960021973
0.010223924198150635
0.010220481300354004
0.010224691286087035
0.010233166780471802
0.01022127459526062
0.01022022889137268
0.010223697185516358
5.209405014195393
0.010225352869033814
0.010240955591201781
0.010232203569412231
0.010233406524658203
0.010232482194900513
0.010231031341552734
0.010250447006225585
0.010228371963500977
0.010229574022293091
0.010218736000061035
5.209045375745321
0.010219111719131469
0.010214908313751221
0.010215944137573242
0.010210330810546875
0.010224911432266235
0.010220565643310546
0.010219285774230957
0.010217146835327148
0.010215125741958618
0.01022018352508545
5.209735098573351
0.010215571441650391
0.01022097785949707
0.010226469478607178
0.010222449798583985
0.010225219850540162
0.01021950294494629
0.01022129403114319
0.010218484020233154
0.010231211462020873
0.010220288362503051
5.210166567379666
0.0102255455493927
0.010219557065963746
0.010228657035827636
0.010222439012527465
0.010226696424484254
0.010221706638336181
0.010217281112670899
0.010212684812545777
0.010215555715560914
0.010217578210830688
5.210404538616691
0.010219125061035157
0.01022222331047058
0.010230105819702148
0.010214505195617675
0.01021713020324707
0.010220208950042725
0.010218089485168457
0.010221551084518433
0.010225487174987793
0.010214869079589843
5.2086102249696085
0.010222038679122926
0.010229245958328246
0.010240814752578735
0.010220461292266846
0.010214205770492554
0.010220478429794311
0.010207285051345825
0.010216003847122193
0.010221928577423095
0.010224495983123779
5.209505208988779
0.010218078966140747
0.010229883842468262
0.010224156913757325
0.010213188800811767
0.010208073205947877
0.010211842861175538
0.010217275638580322
0.010216406574249267
0.010212938365936279
0.01020896403312683
5.209302484374685
model saved at unlearnable_20211009190929_0.5_512_150
0.010218587884902954
0.010216452445983886
0.010216392650604249
0.01021816964149475
0.010225895910263062
0.010215441074371338
0.01021979061126709
0.010222710218429566
0.010214606065750122
0.010209580726623535
5.206842486391363
0.010211953010559082
0.010211093244552612
0.010215638484954834
0.010209274768829346
0.010212418088912965
0.010207892379760742
0.010212781896591187
0.010218106698989869
0.010213060922622681
0.01021638692855835
5.206906397318103
0.010213209781646729
0.01020943021774292
0.010210244407653809
0.010223762035369873
0.010219741058349609
0.010215572271347046
0.010217755813598633
0.010213508634567261
0.01021018651008606
0.01021349955558777
5.206079129091243
0.010212451105117797
0.010215472936630249
0.010217217817306518
0.010213396472930908
0.010212978553771972
0.010213736410140992
0.010216562118530273
0.010214249076843263
0.010227598505020141
0.010223307332992553
5.206864882990257
0.010218649034500121
0.0102166201877594
0.010215022478103637
0.010225345191955566
0.010219459619522095
0.01023597858428955
0.01020723934173584
0.010215739231109619
0.010212041463851929
0.010215594844818114
5.20708754627975
0.010206885528564453
0.010211033277511597
0.010208179016113282
0.010204604778289795
0.010218314828872681
0.010212003202438355
0.010216011619567872
0.010213931341171264
0.010209503383636475
0.010217043657302857
5.205747392988696
0.01020679482460022
0.010209099006652832
0.010209914846420289
0.010213324174880982
0.010208781204223633
0.010213381996154786
0.010211832599639892
0.010221876916885376
0.010212904472351075
0.010205888566970826
5.2061967849731445
0.010212150945663452
0.010210853624343872
0.010213100852966308
0.010209186744689942
0.01022044298171997
0.010206119546890258
0.010203588590621948
0.010209220933914185
0.010211045742034913
0.010207249603271485
5.20492566000555
0.010209162874221802
0.010207666568756104
0.010219100704193115
0.010207462434768676
0.010211021099090577
0.01021397198677063
0.010217987670898437
0.010228021726608276
0.010216295194625854
0.010213777017593384
5.206570099309547
0.01021155526161194
0.01021391905784607
0.010226336631774902
0.010268320121765137
0.010234024915695191
0.010221056280136108
0.010212833786010742
0.01020746850013733
0.010205253667831421
0.010207652282714844
5.20668278527014
model saved at unlearnable_20211009190929_0.5_512_150
0.01022052007675171
0.010208884239196777
0.010204909658432007
0.010206315498352051
0.010207211256027221
0.010204718255996705
0.010214580850601196
0.010208457002639771
0.01021076033592224
0.010211710004806519
5.204999987612066
0.010214350299835206
0.010206928415298461
0.0102012216091156
0.010211898965835572
0.01021024649620056
0.010213380498886109
0.010214422025680542
0.010214437055587769
0.010225567846298217
0.010214041137695312
5.2065871572986095
0.010211238946914673
0.0102071826171875
0.010214851264953613
0.010220699043273926
0.010212856550216675
0.010211266260147095
0.010257646369934082
0.010227065486907959
0.01022282832145691
0.0102066823387146
5.206695954824231
0.01020367727279663
0.010211269178390502
0.01020659288406372
0.010202763843536376
0.010203700637817384
0.010227111654281616
0.010207352495193481
0.010209008979797363
0.010209361448287964
0.010210539274215698
5.205084736814204
0.01020986367225647
0.0102245112991333
0.010213064050674438
0.010223892135620118
0.010215494289398193
0.01020544563293457
0.010205368061065674
0.010201817216873169
0.010199728240966797
0.01021122709274292
5.205513285607407
0.010207724361419679
0.01020810001373291
0.010201376190185548
0.010203080596923828
0.010204086322784424
0.010208456296920776
0.01022454598426819
0.010215676259994507
0.010208101358413697
0.010199976215362548
5.205626920326469
0.010207262001037597
0.010204058418273926
0.010209030408859253
0.010205677709579468
0.010212884693145753
0.010211860723495484
0.010207477788925171
0.0102108180809021
0.01020213638305664
0.010208187284469605
5.204195037330549
0.010207010908126831
0.010203331804275512
0.010201140260696412
0.010200654916763306
0.010210180320739747
0.010200847930908204
0.01020964542388916
0.010205077018737792
0.010202542142868042
0.010200431756973266
5.204251304115217
0.010203430957794189
0.010206227102279664
0.010218761615753174
0.010209862871170044
0.010205258436203003
0.010213278694152832
0.010209585571289063
0.010212115898132324
0.010245652494430543
0.010215570011138916
5.20421400758409
0.01020997462272644
0.01021100154876709
0.01021115816116333
0.010210490436553955
0.010214934616088868
0.010208472442626954
0.010201132612228393
0.010210262126922607
0.010208612957000733
0.010201337366104126
5.20552493124893
model saved at unlearnable_20211009190929_0.5_512_150
0.01020580901145935
0.010214330472946167
0.010208676614761353
0.010201198272705079
0.010200579986572266
0.010205790500640868
0.010203392972946167
0.01020698522567749
0.01020927456855774
0.010209276323318481
5.20301644335088
0.010204913082122803
0.01020479455947876
0.010211725931167603
0.010224426708221436
0.010234321956634521
0.010211004009246826
0.010261167516708374
0.010208084354400635
0.010212343435287475
0.010212698469161988
5.204139807789596
0.010205027856826782
0.010207564725875855
0.0102119593334198
0.010215088558197022
0.010212322883605957
0.01021299596786499
0.0102239462184906
0.010215925912857056
0.010209567651748658
0.010212799062728883
5.204814650348781
0.010201605072021485
0.010227925958633423
0.01021413041114807
0.010210516586303712
0.010205718717575073
0.010212155504226685
0.010205009288787842
0.010201296539306641
0.010202506599426269
0.010209226055145263
5.203971798886958
0.010211709671020508
0.01020632592201233
0.010205597972869873
0.01021131586074829
0.0102034583568573
0.010200291748046875
0.010207916059494018
0.010205590372085571
0.010204860830307007
0.010223986053466796
5.202578254581726
0.010205537509918212
0.010205904150009154
0.010256604280471801
0.010197846117019653
0.010202765512466431
0.010203406867980958
0.010202761421203613
0.010200782527923584
0.010206750888824462
0.010202545824050903
5.203129645475407
0.010198831787109374
0.010204211530685426
0.010202567090988159
0.01020794916152954
0.010203847980499267
0.01020050627708435
0.010203947582244874
0.010200503540039062
0.01020194206237793
0.010202081394195556
5.202743859635186
0.01021087182044983
0.010204707164764404
0.010206843929290771
0.010203920249938965
0.01020621584892273
0.010215688505172729
0.010206809120178222
0.010209067039489745
0.010204478406906128
0.01020321678161621
5.202918731060224
0.010199498949050903
0.010202192630767822
0.010203381719589233
0.010207077903747558
0.010209065179824828
0.01020393943786621
0.010199377899169922
0.010202323446273804
0.010207751073837281
0.01020721131324768
5.203151987999985
0.010206055269241333
0.010206684627532958
0.010211677522659302
0.010200170574188233
0.010201177730560302
0.010196034536361694
0.010206723251342774
0.010204633159637452
0.010210434436798095
0.010219448156356812
5.2024452465096696
model saved at unlearnable_20211009190929_0.5_512_150
0.010201934432983398
0.010203498649597168
0.0102215984916687
0.010207657442092895
0.01020727499961853
0.010197449741363525
0.010200186214447021
0.010205012397766113
0.010198349447250366
0.010210112953186036
5.203564358740738
0.01020408353805542
0.010203027944564819
0.01020649824142456
0.01020368782043457
0.010199126634597778
0.01020142367362976
0.010199173822402954
0.010195660676956177
0.010204147453308105
0.010201701078414917
5.203644875398616
0.010206989698410034
0.010196629705429077
0.010208292932510375
0.010200727033615112
0.01020368293762207
0.010194558038711547
0.010198313865661621
0.010202216148376466
0.010193848705291749
0.010205040273666382
5.203140637309281
0.010199975929260254
0.010205252714157105
0.010204163780212402
0.010195178852081299
0.010200507135391236
0.01019278736114502
0.01019316333770752
0.010199810819625855
0.010197736616134644
0.010201187448501587
5.201631472282803
0.010215091304779053
0.01021743094444275
0.010213093385696412
0.010204103269577026
0.010208827724456786
0.010203865127563477
0.010200641584396363
0.010200887451171875
0.010202623853683472
0.0102014852809906
5.20123392282073
0.010211656532287597
0.010200688219070435
0.010207232189178466
0.010207075080871581
0.010205566635131835
0.010197657070159911
0.010198156442642213
0.010204886207580567
0.010205118312835694
0.010203098430633545
5.201490426800914
0.010194476556777955
0.010196923475265502
0.010203075542449952
0.010205225553512573
0.010215052728652954
0.010204246902465821
0.010217278728485107
0.010219095668792725
0.010230074911117553
0.010226056270599365
5.202419482555586
0.010222801856994628
0.010214822149276733
0.01021323718070984
0.010208859367370605
0.010207667083740234
0.010199648962020875
0.010205857410430908
0.010214509687423707
0.010209693403244019
0.010206103658676148
5.202664881637416
0.010211252727508545
0.010211739826202392
0.01019936445236206
0.010201268167495727
0.010199539918899537
0.010196915893554688
0.010197671632766723
0.010204789505004882
0.010195907440185547
0.010194760055541992
5.202860340629656
0.010196904516220092
0.010196970987319946
0.010206312589645385
0.010193117961883545
0.010206803798675538
0.010203966112136842
0.010208253784179687
0.010204857921600342
0.010221237573623657
0.010207268543243409
5.201445933469792
model saved at unlearnable_20211009190929_0.5_512_150
0.010205606908798218
0.010198678369522094
0.010200408487319946
0.010199218826293946
0.01019529987335205
0.010201948165893555
0.010198020668029785
0.01019874077796936
0.010204138469696046
0.010257103853225707
5.200342984543633
0.010261927671432495
0.01027154281616211
0.010264356565475464
0.010267727117538452
0.010271558380126953
0.010271783294677735
0.010246829996109008
0.010211811933517456
0.01020652338027954
0.010196796188354493
5.225196936695846
0.010214709177017212
0.010208159608840943
0.01020541464805603
0.010195939407348633
0.010197117071151734
0.010199636735916137
0.010194158868789672
0.010197015352249145
0.010211496028900147
0.010206708135604859
5.201013933752001
0.01020343379020691
0.010204815092086792
0.010207287321090698
0.01020662709236145
0.010214088678359986
0.010197529668807983
0.010209861059188842
0.010209226331710815
0.0102042991065979
0.010211321907043457
5.201763408700216
0.010271814928054809
0.010205453853607178
0.010210731391906739
0.010206217699050904
0.010196971912384034
0.01019240834236145
0.010194424095153809
0.010195204429626464
0.010195677824020385
0.010194726867675781
5.201743327465254
0.010207727756500244
0.010202119798660278
0.010202719020843506
0.010198848915100098
0.010200146112442016
0.010194054117202759
0.010192369241714478
0.010196734285354614
0.010195531339645385
0.010195376358032226
5.198919330675578
0.010200383214950561
0.010203170881271362
0.010196445379257202
0.010207535610198975
0.010200777597427367
0.010218901481628418
0.010207307567596436
0.010205734300613403
0.010200880765914917
0.010211238660812378
5.2014227306719905
0.010204668636322021
0.010203580017089844
0.010195296993255614
0.010201079158782959
0.010189653301239013
0.010193794116973878
0.01019266131401062
0.010193550806045532
0.010199479475021362
0.010192906713485718
5.20089431644715
0.01019332501411438
0.010194155378341676
0.010196178321838379
0.010199312181472778
0.010198011407852172
0.010198343811035156
0.010212038688659667
0.0101986159324646
0.01019468913078308
0.010195548086166382
5.199602948021643
0.01019950662612915
0.010196054697036744
0.010201270246505738
0.010199623079299927
0.010199755849838257
0.010200180406570435
0.010197733268737793
0.010197523517608642
0.010198955068588257
0.010193470582962036
5.200004302349287
model saved at unlearnable_20211009190929_0.5_512_150
0.010189783592224121
0.01019738260269165
0.01018973162651062
0.010194099130630492
0.010197338056564332
0.010194266481399537
0.01019266251564026
0.010196334018707275
0.010194093389511109
0.010195946683883668
5.199610955936393
0.010194522228240967
0.010198105001449584
0.010192453994750977
0.01019094515800476
0.010189918231964112
0.010197346630096436
0.010193093690872193
0.010197730360031129
0.010194168329238891
0.010201858720779418
5.199056458227413
0.010200181636810303
0.010198828926086426
0.010191207838058472
0.010200589780807495
0.01019902151107788
0.01019931526184082
0.010251668891906738
0.010191666860580444
0.01019782130241394
0.010194822263717651
5.2010708248492366
0.010196188793182372
0.010207519607543946
0.010261311330795287
0.010267142925262452
0.01027045413017273
0.010272475748062134
0.01024777208328247
0.010194968175888061
0.010193561716079711
0.010196229667663575
5.214929801901591
0.010206830854415894
0.010201595878601075
0.01019038152694702
0.01019596405029297
0.010195953636169434
0.010196973495483399
0.010191763324737549
0.010195585641860962
0.010198499450683594
0.010203818883895875
5.19877431318932
0.010202918710708619
0.010199325609207154
0.01020032343864441
0.010215496635437011
0.010196411752700805
0.010201987047195434
0.010197711782455444
0.010195993309020997
0.010203894891738891
0.01021566138267517
5.201375617194421
0.010200155115127563
0.010191242418289184
0.010193505134582519
0.010195935487747193
0.01020231062889099
0.01019385316848755
0.010195837001800536
0.010194073915481567
0.010197260017395019
0.010200108299255372
5.199827970917692
0.01020901993751526
0.010196471118927002
0.010194057025909423
0.010195249242782593
0.010211326141357422
0.010195331678390504
0.010209897527694703
0.010199141569137574
0.010202566938400269
0.01020797163963318
5.197645580645689
0.01019926197052002
0.010199731531143189
0.010211848783493042
0.01020361798286438
0.010200773916244507
0.01019737795829773
0.010200747900009155
0.010207493181228638
0.010201466608047485
0.010196545372009277
5.1998457662838025
0.010198280897140503
0.010199992513656617
0.010201710205078126
0.010198656911849976
0.010196469173431396
0.010201803798675538
0.010191199855804443
0.010200198364257812
0.010207513761520386
0.010205742797851563
5.19921829282623
model saved at unlearnable_20211009190929_0.5_512_150
JobId=34947805 JobName=SimCLR
   UserId=renjie3(6007166) GroupId=cse(2010) MCS_label=N/A
   Priority=16593 Nice=0 Account=general QOS=renjie3
   JobState=RUNNING Reason=None Dependency=(null)
   Requeue=1 Restarts=0 BatchFlag=1 Reboot=0 ExitCode=0:0
   RunTime=23:55:16 TimeLimit=2-00:00:00 TimeMin=N/A
   SubmitTime=2021-10-09T16:38:51 EligibleTime=2021-10-09T16:38:51
   AccrueTime=2021-10-09T16:38:51
   StartTime=2021-10-09T19:09:16 EndTime=2021-10-11T19:09:16 Deadline=N/A
   SuspendTime=None SecsPreSuspend=0 LastSchedEval=2021-10-09T19:09:16
   Partition=general-long-gpu AllocNode:Sid=dev-amd20-v100:31447
   ReqNodeList=(null) ExcNodeList=(null)
   NodeList=nvl-007
   BatchHost=nvl-007
   NumNodes=1 NumCPUs=2 NumTasks=1 CPUs/Task=2 ReqB:S:C:T=0:0:*:*
   TRES=cpu=2,mem=16G,node=1,billing=2490,gres/gpu=1
   Socks/Node=* NtasksPerN:B:S:C=0:0:*:* CoreSpec=*
   MinCPUsNode=2 MinMemoryCPU=8G MinTmpDiskNode=0
   Features=[intel14|intel16|intel18|amr|nvf] DelayBoot=00:00:00
   OverSubscribe=OK Contiguous=0 Licenses=(null) Network=(null)
   Command=/mnt/ufs18/home-145/renjie3/Documents/unlearnable/Unlearnable-Examples/submit.sb
   WorkDir=/mnt/ufs18/home-145/renjie3/Documents/unlearnable/Unlearnable-Examples
   Comment=stdout=/mnt/home/renjie3/Documents/unlearnable/Unlearnable-Examples/logfile/34947805.log 
   StdErr=/mnt/home/renjie3/Documents/unlearnable/Unlearnable-Examples/logfile/34947805.err
   StdIn=/dev/null
   StdOut=/mnt/home/renjie3/Documents/unlearnable/Unlearnable-Examples/logfile/34947805.log
   Power=
   TresPerNode=gpu:v100:1
   NtasksPerTRES:0

