This save model after 150 epochs. Number of workers 2. Removed Normalization transform.
python3 ssl_perturbation_save_model.py --config_path configs/cifar10 --exp_name path/to/your/experiment/folder --version resnet18 --train_data_type CIFAR10 --noise_shape 10 3 32 32 --epsilon 8 --num_steps 1 --step_size 0.8 --attack_type min-min --perturb_type classwise --universal_train_target 'classwise' --train_step 5 --epochs 150
check check
__name__ simclr
Files already downloaded and verified
Files already downloaded and verified
Files already downloaded and verified
Files already downloaded and verified
The whole epochs are 150
0.013348466615676879
0.013352971858978272
0.01276386281967163
0.012452786283493042
0.012212407436370849
0.012086835823059082
0.012263579940795898
0.012012347602844238
0.011996435651779176
0.011946532020568848
0.011951861925125122
0.01192231143951416
0.011903591747283936
0.011814478063583374
0.011799212245941161
0.011871494655609131
0.011845341567993163
0.01176073353767395
0.011731940298080444
0.011956351718902587
6.106884538512869
0.011710033330917358
0.011689386568069457
0.011682564029693603
0.011715193119049071
0.01174589409828186
0.011718673048019409
0.011690247163772583
0.011626236009597779
0.011869510583877564
0.01189463038444519
0.011654049730300903
0.011628199520111083
0.011609443950653076
0.011589229173660278
0.011613433961868286
0.011628731651306153
0.01158700372695923
0.011708257160186768
0.011517430181503295
0.01150231985092163
5.903453384478068
0.011558400897979736
0.011561146125793457
0.011489681062698364
0.011603136177062988
0.011543331995010377
0.011547078275680541
0.011483245124816894
0.011687138605117798
0.011649063062667846
0.011481338586807251
0.01141386284828186
0.011462818126678466
0.01154528606414795
0.011452071723937989
0.011515641965866089
0.011433920154571533
0.011436102895736695
0.01146676513671875
0.011338492374420165
0.011393347873687744
5.81143463763994
0.011408711366653442
0.011468237562179566
0.011422375040054321
0.01135745997428894
0.011451030216217042
0.011336360836029053
0.011388647966384887
0.01143317985534668
0.011360062065124512
0.011337201976776123
0.011376833820343017
0.011344857082366943
0.011371427326202393
0.011394827070236205
0.011402293701171875
0.01135519718170166
0.011280988864898681
0.011323267879486084
0.011398391542434692
0.011292665328979492
5.7522171846370105
0.011362867012023926
0.011321122236251832
0.011333406829833984
0.011289969091415405
0.011473147583007812
0.011337897462844849
0.011295980739593505
0.01136220440864563
0.011274640951156616
0.011306751546859742
0.0113756383228302
0.011289653396606446
0.011231120548248291
0.011235248126983642
0.01128952540397644
0.01127689208984375
0.01123322268486023
0.011311622972488403
0.011256958618164063
0.011295342226028442
5.711922104825678
0.011351796321868897
0.011297119579315186
0.011214488677978515
0.01134358738899231
0.011382586336135864
0.011229995107650758
0.011216891269683837
0.011199419240951539
0.011214550132751465
0.011159360370635986
0.011232001943588256
0.011173849868774415
0.011339742937088013
0.011254674739837647
0.01118114706993103
0.011186848001480102
0.011176092681884766
0.011165512781143189
0.01113831232070923
0.011211122541427612
5.681928241375795
0.011224657649993896
0.011155698862075805
0.011156720542907715
0.011198499097824097
0.011169971075057983
0.011178316526412964
0.011207397632598877
0.011176491594314575
0.011190616025924683
0.011163477344512939
0.011140793008804321
0.011176438694000245
0.01123306736946106
0.011217977485656738
0.011120028104782104
0.011182058362960816
0.01124427230834961
0.01111507350921631
0.01113341197013855
0.011197507066726684
5.655322389504344
0.011220662107467652
0.011169652442932129
0.01117623634338379
0.011075948104858398
0.01115083957672119
0.011213603324890136
0.011129166278839111
0.01111286005973816
0.011085225248336793
0.011103426179885864
0.011100188751220702
0.011089370460510254
0.011115929689407349
0.011147330751419068
0.011084889221191406
0.01110216814994812
0.011083799448013305
0.011070294046401977
0.011079250755310058
0.011057434711456298
5.6365319232350775
0.011095248441696168
0.01109578055381775
0.011075037527084351
0.011092052392959595
0.011168760690689087
0.01114063780784607
0.011101858024597167
0.011113778562545777
0.011085556468963623
0.011082935619354249
0.011097100124359131
0.01108904022216797
0.011104635133743285
0.011064952478408814
0.011100575828552246
0.011115324201583862
0.011096085577011108
0.011071486845016479
0.011042689304351807
0.01110810320854187
5.61959261255166
0.011069323625564575
0.011101651763916016
0.011091474056243897
0.011073368120193482
0.011112330532073975
0.011007966794967652
0.011155682020187378
0.011107212295532227
0.011041115674972533
0.011045666208267212
0.011052242336273194
0.01102455569267273
0.011025321245193481
0.01102270034790039
0.011125870370864868
0.011103352947235107
0.011074818181991576
0.011028945827484132
0.011045425052642822
0.011054634342193604
5.6046970455916885
model saved at unlearnable_20211009174923_0.5_512_150
0.01106004385948181
0.011002547550201415
0.011019209051132203
0.01105327989578247
0.011011737089157104
0.011096990480422973
0.011063663177490234
0.011059492645263671
0.011045363311767578
0.011052810831069947
0.011012282667160034
0.011012932987213135
0.011043475799560547
0.011015487394332885
0.010989879779815673
0.011026714057922363
0.010998191576004028
0.011077035732269288
0.010977728748321534
0.011049265270233154
5.593288072605723
0.011036774301528931
0.011043078098297118
0.010979102144241333
0.011011308002471925
0.011038175411224366
0.011013501710891724
0.011066515741348266
0.011037751274108887
0.011137955923080445
0.011061553878784179
0.011028647899627686
0.011037825651168823
0.01106585542678833
0.011018469858169556
0.011017874326705932
0.010966126337051392
0.010983103189468383
0.011011144018173219
0.010967064695358276
0.01100243465423584
5.582734319352612
0.011036658172607423
0.011037771625518798
0.010983846282958985
0.010978158864974975
0.010963911991119384
0.010929315738677978
0.010991583585739135
0.010972781457901001
0.010962224864959716
0.010983192081451416
0.010952601871490478
0.011005638418197633
0.011021788778305053
0.01104985029220581
0.011101118326187133
0.011025330295562744
0.010998527479171754
0.011074933948516845
0.01100928599357605
0.010986093330383301
5.570398645302684
0.010994959516525269
0.010965827207565308
0.010976400356292725
0.010958422021865845
0.01100882622718811
0.010936092691421508
0.010946354598999024
0.010971005535125733
0.010933799228668212
0.01099799199104309
0.010966293210983276
0.01093866473197937
0.010929669771194458
0.010936043510437012
0.010946156988143921
0.010973358182907105
0.010945751485824586
0.010977694797515869
0.011017117195129395
0.010948322038650513
5.564349272816451
0.010925188121795654
0.010943994522094727
0.010906906414031983
0.010916964111328125
0.010973409795761108
0.010949091625213623
0.01103248893737793
0.010909359960556031
0.010911554670333862
0.010961702280044556
0.010939771099090577
0.010948649663925171
0.01098424919128418
0.010928078680038452
0.010960003671646118
0.010947889652252197
0.010933622465133666
0.010983600482940673
0.010918383560180664
0.01091499740600586
5.552380537249379
0.010909553174972534
0.01094579577445984
0.010973048791885376
0.01091255802154541
0.010983043718338012
0.010895750541687012
0.010921380214691162
0.010955304689407348
0.010975225610733032
0.010959686088562012
0.010952583856582642
0.010940950889587402
0.010897125673294067
0.010998328170776367
0.01089424446105957
0.010967337083816529
0.010957893962860107
0.010937094736099244
0.010936504039764405
0.01092255913734436
5.54950142398323
0.01095591730117798
0.01090060028076172
0.0109173756980896
0.010936548719406127
0.01093914098739624
0.010912796955108642
0.010934357690811157
0.010979808902740478
0.010953369379043579
0.01094152172088623
0.010915594720840454
0.010887619581222535
0.010918836650848389
0.010890172758102418
0.010941126155853272
0.010998959465026855
0.010911037511825561
0.010904550075531006
0.010877014083862305
0.010896137037277221
5.545754707965655
0.010906855964660645
0.010877809114456178
0.010881770105361939
0.010986220140457153
0.010911747255325318
0.010930187759399414
0.010941890115737915
0.01091037031173706
0.010895353755950929
0.010881619300842285
0.010925678577423095
0.011000665588378906
0.010900240783691405
0.01092602126121521
0.010917718839645386
0.010921973905563355
0.010934243450164794
0.010964195117950439
0.010913794746398926
0.01095218876838684
5.5371758569147165
0.010935507230758666
0.010883008403778077
0.010859775905609131
0.010866718320846557
0.01085337815284729
0.010904594469070435
0.010894824857711791
0.010886635789871216
0.010948502864837647
0.010932904901504517
0.01090126618385315
0.01093573410987854
0.010934174518585206
0.010927948732376099
0.01088836106300354
0.010902089500427247
0.010860474290847778
0.010892087335586548
0.01091180438041687
0.010875673961639404
5.533504535242455
0.010917456293106078
0.010860391435623168
0.010892335205078124
0.0108607151222229
0.010920357255935669
0.01090680100440979
0.010900231332778931
0.010918828086853027
0.01094450701713562
0.010955145263671875
0.010917406702041626
0.010889369611740113
0.01087909523010254
0.010846767444610595
0.010862377433776856
0.010845659446716309
0.010854712295532226
0.010857749481201173
0.010849235773086548
0.010879080820083618
5.5230223173947675
model saved at unlearnable_20211009174923_0.5_512_150
0.01090946629524231
0.010914021005630494
0.010888804016113281
0.010884708595275879
0.010899813241958618
0.010858835420608521
0.010837706079483032
0.010889842128753663
0.010865218076705933
0.01089819528579712
0.010905689535140992
0.010879454784393311
0.010903703823089599
0.010884355325698853
0.010903055658340453
0.010867436933517455
0.010869954805374145
0.010839253358840943
0.010891026401519776
0.01089661003112793
5.525903121712282
0.01086153203010559
0.010843510150909424
0.010863702640533447
0.010851483306884766
0.010824580755233765
0.010853523216247558
0.010913511199951173
0.010890313787460327
0.010830614738464356
0.010869708118438721
0.010872628107070922
0.010868117036819457
0.010860944347381591
0.01088190528869629
0.010835616865158082
0.010850658893585205
0.010868422040939331
0.010839735612869262
0.01087771999359131
0.010857301788330078
5.515490713807726
0.010844651308059693
0.010872808570861816
0.010894306507110596
0.010875906162261964
0.01084278395652771
0.010856175098419189
0.010853333778381347
0.010827086858749389
0.010828124103546142
0.010859840097427367
0.010829326467514038
0.010821467208862305
0.010885426492691041
0.010867398614883422
0.010821258916854858
0.010818331642150878
0.010854690914154053
0.010818263530731202
0.010814009523391723
0.010821804323196411
5.515107779158759
0.01084687889099121
0.01083298318862915
0.010870288972854615
0.010837320852279663
0.010861721124649048
0.010844531106948852
0.010816608581542968
0.010833133268356323
0.010848114318847656
0.010849024152755737
0.010819090538024902
0.01085056739807129
0.01085085394859314
0.010839734506607055
0.010866864767074585
0.010876402235031129
0.01083908411026001
0.010887104082107545
0.01085631682395935
0.010812859125137329
5.50558258331928
0.010810824699401856
0.010850509881973266
0.010820142631530761
0.010824030456542968
0.010829776763916015
0.010809743928909302
0.010839598178863525
0.010805387220382691
0.010824842691421508
0.010813519744873048
0.010832307529449463
0.010873123178482056
0.010829832592010497
0.01084089674949646
0.010814685754776001
0.010817496137619018
0.010799096355438232
0.010869752206802369
0.010839479093551636
0.010827771320343018
5.503632491396875
0.0108183687210083
0.010839698390960693
0.010833297910690308
0.010826121454238892
0.0108251917552948
0.010874565134048463
0.010795707960128784
0.010856713466644288
0.01081778648376465
0.010843255519866944
0.010843150281906128
0.010883110637664796
0.010831788845062256
0.010856520633697509
0.010849529466629029
0.01081577296257019
0.010832833299636841
0.010821017894744872
0.010814728326797486
0.010850150699615478
5.505332981188273
0.010798688735961914
0.010809293327331543
0.010801506519317628
0.010793995943069458
0.010814465045928956
0.010797927370071412
0.010852016763687133
0.010836287174224853
0.010854507989883423
0.010822965927124024
0.010836586799621581
0.010882190132141114
0.010828790798187255
0.010815504264831542
0.010810047903060912
0.010814195709228515
0.01084991865158081
0.010812018899917602
0.010835031309127807
0.010846675100326539
5.4973560264430095
0.010843089361190796
0.010827154817581177
0.010861367874145508
0.010864595069885253
0.010864097986221314
0.010806457080841065
0.010848977212905883
0.010832407846450806
0.010843861751556397
0.010793623638153076
0.010782745351791382
0.010790902070999146
0.010849118223190308
0.010813632717132569
0.010838121738433838
0.010801016569137574
0.010848089981079102
0.010851764726638794
0.0107994886302948
0.010852052612304687
5.49544530553916
0.010834168462753296
0.010811298513412476
0.010808796730041504
0.010817597227096557
0.010878669519424438
0.010826202907562256
0.010798441591262817
0.01079757345199585
0.010793156394958496
0.010789388151168823
0.010809973936080932
0.010783373336791992
0.010830783061981201
0.010835923976898193
0.010832313385009765
0.010838568429946899
0.01082914415359497
0.010807250480651856
0.010809507246017456
0.010793616046905518
5.493411560648496
0.0108200408744812
0.01077433705329895
0.010769265565872193
0.010782932691574097
0.01083369535446167
0.010768781776428222
0.010797575550079345
0.010780430517196656
0.010795369911193847
0.010787398529052734
0.010776812372207642
0.010822184772491455
0.010788712358474731
0.010781064958572388
0.010820939054489135
0.010814560737609863
0.010772486963272095
0.01077450686454773
0.010753320903778077
0.010757893743515014
5.486172695749814
model saved at unlearnable_20211009174923_0.5_512_150
0.010799180545806884
0.010777893075942993
0.010805376148223876
0.010762905254364014
0.010793962392807006
0.010770960664749146
0.010764087438583375
0.010759479866027832
0.010805052938461304
0.010807567234039306
0.010783579912185669
0.010788626308441162
0.010775490827560425
0.010779856309890748
0.010777185983657837
0.010755567016601563
0.010767503385543824
0.010816828413009644
0.010807562627792358
0.010783006010055543
5.4815576248562214
0.010808318119049072
0.010826851072311402
0.010790269222259521
0.0108149471950531
0.010771774864196778
0.010773274450302125
0.010788233299255372
0.010789913778305054
0.010797736358642578
0.010808000240325927
0.010772296237945556
0.010774976148605347
0.01077128324508667
0.01078234432220459
0.01075629077911377
0.010790793571472168
0.010781331300735473
0.010784147310256958
0.010777738647460938
0.010770170736312866
5.482680635353954
0.010841137189865112
0.010793498001098634
0.010799586868286132
0.010775825357437133
0.010754600620269776
0.010787399396896363
0.010756843404769897
0.01077294280052185
0.010755183515548706
0.010750487403869628
0.010756660432815552
0.01075222903251648
0.010758965282440186
0.010764738607406616
0.010774717350006104
0.01077449751853943
0.010787535991668701
0.010776726741790772
0.010766082439422607
0.010760466156005859
5.478007547634164
0.010792252521514892
0.010765976533889771
0.010778581886291504
0.010760249071121216
0.010761442546844482
0.010785669622421265
0.010803680925369263
0.010796956052780152
0.01082742745399475
0.010764712533950806
0.01075775372505188
0.010782160148620606
0.010796699981689454
0.010747725925445557
0.010792299785614013
0.010831875848770142
0.010807610807418823
0.010811077651977538
0.010809196481704713
0.010793588275909424
5.478476489942098
0.01080317876815796
0.010772793397903442
0.010775253791809082
0.010770689220428467
0.010753371229171752
0.01075032416343689
0.010750422840118408
0.010732253189086913
0.01075117904663086
0.010742782831192017
0.010762740240097046
0.010801361780166626
0.010747486295700073
0.010756352739334106
0.010774938306808472
0.010749551372528076
0.01076702805519104
0.010801222515106202
0.010774993162155152
0.010774811353683472
5.473535203442131
0.010751302986145019
0.010762933731079102
0.010769791812896728
0.010752642707824707
0.010793351430892944
0.010754109497070313
0.010768247718811035
0.010765992670059205
0.010770695276260376
0.010746574163436889
0.010739304265975953
0.010778262119293213
0.010771797847747802
0.010787276210784912
0.010775573282241822
0.010766713829040528
0.010760054302215577
0.010794209966659547
0.010756326961517335
0.010759321002960206
5.472076357025461
0.010743309946060181
0.010740391120910645
0.010768135824203492
0.010778089361190795
0.010742491931915283
0.010754437685012818
0.010754992761611938
0.010781032552719116
0.010782442598342896
0.010744889297485351
0.010750448265075683
0.01075746506690979
0.010765722332000733
0.010756438484191895
0.010731203689575195
0.010754609117507934
0.010757474603652954
0.010749718551635742
0.01074952172279358
0.01073086109161377
5.466413743717155
0.01074542965888977
0.010724061460494995
0.010740931043624878
0.010753420124053954
0.010754998693466187
0.010750114030838013
0.0107389391040802
0.010741487369537353
0.01075047966003418
0.010748888902664185
0.010752821388244628
0.010738880138397217
0.010776120824813842
0.010734315109252929
0.010765648593902588
0.010737536211013794
0.010732620010375976
0.010760263776779175
0.010753722639083863
0.010773869123458863
5.4655282915253
0.010762420024871827
0.010757234382629394
0.01074347716331482
0.010741048402786255
0.01073295750617981
0.010741113033294678
0.010755320339202882
0.010752301006317138
0.010800530099868774
0.010765984678268432
0.01077889928817749
0.0107709419631958
0.010753947649002076
0.010755131549835205
0.010799794206619263
0.010790011329650878
0.010760124073028565
0.010756151838302612
0.010736493282318115
0.010766456546783447
5.468235615602474
0.010749392309188843
0.010759166107177734
0.010761064567565919
0.010788208770751952
0.010742938060760498
0.010765629367828369
0.010748342294692993
0.010740216722488403
0.010799283876419067
0.010740215568542481
0.010742917823791503
0.010746009283065796
0.010724888315200805
0.010807078971862793
0.010746201372146607
0.010729825811386108
0.010733303079605103
0.010735811691284179
0.010756630325317382
0.010747767829895019
5.464339669217768
model saved at unlearnable_20211009174923_0.5_512_150
0.010734912452697754
0.010744572381973266
0.010776134653091431
0.010735900621414185
0.010759042243957519
0.010738345603942871
0.010750580396652222
0.010739970302581787
0.010744402675628663
0.010755784120559692
0.01074433723449707
0.010751375064849853
0.010758956480026245
0.010734134092330932
0.010723016767501831
0.010717205295562745
0.010730029401779174
0.010719792280197144
0.010714230756759643
0.010719073038101197
5.462695220082076
0.01071616153717041
0.010718249168395996
0.010724652500152587
0.010759632625579834
0.01072423475265503
0.010754325037002563
0.010760921459197999
0.010754022579193116
0.01071752981185913
0.010790702533721924
0.010743915843963623
0.010724878787994385
0.010728257188796997
0.010724086246490478
0.01069909906387329
0.010710270128250121
0.010723026189804077
0.010715282831192016
0.010728895215988158
0.010723362007141113
5.4564254603435085
0.010706214904785157
0.010737579803466797
0.010734668855667115
0.01071055459022522
0.010715560884475709
0.010705809535980224
0.010730767450332641
0.010764601230621338
0.010716693201065063
0.010728341979980469
0.010724925727844238
0.010735249586105347
0.010738605670928955
0.010707111768722534
0.010730377893447876
0.010751198291778565
0.010718507270812989
0.010749552869796753
0.010707770500183105
0.01072568762779236
5.458468682987174
0.010720581541061402
0.010753532600402831
0.010742724351882935
0.010705273342132568
0.010709097728729248
0.010737421255111694
0.010745328598022462
0.010749275722503662
0.010722780294418335
0.010727363481521606
0.010735780458450318
0.010746773929595946
0.010740866622924805
0.010712956638336182
0.010703587169647217
0.010736865339279174
0.010739156150817872
0.010715601511001586
0.010718313703536987
0.010721278791427612
5.454081879448645
0.010739588527679443
0.010737295112609863
0.01072307089805603
0.010706964950561523
0.010728560810089112
0.01070981764793396
0.01075624990463257
0.010706925134658813
0.010730416860580445
0.010703336629867553
0.010723819589614868
0.010733774328231811
0.010695523147583008
0.010714793882369995
0.010721891641616821
0.01070948844909668
0.010714952688217164
0.010724706134796142
0.01070467345237732
0.010709011631011962
5.454838098938932
0.01069693281173706
0.010750897760391235
0.010732160835266112
0.010714293928146362
0.010765431289672852
0.010709183530807496
0.010693216028213501
0.010705435733795166
0.010710452537536622
0.010719014654159547
0.010722676506042481
0.010711947536468506
0.010700131721496583
0.010709623317718506
0.010724743852615357
0.010723514976501465
0.010699448528289794
0.010726391754150391
0.010761783819198609
0.010719365854263306
5.453305829431593
0.010737588510513306
0.010726177749633789
0.01069934012413025
0.010699021892547608
0.010706251125335693
0.010714169025421143
0.01070684642791748
0.010706533555984497
0.010718716430664063
0.010692129459381104
0.010702751026153564
0.010700854759216309
0.01070162031173706
0.010754989938735962
0.010762671556472779
0.01072639464378357
0.010726039991378784
0.010714101791381835
0.010710201988220215
0.0106875270652771
5.447454909688418
0.010715434703826904
0.010705416536331176
0.010747197275161742
0.010704588775634766
0.010698099937438964
0.010698797693252564
0.010691590433120728
0.010711337728500366
0.010689374694824219
0.01068654788017273
0.010718135442733765
0.010693679447174071
0.010738118219375611
0.010704314613342284
0.010717571163177491
0.010685761289596557
0.010691176614761353
0.01070146224975586
0.010733345708847045
0.01070876407623291
5.446870528545576
0.010703653392791748
0.010692708311080932
0.010707480020523071
0.010684471530914307
0.01068231110572815
0.010687237482070924
0.010702306356430054
0.010684516286849976
0.010703310146331788
0.01070988663673401
0.010707898693084717
0.010690076885223389
0.010726527519226075
0.010700683145523072
0.010783077220916749
0.010770423002243042
0.010735715217590333
0.01070503176689148
0.010687619123458862
0.01068720118522644
5.44545735034746
0.010702352495193482
0.010699638681411744
0.010702446689605714
0.010683803224563599
0.010691628122329712
0.010702855396270751
0.010673877582550048
0.010689692687988282
0.010683331203460694
0.01070918685913086
0.010711197385787965
0.010737461376190185
0.010735329885482788
0.0107037051486969
0.010704376544952392
0.010685481605529784
0.010694218225479127
0.010697597122192383
0.010692657117843628
0.01068739052772522
5.442682443205843
model saved at unlearnable_20211009174923_0.5_512_150
0.010699213209152222
0.010697746839523315
0.010689988803863525
0.010710023031234741
0.01071080183982849
0.010704770517349244
0.010695219955444335
0.01071283652305603
0.010707040271759033
0.010678802995681762
0.010706856575012207
0.010730867805480958
0.010690149192810059
0.010691321096420289
0.010716893138885498
0.010703968486785889
0.010679038782119751
0.010687897300720214
0.010661412696838379
0.010661957683563232
5.444697026124935
0.010689804630279541
0.010693552360534668
0.010703257207870484
0.010692378978729248
0.010694075403213502
0.010708958749771118
0.010737760496139526
0.01069356195449829
0.010690412139892578
0.010668265962600707
0.010680776710510254
0.010703904399871827
0.010713726930618285
0.010691481666564941
0.010688112001419068
0.010701478271484375
0.01067821499824524
0.010675123205184937
0.010689417715072631
0.010711366930007935
5.438672193546885
0.010688740167617799
0.01069212134361267
0.010713090581893922
0.010698772382736206
0.01070931128501892
0.010710863246917725
0.010704527387619019
0.010676219711303711
0.01069704153060913
0.01068121545791626
0.010699667119979859
0.01066879656791687
0.01069713303565979
0.010665959787368775
0.010689935207366944
0.010703775558471679
0.010680450954437256
0.010664551439285278
0.010672985305786134
0.010677413730621338
5.441336892314793
0.010685385332107543
0.010678399972915649
0.010685615272521973
0.010672079639434815
0.010670667915344238
0.010687730093002319
0.0106687984085083
0.010681158409118652
0.010668489170074463
0.0106839000415802
0.010676323909759521
0.010675853652954101
0.010682403192520142
0.010703686447143555
0.010702893943786622
0.010698041744232178
0.010704948997497559
0.010686468687057495
0.010676142740249634
0.010664699611663818
5.440078111038995
0.010690091314315796
0.010675977640151978
0.010724904441833496
0.010704776744842529
0.010729852190017701
0.010684592599868774
0.010704921226501464
0.010681111841201782
0.010689085779190064
0.010671762027740478
0.010672523880004883
0.010679234924316406
0.010687930335998535
0.01066679347038269
0.010659475507736205
0.010661542339324951
0.010693899517059326
0.01069429075241089
0.010669003381729126
0.010676810331344605
5.43617621647943
0.010706003046035766
0.010693848543167114
0.010681299848556518
0.01067723871231079
0.010661187486648559
0.010672297945022583
0.010654466524124145
0.010656296062469482
0.010678501234054566
0.010696538982391358
0.010670481815338135
0.010675396184921264
0.010718572254180908
0.010691161851882935
0.010676507787704468
0.010680287837982179
0.010665190486907958
0.010673640184402465
0.010661843786239624
0.010665051698684692
5.437551070734398
0.010673580236434936
0.01067162691116333
0.010663493204116822
0.010657176036834717
0.010665077571868896
0.010684084825515748
0.01071317111968994
0.010696749267578125
0.010684937162399292
0.010700898065567017
0.01068224723815918
0.01066675672531128
0.010684741859436036
0.010671061353683472
0.010658352756500244
0.010669705142974854
0.01066747917175293
0.010682971239089966
0.01067086685180664
0.010652563648223878
5.433299978983771
0.010690402212142944
0.010664136114120483
0.010701570281982422
0.010669774284362794
0.01067137321472168
0.010691451320648193
0.010671041975021363
0.010682718486785888
0.010676433200836182
0.01067675048828125
0.010663989772796631
0.010655052738189697
0.010664964761734008
0.01066331238746643
0.010671838140487671
0.010681684656143189
0.010651829423904418
0.010650580444335938
0.010641192054748535
0.010669464778900146
5.434076151896998
0.010655795001983643
0.010669806509017945
0.010669233646392821
0.010661098194122315
0.010658096733093262
0.010681764917373658
0.010685087594985963
0.010737035665512085
0.010680929670333862
0.010670927505493165
0.010673922939300537
0.01066134901046753
0.010654476814270019
0.010665753364562987
0.01068321530342102
0.01067281129837036
0.010691108503341675
0.01067966685295105
0.010657049465179444
0.010675264730453491
5.4325044474650905
0.010660191612243653
0.010655500392913818
0.010665022897720337
0.010672446880340577
0.010663394899368286
0.010658441247940064
0.010674763774871827
0.010678188934326172
0.010652131814956665
0.010665297317504882
0.010722191562652588
0.010677841358184814
0.010656454725265503
0.010652808227539062
0.010658386116027832
0.01064617953300476
0.010656642980575561
0.01065203860282898
0.010657110986709595
0.010706619291305543
5.427835803670981
model saved at unlearnable_20211009174923_0.5_512_150
0.010668256454467773
0.010664724979400634
0.010694311428070069
0.010691192531585693
0.010747450618743897
0.010719838542938233
0.010703233366012574
0.010668330097198486
0.010648780727386474
0.010660485105514527
0.010686743459701538
0.0106565882396698
0.010670293245315552
0.010655630779266357
0.01065049059867859
0.01065670799255371
0.01066113826751709
0.010650570001602173
0.010673622388839722
0.010644612503051758
5.429050647106367
0.0106591277217865
0.01066028416633606
0.01066030782699585
0.010663839626312255
0.01066762972831726
0.010644815654754638
0.010661199741363526
0.010649339017868043
0.010649422483444214
0.010674498147964477
0.010683915624618531
0.010648764057159425
0.0106450546169281
0.010646333017349243
0.010666093854904175
0.010653638496398925
0.010656003265380859
0.010650738945007324
0.010661233530044556
0.010674828624725342
5.431321601277774
0.01064926721572876
0.010659395589828492
0.01065456573486328
0.010637848691940307
0.010650908393859864
0.010645288858413697
0.010693021507263183
0.01064216428756714
0.01066602424621582
0.010646588859558105
0.010646603450775146
0.010669456434249878
0.010668760366439819
0.010668383846282959
0.010659621324539185
0.010654865007400512
0.010649337682723999
0.01065843074798584
0.010638663177490234
0.010671392946243287
5.425133651064844
0.010682211112976073
0.01066314266204834
0.010683517789840698
0.010656538724899292
0.010659569225311279
0.010655700521469117
0.010656451044082641
0.010648451480865479
0.010665420064926148
0.010665688304901123
0.010668089456558227
0.010658844470977783
0.010643768272399903
0.010652435474395752
0.010639400577545166
0.010631410064697266
0.010639846143722534
0.010639178829193116
0.010646912317276
0.010662454385757447
5.426709219352486
0.010634709568023681
0.01064714391708374
0.010646329298019409
0.010631931915283202
0.010636837339401245
0.010642208890914917
0.010672369718551636
0.010664638948440552
0.01065128752708435
0.010650393867492676
0.010678886880874634
0.01066286771774292
0.010659321546554565
0.010654938297271729
0.010648562536239624
0.01063385256767273
0.010655545721054076
0.01065546612739563
0.01065319974899292
0.010649466218948364
5.419818126049238
0.010644912204742433
0.010652651147842408
0.010655295705795289
0.010645333099365235
0.01066402892112732
0.010660750608444214
0.01068692518234253
0.010641354446411132
0.010646896228790283
0.010654321985244752
0.01064512692451477
0.010649727430343628
0.01063270224571228
0.01064406774520874
0.01063796817779541
0.010628324422836304
0.0106571035861969
0.01063911696434021
0.010652608432769776
0.010628888807296753
5.425506390247149
0.010649903259277343
0.01064155611038208
0.010648244667053223
0.010657206163406372
0.010630346908569337
0.010644991302490234
0.010642303533554076
0.010647656278610229
0.01064926887512207
0.010668890781402587
0.010672206525802612
0.010683584537506103
0.010650280332565308
0.010638840417861938
0.01066316840171814
0.010661814002990723
0.010633553705215454
0.010638197641372681
0.010643608598709107
0.010660484313964843
5.4213651185183185
0.010636005029678345
0.010639876613616943
0.010640046396255494
0.010646634168624878
0.010656600828170777
0.01063553798675537
0.010628062477111816
0.010646018610000611
0.01063939896583557
0.010632497253417968
0.010627922697067261
0.010627681770324707
0.010627675733566284
0.010624884052276611
0.010625225658416749
0.010619574699401856
0.010621907062530517
0.010619762935638427
0.010637272977828979
0.010670301389694214
5.4174311922997544
0.010643383569717408
0.01065326003074646
0.010640866165161134
0.010632928247451783
0.010646498308181762
0.010634221773147583
0.01066933051109314
0.010643941173553467
0.010631055603027344
0.010640294694900512
0.010650845098495483
0.010632108879089355
0.010627216234207154
0.010643147840499878
0.010632579050064086
0.010632029504776002
0.0106356667137146
0.01064297360420227
0.010637159729003906
0.01066402177810669
5.4211077444332165
0.010629373292922973
0.010637142763137817
0.010650435285568237
0.010650037412643433
0.010667011680603028
0.010647723064422607
0.010639872045516969
0.010627001838684083
0.010645939836502076
0.010637739534378052
0.010649224758148194
0.010633200464248658
0.01062743860244751
0.010638337373733521
0.01063059009552002
0.01063710792541504
0.01063410382270813
0.010630586576461792
0.01065492033958435
0.010658532876968383
5.417712393495226
model saved at unlearnable_20211009174923_0.5_512_150
0.010634540367126464
0.01064760217666626
0.010619853687286377
0.010642207231521606
0.010628440446853637
0.010633043937683105
0.010662756757736206
0.010648250694274903
0.010630481519699097
0.01065757674217224
0.01062776071548462
0.010642992420196533
0.010687461385726928
0.010654108209609985
0.010640065202713012
0.010628379354476929
0.01063807234764099
0.010621286869049073
0.010661745281219482
0.01063253999710083
5.417204399698789
0.010638038005828857
0.010621196136474609
0.010643863706588746
0.010702181377410889
0.010662587900161743
0.010656282930374145
0.010647896404266357
0.010639791173934937
0.01062379780769348
0.010621070203781127
0.010613593196868897
0.010634290847778321
0.010636629409790039
0.0106295365524292
0.010636685495376587
0.010619086208343505
0.01062857810974121
0.010618224630355834
0.01064034462928772
0.010616136503219605
5.414624258414986
0.010626513566970825
0.010635284643173218
0.01063551742553711
0.010636431159973144
0.01063500443458557
0.01064242193222046
0.010688158473968506
0.010649348669052124
0.01063528447151184
0.010629744110107421
0.010611552286148072
0.010631866102218628
0.010619942579269409
0.010637897596359252
0.01062589506149292
0.010619405059814454
0.010626080417633056
0.010615918111801147
0.010655847492218018
0.010630065841674806
5.4141359525857515
0.01062389394760132
0.010636916456222533
0.010640371961593629
0.010636907072067261
0.010622267656326293
0.01062698088645935
0.010633304939270019
0.010640392780303955
0.010620526943206787
0.010623984584808349
0.010626049919128418
0.010630549516677856
0.010629494066238403
0.010649705152511596
0.010623719930648803
0.010642764806747437
0.010629508113861085
0.010652733154296875
0.01065593967437744
0.010620878562927247
5.416362826357183
0.010637775440216064
0.010643033199310302
0.010643769855499268
0.010635801362991333
0.010636415758132935
0.01063259714126587
0.010645377883911133
0.010675478973388672
0.010652558221817017
0.010661677589416503
0.010649678688049316
0.010708133068084717
0.010668708572387695
0.010619613332748414
0.010627354383468629
0.010617229261398315
0.010623619766235352
0.01062680090904236
0.010629534854888916
0.010612632369995116
5.415401807765371
0.010644238605499267
0.010647126140594482
0.01062022162437439
0.010634305677413941
0.010627991523742676
0.010620175247192384
0.010646416597366332
0.010611653375625611
0.010621699533462524
0.010601239509582519
0.010606598920822144
0.010613037900924683
0.010625548877716065
0.010604834337234498
0.010614044218063355
0.01063399118423462
0.010631402444839478
0.010650628499984742
0.010646763925552367
0.010629793367385865
5.409515547998173
0.01062994203567505
0.010631762742996216
0.01060936954498291
0.010621615524291993
0.01067008454322815
0.01060919677734375
0.010628369226455688
0.010618786506652832
0.010649305267333984
0.010650128440856934
0.010627761640548706
0.010622028913497925
0.010617381324768067
0.010628603935241699
0.010633280839920043
0.010616668138504029
0.010619230813980102
0.010604313344955445
0.01063665331840515
0.010652501363754273
5.41060104566751
0.010615139961242677
0.010620799980163574
0.010646412858963013
0.010673234071731567
0.010637403841018677
0.010628606281280517
0.01061650631904602
0.010661749715805054
0.010633791065216065
0.010620549364089966
0.010648680791854858
0.010663564958572389
0.01064360239982605
0.01063782024383545
0.010635133666992187
0.010637612628936768
0.010642307119369507
0.010618609018325805
0.01062900369644165
0.010633303270339966
5.40901432823889
0.010639401111602784
0.01063549732208252
0.010608957872390747
0.010615881567001342
0.01061576602935791
0.010602568893432618
0.010624376955032348
0.010618081436157226
0.010621559410095216
0.010606266393661499
0.010633317060470581
0.01060333737373352
0.01061226725578308
0.010616432447433473
0.010626160860061646
0.010610209245681762
0.010614411058425904
0.010611663017272949
0.01063402304649353
0.010617926502227783
5.407474842268167
0.010662486095428466
0.010617778959274292
0.010636355113983155
0.010625810289382934
0.010627652912139893
0.010614999589920043
0.010627960720062255
0.01060890498161316
0.010624665460586548
0.010649928750991822
0.010613356618881225
0.010621662998199463
0.01061055380821228
0.010622509756088257
0.01061208724975586
0.010629218740463256
0.010620854787826537
0.01060866216659546
0.010614088277816772
0.010649693078994752
5.410704725796414
model saved at unlearnable_20211009174923_0.5_512_150
0.010676359539031982
0.010645471992492675
0.010621621112823486
0.010611830072402954
0.01061352786064148
0.010609460935592651
0.010610931587219239
0.010611397066116333
0.01060947392463684
0.010628037929534912
0.010628383388519288
0.010613089904785156
0.010605774631500245
0.010606872711181641
0.010634573211669923
0.010604956827163696
0.0106091748046875
0.01060550931930542
0.010629966907501221
0.010614008665084839
5.407294401188486
0.010619684858322143
0.010637618684768677
0.01061847373008728
0.010618117914199829
0.010607181520462037
0.010603682641983032
0.01061449670791626
0.010612273998260499
0.010626033353805542
0.010630383796691895
0.010614443092346191
0.010608748016357422
0.010625018968582154
0.010637491073608398
0.010617176103591919
0.01060405704498291
0.010617324419021607
0.01060005331993103
0.010623852195739747
0.010648760337829589
5.406858272159223
0.010614448909759521
0.010605161123275756
0.010606246118545532
0.010639879102706909
0.0106003968334198
0.010603885354995728
0.010608024187088012
0.010608481616973878
0.010590993986129761
0.010614812488555909
0.01061241452217102
0.010630534629821777
0.010611223659515381
0.010610002012252808
0.010622943687438964
0.010606265249252319
0.010601036710739135
0.010603329706192016
0.01063372226715088
0.010613999872207642
5.401966124465785
0.010601675481796264
0.010599261693954467
0.010620319852828979
0.010621519107818604
0.010630331411361695
0.010615401248931886
0.010617491436004638
0.010617157402038575
0.010637066764831542
0.010611361303329467
0.010595348129272462
0.01059728590965271
0.010613295783996581
0.010617112016677857
0.010600889186859131
0.010608302793502807
0.010600253896713256
0.010601111392974854
0.01059651343345642
0.010601144046783447
5.401212485795169
0.010608509635925294
0.010613193368911743
0.010603143854141236
0.010605057306289674
0.010609158306121826
0.010615426092147827
0.01062189193725586
0.0106378436088562
0.010635226507186889
0.010636340522766113
0.010601513242721558
0.010611481809616088
0.010617788343429566
0.010617166366577148
0.010592159032821655
0.010588784008026124
0.010596847515106202
0.010598899831771851
0.010603687257766723
0.010591462383270264
5.4028527908718464
0.010611463327407837
0.010611006155014037
0.010591533699035644
0.010631810302734374
0.010601247138977051
0.010591341342926025
0.010625014238357544
0.010598577661514282
0.010615952444076537
0.01060295485496521
0.01062904730796814
0.010618193283081055
0.010602526865005494
0.010607171182632446
0.010624143085479737
0.01061447054862976
0.01059204104423523
0.010604686660766601
0.010610825185775757
0.010612550010681152
5.403215565632299
0.010609654788970947
0.010619734010696411
0.010617531089782715
0.010615323009490966
0.010606574840545654
0.010627830266952515
0.010623308591842651
0.010613313779830933
0.010607147150039672
0.01061317003250122
0.010612955989837646
0.010590242300033569
0.01059281123161316
0.010593422346115112
0.010586510000228882
0.010600788402557373
0.010607579202651977
0.010593148717880248
0.01060990466117859
0.010593315134048462
5.399917056880047
0.010594146013259888
0.010611953048706055
0.010585822877883911
0.010623435831069946
0.010606223812103271
0.010621948728561401
0.01060518720626831
0.010629790105819702
0.010608521575927734
0.010613842372894287
0.010607384700775147
0.010612960796356201
0.010604427852630615
0.010598852672576905
0.010620373239517212
0.010604405679702758
0.010606546983718872
0.010603774776458741
0.0105939128780365
0.010581857929229737
5.40054460899117
0.010593869667053222
0.010608416233062743
0.010596668949127197
0.010602460165023803
0.010591966753005982
0.010612229280471801
0.01060462064743042
0.010597900791168213
0.010602099351882934
0.010595529537200927
0.010586118907928467
0.010637551259994507
0.010622040901184081
0.010622764720916748
0.010607851819992065
0.010588372869491576
0.010616829404830932
0.010598704271316529
0.01059884596824646
0.010586093759536744
5.402935288616063
0.010585217761993409
0.010583257942199708
0.010591937046051025
0.01058730031967163
0.010611016025543213
0.010607330312728883
0.010616603708267213
0.010581891689300536
0.010602035541534424
0.010607593488693237
0.01058905403137207
0.010607928667068481
0.010597236328125
0.010580710344314575
0.010599488105773925
0.010603420076370239
0.010612707567214965
0.010622095394134522
0.010591091423034668
0.010596497554779052
5.3987877786773995
model saved at unlearnable_20211009174923_0.5_512_150
0.01059403323173523
0.010606673860549927
0.01060893786430359
0.010608777685165405
0.01060916729927063
0.010609283027648925
0.010593274393081664
0.01060495789527893
0.010587630205154418
0.01059146978378296
0.010608159084320069
0.010618575038909912
0.010611682500839234
0.010601672897338868
0.010607897233963012
0.010600651330947876
0.010599889497756958
0.010590050859451293
0.01060076717376709
0.010611860370635986
5.397463415086884
0.010612223510742187
0.010611389179229736
0.010612216806411744
0.01059547134399414
0.010609436092376709
0.010595258131027222
0.0105866983795166
0.010600427284240722
0.010593372297286987
0.010589234800338744
0.010582902154922484
0.010596470394134522
0.010587506551742554
0.01059255521774292
0.010584872207641602
0.01058050305366516
0.010590936260223388
0.010597081899642945
0.010587189693450927
0.010589726848602295
5.398650080887313
0.010602793369293213
0.010599116859436035
0.010580172300338746
0.010588718538284301
0.010592851047515868
0.01058069323539734
0.010581781158447266
0.010603150501251222
0.01058156135559082
0.010592072639465332
0.010610078210830688
0.01059172637939453
0.010588822374343871
0.01059247031211853
0.010586221170425415
0.01058463833808899
0.01058893798828125
0.010586389274597168
0.010582602300643921
0.010590134887695312
5.39805537154994
0.01058634126663208
0.010574332952499389
0.010600354251861573
0.01059124517440796
0.01058526738166809
0.010576375169754028
0.010586914615631103
0.010585719509124757
0.010593247089385987
0.010601834802627564
0.010579658060073853
0.01058970760345459
0.010567571496963501
0.010575294427871704
0.010591619777679443
0.010586240463256836
0.010578417863845824
0.010601386156082153
0.010586226959228515
0.010582163724899292
5.3917383115316175
0.010580698375701905
0.010601003866195679
0.010601940240859985
0.01059583197593689
0.01059676173210144
0.010596098384857177
0.010595194282531738
0.010594921588897705
0.010576353673934936
0.010599644355773926
0.01057828839302063
0.010581541538238525
0.010596926975250245
0.01059686692237854
0.010575108766555786
0.010580526094436646
0.010581666736602784
0.010589369983673096
0.01057345181465149
0.010576887350082397
5.391774457754548
0.010581140918731689
0.010584363584518433
0.010589281616210937
0.010588529233932496
0.010584148321151733
0.010592166347503661
0.010578644533157348
0.01057906602859497
0.010582031078338622
0.010581470432281494
0.01058789909362793
0.010593273725509644
0.01059364603996277
0.010606019248962402
0.010596116542816163
0.010579436578750611
0.01061599497795105
0.01059423137664795
0.010598347549438477
0.01061922568321228
5.392530411789098
0.010577114419937134
0.010608074274063111
0.01057922652244568
0.010598250389099121
0.010618976354598998
0.010636629190444946
0.010629804649353028
0.010606629447937011
0.0105912730884552
0.01057820436477661
0.010575928506851196
0.010586587829589844
0.010600476398468018
0.010608253345489501
0.010572462968826295
0.010584236106872558
0.010580942583084106
0.010581182088851929
0.01057255521774292
0.010577392816543579
5.393849038586174
0.010595363483428955
0.0105767813205719
0.010573653745651244
0.010600473709106445
0.01059364995956421
0.010587510795593261
0.010570467357635498
0.010588033266067505
0.01057482494354248
0.010607065620422363
0.010578731451034546
0.010595269145965576
0.010605520486831665
0.010588087673187255
0.010606706399917603
0.010602450580596924
0.010573343992233277
0.010571317863464356
0.01058384391784668
0.010572136964797973
5.390651855272116
0.010601512870788574
0.010602939329147338
0.010603226261138916
0.01060575270652771
0.01058074779510498
0.01057734136581421
0.010571239786148072
0.01057327688217163
0.010579297752380371
0.010571952533721923
0.010583561124801636
0.010598101987838745
0.010586463174819946
0.010580123262405396
0.010569498500823974
0.01059012601852417
0.010580371656417847
0.010588352527618408
0.010568667755126953
0.010573281517028809
5.38982956679826
0.010577954139709472
0.010618866739273071
0.01058159161567688
0.01058686017036438
0.010606228504180908
0.010578818445205689
0.010580587282180786
0.01057562430381775
0.010582644643783569
0.010615305738449097
0.010567283506393433
0.010582629652023315
0.010586672811508178
0.010579533433914184
0.010583857727050781
0.010572287225723266
0.010581746101379394
0.010579753150939942
0.010578564119338989
0.010578902292251587
5.3920564602330785
model saved at unlearnable_20211009174923_0.5_512_150
0.01057449673652649
0.010581783351898194
0.010581624021530152
0.010589623308181762
0.010592470350265504
0.010563723382949829
0.010568922052383424
0.010569720010757446
0.0105683180809021
0.010590947456359863
0.010576170883178712
0.010577418394088746
0.010567840280532837
0.010580575523376465
0.010568676443099976
0.010591885147094726
0.01057597580909729
0.01057312910079956
0.01058174111366272
0.010573733644485474
5.389285279303482
0.010575353889465332
0.010593415622711181
0.010589183721542359
0.010603283290863037
0.01059351544380188
0.010593694429397582
0.01059190185546875
0.010594757623672485
0.010583490180969239
0.010565153894424438
0.010582586393356323
0.01059262890815735
0.010567705745697022
0.010577051639556885
0.010568791074752807
0.010572024974822998
0.010569186687469482
0.010576392812728881
0.01059253176689148
0.010564099884033203
5.388802002385719
0.010588929643630982
0.010579891319274903
0.010581144046783448
0.010579200792312622
0.010566197500228882
0.01060275848388672
0.010569233360290527
0.010577659034729004
0.010575821104049683
0.010576275062561036
0.010586690340042114
0.010577920551300048
0.010578807678222656
0.010582449541091919
0.010570110778808593
0.010569437847137451
0.010564930677413941
0.01056988751411438
0.010572635412216187
0.010628413381576537
5.388081791474647
0.010579315910339355
0.010581418790817261
0.01057386417388916
0.010570166244506836
0.0105903932762146
0.010563395442962647
0.010580268030166626
0.010569467115402222
0.010572775278091431
0.010568595571517944
0.010579358129501342
0.010590309238433838
0.010569132490158081
0.010577494487762452
0.010582580547332764
0.01057135968208313
0.010559389667510986
0.010561878452301025
0.010589328012466431
0.010586690254211426
5.386657778749761
0.010581478462219239
0.010583519163131714
0.01055687798500061
0.010567634773254394
0.010586100311279297
0.010582165231704712
0.01058380373954773
0.010603853359222412
0.010579049663543701
0.010594960250854492
0.010584431009292603
0.010571605815887451
0.010566801223754883
0.01056567349433899
0.010557935295104981
0.010572140007019042
0.010550568389892578
0.01057876401901245
0.010574580450057984
0.010572897281646728
5.386917045435955
0.010576149215698242
0.010554673280715942
0.010573901720046998
0.010573284273147583
0.010565999269485473
0.010578926410675048
0.010570691394805909
0.010572103815078735
0.010567803201675415
0.010572846755981446
0.010561113786697388
0.010592494535446167
0.010590864334106446
0.010558868379592896
0.010557944822311401
0.010563764362335205
0.010562928352355958
0.010555491771697997
0.010553501539230346
0.010555177574157715
5.385860118669333
0.010576515712738037
0.010571386442184449
0.010592210779190063
0.010556202268600464
0.01057521954536438
0.01058853105545044
0.010579446039199828
0.010568797578811646
0.010564634704589843
0.010556280002593994
0.01057680009841919
0.010562409467697143
0.010566284313201904
0.010554833498001098
0.010569224910736084
0.010566481704711915
0.010574679470062257
0.010573678197860717
0.010561803646087647
0.010595590047836303
5.386801876972631
0.010593683528900147
0.010589073219299316
0.01055682783126831
0.010559865016937255
0.010565948238372803
0.010571908140182495
0.010572515077590942
0.010552344751358033
0.010565187864303589
0.010550186920166016
0.010563454265594482
0.010595318040847778
0.010573972482681274
0.010570945625305176
0.010553813495635986
0.010576969842910766
0.01056906455039978
0.01056055332183838
0.010559090223312377
0.010570043897628785
5.386057524336982
0.010579246311187744
0.010591076755523681
0.010570288925170899
0.010568159484863282
0.010565807561874389
0.010570207109451293
0.010554725017547607
0.010555930824279785
0.010566514911651611
0.01055170340538025
0.010552615880966187
0.01056537073135376
0.010578045473098754
0.010590404481887817
0.01057202465057373
0.010584734907150268
0.010566943254470825
0.01057597113609314
0.010577117357254029
0.010569014902114869
5.383000309934321
0.010555218667984008
0.010556783266067505
0.010557314023971557
0.01055795557975769
0.010554749517440795
0.010561234188079834
0.010557302885055542
0.010560683221817017
0.010546334457397461
0.010558092527389526
0.010561228790283202
0.010573529577255249
0.010585907583236694
0.010554036769866944
0.010556718282699586
0.010572646961212158
0.010573960418701171
0.010581124677658081
0.010564895086288452
0.01056078311920166
5.383384689842303
model saved at unlearnable_20211009174923_0.5_512_150
0.010545868625640869
0.010556361322402954
0.010561659383773804
0.010578715524673462
0.010595406818389892
0.010574760103225708
0.010584718322753907
0.01058336582183838
0.010594162111282349
0.010594010581970214
0.010570421800613404
0.01055635859489441
0.010564303894042969
0.010569645109176636
0.010566615524291991
0.010562988862991333
0.010565560903549194
0.010573497505187988
0.010553498516082763
0.010566214103698731
5.384411487382712
0.010548844423294068
0.010562922286987304
0.01057607458114624
0.010556767644882201
0.010558047351837158
0.010577581939697265
0.010595601625442505
0.010578172149658203
0.010562602338790894
0.010560676736831665
0.01057143651008606
0.010578531036376954
0.010560872831344605
0.010560338048934937
0.010562038116455078
0.010576698083877564
0.010575843076705933
0.010559347257614135
0.01056370761871338
0.010568852682113647
5.385303000813907
0.01055642617225647
0.010549864740371704
0.010562200613021851
0.010563540468215943
0.010557228145599366
0.010564354600906371
0.010572013778686523
0.01056387336730957
0.010574488162994385
0.010627451782226563
0.010563479356765748
0.010573259553909302
0.010569335985183715
0.010560112895965576
0.010566239385604859
0.010550565204620362
0.010568903408050537
0.010592597312927245
0.010560482597351074
0.010549986066818237
5.38114736006432
0.01055881230354309
0.010556178560256958
0.010558766498565674
0.010557807626724243
0.010547233982086181
0.010555313262939453
0.010554051456451417
0.010551141052246095
0.010559994497299195
0.010551724710464477
0.010548697662353515
0.010565133619308472
0.010552574577331542
0.010571104221343995
0.01058133002281189
0.010613667049407959
0.01060112380027771
0.010560850067138671
0.010549215259552002
0.010555735998153687
5.381221476289415
0.010548888425827026
0.010548237228393554
0.010548072595596314
0.010567300243377686
0.010551485919952393
0.0105626078414917
0.010576805772781372
0.010568641166687012
0.010553292093276977
0.01055063627243042
0.010563371772766113
0.010580608854293823
0.01056935435295105
0.010554626970291138
0.01054153567314148
0.010559098463058471
0.010559060935974121
0.010564878568649292
0.010573296737670898
0.010550533447265625
5.3798613646595745
0.010544200773239136
0.010553758878707886
0.010546914615631104
0.010574647674560548
0.010555580434799195
0.010567995777130128
0.010583208856582642
0.010581471004486084
0.010565551128387451
0.010561534671783447
0.010567347650527954
0.010561032571792603
0.010559172134399414
0.010564377899169922
0.01054894603729248
0.010572130374908447
0.010553588209152222
0.010559659614562988
0.010559041185379028
0.010543809595108032
5.381850517902178
0.010556493129730225
0.010560533323287965
0.01057531283378601
0.010580634517669678
0.010581079626083375
0.010579670648574829
0.010582255640029908
0.01057187141418457
0.010592327489852905
0.010575838270187378
0.010578487520217896
0.010562559823989869
0.010552295198440552
0.010563691654205322
0.010549880867004395
0.010543304433822632
0.01055507703781128
0.010551741790771485
0.01055733549118042
0.010555666933059692
5.383361560782206
0.010566105699539185
0.010568097543716432
0.01055156129837036
0.010555778532028198
0.010554981441497803
0.010572168312072755
0.01058426962852478
0.010565646352767945
0.010552838478088378
0.010561356191635132
0.010551821355819703
0.01055213688850403
0.01056327236175537
0.010552855491638183
0.010546013841629029
0.010570517463684082
0.010560279502868652
0.010567577238082885
0.010554418249130249
0.010542391786575317
5.382334792736879
0.010549337100982666
0.010554607601165772
0.010562505130767822
0.010558487796783447
0.010570207614898682
0.01062209059715271
0.010563745546340942
0.010553606042861938
0.010574623537063598
0.010555355834960938
0.010550724935531617
0.010564228506088257
0.010549526672363281
0.010547984485626221
0.010547192249298096
0.010546936769485473
0.010546677293777465
0.010539957122802734
0.010556164140701294
0.010547166929244995
5.380194831140263
0.010550592069625855
0.010565947103500365
0.010553614044189454
0.010566365175247193
0.01055055715560913
0.010538683462142944
0.010547784538269043
0.010543817205429077
0.010558249979019165
0.010539821081161499
0.010540486822128296
0.010546085834503173
0.010547844648361206
0.010536217222213744
0.010554912452697754
0.010564269857406616
0.010573042392730712
0.010555422458648682
0.010550713138580322
0.010562809257507324
5.376301824432058
model saved at unlearnable_20211009174923_0.5_512_150
0.010551322183609008
0.010541672611236572
0.010548634901046752
0.010546555805206298
0.01055246434211731
0.010559234657287598
0.010556355438232422
0.010544838638305664
0.0105329465675354
0.010551949529647827
0.01055249444961548
0.010536039991378783
0.01055032244682312
0.010541542482376098
0.010549339981079101
0.010547706880569458
0.010550647144317627
0.01054256485939026
0.010552705268859864
0.010528911991119385
5.37522020045015
0.01054182915687561
0.010549275417327881
0.010555331964492798
0.010543368110656738
0.010552357206344605
0.010548061666488648
0.010541643476486206
0.010562004671096801
0.01056310510635376
0.010553204355239869
0.010545641870498657
0.010567409200668334
0.010569518222808837
0.010555214128494262
0.010547420959472656
0.010546864786148072
0.010539059238433839
0.010545342712402343
0.01055283833503723
0.010543677892684936
5.375663354224765
0.010542694015502929
0.010547650661468505
0.010537573547363281
0.010532295484542847
0.010545598793029786
0.010558513011932374
0.01054871654510498
0.010544657669067382
0.010530360984802246
0.010541921968460082
0.010551225757598877
0.010563540239334106
0.010560644445419312
0.01054992232322693
0.010553830595016479
0.010547931604385377
0.010542942142486572
0.010550778408050536
0.010533929061889649
0.010546246461868285
5.373367781491623
0.010564075212478638
0.010573909826278687
0.010543880348205567
0.010546033697128296
0.01055570737838745
0.010544371948242188
0.010549834566116334
0.010540814180374145
0.010534609270095825
0.01054010401725769
0.010548737430572509
0.010544255561828614
0.010553880710601806
0.01054862853050232
0.010574549226760864
0.010552507934570313
0.010534724435806275
0.010543718481063842
0.010536447439193726
0.010553324327468873
5.375734968283742
0.010550220165252686
0.010550751123428345
0.010546808824539185
0.010539124755859375
0.010539759254455567
0.010550703773498536
0.010550087337493897
0.010536408576965332
0.01054384874343872
0.010552214460372925
0.010543653450012206
0.01053251880645752
0.010572534065246582
0.010548478326797485
0.010562052459716796
0.01054525712966919
0.010545188112258911
0.010542256908416748
0.010535375003814696
0.010544937582015992
5.37503730636282
0.010536414337158203
0.010534616746902465
0.01053854881286621
0.01054116744041443
0.010547316198349
0.010548154220581054
0.010540788011550903
0.010552127647399902
0.010544075689315795
0.010536570882797242
0.010557156839370727
0.010550122976303101
0.010555577230453491
0.010553600187301636
0.010539387454986572
0.010549951848983765
0.010547895793914795
0.010539776935577392
0.010538724298477173
0.010534123487472534
5.376909275644834
0.010541797952651977
0.010528649196624756
0.010527027273178101
0.010528264665603637
0.010533350257873535
0.010546007347106933
0.010531173009872436
0.010547633390426636
0.010541669511795044
0.010562293195724487
0.010539474534988403
0.010559164361953735
0.010579562759399414
0.010552514371871949
0.010553872032165528
0.0105409299659729
0.010548632488250732
0.01056420139312744
0.010545695362091064
0.010533390283584595
5.373055684197809
0.010547902936935425
0.01056056734085083
0.010553496026992798
0.01054260890007019
0.010540700778961182
0.010550506134033202
0.010572241897583008
0.010553660955429077
0.010549915418624878
0.010573995866775513
0.010536640005111694
0.010567776651382445
0.010570424757003784
0.010543252296447755
0.010559903354644776
0.01057046127319336
0.010572358264923096
0.010583680982589721
0.010541027355194093
0.010553238658905029
5.3737406730651855
0.010542022161483765
0.01056539843559265
0.010581463098526001
0.010533573160171509
0.010545826759338378
0.010535294876098633
0.010534544982910156
0.010535393123626708
0.010528441162109376
0.010543773183822632
0.010558396978378296
0.010545484018325805
0.010554040927886962
0.0105369695186615
0.010535632400512696
0.010541042385101318
0.010558103151321411
0.01055832673072815
0.01054269492149353
0.010547153043746949
5.373592430783301
0.010545984373092652
0.010535041704177857
0.010549791603088379
0.010542053413391114
0.01053347635269165
0.010552451686859131
0.010535903425216675
0.01053409845352173
0.010542909479141235
0.010542577724456787
0.01053887342453003
0.010555011463165283
0.010552194385528565
0.010561344528198242
0.010542913513183594
0.010542985858917237
0.010542014379501342
0.010554613399505615
0.010559596004486084
0.010536016750335693
5.367877665254259
model saved at unlearnable_20211009174923_0.5_512_150
0.010534802780151366
0.010544085063934326
0.010568566522598266
0.010551678838729858
0.01053384789466858
0.010534378614425658
0.010543473854064941
0.010535910062789916
0.010540891904830933
0.010532268466949463
0.010535140085220336
0.010531094102859496
0.010544004392623901
0.010536878423690796
0.010520967559814453
0.010545649662017821
0.010572072229385375
0.01055992112159729
0.010561675043106079
0.010525411024093628
5.3717499860783215
0.010533928575515748
0.010532551078796387
0.010535351610183716
0.01053243413925171
0.010548601455688476
0.01053722354888916
0.010526614503860474
0.010535294799804688
0.010542861757278442
0.010548433628082275
0.010537820072174072
0.010544112195968628
0.010554598569869995
0.010538097448348998
0.010530675239562989
0.010535050439834595
0.010526868591308594
0.010538325157165527
0.010528963050842286
0.01054598955154419
5.372476528600319
0.01052825406074524
0.010533676481246949
0.010542327537536622
0.01053608920097351
0.010574442205429076
0.010530900239944458
0.010537422494888305
0.010573693084716796
0.010531922454833984
0.010542829933166504
0.010529548978805542
0.010572118825912476
0.010549418153762818
0.010557790975570679
0.010539793634414672
0.01054509976387024
0.010530362520217896
0.010528837633132934
0.010542981300354004
0.010533521614074707
5.371258833973678
0.010535134916305542
0.01053625102043152
0.010558940124511718
0.010546034612655639
0.01052115867614746
0.01055610104560852
0.010546255025863647
0.010544131546020508
0.010565580892562865
0.010539825868606568
0.010537166147232055
0.010545161275863647
0.010519247789382935
0.01052375210762024
0.010521780519485473
0.010527367963790894
0.010524901266098022
0.010543505592346191
0.01053024899482727
0.010533335962295533
5.371629375772378
0.01055195351600647
0.010544500045776367
0.010544062147140503
0.010574610157012939
0.010543767194747925
0.010565613842010498
0.010543063974380493
0.010541209964752198
0.010533218173980712
0.010526545057296752
0.010533254518508912
0.010534991617202758
0.010531934099197388
0.010523708019256593
0.010533532915115357
0.010551828575134278
0.010548105850219727
0.010542650470733642
0.010545198431015014
0.010528402166366578
5.369045980197868
0.010527375345230102
0.010539521675109863
0.010531407880783081
0.01053642017364502
0.010548013877868653
0.010550035276412965
0.01053442120552063
0.01053106050491333
0.010528563632965088
0.010543816394805908
0.010538253908157349
0.0105371044921875
0.010540823259353637
0.010530680408477783
0.010535227069854736
0.01052478385925293
0.010519737958908081
0.010539920082092286
0.010524870233535766
0.010533433427810669
5.367486014808576
0.010529324131011963
0.010561705389022827
0.010533709449768067
0.010540193920135499
0.01052667646408081
0.010521163530349731
0.010529404373168945
0.010536989498138428
0.010532967557907105
0.010530362386703492
0.01054370704650879
0.010533245677947998
0.010531258592605591
0.010529924793243408
0.010546419610977173
0.010541684665679932
0.010527920894622803
0.01053775652885437
0.010542068367004394
0.010556218910217284
5.370363215810245
0.010561072235107423
0.010549337701797485
0.010519971017837524
0.01054572714805603
0.010535185623168946
0.010543878860473633
0.01053509892463684
0.01054946011543274
0.010555096759796143
0.01055927791595459
0.01053132574081421
0.010524490127563476
0.010527971048355102
0.01052271029472351
0.01051910943031311
0.01052505645751953
0.010532085075378417
0.01052823338508606
0.010527321557998657
0.010536021537780762
5.36810837086943
0.010514303865432739
0.010526220035552978
0.010523851070404053
0.010520037326812745
0.010526075105667115
0.010528198490142823
0.010526192083358765
0.010552301921844483
0.01053303243637085
0.010528208236694337
0.01054793342590332
0.010537480964660645
0.01053024652481079
0.010557005681991577
0.010541361351013183
0.010543162794113159
0.010566582117080689
0.010566923551559448
0.01054680934906006
0.010531541795730591
5.367320419586811
0.010527806453704835
0.010544559631347657
0.010523941106796265
0.0105233203125
0.010526666984558106
0.010521960258483887
0.010512387580871582
0.010522768030166626
0.010516696720123292
0.010518686628341675
0.010528158779144287
0.010515045433044434
0.01052328790664673
0.010520359020233154
0.01053567626953125
0.010514488277435303
0.010529631538391114
0.01053702814102173
0.010532813329696656
0.010538117923736573
5.3667502354100804
model saved at unlearnable_20211009174923_0.5_512_150
0.01054594072341919
0.010543389282226562
0.010544100713729859
0.010525253810882568
0.010517331447601318
0.010521103076934815
0.010526865682601928
0.010527033376693726
0.01053260353088379
0.010531565961837769
0.01054160782814026
0.010546769771575927
0.010534499702453614
0.010533277263641358
0.010523112630844116
0.01053413743019104
0.010521952180862427
0.010533617792129517
0.010526864957809448
0.010527208280563355
5.366656352564232
0.010523405265808106
0.010531039628982544
0.010511780138015746
0.01051112416267395
0.010530664739608765
0.010524302892684936
0.01052582597732544
0.010540965414047242
0.010534754390716553
0.010534639530181885
0.01052482964515686
0.010526785020828247
0.010527721385955811
0.010535872583389283
0.010556059541702271
0.010565351667404174
0.01052207573890686
0.010518594846725463
0.010514126815795898
0.010529327268600465
5.363221940306044
0.010531720399856568
0.010539842958450318
0.01052979416847229
0.010529711303710937
0.010525703783035278
0.010527312030792236
0.010518776664733887
0.010518567190170289
0.01051824912071228
0.010523372621536254
0.010524201707839966
0.010524536743164063
0.010521185455322265
0.010515365476608276
0.010515704708099365
0.010538884286880493
0.010525567083358764
0.010578045120239257
0.010547189521789551
0.010528915281295776
5.365929755967917
0.010528366651535033
0.010514750051498413
0.010555146389007569
0.010542242441177367
0.010537585296630859
0.010548809642791748
0.010534381666183472
0.010533200492858887
0.010525348405838013
0.010525077829360963
0.010527256088256836
0.010533691577911376
0.010530735139846802
0.010528100748062133
0.010516230401992798
0.01053045636177063
0.010533314580917358
0.010521553077697754
0.010525136003494263
0.010517770748138427
5.364977330276647
0.01051828263282776
0.010523009414672851
0.010516101942062378
0.010519154300689696
0.010507385768890381
0.010516529474258423
0.010528475847244263
0.010522365369796753
0.010533094072341919
0.01052992356300354
0.010540926027297974
0.010517286157608031
0.010539193801879882
0.010559295721054077
0.010529061021804809
0.010516506452560425
0.010511709003448486
0.010519902744293213
0.010508148250579835
0.010515182933807373
5.361584796118982
0.010521173152923584
0.01054580198287964
0.010523378601074218
0.010526947221755982
0.010532818384170532
0.010515072498321534
0.010519672536849975
0.010520580759048461
0.010537981204986573
0.010534670963287354
0.010566417722702027
0.010554757833480834
0.010537112188339233
0.010526368427276611
0.010519975576400756
0.010513806238174439
0.010512711687088012
0.010523470029830933
0.010536521224975585
0.010518917636871338
5.360465831363324
0.010522947149276733
0.01051869294166565
0.010518150472640991
0.01055372151374817
0.010517128133773803
0.01051876196861267
0.01051103512763977
0.01052555172920227
0.010517705554962158
0.01054229193687439
0.010523380327224732
0.010521597032546997
0.01052547134399414
0.010517682161331176
0.010525748386383057
0.01053138282775879
0.010522552423477173
0.010518386268615723
0.010513497886657714
0.01054237042427063
5.363488334970376
0.010522327165603638
0.010515060110092163
0.01052803497314453
0.010533419046401978
0.010528983736038208
0.010524513759613037
0.010523711719512939
0.010523904762268067
0.01053586540222168
0.010546732940673828
0.010506622714996338
0.010509095449447631
0.010514491844177246
0.010512092218399048
0.010521129226684571
0.010520593690872193
0.010513271532058716
0.01053811095237732
0.010526279039382934
0.0105170738697052
5.366293636793943
0.010520893440246582
0.010516062812805175
0.01051846384048462
0.010511850910186768
0.01051761435508728
0.0105261279296875
0.010527775659561157
0.010515198402404785
0.010515717363357545
0.010514592742919921
0.010516797971725464
0.010512375555038452
0.010534146614074707
0.010531756954193115
0.01053029881477356
0.010531996021270753
0.010517825937271118
0.010537057418823242
0.010546666507720947
0.010521244583129882
5.3628459124221015
0.010531142091751098
0.010523355455398559
0.010521351490020751
0.010509963655471802
0.01052223180770874
0.010522562856674194
0.010509216833114624
0.010513770236968993
0.01051042142868042
0.010507386379241944
0.010501366281509399
0.010514143075942993
0.010511346378326417
0.010528126459121705
0.010505485725402832
0.010520880403518677
0.010514595451354981
0.01052625657081604
0.010533787088394165
0.010521487188339233
5.3629793678362345
model saved at unlearnable_20211009174923_0.5_512_150
JobId=34947803 JobName=SimCLR
   UserId=renjie3(6007166) GroupId=cse(2010) MCS_label=N/A
   Priority=18287 Nice=0 Account=general QOS=renjie3
   JobState=RUNNING Reason=None Dependency=(null)
   Requeue=1 Restarts=0 BatchFlag=1 Reboot=0 ExitCode=0:0
   RunTime=1-20:37:56 TimeLimit=2-00:00:00 TimeMin=N/A
   SubmitTime=2021-10-09T16:37:52 EligibleTime=2021-10-09T16:37:52
   AccrueTime=2021-10-09T16:37:52
   StartTime=2021-10-09T17:49:10 EndTime=2021-10-11T17:49:10 Deadline=N/A
   SuspendTime=None SecsPreSuspend=0 LastSchedEval=2021-10-09T17:49:10
   Partition=general-long-gpu AllocNode:Sid=dev-amd20-v100:31447
   ReqNodeList=(null) ExcNodeList=(null)
   NodeList=nvl-007
   BatchHost=nvl-007
   NumNodes=1 NumCPUs=2 NumTasks=1 CPUs/Task=2 ReqB:S:C:T=0:0:*:*
   TRES=cpu=2,mem=16G,node=1,billing=2490,gres/gpu=1
   Socks/Node=* NtasksPerN:B:S:C=0:0:*:* CoreSpec=*
   MinCPUsNode=2 MinMemoryCPU=8G MinTmpDiskNode=0
   Features=[intel14|intel16|intel18|amr|nvf] DelayBoot=00:00:00
   OverSubscribe=OK Contiguous=0 Licenses=(null) Network=(null)
   Command=/mnt/ufs18/home-145/renjie3/Documents/unlearnable/Unlearnable-Examples/submit.sb
   WorkDir=/mnt/ufs18/home-145/renjie3/Documents/unlearnable/Unlearnable-Examples
   Comment=stdout=/mnt/home/renjie3/Documents/unlearnable/Unlearnable-Examples/logfile/34947803.log 
   StdErr=/mnt/home/renjie3/Documents/unlearnable/Unlearnable-Examples/logfile/34947803.err
   StdIn=/dev/null
   StdOut=/mnt/home/renjie3/Documents/unlearnable/Unlearnable-Examples/logfile/34947803.log
   Power=
   TresPerNode=gpu:v100:1
   NtasksPerTRES:0

