This save model after 150 epochs. Number of workers 2. Removed Normalization transform.
python3 ssl_perturbation_save_model.py --config_path configs/cifar10 --exp_name path/to/your/experiment/folder --version resnet18 --train_data_type CIFAR10 --noise_shape 10 3 32 32 --epsilon 8 --num_steps 1 --step_size 0.8 --attack_type min-min --perturb_type classwise --universal_train_target 'classwise' --train_step 2 --epochs 150
check check
__name__ simclr
Files already downloaded and verified
Files already downloaded and verified
Files already downloaded and verified
Files already downloaded and verified
The whole epochs are 150
0.013423888120651244
0.01346860704421997
0.013429977426528931
0.013426924619674683
0.013285246200561523
0.01297422534942627
0.012831095132827758
0.0127137575340271
0.012710549201965331
0.01267961877822876
0.012484948635101318
0.012354318075180054
0.012305648384094238
0.01228175440788269
0.012094766159057618
0.01215578088760376
0.01206598713874817
0.012052737970352173
0.011962146492004394
0.011951360883712769
0.01197149398803711
0.012003717546463013
0.011953968772888183
0.01198246262550354
0.011984472255706787
0.011947197275161744
0.01196139533996582
0.011977591180801392
0.011942636528015136
0.011872777662277222
0.01192486044883728
0.011938022146224976
0.011912698411941529
0.011921935186386108
0.011904880628585815
0.01185303030014038
0.011822486763000488
0.011865655450820923
0.011830567626953125
0.011751233053207397
0.01178824031829834
0.01176351668357849
0.01176561915397644
0.011739939489364625
0.011769223346710204
0.011704537210464477
0.011735476264953613
0.01176107801437378
0.011818420639038086
6.105368343825193
0.011801813726425171
0.011710449199676514
0.01177115221977234
0.011741682958602905
0.011716182880401611
0.011734843616485595
0.011697957105636597
0.011672009592056274
0.011672729845046997
0.011654936094284057
0.01169922806739807
0.011697033405303954
0.011729552831649781
0.011702758226394654
0.011694082717895508
0.011639611253738403
0.01168780029296875
0.011657084350585937
0.01160721559524536
0.011639354057312012
0.011676778631210328
0.011640857610702514
0.011679370040893554
0.011741745796203613
0.01160540192604065
0.011648603944778442
0.011702166604995727
0.011689428586959838
0.01164264440536499
0.01160482629776001
0.011665600500106812
0.011590068092346192
0.011571127700805664
0.011576647901535035
0.011588463592529297
0.011619868593215942
0.01162981369972229
0.011644091863632203
0.011630671844482422
0.011587093706130982
0.011653936166763306
0.011662387523651122
0.011616086959838868
0.011515401573181152
0.01155510046005249
0.011603896389007568
0.01154682762145996
0.011684077415466308
0.01182290774345398
5.904748621675157
0.011740233039855956
0.011680514688491822
0.011675013942718505
0.011537387170791625
0.011508958520889283
0.01155599578857422
0.01158717734336853
0.01162106393814087
0.011500341749191284
0.011549791393280029
0.011542943744659424
0.01156724868774414
0.011561258583068848
0.011528076734542847
0.011578809928894042
0.011537359447479249
0.01147134846687317
0.011526920433044433
0.011503057317733765
0.011470260639190674
0.011532449960708619
0.011473091735839843
0.011502890033721925
0.011481245384216309
0.011482598476409912
0.011490576620101929
0.011472206134796143
0.011516918087005616
0.011647530193328858
0.011492220344543457
0.011469574613571168
0.011470037899017333
0.011428883895874023
0.011466548519134522
0.011469753608703613
0.01153707935333252
0.011598790636062622
0.011591978454589844
0.011509390439987183
0.011511855573654174
0.011565002155303955
0.011444699020385743
0.011511124773025513
0.011569911270141602
0.011444075727462769
0.011463424787521362
0.011632240991592407
0.01155405701637268
0.011492932786941528
5.820741122530908
0.011518954248428345
0.011419609422683715
0.011402369346618653
0.011381293020248413
0.011364226560592652
0.01139146572113037
0.011550549211502075
0.011395138511657715
0.01138731499671936
0.01136233073234558
0.011407323312759399
0.011405602197647094
0.011360487794876098
0.011313430290222169
0.011412392387390136
0.011376434106826783
0.011467164011001587
0.011374539175033569
0.011356809282302857
0.01134471863746643
0.011370337076187134
0.011357769727706909
0.011331117944717407
0.011414575309753419
0.011408853359222412
0.011341343173980712
0.011363363161087036
0.011424056615829467
0.011343604230880737
0.01149742636680603
0.011368035516738892
0.011335167551040649
0.01133113203048706
0.011405146083831787
0.01138151083946228
0.011350596008300781
0.011341936798095703
0.011327879886627198
0.01147699167251587
0.01133401644706726
0.011406676712036132
0.011351932868957519
0.01132182593345642
0.011370601024627686
0.011354316053390504
0.011430829868316651
0.011310783529281616
0.011322413120269775
0.01132894775390625
5.754751082548161
0.011353776531219483
0.011408977785110474
0.011333168239593506
0.011277702646255492
0.011379914865493775
0.011365306348800659
0.011338658065795898
0.011364825248718262
0.011281891593933106
0.011306317443847656
0.01135331473350525
0.011271594896316529
0.011278028469085693
0.01130800524711609
0.011278647594451904
0.011275250120162963
0.011332525968551636
0.011274544467926025
0.011262801523208618
0.011338976049423218
0.011287856798171998
0.011252390928268432
0.011265084724426269
0.011229307622909546
0.01129934422492981
0.011301970901489258
0.011307720623016358
0.011300361957550048
0.011348669328689576
0.011436912412643432
0.011331953554153442
0.011447526664733887
0.011343970670700074
0.01131870481491089
0.011257613916397095
0.011347271232604981
0.01126366973876953
0.011238372869491578
0.011316433696746826
0.01135976137161255
0.011316473217010499
0.011288114128112793
0.011268626823425294
0.011285545806884765
0.01118571231842041
0.011209328174591065
0.011250720386505127
0.011218413000106812
0.011210648374557495
5.710054771187379
0.011180859546661377
0.011181477994918823
0.011221835289001465
0.011202069272994995
0.011401401300430297
0.01122219976425171
0.011204939327239991
0.011351294898986817
0.011263156261444092
0.011332550411224366
0.011233858861923218
0.01120274730682373
0.011318537063598633
0.011336973552703857
0.011296794576644897
0.011198857383728028
0.011380237846374512
0.011374966611862183
0.011160345153808593
0.011230543670654297
0.011186420612335206
0.011309648103713989
0.011311045074462891
0.011262797107696534
0.011294484405517578
0.011292921476364137
0.011219715147018432
0.011181093912124634
0.01119139889717102
0.011253662986755371
0.0112257985496521
0.011197608823776245
0.011237116441726685
0.011209006023406982
0.011212632398605347
0.01125905737876892
0.011227598037719727
0.011241216049194336
0.011216134395599365
0.01115076982498169
0.011149448652267456
0.011211422786712647
0.011198682374954224
0.011178163480758667
0.011263038101196289
0.01120245322227478
0.011187745332717896
0.011170421133041382
0.011131181831359863
5.6766178239252145
0.011182688159942627
0.011157712039947509
0.011146393766403199
0.011189190425872802
0.011115247373580932
0.011197566318511962
0.011174479875564575
0.0111822847366333
0.011180391969680787
0.01128325969696045
0.01123537166595459
0.011153152589797974
0.011169609069824218
0.011186391458511353
0.011208858623504639
0.01120757155418396
0.011173112487792968
0.01128042374610901
0.011159580898284912
0.011159322662353515
0.011154163236618043
0.011197602777481079
0.011137099876403808
0.011159040899276733
0.011132864809036256
0.0111195468044281
0.011155910406112671
0.011188065061569214
0.011129828519821167
0.011147149629592895
0.011120814704895019
0.011284106292724609
0.01123720516204834
0.011234033250808715
0.01114019401550293
0.011156633176803588
0.011160564899444581
0.011161370067596436
0.011125934295654297
0.011128312244415283
0.011124850721359252
0.011096377906799317
0.011163525514602661
0.011152274732589722
0.011175315256118774
0.011131146564483642
0.011123410778045654
0.011301205072402953
0.011271034326553344
5.652425176089572
0.011136199541091919
0.01121789113998413
0.011217121133804322
0.01111662636756897
0.011126162557601928
0.01108519045829773
0.011092322835922241
0.011107991628646851
0.011096363830566407
0.011169041604995728
0.011172623357772827
0.011155585670471192
0.011127149677276611
0.011184128465652466
0.011143982105255128
0.011130579137802124
0.011180744791030884
0.011097931661605834
0.011077023487091064
0.011106024684906006
0.011111099138259887
0.011145967121124268
0.011140105791091919
0.011132541351318359
0.011095382318496704
0.011154540166854859
0.011123482151031493
0.011224679803848267
0.011141338548660278
0.011155919408798218
0.011183760652542115
0.011167091512680053
0.011202749280929566
0.011287008619308472
0.011129590921401977
0.011152780876159668
0.011091101369857788
0.011132313747406006
0.011171260604858398
0.011109123277664185
0.011149058485031128
0.011146723861694336
0.011106351404190064
0.011079268188476562
0.01108330358505249
0.01107657304763794
0.011081067733764648
0.011059543857574463
0.011088975582122802
5.633539602928555
0.011095175676345825
0.011070489368438722
0.011044585933685304
0.011041988878250123
0.011064304332733154
0.011118443441390992
0.011181032190322876
0.01111133412361145
0.011044954538345336
0.011080145359039307
0.011065899057388306
0.011091483030319213
0.011155439510345458
0.011139731740951538
0.011060665502548217
0.011043321409225464
0.011036523456573487
0.011056114768981934
0.011068148546218872
0.011075807752609253
0.011066465396881104
0.011113373308181762
0.011038391733169556
0.01114196743965149
0.011085547533035279
0.011101220369338988
0.011100343255996703
0.011099869184494019
0.011208351478576661
0.011115863380432129
0.011099034690856933
0.011093748235702515
0.011152608098983765
0.011096802883148193
0.01108497121810913
0.011124593715667725
0.011124015617370605
0.011096365776062012
0.011196201486587525
0.011130388689041138
0.011158895559310914
0.011052216329574585
0.011157247495651244
0.011076424465179443
0.011105725936889648
0.011085467853546143
0.011044754934310914
0.011097401666641235
0.011073196973800659
5.613572469691641
0.011059612302780152
0.011072313194274902
0.011112486429214478
0.011035025844573975
0.011015870714187623
0.01109453288078308
0.011086190919876098
0.011072041454315186
0.011069576892852782
0.011031332092285157
0.01107209327697754
0.01102978346824646
0.011067228918075562
0.011148415489196777
0.01104383376121521
0.011055883598327636
0.01107943281173706
0.011056764736175537
0.011039293336868285
0.011051932563781739
0.011124241085052491
0.01103432731628418
0.01105895281791687
0.011039324827194214
0.01104504358291626
0.011041592864990235
0.011067375135421753
0.011019405994415284
0.01107119387626648
0.011096924810409546
0.011040077419281006
0.0110206636428833
0.011015947456359863
0.011026587533950806
0.010999153385162353
0.010999835872650146
0.011000066928863525
0.011038337421417237
0.01112151463508606
0.011002382287979126
0.01110077335357666
0.011060872745513916
0.01104198655128479
0.011144996585845947
0.01105015601158142
0.01106920678138733
0.011013025732040405
0.011017115135192872
0.010998249244689942
5.598711043289027
model saved at unlearnable_20211009190056_0.5_512_150
0.011026909103393556
0.011019333333969115
0.011168939170837403
0.011023288631439209
0.010985400123596192
0.011054307098388672
0.010984905948638915
0.010992172346115112
0.011000945281982422
0.011013905620574952
0.010977330493927002
0.01100250256538391
0.011065502586364746
0.011040731363296509
0.011038904571533203
0.011040462255477905
0.011041146726608277
0.011050428352355956
0.011033105897903442
0.010987910757064819
0.011055910243988037
0.011016005144119262
0.011001663255691529
0.011030597944259644
0.011094894561767578
0.010975985736846924
0.011012864952087403
0.01103012243270874
0.011052640552520752
0.011028625650405884
0.010986994295120239
0.011047897005081176
0.011017144241333007
0.011036924638748169
0.011002238559722901
0.01097941309928894
0.010978323450088501
0.011020157194137573
0.010981379442214965
0.011080985975265504
0.011028531475067138
0.011027619743347167
0.010988690891265869
0.0110117657661438
0.011044248085021973
0.010990869674682617
0.010999977893829345
0.01102357723236084
0.010980442447662353
5.587610441384856
0.010996634368896484
0.011013335971832275
0.010970365142822265
0.010991232872009277
0.010964958467483521
0.01103566177368164
0.010993341627120972
0.011089661464691163
0.011091637239456177
0.011019991683959961
0.010991659326553344
0.011065600519180298
0.010994167747497558
0.011020006256103516
0.010980465421676636
0.011072763671875
0.011060441923141479
0.011016500730514526
0.010996596336364746
0.010954905710220337
0.010990248022079468
0.011038404521942139
0.011054603519439698
0.011014540119171143
0.010981170845031737
0.011000168895721436
0.01107411286354065
0.011085364913940429
0.011020517253875732
0.011002118539810181
0.010983968486785888
0.010992451066970825
0.011015117092132569
0.011040894708633424
0.010994756650924682
0.010998237743377685
0.011019869537353516
0.011035031280517579
0.010991769218444825
0.011014059000015258
0.011097945280075074
0.010991731729507447
0.011011125545501708
0.011001131029129028
0.010977553386688233
0.01097060336112976
0.010962307815551757
0.010988863105773926
0.01097562795639038
5.579649590954338
0.010992715425491333
0.010998798875808716
0.010983001365661622
0.011036732234954834
0.010952786827087403
0.01099628426551819
0.010977870788574219
0.011055219745635987
0.01096952862739563
0.01101310489654541
0.010983508253097534
0.010968651514053344
0.010989671325683594
0.010930610265731812
0.010982476634979248
0.010947242727279663
0.010958638019561767
0.010998305168151855
0.010932445821762084
0.010972264652252197
0.010975195150375367
0.010951549377441406
0.010950501031875611
0.011044503412246704
0.011000856857299804
0.010964477663040161
0.010950846557617187
0.010971583814620971
0.01100016110420227
0.0109648970413208
0.010942159624099732
0.01093575093269348
0.01096048469543457
0.011015635042190552
0.01101578724861145
0.010971199398040771
0.010974397296905518
0.010968210716247559
0.010961720600128174
0.010961645154953003
0.010926365909576416
0.010975360946655273
0.010939139366149903
0.010958841829299926
0.010957563552856445
0.010983223247528076
0.01103250982284546
0.010976894130706787
0.010968438348770142
5.568863898208461
0.010990317487716676
0.010987231674194336
0.011075905570983887
0.01098369815826416
0.010964823036193847
0.011034048776626587
0.010969382362365722
0.010958792877197266
0.010964884738922119
0.010959952917099
0.01101258406639099
0.010993005294799804
0.011048949728012085
0.011007524251937866
0.011033386678695679
0.010957351684570312
0.010973507738113404
0.010960509557724
0.011027024793624877
0.010997042913436889
0.010978063554763794
0.010972988319396972
0.01102475531578064
0.011018728580474854
0.010966903104782105
0.010951220731735229
0.010934890117645264
0.010941879959106445
0.010930991821289062
0.010934947280883789
0.0109347962474823
0.010993019380569458
0.011027887210845947
0.010974240283966064
0.010941991090774535
0.01096208610534668
0.01094828468322754
0.010949969663619994
0.010970563507080078
0.010997987899780274
0.010921183166503905
0.010974815607070924
0.010973693590164185
0.010961756706237794
0.010946047954559326
0.010945131959915162
0.01096687689781189
0.010959107570648193
0.0109350457572937
5.558174157880016
0.010959059686660767
0.01094314003944397
0.010960278406143189
0.010971154479980469
0.010970924854278565
0.010944547424316406
0.01097347568511963
0.010990331687927245
0.010968668088912965
0.010934521713256836
0.010915673532485962
0.010888433208465576
0.010909343633651734
0.010916274528503418
0.010945260620117187
0.01093007884979248
0.010918045997619629
0.010949257783889771
0.010987924079895019
0.01103178768157959
0.01099926242828369
0.010988329334259033
0.010987724304199219
0.010978490867614746
0.011014437246322633
0.010983012371063233
0.010947499437332153
0.010968525285720825
0.010966391868591309
0.010929484424591065
0.01092517318725586
0.01099186463356018
0.010984218006134033
0.010930682287216187
0.0109478950881958
0.010899430074691772
0.010887329387664796
0.010933963508605957
0.01093503490447998
0.010933370609283448
0.010897227506637573
0.010915298042297364
0.010935512008666992
0.010935854358673096
0.010913754634857178
0.010915828104019165
0.010888892879486084
0.010889151554107666
0.010914315595626832
5.551862475798302
0.010947636461257935
0.010883229017257691
0.010952535972595216
0.010931130857467651
0.010901240816116334
0.010902796230316161
0.010925594806671143
0.010891865730285645
0.010897627563476562
0.010921917114257813
0.010905189580917359
0.0109089421749115
0.010921758222579956
0.01090311152458191
0.010905252275466919
0.010945908880233765
0.010896444578170777
0.01090422131538391
0.01095497137069702
0.010909831275939941
0.010911830520629882
0.010916932373046875
0.010892195863723754
0.010891194858551025
0.01089595603942871
0.010941949186325073
0.010909336938858032
0.010923861999511718
0.010971045522689819
0.010923633813858032
0.010939467821121216
0.01088758973121643
0.01092958688735962
0.010944106435775756
0.010899136466979981
0.01089468544960022
0.010951672067642212
0.010938413372039794
0.010923423051834106
0.010903718242645263
0.010915517778396607
0.010925341091156006
0.010943535871505738
0.010951363620758056
0.010942355709075927
0.010947705554962158
0.010907969274520875
0.010890204744338989
0.01090979380607605
5.541952713248656
0.010913097696304322
0.01087218894958496
0.010894576120376587
0.010915364999771119
0.01093104016304016
0.010908991107940674
0.010931965923309327
0.010873340559005738
0.010916316652297973
0.01091002004623413
0.010902468976974488
0.010892778205871582
0.010898552961349487
0.010928812255859375
0.01089915831565857
0.010912189693450928
0.010903207302093506
0.010885021543502807
0.010956664371490479
0.01093008439064026
0.010906565198898316
0.010897199535369873
0.010926276903152466
0.010887073459625245
0.010920980777740478
0.010906091260910035
0.010881181526184083
0.010926227340698242
0.01095520685195923
0.010927157287597656
0.010918659973144531
0.010903018026351928
0.010977403001785279
0.010952666530609131
0.010919194326400757
0.010885499954223632
0.010885013751983643
0.010876285591125488
0.010909404010772705
0.010905500421524049
0.01087742838859558
0.01090657751083374
0.010922087631225586
0.010919040756225585
0.010912591314315797
0.01095140549659729
0.010895202970504761
0.010948672313690186
0.01094356143951416
5.536771484257019
0.010931356496810913
0.010961691360473633
0.010896675386428833
0.010939328718185424
0.010903023853302002
0.010921060857772827
0.010938321580886841
0.010935710525512695
0.01096413007736206
0.010906487169265747
0.010890547666549682
0.010908239345550538
0.010910374355316162
0.01091371132850647
0.010929907464981079
0.010916606302261352
0.01093959433555603
0.010916673669815063
0.010913421821594238
0.010912634286880493
0.010900768013000488
0.01094367018699646
0.010985041971206665
0.010965197143554687
0.010937089700698852
0.010935849447250366
0.010903571090698241
0.01088899706840515
0.010901036081314087
0.010885775051116943
0.010893006229400634
0.010967400197982789
0.010924798803329468
0.010885961084365845
0.010889092121124268
0.010913018217086791
0.010901747941970826
0.010883498106002807
0.010867681875228881
0.010870399084091186
0.010899621515274047
0.010893004207611084
0.010880418539047242
0.010897610931396485
0.010902964820861817
0.010873051538467408
0.010903647298812866
0.010885793170928955
0.010880684289932252
5.536980717452531
0.0108574068069458
0.010906506490707398
0.010868106927871704
0.010862763614654542
0.01091190978050232
0.010855419034957885
0.010903192071914673
0.010884571418762206
0.010852867488861084
0.01087913233757019
0.010927123126983643
0.010856067714691163
0.010883119602203369
0.010863340873718262
0.010854128246307373
0.010885762872695923
0.0108818332862854
0.010870990552902221
0.010920253973007202
0.010882073774337768
0.010858544244766235
0.010900663414001465
0.010880146932601928
0.01085313554763794
0.010829463539123535
0.01088534909248352
0.010923572092056275
0.010871969499588012
0.010930464057922364
0.010862507619857789
0.010877006464004517
0.010895908918380737
0.010882771587371826
0.010871354169845582
0.010923135957717895
0.01089332166671753
0.010936816310882568
0.010889810228347778
0.010858794488906861
0.01086771647453308
0.010869454288482665
0.010858150358200072
0.010884188289642334
0.010875390949249268
0.010856517372131348
0.010858187198638916
0.010841530437469483
0.01084865122795105
0.010851968984603881
5.526366563187432
0.010860333242416382
0.010865706453323364
0.010902678289413452
0.010862686758041381
0.010889009056091309
0.010870339965820312
0.01084334197998047
0.01084409502029419
0.010859615564346314
0.01090451657295227
0.010899824571609497
0.010962895793914795
0.010905061874389648
0.010871694459915161
0.010835789823532104
0.010862044649124146
0.010873001012802124
0.010897247667312622
0.010853173990249633
0.010855740385055542
0.010854464197158813
0.010861972856521606
0.010866295728683471
0.010880529518127442
0.01084895664215088
0.010886220054626465
0.010874649057388306
0.01085935064315796
0.010895214338302612
0.010928328285217285
0.010853535022735596
0.01090130404472351
0.010883074560165405
0.010929075536727905
0.010911885576248169
0.010952330951690674
0.010872994461059571
0.010850878028869628
0.01090383050918579
0.01083383934020996
0.010883430862426758
0.010845007467269897
0.010884596281051635
0.01087537509918213
0.01091243685722351
0.010872129821777344
0.01084688494682312
0.010839835596084594
0.010850054397583008
5.52463199182884
model saved at unlearnable_20211009190056_0.5_512_150
0.010847124586105346
0.010880284481048583
0.010893592662811279
0.010874766759872437
0.010848015651702882
0.010864892978668213
0.01082947473526001
0.010911068334579468
0.010883399734497071
0.010899219818115235
0.010866935615539551
0.010868789825439453
0.010854415683746338
0.010887041053771973
0.01087097682952881
0.01086310266494751
0.010899191980361938
0.010887938413619996
0.01085924521446228
0.010879807291030883
0.01087245849609375
0.010925128059387206
0.010872591819763184
0.01085503454208374
0.010837154226303101
0.010885805044174194
0.010838185453414917
0.010884033737182617
0.010896766757965089
0.010967230958938598
0.010859021310806275
0.010835480785369873
0.01085035264968872
0.010863680782318115
0.010866677055358888
0.010855269804000854
0.010848969240188598
0.010842509822845459
0.010835759181976318
0.010900717506408692
0.01084943070411682
0.010858740577697755
0.01085724781036377
0.010863495454788208
0.010837441024780273
0.010860064821243286
0.010840355072021484
0.010936583747863769
0.010947987022399902
5.513290828036279
0.010921347246170044
0.010829772319793702
0.0108605433177948
0.010831740922927857
0.010823358716964722
0.010859402694702149
0.010869995861053467
0.010864632921218873
0.010858811025619506
0.010854977827072143
0.010879448890686035
0.01088787308692932
0.01087404426574707
0.01084203995704651
0.0108422686958313
0.01084857744216919
0.01086868748664856
0.01082064235687256
0.010849601106643677
0.010858823289871216
0.010852153987884522
0.010850552263259887
0.010835778617858886
0.010833789749145508
0.01082702961921692
0.010827584772109985
0.010852709741592408
0.010827497577667237
0.010891333141326905
0.010864919767379761
0.010841450691223144
0.010932614450454712
0.01090496488571167
0.010863121814727783
0.010892082796096802
0.01090649887084961
0.010869708871841431
0.010898263816833497
0.01088512204170227
0.010875639162063598
0.010860506372451782
0.010878057212829589
0.010826715478897094
0.010857384729385376
0.010867946710586548
0.010817860250473023
0.010855225610733031
0.010831418628692626
0.010845792503356934
5.509991109985666
0.010853611001968385
0.010850049333572387
0.010856710958480835
0.010855736379623414
0.010853084945678711
0.010851585140228272
0.010875332536697388
0.01084495361328125
0.010836860990524291
0.010817149858474732
0.010844114990234376
0.010851296033859252
0.010820040321350097
0.010811099910736083
0.01084289797782898
0.010837142009735108
0.0108415434551239
0.010823750190734864
0.010834679489135742
0.010858521661758424
0.010830118045806884
0.010880272035598755
0.01086852011680603
0.010858654737472535
0.010855689659118652
0.01084518078804016
0.010861829061508179
0.010836423311233521
0.010833455123901367
0.010861894845962524
0.010861743717193603
0.01091620852470398
0.010876841878890991
0.010847999677658081
0.010835077142715454
0.01083151421546936
0.010819560298919678
0.010821098146438599
0.010847575941085815
0.010832683935165406
0.010806049175262452
0.010816193628311157
0.01083994903564453
0.010826704740524292
0.01084998025894165
0.010881986980438232
0.010813958606719971
0.010849543085098267
0.010828361024856568
5.511333834264696
0.010815327100753783
0.010825643033981324
0.010870053815841675
0.010835587568283081
0.01082718313217163
0.010833054819107056
0.010850087938308715
0.010828242616653442
0.010834609422683716
0.010829682788848877
0.010827557497024536
0.010840268077850343
0.010831162796020508
0.010863745756149292
0.010875951261520385
0.010865344505310058
0.010856816244125366
0.010856854362487792
0.010937664623260498
0.010930503816604615
0.010847894468307495
0.010808152809143066
0.010859484071731568
0.010880183095932007
0.010835405406951904
0.010826913576126099
0.010840378847122193
0.010860696687698365
0.01084789813041687
0.010843144779205323
0.010856754722595214
0.010887272090911865
0.010852138156890869
0.010850166301727296
0.010812164278030395
0.010827130937576293
0.010837828321456909
0.010849653968811036
0.010834308347702026
0.010852109317779541
0.010800163803100586
0.010809368324279785
0.010813399333953857
0.010836541194915771
0.010823102474212646
0.01082600131034851
0.010812328367233276
0.010818126487731934
0.010819550313949586
5.5071702003479
0.01082098795890808
0.010809698705673217
0.010811554794311524
0.010803386163711548
0.010842016096115112
0.010834062004089356
0.010831249055862427
0.010818332405090333
0.010819298019409179
0.01081672381401062
0.01082883412361145
0.010842577209472657
0.010884587087631226
0.010872309322357178
0.01082183939933777
0.010848307552337646
0.010803494806289672
0.010826563987731934
0.010818479146957398
0.010859735708236694
0.010827468643188476
0.010863780517578124
0.01082946888923645
0.010847272567749023
0.010816180486679077
0.010833544807434082
0.010818838729858398
0.010798280868530274
0.010810735712051392
0.01081681643486023
0.01082979271888733
0.010828242988586426
0.010831523208618164
0.010819296159744262
0.010800396699905396
0.010838903169631958
0.01080950397491455
0.01082695779800415
0.010852560997009278
0.010834018936157227
0.01084027762413025
0.010867189989089966
0.010856004848480224
0.010846096515655518
0.010836079378128052
0.01083867817878723
0.010794580659866333
0.010887503061294556
0.010867083692550659
5.503293941930397
0.010845836448669434
0.010834580936431885
0.010821150817871094
0.010818881540298461
0.010800523614883423
0.01083282473564148
0.010841003885269165
0.010787956085205079
0.01080248390197754
0.010798286504745484
0.010810529489517213
0.010808358173370362
0.010810343351364136
0.010817661857604981
0.010805816411972046
0.010796283559799195
0.010786776399612426
0.01079778998374939
0.010843369188308716
0.010853084478378296
0.010808429079055786
0.010784405555725098
0.010799515714645385
0.01080853726387024
0.010827304229736328
0.010827631254196167
0.010832604484558106
0.01084033667564392
0.010822333736419677
0.010809980926513672
0.010793325653076172
0.01084684591293335
0.01080441668510437
0.010805517625808716
0.010814677839279176
0.010813126583099365
0.01083565797805786
0.01081422845840454
0.010796071157455444
0.010816149225234986
0.010819989881515503
0.010807170467376708
0.010787950105667115
0.010806154956817627
0.010792212753295899
0.010812111644744873
0.010816624307632446
0.010819430608749389
0.010790445051193238
5.496098444633877
0.010815928449630738
0.010813259181976318
0.010830533390045166
0.010815654506683349
0.010831442584991455
0.010851416559219361
0.010821679620742798
0.010844234085083008
0.010805413274765014
0.010832730131149292
0.010810443334579468
0.010801316061019898
0.010809668998718262
0.010769113149642944
0.010810770444869996
0.010802191581726074
0.010826988525390624
0.010805417585372925
0.010815080814361572
0.010873155469894409
0.010782264137268066
0.010828405447006226
0.010803288297653198
0.010800205173492432
0.01087052755355835
0.010809661598205567
0.010816674184799195
0.010816892528533935
0.010805252704620362
0.010833714580535888
0.01084449773788452
0.010879374370574952
0.010815689792633056
0.010808718194961547
0.010802453804016112
0.010782186498641967
0.010800267391204835
0.010806260042190551
0.010768077039718629
0.010792983531951903
0.010823161201477052
0.0108257688331604
0.010851093597412109
0.010839092845916748
0.010821583709716797
0.010808356227874755
0.010839955244064331
0.010828947677612305
0.010832272291183472
5.492864947958091
0.01086415090560913
0.0108244584274292
0.010802461080551147
0.010810733013153075
0.010795569276809693
0.010801859436035156
0.0107903964138031
0.01079827733039856
0.010814779405593873
0.010824101705551148
0.010823804006576537
0.010849915599822998
0.01079665554046631
0.010797938508987427
0.010787891492843628
0.010800650196075439
0.010799663791656495
0.01077210503578186
0.010786547670364379
0.010783639583587646
0.010773546924591064
0.010781804857254029
0.010780582695007325
0.010793868951797486
0.010809787950515747
0.010786627807617187
0.010788017044067382
0.010792785768508912
0.01079549792289734
0.01079271541595459
0.010795438070297241
0.010796768636703492
0.010781120481491088
0.010790848569869995
0.010783119926452638
0.010803951930999756
0.010840138263702392
0.010791020631790162
0.010784297704696655
0.010795217504501343
0.010771401796340943
0.010789824314117432
0.010785784244537354
0.010806181907653808
0.010784052352905273
0.010815459184646607
0.010844662828445435
0.010794925260543823
0.010794033727645874
5.488442062102642
0.010856785469055176
0.01083114583015442
0.010777149333953857
0.01080485920906067
0.010799883012771606
0.010803237085342407
0.0108246919631958
0.01081493745803833
0.010787192373275757
0.010809753894805908
0.010795571460723878
0.010829393844604492
0.010804040126800538
0.010765921850204467
0.010795694732666016
0.010830869874954224
0.010784276113510132
0.010788537015914918
0.010788037424087524
0.010776234979629517
0.010792447538375854
0.010828407564163207
0.010819277639389039
0.010789450798034669
0.010774435043334961
0.0107849307346344
0.010795406017303466
0.010781338357925415
0.010799639291763306
0.010811319398880005
0.010810254306793212
0.010795751180648804
0.010806354608535766
0.010798589744567872
0.010795367879867554
0.010804443588256836
0.010813894443511963
0.010795887069702149
0.010782902965545654
0.010778508043289184
0.010798377981185913
0.010792394704818726
0.010775852117538452
0.010797147016525269
0.010797155151367187
0.010848006868362427
0.010793885173797608
0.010774397573471069
0.010764833431243896
5.487707678804693
0.010797031564712524
0.010782093086242676
0.01081078532218933
0.010772916584014892
0.010797575702667237
0.010778457956314087
0.010801143636703491
0.010797721824645995
0.010796094179153443
0.010782159280776978
0.010797867593765258
0.010808725776672364
0.010800837631225586
0.01079973663330078
0.010791573457717895
0.010783362798690795
0.0107690580368042
0.01077646378517151
0.010778712778091431
0.01080082389831543
0.010834553861618043
0.010839005193710328
0.010790295677185058
0.010783414363861083
0.01081016944885254
0.010793880300521851
0.010845126552581788
0.010780616121292115
0.010779585571289062
0.01076820463180542
0.010768857402801514
0.010784313240051269
0.010845477323532105
0.010790050811767577
0.010844318265914917
0.01080621943473816
0.010812158269882202
0.010774230709075927
0.010768405752182008
0.01077438684463501
0.01077591163635254
0.010773108654022217
0.010775763521194458
0.01080597951889038
0.010803268737792969
0.010779867668151855
0.010806315279006959
0.010809237308502197
0.010820945472717286
5.484669385497103
model saved at unlearnable_20211009190056_0.5_512_150
0.01082252158164978
0.010816483516693115
0.010794802360534667
0.010795758018493652
0.010784343423843384
0.01076626326560974
0.010786288681030274
0.010780779781341553
0.010772932624816895
0.010787779102325439
0.010806402378082275
0.010790359582901001
0.0108163978099823
0.010810084018707275
0.01078302954673767
0.010766383314132691
0.010772853298187255
0.010779938497543336
0.010788975124359132
0.01077537368774414
0.01076394100189209
0.010780799512863159
0.010774726657867432
0.010768096828460694
0.010770106601715087
0.010797976474761963
0.010813012828826905
0.010823358240127564
0.010805089473724366
0.010819872045516968
0.010811001949310303
0.010793861656188964
0.010781879510879517
0.010780683650970459
0.010788830308914185
0.010766186513900758
0.010750183343887328
0.010790671272277832
0.010844957551956177
0.010837553777694702
0.010804405450820924
0.010774150505065918
0.010796552925109863
0.010766176071166993
0.010772550487518311
0.010805287170410157
0.010803072519302369
0.010760908317565918
0.010771677379608154
5.483460219864993
0.010788035669326783
0.010773757820129395
0.010805638103485107
0.010770863847732544
0.01077716980934143
0.01079438959121704
0.01079162579536438
0.010776281633377075
0.010790012922286988
0.010809146671295166
0.010798718147277833
0.010766291656494141
0.010781476917266846
0.010776881227493287
0.010754911241531372
0.010754368696212768
0.010761789827346801
0.010770491609573364
0.010761705131530762
0.01078595425605774
0.010763181943893432
0.010767713203430175
0.010764769258499146
0.010775269870758056
0.010770267477035522
0.010809690485000611
0.010762341899871826
0.010780921859741211
0.010775111398696899
0.010791517744064331
0.01084051396369934
0.010753364696502685
0.010758414649963379
0.010774242706298828
0.010795122213363647
0.010773762760162354
0.010776291046142578
0.010799337635040283
0.010769704399108886
0.010747558574676514
0.010755035028457642
0.010772611751556397
0.010797987146377563
0.010837930221557617
0.010811726398468018
0.010789807300567627
0.01077774866104126
0.010759058227539062
0.010752508459091186
5.481704294067068
0.010795551500320435
0.010882021913528443
0.010795928344726563
0.010773260622024536
0.010774685144424439
0.010811324939727784
0.010791717567443848
0.010806583404541015
0.010779536018371581
0.010800457496643066
0.01079062837600708
0.010751156969070435
0.010781681985855102
0.010788556661605836
0.0107409188747406
0.010766772193908692
0.010763673295974732
0.010785151090621949
0.010771357154846192
0.010789176921844482
0.010791557893753051
0.010780584154129028
0.010782566328048707
0.010777781963348389
0.01080306939125061
0.010781370944976807
0.010785922956466675
0.010788373985290527
0.010816961717605591
0.010780495834350586
0.010783916311264038
0.010785168828964234
0.010785500030517578
0.010805418014526367
0.010786041774749755
0.010769282293319702
0.010774284191131592
0.010807033624649048
0.010762903928756715
0.010786872596740722
0.010795861854553222
0.010772540416717529
0.010788530445098877
0.010736332521438598
0.010775224657058716
0.010797271041870117
0.010753787460327149
0.010768741912841797
0.010747441396713258
5.481805599841875
0.010750117931365967
0.01076188039779663
0.010764526090621947
0.01077368558883667
0.010787142448425293
0.010762363872528076
0.010758906717300416
0.010772189168930054
0.010752150459289551
0.010757981691360474
0.010738232889175414
0.010745839586257935
0.010746298732757568
0.010743440961837769
0.010762684268951416
0.010773531732559204
0.01077837082862854
0.010745779485702515
0.010758080434799195
0.010775504522323608
0.010751836071014405
0.010741948652267456
0.010742369995117188
0.010741202907562256
0.010748901681900024
0.010764450149536134
0.010763524761199952
0.010762113084793091
0.010770090427398682
0.010747231407165528
0.010751296300888061
0.010787819328308105
0.010767306766510009
0.010786787242889404
0.01076218822479248
0.01077231162071228
0.010768315076828003
0.010767381649017334
0.010786401720046997
0.010761620635986327
0.010755881328582764
0.010763148565292358
0.010751620044708253
0.010774343690872193
0.01075805814743042
0.010742889328002929
0.010757069683074952
0.010763388004302979
0.010771417293548583
5.472254920251591
0.01074656834602356
0.010744475536346436
0.010763919687271119
0.010782440967559814
0.010760155725479127
0.010776090860366822
0.010783146572113038
0.010759706230163575
0.010749517278671265
0.01074985188484192
0.010782602376937867
0.010773695487976074
0.010765799484252929
0.010740489416122436
0.010759072923660278
0.010775718975067138
0.010747083787918091
0.010803718929290771
0.010790366878509521
0.010753561506271362
0.010741917934417724
0.010750207138061523
0.01074062339782715
0.010738043069839477
0.010755179271697998
0.010775543642044067
0.010750704765319825
0.010745953845977783
0.01075009394645691
0.010754396905899048
0.01074816123008728
0.010746469287872314
0.010754089603424073
0.010733472385406494
0.010757008924484253
0.01073663462638855
0.010760956964492798
0.010757580528259278
0.010805583686828614
0.01074293378829956
0.010771404790878295
0.010767554893493653
0.010736327266693116
0.010745623035430907
0.010787194375991821
0.010780151767730712
0.010738997144699097
0.010783862571716308
0.010764378881454468
5.475445304949259
0.010764329900741576
0.010748280420303345
0.010764114236831665
0.010793437814712524
0.01077487087249756
0.010773379640579223
0.010759031734466552
0.01075375002861023
0.010758290548324586
0.010763938465118408
0.010758789625167846
0.010767934856414795
0.010768271436691285
0.01073621946334839
0.010744418878555298
0.010764941120147704
0.010795435037612915
0.010756584873199464
0.01076955530166626
0.010766253309249877
0.010748344640731811
0.010787780055999755
0.010757857837677002
0.0107797847366333
0.010756099214553833
0.010745740261077882
0.010760090608596801
0.010750811653137207
0.010757543783187867
0.010792611169815064
0.010781484918594361
0.010791416158676147
0.010757084350585937
0.010765258893966675
0.010766869964599609
0.010751942234039307
0.010733160219192505
0.01074683168411255
0.010748236141204834
0.010749604635238648
0.01075960111618042
0.010781596612930298
0.010756711502075196
0.010756484394073486
0.010745004243850708
0.010774433536529541
0.010753559522628783
0.010795675868988037
0.01079944585800171
5.47037693397286
0.010759226751327514
0.010755442609786987
0.010772542152404785
0.010756020402908325
0.010760537109375
0.01076377667427063
0.010760665235519409
0.010757614307403565
0.010776143493652343
0.01075350884437561
0.010770470085144044
0.010804479856491089
0.010771941843032836
0.01076236777305603
0.010744621276855468
0.010748323516845704
0.01074767728805542
0.010743065166473388
0.010750851554870605
0.010763221549987793
0.010802209844589234
0.010756146450042725
0.010722255983352661
0.010753369693756103
0.01078379560470581
0.01077575041770935
0.010789347352981567
0.010741764574050903
0.010755692567825317
0.010747153339385987
0.010752673225402833
0.010781544284820557
0.010750083017349242
0.010746682844161987
0.010748133010864257
0.010761328668594361
0.010773354139328003
0.010755022840499878
0.010743876266479492
0.010755018844604492
0.010726785335540771
0.010735858430862426
0.010745496492385865
0.010750407657623291
0.010745463571548462
0.010735208711624146
0.0107377472114563
0.010716857700347901
0.010738307466506959
5.471282767266342
0.010738148384094238
0.010740653858184814
0.010722500200271606
0.010746125450134278
0.010746046266555787
0.010719035053253174
0.010766821784973145
0.010718389539718627
0.010718547801971436
0.010736267070770264
0.010756508741378784
0.010755686388015747
0.01075891541481018
0.010770285196304321
0.010782188806533814
0.01076315839767456
0.010773994436264037
0.010761443195343017
0.010802518529891968
0.010763044996261597
0.010765412073135376
0.01076584083557129
0.010794827909469604
0.01078505347251892
0.010751040515899658
0.010762335624694825
0.010729134311676025
0.010777334632873534
0.010780590038299561
0.010756494522094727
0.010758342475891114
0.010736227016448975
0.010735045127868652
0.010741416006088257
0.010755424728393555
0.01076559471130371
0.010722179126739503
0.0107656356716156
0.0107371031665802
0.010727280607223512
0.010741457500457763
0.0107341086769104
0.010736221466064453
0.010740188627243042
0.010739512119293212
0.010758466320037841
0.010751970462799073
0.010754298791885376
0.010747401514053345
5.467999099456158
0.010733688297271728
0.010741229228973389
0.010753001317977906
0.010762535362243652
0.01075137674331665
0.010709910678863526
0.010743935317993164
0.010740838384628295
0.010752926025390625
0.010754471044540406
0.01073832766532898
0.010745728645324706
0.010750082197189332
0.01075935564994812
0.010746214418411254
0.010745149641036988
0.010741697902679443
0.010795938777923585
0.01080705491065979
0.0107790274143219
0.010766130514144897
0.010800963659286499
0.01073080584526062
0.010753840532302857
0.010730101652145385
0.010760494804382324
0.010763875913619995
0.010777140350341797
0.010744664859771729
0.01071798586845398
0.010729617919921875
0.01074786003112793
0.010746173992156983
0.010767193489074707
0.010747698965072631
0.010756176443099976
0.010742498750686646
0.010753307523727417
0.010754721632003784
0.010755185451507568
0.010750125455856322
0.010751409883499145
0.010741852321624756
0.010747355165481568
0.010725321674346923
0.010712420949935913
0.010709867744445802
0.010729556875228882
0.010723612060546875
5.4655374399165515
0.01073326663017273
0.010720993547439574
0.010755024433135986
0.010755667724609374
0.010764464197158813
0.01074306258201599
0.010762565517425536
0.010740291996002196
0.010750694265365601
0.010734690790176391
0.0107431379032135
0.010800996608734131
0.010774691171646119
0.010761506109237672
0.010729620952606201
0.010777863845825195
0.010748738298416138
0.010748422870635986
0.010779994096755981
0.010753132495880127
0.010772520408630372
0.010740297718048096
0.010741449661254883
0.010741518030166626
0.010744584493637086
0.010748923873901367
0.010733479070663451
0.010738598737716674
0.010735554285049438
0.010743251028060914
0.01074150728225708
0.010751996250152588
0.010714023694992065
0.010713212156295776
0.010734476499557496
0.010732071809768677
0.010743297424316406
0.010745657320022584
0.010729133396148682
0.010740023279190063
0.010751710052490234
0.010744257364273072
0.010718917427062989
0.010713574542999267
0.0107204550075531
0.010746723461151122
0.010740379934310913
0.010726468734741212
0.01074184986114502
5.460397936634181
model saved at unlearnable_20211009190056_0.5_512_150
0.010735913791656494
0.010704448585510253
0.010730833902359009
0.01072738971710205
0.010731588163375855
0.01075612642288208
0.01072491442680359
0.010721914386749267
0.010726538276672363
0.010730992794036866
0.010713420629501343
0.010714580278396606
0.010715410537719726
0.01073119737625122
0.010723432006835938
0.01073987931251526
0.010723236865997314
0.010746796064376831
0.010755836181640626
0.010734660387039184
0.010732852392196655
0.010725299530029297
0.010710527563095092
0.010729625749588013
0.010727579412460327
0.010744317932128907
0.010724618043899537
0.010736779413223266
0.010755057525634765
0.01072726209640503
0.010730506067276002
0.010719418392181396
0.010726609859466553
0.010737004699707032
0.010741828384399413
0.010730459012985229
0.010733350286483765
0.010753965644836426
0.010771203508377075
0.01073483009338379
0.010745587587356567
0.010727994890213012
0.010729890956878662
0.010745878705978394
0.010711795873641967
0.010714414358139038
0.01071776900291443
0.010721109676361085
0.010715684547424316
5.460153943484592
0.010745762386322022
0.010750524892807006
0.010711696500778198
0.010708265962600707
0.010708005352020263
0.010736661043167114
0.010733294382095337
0.01074042064666748
0.010710918130874634
0.010730432462692261
0.010736213455200195
0.010727583694458007
0.010727303619384766
0.010726199502944947
0.010716235361099244
0.010718436641693115
0.010723332767486573
0.010737938346862793
0.010753312387466431
0.010732942295074464
0.010739668397903442
0.010714730377197265
0.010716728944778443
0.010728233165740966
0.010735503969192504
0.010724083042144776
0.010724315099716187
0.010731209430694581
0.010731150360107421
0.010731027917861938
0.010756002426147462
0.010745241298675537
0.010717021379470825
0.010721917972564698
0.010717031545639038
0.010746379203796386
0.010727951431274413
0.010726816759109498
0.010733406620025634
0.010736680507659913
0.010708279676437378
0.010716638526916504
0.01072862977027893
0.010785297689437865
0.010746244821548461
0.010735256109237671
0.010714844284057617
0.010714170742034913
0.010715471000671387
5.458014738928411
0.010715500574111938
0.01071270269393921
0.010715104999542237
0.010708229827880859
0.010716034688949584
0.0107117848777771
0.01070859642982483
0.01073823823928833
0.010731360654830933
0.010715261602401733
0.01072110221862793
0.010716434907913209
0.010704663314819335
0.010699592485427857
0.010705567235946655
0.010717756853103638
0.010713753623962402
0.010731743412017823
0.010731172609329223
0.010734511451721192
0.010735079984664917
0.010723512401580811
0.01073045334815979
0.010736103086471558
0.010716199989318848
0.01073159101486206
0.010735340242385864
0.010723591537475586
0.010734836235046386
0.010718707609176635
0.01073868353843689
0.01071102578163147
0.010712790546417236
0.010707531814575195
0.010697502326965333
0.01070184772491455
0.010726305932998658
0.010720990858078002
0.010723150615692139
0.010735314741134644
0.010709851331710816
0.010720970964431763
0.010736037759780884
0.010728063430786132
0.010717228116989136
0.010729072523117066
0.01073459285736084
0.010735334167480468
0.010723060474395751
5.452771948784897
0.010769809589385986
0.010743921852111817
0.010772787256240845
0.01073176869392395
0.010756518354415894
0.010774655513763427
0.010773865461349487
0.010738452644348145
0.010727917461395264
0.010735894470214844
0.010704790735244751
0.010721075830459595
0.010730507144927978
0.010729164323806762
0.010721192550659179
0.010739766702651978
0.010731635265350342
0.010722485132217408
0.01073925136566162
0.010711067848205566
0.010695824155807495
0.01070821879386902
0.010746026763916016
0.01070432954788208
0.010707581901550293
0.010716471738815308
0.010767499418258667
0.010739427042007445
0.010761766233444214
0.010728060483932496
0.010716839513778687
0.010726642904281616
0.010753372783660889
0.010711820344924928
0.010738715419769286
0.010728075637817382
0.010717596282958984
0.010702714624404907
0.010701594619750976
0.01071563201904297
0.010705421590805054
0.010724112644195557
0.010714684801101685
0.010714024820327758
0.01070760516166687
0.010708105325698852
0.01072338623046875
0.01070925853729248
0.010705232181549073
5.45662225644613
0.010702930650711059
0.010699993934631348
0.010691958770751953
0.010717216806411743
0.010698553895950317
0.010699714946746826
0.010700255756378174
0.010766650896072387
0.010748415575027466
0.010743769454956054
0.010724228239059448
0.01073710654258728
0.0107095210647583
0.010713012762069702
0.010716992540359497
0.010737105417251588
0.01072318356513977
0.01070232964515686
0.010690191345214844
0.010687223691940308
0.010689551858901978
0.010688418769836425
0.010698465728759765
0.010697986431121825
0.010691734418869019
0.010712245225906372
0.010699565305709839
0.010694527921676637
0.010717473125457764
0.010739500675201416
0.010714287366867066
0.010712746362686158
0.010729141893386841
0.010716636505126952
0.010719861154556275
0.01071404525756836
0.010718301210403442
0.010734573545455933
0.010754945888519288
0.010717457256317139
0.010733707761764527
0.01070076491355896
0.010713699932098388
0.01071399531364441
0.010709242210388183
0.010722058792114257
0.010696573190689087
0.010705962743759156
0.010713482236862183
5.4510733466787435
0.010717910070419312
0.010723364133834838
0.010709961404800416
0.010719549465179444
0.010743058099746704
0.010732985258102417
0.010711480808258057
0.010697440090179443
0.010745013284683228
0.010738635139465331
0.010706049203872681
0.01070762755393982
0.01070840474128723
0.010728351068496704
0.01071723937034607
0.01070822413444519
0.010703152208328248
0.01072007544517517
0.010713768301010132
0.010691508455276489
0.010712444152832032
0.010728593845367432
0.010713213205337524
0.010745705709457397
0.010695910501480102
0.010691125202178955
0.010727483749389649
0.01069538088798523
0.010713032789230347
0.010722343416213989
0.010702791805267333
0.01071319459915161
0.010711140871047974
0.01069262643814087
0.010710607442855836
0.010727152919769287
0.010717798309326171
0.010695198307037353
0.010691356143951416
0.010707103128433228
0.010707075242996215
0.010727432174682618
0.010695635175704956
0.010711844291687011
0.010702220001220702
0.010709911851882935
0.010700604734420777
0.010709434280395507
0.010711554498672485
5.453650848152711
0.010757468967437744
0.010695572843551635
0.010726641426086425
0.010705208616256713
0.010700419540405274
0.01069789176940918
0.010710619354248047
0.010699584093093873
0.01072868649482727
0.010703034334182739
0.010680817861557007
0.010728088216781615
0.010723893346786499
0.010722076482772827
0.010695405044555665
0.010698525247573852
0.010695060615539551
0.010713837842941285
0.010745734796524048
0.010710796213150025
0.010743242282867431
0.010701321849822998
0.010744450063705445
0.010707786340713501
0.01071911834716797
0.010717917413711548
0.010712350072860718
0.010709702806472779
0.010712159357070922
0.010700615243911743
0.01071317985534668
0.010716367406845093
0.010712356767654418
0.010692784719467163
0.010736710472106933
0.010718393907546997
0.010708862705230714
0.010698607139587403
0.010725199575424194
0.010722880182266236
0.010709515504837036
0.010703880233764649
0.0106970587348938
0.010700075216293336
0.010728130617141724
0.01070273603439331
0.010718164529800416
0.010705664386749268
0.010704908494949341
5.449479058845756
0.010714787874221803
0.010700495691299439
0.010736595506668091
0.010717088899612428
0.010705249118804931
0.010727853479385376
0.010708264513015747
0.010699611015319825
0.010713392686843872
0.01070275855064392
0.010700496034622193
0.01071345672607422
0.010698864774703979
0.010715873565673828
0.01067689974784851
0.010692408590316772
0.010690702304840087
0.01071047022819519
0.010699039869308471
0.010713126707077027
0.010690399026870728
0.010696743373870849
0.010707055234909058
0.010693357810974122
0.01070432804107666
0.010693190584182739
0.0106993865776062
0.010705478391647339
0.010709960861206055
0.010691401872634888
0.010699103298187256
0.010719968128204346
0.010716640586853027
0.010688830823898316
0.010690077571868897
0.0106843785572052
0.010698067731857299
0.010683171062469483
0.010703971824645997
0.010701059494018554
0.010709670095443725
0.01070903193473816
0.010696622905731201
0.010696323080062867
0.010697321491241455
0.010713730754852295
0.010704776945114135
0.010723210506439209
0.010715694179534913
5.446478681466014
0.01072149341583252
0.010697251262664794
0.01070153437614441
0.010716041345596313
0.01069959418296814
0.01071768014907837
0.010699237928390504
0.010694585361480713
0.010747459421157837
0.010726606817245483
0.010757653522491455
0.01075137505531311
0.010686219234466552
0.010726636543273925
0.010714115076065064
0.010709913921356201
0.010711986694335937
0.010722948217391969
0.010722587366104127
0.010708651914596558
0.010726522207260131
0.010730446004867554
0.010719287996292114
0.010726800537109374
0.010694069280624389
0.01070249981880188
0.010714181318283082
0.01071470615386963
0.010714548234939576
0.010700639095306396
0.010705413341522217
0.010719330987930297
0.010717363567352294
0.010710570650100708
0.010709979944229125
0.010697918081283569
0.010716915111541749
0.01068192756652832
0.010688977785110474
0.010691796369552612
0.010697761764526368
0.010696640367507934
0.010699997472763062
0.010707545804977417
0.01074294285774231
0.010721348037719727
0.010747538108825684
0.010703491458892822
0.010704938344955445
5.45174599677017
0.010723566188812256
0.010692716522216797
0.010735091238021851
0.010686228733062745
0.010701098260879517
0.010707478761672974
0.010732936725616454
0.010692863664627076
0.010731357402801513
0.010700066843032837
0.010734370861053466
0.010699705324172974
0.010695527715682983
0.010708302345275878
0.01070590205192566
0.010695238981246948
0.010693823261260987
0.010692423038482666
0.010689045152664185
0.010696781558990478
0.01069906702041626
0.010680722074508667
0.01069328161239624
0.0107113494682312
0.0107125772190094
0.010697797384262084
0.01067614595413208
0.010688187379837037
0.010699847774505616
0.010695371160507202
0.010691081037521363
0.010703366861343384
0.010685585947036743
0.010680214328765869
0.010684952182769776
0.010676002645492554
0.010681607456207276
0.010689021100997925
0.01069796498298645
0.01070888072013855
0.010697544116973877
0.010714830837249755
0.010691164932250977
0.010705951862335205
0.010688512325286866
0.010696701679229736
0.010692963819503784
0.01071278615951538
0.010701435384750366
5.445301950592356
model saved at unlearnable_20211009190056_0.5_512_150
0.010707669372558595
0.010701815929412842
0.010693059291839599
0.010699096384048461
0.01068521032333374
0.010689568605422974
0.010698705930709838
0.010693058605194091
0.010700404844284058
0.01069246940612793
0.010679991912841797
0.010695572862625123
0.010695518178939819
0.010696911973953248
0.010695704202651977
0.010710300207138061
0.010688455371856689
0.010704646854400635
0.010693591375350952
0.010675602235794068
0.010700500183105468
0.010696471662521361
0.010674355163574218
0.01067451256752014
0.010677028694152832
0.010684884958267213
0.010677846899032593
0.010707413568496704
0.010692873430252076
0.010687688817977905
0.010691315050125123
0.010692415065765381
0.010685156192779542
0.010702484912872314
0.010705812492370605
0.010697753887176514
0.010708118324279784
0.010680081176757813
0.010686587600708009
0.010674665966033935
0.01069368673324585
0.01071889313697815
0.010707161722183228
0.010687137708663941
0.010676119213104247
0.010697891235351562
0.010689918975830078
0.010677655944824218
0.010678798990249634
5.446229202231181
0.010719969520568848
0.010679037284851074
0.01068223258972168
0.010683606939315795
0.010701487026214599
0.01068817762374878
0.010703466072082519
0.010695018301010132
0.010698091802597046
0.010678598508834838
0.010688896999359132
0.010682900018692017
0.010678133153915406
0.01070104160308838
0.010691044607162475
0.010675643377304077
0.01067340497970581
0.010690708360671998
0.010702022466659546
0.01071005226135254
0.010705452156066895
0.010703555994033814
0.010676220474243164
0.010687562150955201
0.01068882942199707
0.010729573993682861
0.010695040130615235
0.010730730724334716
0.010693708753585815
0.010688381061553955
0.010688104448318482
0.0106819793510437
0.010688092012405396
0.010695040683746338
0.010685204381942748
0.010686101026535035
0.010683688611984253
0.010697108316421509
0.010679370622634887
0.010689075565338135
0.010675508422851563
0.010685430574417114
0.010681820430755615
0.010697159700393677
0.010684630289077759
0.010673646507263183
0.010677547960281373
0.010684557933807372
0.010695746994018554
5.437737169953966
0.01069048402786255
0.01067411608695984
0.01069207257270813
0.010711387014389038
0.010679690942764282
0.01071237003326416
0.010678176736831664
0.010710677223205567
0.010683917665481567
0.010705091915130615
0.010692606420516967
0.010704517250061035
0.010695039339065552
0.010686781034469605
0.010686997423171998
0.010680741300582886
0.010677436933517456
0.0106757008934021
0.010688128032684326
0.01070203631401062
0.010692636604309082
0.01067189250946045
0.010681370086669922
0.010667251052856446
0.010670647096633911
0.010687175979614258
0.010680631132125855
0.010685615701675415
0.010688766946792603
0.010694761695861817
0.0106976504611969
0.010691530838012695
0.010705977878570557
0.0106776051902771
0.010678922719955445
0.010696528511047363
0.01068615496635437
0.01068326111793518
0.010707289352416991
0.010709666357040406
0.010673162317276
0.010675113277435302
0.010667751560211181
0.01068625792503357
0.010679311103820801
0.010679086790084839
0.010670126581192017
0.01067143177986145
0.010672202129364013
5.43690094013804
0.010686909761428833
0.010693376531600952
0.010666104555130005
0.010679340705871582
0.010687578563690186
0.010682261714935302
0.010661078777313232
0.01067708556175232
0.010675168237686158
0.010679692468643188
0.010684632844924926
0.010677845849990845
0.010670855283737183
0.010669120664596557
0.0106762486743927
0.010687337703704834
0.01069994589805603
0.010717631893157959
0.010694044761657714
0.010687237272262574
0.010676949605941772
0.010677304468154908
0.010718381414413452
0.010683150281906128
0.010713234062194824
0.010683869323730468
0.01071312566757202
0.010705780782699586
0.010733173131942749
0.010778307790756225
0.010671090602874756
0.010712982635498048
0.010685939216613769
0.010668654832839965
0.010665580701828003
0.010689652833938598
0.010710285663604737
0.010701864881515503
0.010687657403945923
0.010687943592071533
0.010691221923828126
0.01071175745010376
0.0107246471118927
0.010670153284072876
0.010674153661727906
0.010680248422622681
0.01068185549736023
0.010673368072509766
0.01066646572113037
5.438226758819265
0.010661101779937744
0.01069017819404602
0.010687831373214721
0.010692172288894653
0.01069152317047119
0.010700494356155395
0.010693633451461793
0.010686389961242675
0.01068930362701416
0.01070322241783142
0.010682060575485229
0.0106922918510437
0.010691315307617187
0.010679044828414917
0.010665978803634643
0.010671993465423584
0.010674173555374146
0.01067185643196106
0.010693043756484985
0.010696314153671265
0.010681802978515625
0.0106947500705719
0.010694261350631715
0.010686310558319092
0.010679922714233398
0.010680606155395508
0.010697858715057374
0.010662132472991944
0.010681080808639526
0.010683451156616211
0.010673803014755248
0.010670054559707641
0.010680868482589721
0.010690699453353882
0.010666296796798706
0.010696371059417724
0.010685386600494385
0.010670271739959717
0.01066809609413147
0.010673066034317016
0.010674569234848023
0.010666094655990601
0.01067734546661377
0.010663318281173706
0.010667388305664062
0.01069503023147583
0.01068342080116272
0.010703595809936524
0.01071957426071167
5.4370455299456095
0.010691453666687011
0.010709910554885864
0.010725005741119386
0.010701844129562378
0.010701754055023193
0.010699073371887207
0.010673280191421509
0.01069835105895996
0.010694710178375245
0.01065729284286499
0.010704994058609009
0.010666394834518433
0.010730329999923707
0.010706288890838623
0.010684230747222901
0.010709461822509765
0.010748009357452393
0.010700697937011719
0.010701791563034057
0.010665480289459229
0.010669365253448486
0.010690786209106445
0.010680199222564697
0.01066685133934021
0.010679629945755005
0.010676760368347167
0.010660221548080445
0.010666350317001343
0.010680564413070678
0.010664933023452759
0.01066779990196228
0.01067753080368042
0.010670722379684448
0.010687801284790039
0.010674392623901368
0.01067552004814148
0.010665523042678832
0.010690166187286377
0.010694718675613403
0.010675383052825928
0.01067952172279358
0.010672132511138917
0.010685931215286255
0.010674847812652587
0.010649899158477784
0.010670324468612671
0.010650391864776612
0.010666996202468871
0.010679851207733154
5.436784346079089
0.010665097150802612
0.010669387168884277
0.010690312023162842
0.010683851537704467
0.010662969961166382
0.01064987790107727
0.010658076677322388
0.010672529048919677
0.010684964809417725
0.010675955381393433
0.010678544292449951
0.010673630151748657
0.010683796367645264
0.010670523386001586
0.010697972555160522
0.010677977886199952
0.010682464008331298
0.0106843284034729
0.010663612737655639
0.010671037979125976
0.010678285570144653
0.010683155431747436
0.01067377890586853
0.010669622383117677
0.010675283088684082
0.010672744255065918
0.010670908393859863
0.010682084283828734
0.010691906414031982
0.010695658311843872
0.010686771488189696
0.010685432310104371
0.010668234052658081
0.010675189247131348
0.010687911529541015
0.010671490726470948
0.010676959238052368
0.010666371927261352
0.010693365516662598
0.010701628732681275
0.010689323453903199
0.010699379692077637
0.01067352451324463
0.010691824321746826
0.010692520818710327
0.010678923301696777
0.010664267673492432
0.010704017562866212
0.010702029371261596
5.43518337761004
0.010666489191055298
0.010667662124633789
0.010673770980834961
0.010667815895080566
0.010669608478546143
0.010678749094009399
0.010695856819152832
0.010670352096557617
0.010659485397338866
0.010650869884490967
0.010663588666915894
0.010665153579711914
0.010670672798156738
0.010674864778518678
0.010709951066970825
0.010688249130249024
0.010682773551940918
0.010674224033355714
0.010663229894638061
0.010679133224487304
0.010674780044555665
0.010680029497146606
0.010668020896911622
0.01066863182067871
0.010663355083465576
0.010669223403930663
0.010677744054794311
0.010712102336883545
0.010700779266357421
0.010658093614578246
0.010664712200164794
0.010651210622787476
0.010656468410491943
0.010671341733932495
0.010668719844818115
0.010688040342330932
0.010698809156417848
0.010673116044998168
0.01070380675315857
0.010699438905715942
0.010685946846008302
0.010695042409896851
0.010680724401473999
0.010725313568115234
0.010662374725341798
0.010675683431625366
0.010682128162384032
0.010670940685272216
0.010654101915359497
5.4361861514062
0.010659791412353516
0.010651437492370606
0.010660218420028686
0.0106658065700531
0.01066408959388733
0.01067678261756897
0.010663718385696411
0.01064909613609314
0.010652141122817994
0.010666997337341309
0.010651877737045288
0.010654596128463745
0.010667999334335328
0.010667105340957642
0.010664378490447999
0.010662408676147461
0.010660305814743042
0.010662836627960205
0.010651039209365845
0.010662558975219727
0.01065667350769043
0.010678936443328858
0.010679658813476562
0.010677792778015137
0.01066868607521057
0.010671266422271728
0.010684060258865357
0.010672985496520996
0.010716887121200561
0.010655787363052368
0.010687772178649902
0.010660354623794556
0.010699896430969238
0.010729018707275391
0.010666361417770385
0.010680094089508057
0.010683500356674194
0.01067303524017334
0.010671253499984741
0.01069643756866455
0.010663859853744507
0.010688714723587036
0.010659529342651367
0.010656482210159302
0.010649261589050293
0.01065615701675415
0.010652967281341554
0.010657683477401734
0.010659908838272095
5.432696298225639
0.010670275745391845
0.010667987747192383
0.01067305196762085
0.010665434408187867
0.010675997400283813
0.010672267866134644
0.010668881664276124
0.010683495092391969
0.010656895694732667
0.010673617820739747
0.010706830673217774
0.010660010175704957
0.010655443067550658
0.010669898347854614
0.010654906196594238
0.010671790418624878
0.010661164932250977
0.010659445600509644
0.010662203674316407
0.010686120519638062
0.010659193916320801
0.01065263674736023
0.01064719017982483
0.010659026985168457
0.010659456071853637
0.010671363792419434
0.010661056156158448
0.010641362524032593
0.010652752933502197
0.010662874097824097
0.01068070984840393
0.010679084701538086
0.01065542597770691
0.010653976430892944
0.010655357608795166
0.010656846656799316
0.010640945167541504
0.010641730690002441
0.010655052185058593
0.010650900249481201
0.010657981033325195
0.010658173885345458
0.010675912628173828
0.010675383157730103
0.010662478380203247
0.010678503255844116
0.010659853792190551
0.010665354900360108
0.010685967512130736
5.430148758839086
model saved at unlearnable_20211009190056_0.5_512_150
0.01065255181312561
0.01069244649887085
0.010642585639953614
0.010715158262252807
0.010667306280136108
0.010660603742599487
0.010669691333770753
0.010662308444976806
0.010679825744628906
0.010641205615997315
0.010703856029510498
0.010664450435638427
0.010646872024536133
0.010650982465744018
0.01064486086845398
0.010646824541091919
0.01065155743598938
0.010648462820053101
0.010647917528152466
0.010658103723526002
0.010650214414596558
0.010679002799987793
0.010694860467910766
0.010669133205413819
0.010670676908493042
0.010681506967544555
0.010661761951446533
0.010667805137634278
0.010657607336044312
0.010675342588424683
0.010688869380950927
0.010676933460235596
0.01066383038520813
0.010649781665802003
0.01066611499786377
0.010648343248367309
0.01065613450050354
0.01067168927192688
0.01066465036392212
0.010674953231811524
0.010660596027374267
0.010656414813995362
0.010673345670700073
0.010656968297958374
0.010682674188613892
0.01068798822402954
0.010672316627502442
0.010653922634124756
0.010668661861419678
5.429607587991302
0.010677210874557495
0.010664126091003418
0.01066021598815918
0.010644308671951293
0.010649364490509032
0.01065607801437378
0.010670852813720703
0.010670740165710449
0.01065856728553772
0.01066502254486084
0.010656226320266724
0.010654859857559203
0.010675262975692748
0.010660955982208252
0.010647673988342285
0.010654195489883422
0.01064260576248169
0.010647667684555055
0.010653966312408447
0.010670863246917725
0.010657619600296021
0.01065399302482605
0.01066275092124939
0.010677484455108643
0.010671514015197755
0.010686844158172608
0.010672487192153931
0.010709879245758057
0.010689677820205688
0.010702117195129394
0.01072368950843811
0.010697035007476806
0.010727711849212647
0.010654162111282348
0.010712998580932618
0.010665032300949097
0.010659755630493165
0.010684128141403198
0.010661058712005615
0.010647338409423827
0.010638653497695922
0.010639428844451904
0.010649899435043336
0.010651639976501466
0.010648172121047973
0.01065928463935852
0.010660506782531737
0.010654791231155395
0.010651288862228393
5.425568138201212
0.010679956007003784
0.010663038682937623
0.010664483308792114
0.010661893739700317
0.010685257654190063
0.010682469081878662
0.010665335855484008
0.010647744455337524
0.010646115198135376
0.010682370347976684
0.010663724117279052
0.010654532108306886
0.0106558265209198
0.01070947850227356
0.010663457565307618
0.010693984565734864
0.01066152834892273
0.010658552026748657
0.010648038682937622
0.010682889347076415
0.010676887874603271
0.01065417950630188
0.010657529983520507
0.010682723531723023
0.010645838594436645
0.010652609310150147
0.010661099863052368
0.010660998783111572
0.010634006719589233
0.010645253896713256
0.010639530878067016
0.01064159556388855
0.010635083999633789
0.01063466471672058
0.010658885688781738
0.010645627336502076
0.010632541399002075
0.010631493349075318
0.010632627363204956
0.010653466081619262
0.010644304790496826
0.010653920021057129
0.010652139444351196
0.010648723630905152
0.010656247301101684
0.01066396954536438
0.010661824169158935
0.010673700361251832
0.010652394828796386
5.421955418340938
0.010669521074295044
0.01064226336479187
0.010664587697982788
0.010665016613006591
0.010699523944854737
0.010687771396636963
0.010664002075195312
0.010677711515426637
0.010636231603622436
0.010684288711547852
0.010668921003341676
0.010656653966903686
0.010720220212936402
0.010682517890930176
0.010673803005218505
0.010706462278366089
0.010683687906265258
0.010685134954452514
0.010678802614212037
0.010651114473342896
0.010643039808273315
0.010646986351013184
0.010659307413101195
0.010636618871688843
0.010650149431228637
0.01065052851676941
0.010652207431793213
0.010652934551239014
0.010649696455001832
0.010650572328567505
0.010643440961837768
0.010670466413497925
0.010650521383285523
0.010654313793182373
0.010648524446487426
0.01067390664100647
0.010649644403457642
0.010639363679885864
0.01064638292312622
0.010645226831436157
0.01066098066329956
0.010644334468841552
0.01064573429107666
0.010651197786331177
0.010642837133407593
0.0106601926612854
0.01065936707496643
0.010661081190109252
0.010663765478134156
5.427495204296308
0.010652587928771972
0.010670982303619386
0.010675926609039307
0.010663135452270508
0.010677554178237915
0.010657016210556031
0.010667773408889771
0.010670791416168213
0.010678455982208252
0.010671788473129272
0.010658683738708496
0.01067069938659668
0.01068257369041443
0.0106518759059906
0.01065050901412964
0.010634158668518067
0.010633874578475953
0.010643654689788819
0.010686002626419068
0.010653641748428345
0.010658182916641236
0.010641147327423096
0.010658982315063476
0.010660053548812866
0.01066484881401062
0.010642990827560424
0.010657057132720948
0.01065358136177063
0.010662697792053222
0.010661067962646485
0.01065859829902649
0.010651957063674927
0.010656814374923705
0.010669957723617554
0.010659860563278199
0.010669263439178466
0.010641690282821656
0.01065282278060913
0.010666276540756225
0.010658855361938476
0.010649245471954345
0.010650984592437743
0.010639797973632813
0.010647869224548339
0.010642546825408935
0.010687876853942872
0.010690307636260986
0.010654422969818115
0.01065261757850647
5.423465045457034
0.010647347135543822
0.010655673027038574
0.0106405060005188
0.010726344537734986
0.010688473491668701
0.010659584369659424
0.01064276879310608
0.010642828979492187
0.010658836240768433
0.010650184869766235
0.010657574787139893
0.010648636198043824
0.010647626409530639
0.01064124481201172
0.01068303584098816
0.01069218505859375
0.010658171129226684
0.01068065463066101
0.010649922924041749
0.010678127403259277
0.010652597150802611
0.01064908706665039
0.010659473752975464
0.01065223536491394
0.010641458749771118
0.010661185302734374
0.010666526088714599
0.010658920621871949
0.010637929391860961
0.010648027276992798
0.010637388648986817
0.010630558938980102
0.010630927848815919
0.010641268711090088
0.010641864614486695
0.010648698644638062
0.010653564567565919
0.010660106258392334
0.010647108373641967
0.010669157724380493
0.010652319478988648
0.010671100091934204
0.010662165641784668
0.010640084457397461
0.010643583307266235
0.010651098766326904
0.010674729480743408
0.010657278957366944
0.01066578851699829
5.42254413034498
0.010693100814819336
0.01067280969619751
0.010652122468948364
0.01065627324104309
0.01066292727470398
