This save model after 150 epochs. Number of workers 2. Removed Normalization transform.
python3 ssl_perturbation_save_model.py --config_path configs/cifar10 --exp_name path/to/your/experiment/folder --version resnet18 --train_data_type CIFAR10 --noise_shape 10 3 32 32 --epsilon 8 --num_steps 10 --step_size 0.8 --attack_type min-min --perturb_type classwise --universal_train_target 'classwise' --train_step 10 --epochs 150
check check
__name__ simclr
Files already downloaded and verified
Files already downloaded and verified
Files already downloaded and verified
Files already downloaded and verified
The whole epochs are 150
0.01301136755561828
0.011749677483558655
0.011291826112747197
0.011259399136543276
0.011320954669952393
0.011138511437416076
0.011102744796752932
0.011151159044265748
0.010959341181755065
0.01093645166492462
6.119681613961446
0.010988901837348942
0.010982357057571406
0.01094596849346161
0.010885707424163813
0.010869230547904972
0.010778739046096804
0.010784577808380127
0.010764488576889041
0.010770876507759094
0.010720289313316348
5.915384725197074
0.01077392077445984
0.01076361261558533
0.010760376788139335
0.010647429162025455
0.01064859138488769
0.010612354128837587
0.010557009178161622
0.010556759742736815
0.010548302892684942
0.01054854412174225
5.8208101410226725
0.010582581040382386
0.010586734030723573
0.010508014615058903
0.01063883265209198
0.010521683434486388
0.010506347937583923
0.010546797544479368
0.010482300483703612
0.010505788359642028
0.010496081320762638
5.764498361607187
0.01047397996902466
0.010570955976486204
0.010464720343589784
0.010480612270355225
0.010441062216758728
0.01042681937599182
0.010436955364227299
0.01048800076675415
0.010489938515663143
0.0105003409576416
5.719523754316507
0.01046819069862366
0.010442001887321474
0.010445311700820923
0.010432599387168886
0.010418937808036807
0.010399091631889344
0.010403644510269166
0.010403572798728944
0.01041063341236115
0.010403406884193419
5.688322435949266
0.010420449458122249
0.010485585293769834
0.010395876315116879
0.010412402217864995
0.010368122225761413
0.0104160201253891
0.010366873170852659
0.010382666214942934
0.010394102790832522
0.010390581531524655
5.672758903700052
0.010458905914306642
0.01036693019962311
0.010391605207443236
0.010380249841690059
0.010405299737930298
0.01037236566925049
0.010355183671951297
0.01035313908195496
0.010341921511650087
0.010344131289482118
5.646422572971619
0.010345098609924316
0.010355334171295165
0.010324712661743164
0.010335000670433048
0.010331833639144897
0.010357474379539492
0.010383732023239136
0.010357496127128602
0.010337761690139776
0.010326531196594243
5.630859679782514
0.010331377987861635
0.01032996087551117
0.01032931769943237
0.010324251740455632
0.010315290875434875
0.010321018351554866
0.010321342725753782
0.010334242099761963
0.01031616034889221
0.010309896105766296
5.617233930174837
model saved at unlearnable_20211009174801_0.5_512_150
0.01031057625198364
0.010315768819808956
0.010339488754272465
0.010318389834403993
0.010320067117691034
0.010308385295867915
0.010315240911483765
0.01034491297912598
0.010303861283302308
0.010302170615196228
5.6125605573359225
0.01030621695327759
0.010332266945838928
0.010298100364685063
0.010361744721412656
0.010321384560585024
0.010316015278816221
0.01028798649120331
0.010300557417869567
0.010308254088401794
0.010289566315650943
5.601536136312583
0.010289555021286012
0.010277070937156678
0.010292871103286746
0.010296131484985354
0.010304930941581724
0.010321732813835142
0.01028770202922821
0.010277457145690916
0.010304220554351805
0.010288623487472537
5.587525176018784
0.010275239817619327
0.010293284083366393
0.010284518162727354
0.010293191259384155
0.010271986127853393
0.010261515254020692
0.010278607223510742
0.010258804155349733
0.010305919352531433
0.010269733948707581
5.573440433777485
0.010280424830436702
0.010274756297111507
0.01028951966571808
0.010265954622268678
0.010283017479896543
0.010279253447532648
0.01028968298625946
0.010271382067680359
0.010255042995452884
0.010253854527473447
5.5671470386465804
0.010258244873046876
0.010266489894866948
0.010250602310180665
0.010263622673034668
0.010257220848083498
0.010289725279808043
0.010276992853164673
0.010255837368011476
0.010263845460891725
0.010298075840950015
5.55914504257674
0.010252248204231264
0.010264258709907534
0.010259421659469598
0.010256341683387755
0.01027527007293701
0.01026724395465851
0.010264410944938664
0.01026927741241455
0.010243376030921935
0.01024363821029663
5.550106304208028
0.01025015988349915
0.01025401341152191
0.010261420287132264
0.010254505076408382
0.010280225559234617
0.010260499261856078
0.010252964823722836
0.010265100123405455
0.010257152781486511
0.01025735568332672
5.548085773114076
0.010292255664825436
0.010276533546447754
0.010250740116119383
0.010251354958534237
0.010250421886444093
0.010264141119003298
0.010265458194732664
0.010247673674583431
0.010249107960700988
0.010252756239891057
5.547614176248767
0.010257044114112853
0.010256310149192812
0.010253536447525021
0.010257798101425174
0.010251770060539242
0.010281592779159545
0.010248224205970767
0.010248990968704227
0.010260828891754148
0.010282308780670166
5.537680778306784
model saved at unlearnable_20211009174801_0.5_512_150
0.010250039586067206
0.010248140621185307
0.010244816458702087
0.010225812918663023
0.010252592286109925
0.010253137088775639
0.010236967402458191
0.010243675654411314
0.010238916671752933
0.010248448624610898
5.533316302545292
0.010247946929931643
0.010251022411346436
0.01023562474060059
0.010243626170158386
0.010240363357543945
0.010235264747619632
0.010268340670585633
0.010234909290313721
0.010233452390670772
0.01025791130924225
5.528543772156706
0.01023931312847137
0.01024460199832916
0.010237022597312921
0.010239310499191287
0.010229145815849303
0.010246989614486692
0.010224404184341429
0.010231628215789797
0.010223890400886535
0.010248478041648862
5.522394780031185
0.010225357109069824
0.010230972166061399
0.01023236504173279
0.010237126284599305
0.010222478603363033
0.010238401348114013
0.010231162972450261
0.010227876441955561
0.010227814804077147
0.010237582680702212
5.514959409064853
0.010232866851806645
0.010226161684989929
0.0102393551197052
0.010261582848548887
0.010256359532356261
0.010232115486145018
0.01022131952190399
0.010242251148223882
0.01022449053955078
0.010234293175697328
5.5125210948826115
0.010226609984397885
0.010219610746383665
0.010224928963661194
0.010217221934318541
0.010221127923965458
0.010226927735328677
0.010238664173126223
0.010217957228660582
0.010224961801528933
0.010220386002540587
5.506552632322016
0.010236266305923463
0.010217296590805053
0.010235749774932863
0.010231993492126465
0.010215581652641298
0.01021352530002594
0.010244890353202822
0.010219508457183838
0.010215626484870913
0.010217906110763548
5.504079631923401
0.010217046361923221
0.010231797353744507
0.010237032049179081
0.010210065536499023
0.010216061057090763
0.010228242910385132
0.010212967638015746
0.010226989409446713
0.010228179882049559
0.010216415215492249
5.500157887173682
0.010232249240875244
0.010222181149482729
0.01021920015621185
0.010216386388778686
0.010234589978218083
0.01022033314037323
0.010225109771728516
0.010223984404563907
0.0102151141166687
0.01021646137523651
5.499440615939111
0.010224373702049254
0.01022527202987671
0.010214368932724002
0.010232477873802187
0.010215369489669796
0.010222980227470393
0.010218470351219177
0.01021566439628601
0.01022173268318176
0.010210841303825375
5.496184235995578
model saved at unlearnable_20211009174801_0.5_512_150
0.01022195307826996
0.010212684781074524
0.010208986736297611
0.010210772043228147
0.010221536931037901
0.010214595628738403
0.010213550221443178
0.010214033761024477
0.010212382100105286
0.010205641317367556
5.4920968714448595
0.010206952265739443
0.010210974476814271
0.010231554413795469
0.010211524109840392
0.010211052653312683
0.01021094824886322
0.010206834218025209
0.010220878863334656
0.01021411613368988
0.010220451737403869
5.486290872711496
0.010224832281112673
0.01021217397689819
0.010209045697212222
0.010218159479141238
0.010203000246047974
0.0102010388174057
0.010200078253746032
0.010210241587638856
0.010204650190353394
0.010206078149795536
5.488574789971421
0.010224770069122311
0.010215994853973391
0.01021301038742065
0.010202001213073733
0.010210253336906434
0.010222736480712888
0.010208506512641907
0.010211789921760563
0.010213292325973511
0.010209824724197382
5.485193660578777
0.010214846183776854
0.0102146410484314
0.010223272115707395
0.010208696711540226
0.010204388908386229
0.010209086614608759
0.010203555888175965
0.010208431011199951
0.010216056379318238
0.01021682048511505
5.481294813844347
0.010206232329368589
0.010211620913505552
0.010208730607032774
0.010213180099487303
0.0102011767616272
0.010208466063499448
0.010205154136657712
0.010206834887504576
0.010215785151481629
0.010195881442070008
5.482489217187941
0.010214505427360535
0.01020943776512146
0.010208650660514833
0.010207037426948546
0.010219235674858093
0.010207750935554503
0.010221940392494204
0.010209078002929686
0.010199954555511476
0.010212496072769164
5.4756424795721
0.010205835901260377
0.010215816057205201
0.010228153428077699
0.010212244738578796
0.010207355465888976
0.010198419481277466
0.010213571404457092
0.010201796858787537
0.01020139929580689
0.01020938200569153
5.474389803778265
0.010197220254898073
0.010203736039161684
0.010211570653915406
0.010207885097503663
0.010206157395362856
0.010215338702201844
0.010227300457954409
0.010201066747665407
0.01021241058158874
0.010199775643348697
5.471777945449672
0.010213849615097045
0.010199637830734251
0.010219219636917114
0.010197398923873903
0.010201825181007386
0.010210235469818113
0.01021340396308899
0.01020366557312012
0.010213226701736449
0.010206660733222964
5.473520165866184
model saved at unlearnable_20211009174801_0.5_512_150
0.010205256019592287
0.010198783232688902
0.010213510290145875
0.010201071415901182
0.010194947263717655
0.010200046869277958
0.010203077902793881
0.010199734270095826
0.010206705348014832
0.010200172663688662
5.467515247384298
0.01020067052936554
0.010213317176818846
0.010207849175453188
0.0101991087141037
0.010212743706703189
0.010209229554176328
0.010202534013748162
0.010205018156051631
0.01020011684703827
0.01019482778549194
5.469420870554816
0.010202181499481202
0.010201040828704832
0.010194514105796814
0.010205730642318724
0.010194988212585446
0.010194087726593016
0.01020050964260101
0.010195392471313475
0.0102060653629303
0.010211561170578
5.461932359282503
0.010190853170394898
0.010187425390243527
0.010199135283470155
0.01020130281162262
0.010193698625564573
0.010191703958511353
0.010197174505233763
0.01019454797935486
0.010185779912948615
0.01019500246143341
5.4624570128843954
0.010198689450263976
0.010197147088050848
0.010206845175743103
0.010194022080421448
0.010189684750556946
0.0101937538022995
0.010187518564224243
0.010196047796249387
0.010219149076461792
0.010201082727432255
5.460082388415779
0.010199721785545351
0.010189454566955566
0.010190935924530027
0.010198558331489565
0.010207755196571352
0.010199981749534605
0.01020385190010071
0.01019277215576172
0.01021233825302124
0.010192812353134151
5.462340767850581
0.01020448836040497
0.010183789986610415
0.010190529402732846
0.010192926512718197
0.010201187819480893
0.010206627517700196
0.010208616645812988
0.010192683141708372
0.0101964324760437
0.010197217454910274
5.458361891127124
0.010195338485717777
0.010194552436828609
0.010184299015998838
0.010196443317413328
0.010197230051994322
0.010189778871536253
0.010183999972343446
0.010196982274055482
0.010191029676437372
0.010201287684440615
5.459270723087272
0.010204355463981627
0.010185428384780884
0.010206452260017393
0.010189161355972287
0.01019653302669525
0.010187664500236513
0.010200296301841737
0.010191227793693539
0.01018787662696838
0.010196717625617979
5.452481977718392
0.010195477987289427
0.010190719846725465
0.01019028615093231
0.010185319784164431
0.010183706728935241
0.010191481245994569
0.010188048494338986
0.010196535437583924
0.010187834512710572
0.010196105551719665
5.452842579674475
model saved at unlearnable_20211009174801_0.5_512_150
0.010185875823020935
0.010182472038269046
0.010186447009086613
0.010190306624412537
0.0101837488412857
0.010186408581733704
0.0101861071805954
0.010179966256141664
0.010187573088645934
0.010186409128189087
5.448263999113102
0.010186972316741942
0.010196642616271972
0.010190909469604492
0.010183396953582762
0.010185489236831666
0.010195397059440616
0.010180931128501894
0.010185816967964174
0.010196650032997131
0.010189965658187864
5.450467851973071
0.010193511235237122
0.010196499489784246
0.010199026520729066
0.010189819966316224
0.010185031873703003
0.01018621696853638
0.010181178399086
0.010183107213020326
0.010188761800765986
0.010192257649421695
5.446169081422472
0.010183417448043823
0.010186839168548586
0.01019088876056671
0.010194429466247558
0.010190126757621772
0.010175959737777705
0.01017547046661377
0.010179899649620057
0.010183468853950502
0.010181790033340452
5.445027847879941
0.010194939549446107
0.01018054756832123
0.010178994197845457
0.010174569964408875
0.01018441931629181
0.010191677755355837
0.010185946891784666
0.010188116955757139
0.010184344990730282
0.010173662111282348
5.44689665135649
0.01018567698669434
0.010193521656990053
0.010172408434867858
0.010178700030326839
0.010181486186981203
0.01017946152019501
0.010181776076316833
0.010187605701446532
0.010187105812072756
0.010185857477188115
5.443871925786598
0.010177366374969484
0.010183469335556031
0.01017707275295258
0.010180963740348813
0.010182384807586672
0.010181388892173765
0.010174041071891784
0.010193711395263667
0.010186923169136044
0.010180171983718869
5.440331429550328
0.010182336428642276
0.010184518211364747
0.010194413815498354
0.010186632948875427
0.010187535802841192
0.010175610287666318
0.010187708730697631
0.01018625316810608
0.01018708266735077
0.01018020442390442
5.441217289757483
0.010169837437629697
0.010195058922767637
0.01018249631500244
0.010183083521842958
0.010180190068244936
0.010167698072433472
0.010175982578277589
0.010184125954627992
0.010171918053627013
0.010171827694892888
5.441483532030558
0.010181971337318421
0.010176510595321655
0.010180258593559267
0.010176370436668398
0.010184582210540773
0.010176567366600033
0.010195712441444396
0.010184646988868713
0.01018708248233795
0.010181864680290222
5.437039729246159
model saved at unlearnable_20211009174801_0.5_512_150
0.010176343268394467
0.010183440971374509
0.010179592458724978
0.010180103837966923
0.010181457031249997
0.010174822237968442
0.010179699762344362
0.01017462521457672
0.01017979456329346
0.010171473549842835
5.432395492632365
0.010174688188552855
0.010186234374046324
0.010184750175476074
0.010187455667495732
0.010173928909301754
0.010182619740486145
0.010187827099800107
0.010171385218620304
0.010177508695602414
0.010186588452339175
5.43454557104209
0.010176270831108097
0.010181027507781984
0.010178121243476872
0.01016777586174011
0.010183753595352176
0.010193148210525516
0.010181975034713745
0.01017901356315613
0.010178571689605717
0.010175573984146116
5.430065626950608
0.01017753900146484
0.010161711093902587
0.010172694234848024
0.010181808654785157
0.010180693591117859
0.010179464900016786
0.010186817437171938
0.010175079416275023
0.010174322859764101
0.010171188950538637
5.4337097738207
0.010175224340438839
0.010177047540664673
0.010184801021575929
0.010174348114967348
0.010189059003829954
0.010174997816085815
0.010168380985260014
0.010177084434509275
0.010171805469512941
0.010179121001243591
5.430227564782212
0.010186832485198968
0.010170484039306642
0.010174487294197081
0.010172787131309511
0.010177295927047728
0.010188436614990234
0.01017431567573547
0.01018473449039459
0.010176900217056275
0.010179482063293457
5.426948188506451
0.010166528264999392
0.010169723928451545
0.010174666097640995
0.010180457062721254
0.010164571233749394
0.010183364559173586
0.0101888904542923
0.010173286999702456
0.010183421658515929
0.010172846027374269
5.429093960634212
0.010170057586669922
0.010173256580352785
0.010178318825721738
0.010178508539199832
0.010177415885925294
0.010173042836189266
0.010181290347099305
0.010177896083831786
0.010170486587524414
0.010173639756202694
5.428066548612929
0.01016310146331787
0.010157611105918882
0.010171339009284975
0.010176254413604735
0.010168912286758425
0.010173463044166567
0.010170378128051761
0.010174238206863405
0.010172040455818173
0.010174585971832276
5.4245852195110515
0.01017245696544647
0.01016765518856048
0.010161709049224851
0.01017039959812164
0.010166320066452031
0.010167514805793764
0.010174125635147096
0.010163791380882262
0.010167328870773314
0.010174815561294553
5.424227881677372
model saved at unlearnable_20211009174801_0.5_512_150
0.010176890040397644
0.01017998700428009
0.010178049538612368
0.010168863056182864
0.010162479842185976
0.010164329803466795
0.01015882660198212
0.010172400434494019
0.010165212313652035
0.010172750413894652
5.422906152980843
0.010173087399482722
0.010166945139884951
0.010178078245162961
0.010172142162322996
0.010163934480667113
0.010165482403755187
0.01017902353954315
0.010169509785652163
0.010171423332214352
0.010174004736900326
5.422105764605336
0.01016659414386749
0.010166325420379636
0.010170778361320496
0.010168617932319645
0.010161713466644287
0.010169283859252932
0.010169601772308346
0.010160820575714108
0.010170248400688168
0.010161298729896547
5.4198275939705445
0.010167559992790221
0.010165314772605896
0.010161080136299136
0.010165817110061644
0.010173595584869384
0.010164662251472471
0.010165947565078737
0.01015564450263977
0.010163616159439087
0.010175704789161688
5.419034402395032
0.010180841866493226
0.01016204799842834
0.010176542303085328
0.010160486067771913
0.010162645812988282
0.010166520525932312
0.01016393091201782
0.010166026593208314
0.010166821809768675
0.010177828959465028
5.42147260842864
0.010167949981689453
0.010164430058479307
0.010171928134918214
0.010162034982681274
0.010167152122497554
0.01015413560771942
0.010166707985877994
0.010180914283752441
0.010162724764823914
0.010166181936264037
5.420393486612851
0.010161719038963317
0.01015522488975525
0.01016291659259796
0.010166097506523131
0.010161429430961608
0.010167873177528384
0.010166820503234864
0.010169737835884096
0.01016208478069305
0.010182354094505313
5.416689867825852
0.010171104585647583
0.010162678452491764
0.010161672633171082
0.010164561794281005
0.010169385890007017
0.010165464068412781
0.010159640080451967
0.010158606668472289
0.010168084368705749
0.010167828944206238
5.4173112161380725
0.010171148966789247
0.010170230131149293
0.010162407102584838
0.010161195633888242
0.010163007285118101
0.010168150835990908
0.01016202169895172
0.010164931727409366
0.010170016237258907
0.010161366568565368
5.416557100630298
0.010159818418502806
0.010167532166481018
0.010163851583480833
0.01017742738437653
0.010162059613227845
0.010178389952659605
0.010169130943298342
0.010171473089218144
0.01016611350250244
0.0101658633518219
5.415830209083164
model saved at unlearnable_20211009174801_0.5_512_150
0.010161987384796145
0.010161153740882879
0.010160701823234558
0.01016380963897705
0.010167541757583618
0.010162211670875549
0.010169294378280642
0.010168421135902404
0.010160459142684939
0.010160684882164005
5.409753425834105
0.010165867609024047
0.010171498777389532
0.010160000098228454
0.01016046399402618
0.010159518227577206
0.010171826100349423
0.010159946423530582
0.01017291735935211
0.01016622866344452
0.010171238588333133
5.413402159189441
0.010175566292762755
0.01015656462287903
0.010162227560043336
0.010171896858215334
0.010158057968139648
0.010161992125511173
0.01016284135532379
0.01016911037063599
