This save model after 150 epochs. Number of workers 2. Removed Normalization transform.
Test if the train_step=3 is stable
python3 ssl_perturbation_save_model.py --config_path configs/cifar10 --exp_name path/to/your/experiment/folder --version resnet18 --train_data_type CIFAR10 --noise_shape 10 3 32 32 --epsilon 8 --num_steps 1 --step_size 0.8 --attack_type min-min --perturb_type classwise --universal_train_target 'classwise' --train_step 3 --epochs 150
check check
__name__ simclr
Files already downloaded and verified
Files already downloaded and verified
Files already downloaded and verified
Files already downloaded and verified
The whole epochs are 150
0.013414608736038208
0.013451262254714966
0.0134290842628479
0.013141976518630982
0.012863896598815918
0.012521728925704956
0.012411612062454223
0.012266034116744996
0.01216833667755127
0.012104919271469117
0.012047153644561768
0.012041807765960694
0.012102948036193847
0.012048144903182983
0.011966402111053466
0.012039806985855103
0.011997743377685548
0.011934129858016968
0.011953220520019531
0.011966061248779298
0.011889043798446654
0.011953068809509278
0.011892717914581298
0.01188212209701538
0.011927825002670289
0.01177701229095459
0.011769231071472168
0.011768953714370728
0.011788120346069336
0.01180856915473938
0.011813696575164795
0.011721668653488159
0.011747040529251098
6.112117501878247
0.011719612674713135
0.011720300512313844
0.011772716894149781
0.01171722240447998
0.011747741746902466
0.011740209703445435
0.01170376685142517
0.011705304908752441
0.011735172653198242
0.011783588333129882
0.011656199750900268
0.01169650260925293
0.011615591316223145
0.011722030544281005
0.011645551996231079
0.011584996900558472
0.011630978927612305
0.011616052513122558
0.011634794254302978
0.011619384746551513
0.01162915831565857
0.01157094316482544
0.01161975562095642
0.011649684057235718
0.011688428211212158
0.011717173166275024
0.01156457649230957
0.011766489162445068
0.011621467351913451
0.011577856721878051
0.011549068803787232
0.011709069433212281
0.011661018657684326
5.906662336329824
0.011568242444992065
0.011587796173095704
0.011502670993804932
0.011610811901092529
0.011618233327865601
0.01164672417640686
0.011493530950546265
0.011577618570327759
0.011539909858703613
0.01150413462638855
0.011475991048812867
0.01161547950744629
0.011519669103622437
0.011468212518692017
0.011457335615158082
0.011529605350494385
0.011509515218734742
0.011457190265655517
0.011464775648117065
0.011423561935424804
0.011490618991851807
0.01140055160522461
0.011459203910827637
0.011475645713806153
0.011459013719558715
0.011522662868499756
0.011545922546386719
0.011458034229278564
0.0114396711063385
0.011382280797958375
0.011450789289474487
0.011404969940185547
0.0114307550239563
5.818187335102828
0.01135508303642273
0.011421420955657959
0.01149847469329834
0.011585207767486573
0.011506774711608887
0.01147836401939392
0.011426363773345946
0.011389058122634887
0.011393231163024903
0.011344744310379028
0.011373554315567016
0.011299466915130615
0.011348126678466797
0.011308163814544678
0.011328871870040894
0.011330830450057984
0.011464921321868897
0.011315775623321533
0.011363895092010499
0.011436328058242799
0.01133687243461609
0.011340190744400024
0.011294003219604493
0.011345267086029053
0.011388642282485963
0.011300186624526977
0.011394517431259155
0.011379169445037841
0.011443760166168214
0.011503360109329223
0.011413890066146851
0.011300380086898803
0.011360241661071777
5.753328564240761
0.011374114122390746
0.011301839008331298
0.011459350986480713
0.011252443962097168
0.011285242414474487
0.011330895109176635
0.011354143409729005
0.011291778888702392
0.011283188734054565
0.011358418998718261
0.011237126264572144
0.011318423776626587
0.011439916372299195
0.011335930213928223
0.011333685426712037
0.011292656049728393
0.01134387128829956
0.011343220691680908
0.011328697586059571
0.01136732071876526
0.011264441289901733
0.0113613405418396
0.011324470987319946
0.011302805404663085
0.011371515703201295
0.011255075082778931
0.011259446802139281
0.01127336485862732
0.01124187292098999
0.011291192302703857
0.011286641178131104
0.011261526203155518
0.011227364749908448
5.706659258026438
0.011272670068740845
0.011198466053009034
0.011243835334777833
0.011193789224624634
0.0112515198802948
0.011247391443252564
0.0112596333694458
0.011468079404830933
0.01133619291305542
0.011205023546218872
0.01118112937927246
0.011287393198013305
0.011258771409988403
0.01118583125114441
0.011358643617630004
0.011222544384002685
0.01121482976913452
0.011262760524749756
0.01117911922454834
0.011215338544845582
0.011217890243530274
0.011216248378753662
0.011269576206207275
0.011382153835296631
0.011285715208053588
0.011172657432556153
0.011193556966781617
0.011261939773559571
0.011248888444900513
0.011165748090744018
0.011218452138900758
0.011210827102661133
0.011265529851913453
5.679092181097601
0.011148908967971802
0.011216372737884521
0.01113457236289978
0.011158328800201416
0.011250216760635376
0.011210842008590698
0.011209201459884643
0.011274905452728272
0.011306697330474853
0.011181330318450929
0.011183318519592285
0.011210889654159546
0.01111725796699524
0.01117973708152771
0.011183326597213746
0.01147945013999939
0.011187183361053466
0.01124523310661316
0.011199467220306396
0.011184325408935547
0.011195008735656738
0.011143735446929932
0.011150408449172974
0.011154356517791748
0.011145983352661133
0.01111663670539856
0.011138803405761719
0.01115481863975525
0.01115305588722229
0.011157152729034423
0.011176317558288575
0.011104367218017578
0.0111900581741333
5.657788198018811
0.011145531215667725
0.011122304229736328
0.011103159608840943
0.011211820430755616
0.011109254522323609
0.011193767223358153
0.0111935160446167
0.011101010875701905
0.011192448587417603
0.011129555339813232
0.011166868953704834
0.011227823314666749
0.011178837423324584
0.011125011978149415
0.01114072636604309
0.011091519479751587
0.011082294425964355
0.01109229730606079
0.01120077922821045
0.011100240421295166
0.011109566164016723
0.011165717115402221
0.0110690771484375
0.011091236000061035
0.011119558696746827
0.011178673534393311
0.011114928903579712
0.011274046564102172
0.01132625400543213
0.011124684295654297
0.011128725156784057
0.011091970043182372
0.011064079236984253
5.635479877904518
0.01116627779006958
0.011047875909805297
0.01106661605834961
0.011061261310577393
0.01123487826347351
0.011103291959762573
0.011126028652191162
0.011041505165100097
0.011047857446670532
0.011083111515045166
0.01108023362159729
0.01114015941619873
0.011177298974990845
0.01120839454650879
0.011064994564056397
0.011071833715438843
0.011040160398483276
0.011087375917434692
0.011059433279037476
0.011109583587646485
0.01116410605430603
0.011120157623291016
0.011175143098831176
0.011104270486831665
0.01115869568824768
0.011110595531463622
0.01106333441734314
0.011089877271652221
0.011067075033187867
0.011103761768341065
0.011079739799499512
0.011137597770690918
0.011093682556152343
5.6160025793252535
0.011067588577270507
0.011042670087814331
0.011030937328338623
0.011048316974639892
0.011053317184448241
0.011082096433639527
0.011067052640914917
0.011096421794891358
0.01108239161491394
0.011041118259429931
0.011052751960754394
0.011038796682357788
0.011076456289291383
0.011127864408493043
0.011037245931625366
0.011183048143386842
0.011035182933807373
0.011134573135375976
0.011038947706222534
0.011032359085083009
0.011057300758361817
0.011019587459564209
0.011025727214813232
0.011032961559295654
0.01099584815979004
0.011065731554031372
0.011059679870605469
0.01104287085533142
0.01114221489906311
0.01115551580429077
0.011036302795410156
0.011061097946166993
0.011031507759094238
5.60260539202346
model saved at unlearnable_20211009225439_0.5_512_150
0.01105766255378723
0.011143850946426392
0.011070925245285034
0.011040970582962037
0.011011622667312622
0.011037486047744752
0.011053013134002686
0.011073948860168457
0.010970534343719482
0.010998163976669311
0.011074755420684814
0.011050497198104858
0.01100591094970703
0.011022646160125733
0.011144837608337402
0.01104351674079895
0.01100303297996521
0.011023124160766602
0.011002544384002685
0.010998300609588623
0.011028890495300293
0.011036079845428468
0.011021070013046265
0.011005268230438233
0.011041652545928956
0.011036734867095947
0.011019136056900025
0.010972812538146973
0.011005939636230469
0.01100370951652527
0.01101683614730835
0.01096271475791931
0.010978730726242066
5.589240295370829
0.011019827814102172
0.01106153058052063
0.011097047004699706
0.011034149713516236
0.01099557110786438
0.011013009662628174
0.011043405542373657
0.010998276329040527
0.010987034454345703
0.011046567869186402
0.011058954906463622
0.011131352376937867
0.011042368535995483
0.0110085977268219
0.011052301101684571
0.011122503814697265
0.010985130662918091
0.011098269414901734
0.011130439872741699
0.011016710939407348
0.011063408269882202
0.0110547194480896
0.01096948974609375
0.01101235237121582
0.01097186448097229
0.011001048755645752
0.010971016035079956
0.010966417303085327
0.010950841093063355
0.011021905498504639
0.011032941102981567
0.010949141120910645
0.010945931253433228
5.58149820996314
0.010960869417190551
0.011009790811538696
0.011033399868011474
0.01097892415046692
0.01103999319076538
0.011019093971252442
0.01100524938583374
0.011029115161895753
0.011067800970077514
0.010956554403305055
0.011072860069274902
0.010986780633926392
0.01100761022567749
0.011009600868225097
0.011063029165267944
0.010968359184265137
0.010960859260559083
0.01098429705619812
0.01104168617248535
0.010970095167160035
0.011020537643432617
0.01100577735900879
0.010979428634643554
0.010976034679412841
0.010948901510238647
0.010989925985336303
0.010980076265335084
0.011032310514450073
0.011048030261993408
0.010968064651489258
0.01098069525718689
0.010971449327468873
0.01096963300704956
5.5740963355782105
0.011025958623886108
0.01099507128715515
0.010975090007781983
0.011019246349334717
0.010974636697769165
0.01100642484664917
0.01102591565132141
0.010932476501464844
0.010962877655029298
0.010959619560241699
0.010987745037078857
0.010970299987792968
0.010971815423965454
0.010937992715835572
0.01093087628364563
0.011006556215286255
0.011000558986663819
0.01094743046760559
0.010976841535568237
0.010965358848571777
0.010917049894332885
0.010946072044372559
0.010938024587631226
0.010936791534423828
0.010946138372421265
0.010928243236541749
0.010927715435028075
0.010922484226226806
0.0110096781539917
0.010959811353683471
0.01092963212966919
0.010948744926452637
0.01091910228729248
5.559724679927236
0.010983362693786622
0.010942681798934937
0.01093482813835144
0.010952770376205444
0.01098725528717041
0.010963432455062866
0.010945842161178589
0.010912542581558228
0.010940548181533814
0.010983521299362182
0.010915297966003419
0.010943706979751586
0.010928264970779419
0.010918919267654419
0.010954154195785522
0.010967824211120605
0.010947394752502441
0.010921833734512328
0.010961461229324341
0.010927316465377807
0.010936752605438232
0.010928080196380615
0.010955150985717773
0.010955865831375122
0.010974573011398316
0.010953785247802734
0.011000503664016724
0.010912132568359375
0.010943686027526855
0.010900719165802002
0.010966193704605103
0.010905091733932495
0.01091189621925354
5.551675840751412
0.01088673306465149
0.010903013134002685
0.010893070564270019
0.010914910564422608
0.01091578148841858
0.010951742849349976
0.010980832014083862
0.01091136713027954
0.010914838047027588
0.010942187700271607
0.010933829345703125
0.010918941640853882
0.010936352691650391
0.010924242820739746
0.010982507762908936
0.010932453451156616
0.010914980611801147
0.010939788913726807
0.010925177001953125
0.010940389595031737
0.010963616981506347
0.01090305965423584
0.010908009405136108
0.010936972684860229
0.010928234968185424
0.010889729471206665
0.010940359869003297
0.010909111738204956
0.010872009181976318
0.010973223896026611
0.010924876203536988
0.010935516624450683
0.01088771821975708
5.547386041621572
0.010929617128372192
0.01089833487510681
0.010884502935409546
0.010918590049743652
0.01090989073753357
0.010933837156295777
0.01093117663383484
0.010930662460327149
0.010948288335800171
0.010958063116073608
0.011054585762023925
0.010956712131500243
0.011003009071350097
0.010874471645355224
0.010919168548583984
0.010914711236953735
0.010920185108184814
0.010890149917602539
0.010931858797073365
0.010945042457580566
0.010916420736312866
0.010901417627334594
0.010885413599014283
0.010872502460479737
0.010876013555526733
0.0109367889213562
0.010929693927764893
0.010901677522659301
0.01093333610534668
0.011011497421264648
0.010933121604919433
0.010966693983078002
0.010973303346633911
5.538494203508515
0.010988907661437989
0.010907207050323487
0.010907251710891724
0.01087875542640686
0.010978226919174194
0.010875743999481201
0.010914934139251709
0.010937716913223266
0.010904308757781983
0.01089910267829895
0.010910984020233154
0.010899435892105102
0.010884959955215455
0.010893110809326171
0.010887501039505004
0.010907087669372558
0.010910312910079956
0.010916805801391602
0.01086846134185791
0.010888686742782592
0.01085867847442627
0.010910256538391113
0.01086036781311035
0.010953699951171875
0.010895436029434205
0.010917951574325561
0.010870646543502808
0.010890575618743896
0.010865399646759033
0.010895413770675658
0.010898168411254882
0.010893885793685913
0.010876858749389649
5.536769306536803
0.010932154521942138
0.010976025676727294
0.01097316855430603
0.010895506896972657
0.010897890205383301
0.010913732681274414
0.01095504277229309
0.010913783025741577
0.010940493869781494
0.010873933544158935
0.010865053386688233
0.01092039665222168
0.010870037183761597
0.01087011552810669
0.010845211744308471
0.010942632579803466
0.010862663812637329
0.010927657871246338
0.010882727890014649
0.010921879739761352
0.0108889790725708
0.010911420125961304
0.010891648683547974
0.010866585817337036
0.010867530012130738
0.010861790828704834
0.010854568099975585
0.010876741123199463
0.01087874168395996
0.010922070446014405
0.010892606420516968
0.010852467279434204
0.010837398948669433
5.527773439269705
0.010859834499359131
0.010880611143112182
0.0108469491481781
0.010858694105148316
0.01092487672805786
0.010873606977462768
0.010904504861831666
0.010866383562088012
0.010862666120529175
0.010919800376892089
0.010935959854125977
0.010885492506027222
0.010852342100143433
0.01086789846420288
0.010880461292266845
0.010946316347122193
0.010882007999420166
0.01088333116531372
0.010842303619384765
0.010876052494049073
0.010869459857940673
0.010851359128952026
0.010882519178390502
0.010872092475891113
0.010866798267364502
0.010881402740478515
0.01094250400543213
0.010907237615585328
0.010883796119689941
0.010879316749572755
0.01085405282020569
0.010850201473236084
0.010860896883010864
5.52345287676939
model saved at unlearnable_20211009225439_0.5_512_150
0.010903132781982423
0.01086374529838562
0.010854015560150147
0.010866337032318115
0.010886095724105834
0.01084696985244751
0.010852021398544312
0.01086277379989624
0.010859564971923828
0.010847622661590577
0.010860814628601074
0.010877880163192749
0.010912187576293945
0.01083706871986389
0.010851687097549438
0.01084546136856079
0.01088890474319458
0.010868659715652465
0.01084208776473999
0.010863530740737915
0.010857079124450683
0.01085130228996277
0.010919638671875
0.010834387884140014
0.010853481378555298
0.01092717646598816
0.010878117027282716
0.01085377540588379
0.0108552871799469
0.010870864448547363
0.010889720115661621
0.01091629599571228
0.010856482810974122
5.514414679143846
0.010863650169372558
0.010872429475784302
0.010867075452804565
0.010829643182754516
0.010832633237838745
0.010868733377456665
0.010857133636474609
0.010855049619674683
0.010871175727844238
0.010855238924026489
0.01083395372390747
0.010838335342407227
0.01085128402709961
0.010867252883911133
0.010846084156036377
0.010843680543899536
0.010821722421646118
0.010822505197525024
0.010847743787765502
0.010842599725723266
0.01083153839111328
0.010832953958511353
0.010837921485900879
0.010831256141662597
0.010842007417678833
0.010849713487625121
0.01084693133354187
0.010847826547622681
0.010863717260360718
0.010892276954650879
0.010890449838638306
0.010866997861862182
0.010886113653182983
5.5168292989435885
0.010844212808609009
0.010875502738952637
0.010862468042373657
0.01086005784034729
0.010899052448272705
0.010842389936447143
0.010838448514938355
0.010867584524154664
0.010847043190002442
0.010851690187454223
0.01082070450782776
0.010824828281402589
0.010879461851119996
0.010837720041275024
0.010837250537872314
0.010828471021652221
0.010826855592727662
0.0108186461353302
0.01080696189880371
0.010821747589111329
0.010827428932189942
0.010852317724227905
0.010858067531585693
0.010863877201080322
0.010886099710464477
0.010856070756912231
0.010870108070373535
0.010879144897460937
0.01083288758277893
0.010850456008911134
0.010858829736709595
0.010844855060577393
0.01084717526435852
5.5106965635240694
0.010835412435531617
0.010848900365829467
0.010831867265701295
0.010871026201248168
0.01084817367553711
0.010852660036087036
0.01081952223777771
0.010858487339019776
0.01082857416152954
0.01084574948310852
0.010819834156036377
0.010805067472457885
0.010835783395767212
0.01084753659248352
0.010836883115768433
0.010887271575927735
0.01086552333831787
0.010880046453475952
0.010909320316314697
0.0109538694190979
0.010856999549865723
0.010863745813369751
0.010841796884536743
0.010846954469680786
0.010837108001708985
0.010854461307525634
0.010829084548950195
0.01082229425430298
0.010809272899627685
0.010836023511886598
0.010827538232803345
0.010820217962265014
0.010819967670440673
5.509266435485525
0.01085289192199707
0.010833113784790039
0.010809551439285279
0.010868452587127686
0.010869593000411987
0.010834003887176513
0.010827076969146728
0.010824879140853881
0.010818820610046386
0.010828683576583863
0.010840670499801636
0.010819916906356811
0.010847805643081665
0.01084853440284729
0.01081465344429016
0.0108082035446167
0.010858532524108887
0.01083903151512146
0.010814525814056397
0.010820923986434937
0.010820038242340088
0.010818477296829224
0.010895518074035644
0.010839984188079833
0.010824760570526124
0.010835673274993896
0.010860234375
0.010833862104415894
0.010806532764434815
0.01087061339378357
0.010858585834503174
0.010854176206588744
0.010881470165252686
5.500779279728525
0.010810010604858398
0.010809611339569092
0.01079616870880127
0.0108182190990448
0.010792463817596435
0.010815590591430665
0.010799063520431518
0.010832454109191895
0.01082035207748413
0.010836591424942017
0.010813430042266845
0.010835357637405396
0.0108273069190979
0.010786455001831055
0.010811028881072998
0.010795298824310302
0.01081508316040039
0.010816087112426757
0.010834218902587891
0.010889857215881347
0.010820318851470946
0.010804271154403687
0.010855716571807861
0.010825732250213623
0.010838284130096435
0.010831420202255249
0.010834381761550903
0.01082671751022339
0.010828635320663452
0.010844708194732666
0.010797926769256592
0.010812982244491577
0.010811825017929077
5.495962949143243
0.010793957567214966
0.01084632040977478
0.010823170557022095
0.010790251197814942
0.010813152360916138
0.010841298713684082
0.010815652561187744
0.010796650533676148
0.010821625661849976
0.01079488754272461
0.01082161584854126
0.010811605024337768
0.01081135542869568
0.010816812868118286
0.010831487293243408
0.01079507534980774
0.010799223413467408
0.01081902997970581
0.010789211149215699
0.010800087690353394
0.010827418966293335
0.010846601819992065
0.010838537979125977
0.010819989976882934
0.010815009622573852
0.01081947262763977
0.01080244210243225
0.010821002531051636
0.0108272216796875
0.01083738883972168
0.010771953897476197
0.010798163604736328
0.010816170454025269
5.495108629010387
0.010836657123565675
0.010808389587402344
0.010820929775238037
0.010816404495239258
0.010808443470001221
0.010827836227416992
0.010812046594619752
0.010782562704086304
0.01077688515663147
0.010795768518447876
0.010783096771240234
0.010770624504089355
0.010789356784820557
0.010797606573104858
0.010813790636062623
0.01080203797340393
0.010793914833068848
0.01079345853805542
0.010791238107681275
0.010820285205841064
0.010805513830184937
0.0108021910572052
0.010794899806976318
0.010785840883255005
0.010813537855148315
0.010776307191848754
0.010774480447769165
0.010783855209350586
0.010786633186340332
0.010775064544677734
0.01080400873184204
0.010793596839904785
0.010811873168945312
5.487633518336975
0.010872778062820434
0.010832432451248169
0.010790888605117798
0.010802834396362305
0.010824301671981812
0.010822132654190063
0.010846970329284668
0.010777528991699219
0.010772845106124878
0.010770434837341308
0.010773070831298828
0.0108384273147583
0.01082595492362976
0.010818827276229858
0.010812497253417968
0.010790826177597046
0.01079666383743286
0.010827511463165284
0.010801617813110351
0.010781275510787964
0.010787677640914917
0.010803479013442993
0.010789935235977172
0.010783901739120484
0.010800486707687377
0.010804648494720459
0.010791325550079346
0.01077226360321045
0.01078996808052063
0.010785458679199219
0.01077841495513916
0.010793617124557495
0.010794313182830811
5.4904789826304645
0.010782135314941406
0.010791923341751098
0.010768851375579834
0.010781724100112916
0.010789288187026978
0.01077565489768982
0.010800996284484863
0.010785691041946412
0.01079073073387146
0.010815789031982421
0.010807966270446777
0.010783879289627075
0.010781417655944824
0.010801268529891968
0.010804962348937987
0.01079418107032776
0.010845795183181763
0.010795653991699218
0.01079638285636902
0.01079240571975708
0.010787409963607789
0.010804731740951538
0.010799042720794677
0.010786905059814453
0.01076688364982605
0.010751601715087891
0.0108069278049469
0.010818947553634644
0.010780357723236085
0.010783370332717895
0.01075618288040161
0.010788282709121704
0.010780367288589478
5.488479997693878
model saved at unlearnable_20211009225439_0.5_512_150
0.010778191804885864
0.010760701236724854
0.010784487743377686
0.01079817861557007
0.010777984342575073
0.01077938549041748
0.01080656678199768
0.010838873414993287
0.010782006635665893
0.010780534124374389
0.010833711824417114
0.010832328424453735
0.01078612548828125
0.010769272890090942
0.010773829307556153
0.010781564245224
0.010793865776062011
0.010772819318771363
0.010778666810989379
0.010765129251480102
0.010772272386550904
0.010772438812255859
0.01077360076904297
0.010778431177139282
0.010778745813369751
0.010781143627166747
0.010802919511795043
0.01076812840461731
0.010769530591964721
0.010782449378967286
0.010758051424026489
0.010789927291870118
0.010778740758895873
5.48141102938308
0.010786149787902832
0.010754163284301758
0.01078709487915039
0.010781212596893311
0.010773737440109253
0.010780601549148559
0.010799968729019165
0.010750378837585449
0.010797787637710572
0.010780488376617431
0.010877668132781982
0.01074519669532776
0.010772657337188721
0.010788524351119995
0.01079884105682373
0.010787826595306397
0.010761315536499023
0.010770727186203003
0.010804806880950927
0.010800124769210816
0.010752101488113404
0.010770196046829224
0.010815790538787841
0.010801367788314819
0.010802326374053955
0.01078614200592041
0.010759810943603516
0.010769140129089355
0.010786965255737305
0.01080613094329834
0.01074992109298706
0.010779736442565918
0.010796134881973266
5.481227884587553
0.010811198263168335
0.010772103443145753
0.010779858884811401
0.01080474733352661
0.010767855920791627
0.010776484155654907
0.010780253410339356
0.010761192712783814
0.010737573127746583
0.010753149375915528
0.01074943787574768
0.010767464151382446
0.010749493017196654
0.010755833768844604
0.010776635570526123
0.01076732946395874
0.01077416072845459
0.010784666976928712
0.010771894903182984
0.010813765811920166
0.010843404502868652
0.010775943155288696
0.010791666526794433
0.010776316947937011
0.010752220401763915
0.010766956424713136
0.010778450412750244
0.010751777954101562
0.010788815536499024
0.010779915199279785
0.010770493459701538
0.010778755178451538
0.01075292839050293
5.477499494847563
0.010769206533432007
0.010813820791244507
0.010823369960784913
0.010753098688125611
0.010735445489883423
0.010779347677230836
0.010818913450241089
0.010781939840316772
0.010745249166488648
0.010766415281295776
0.010777218856811523
0.01076776954650879
0.010770315647125245
0.010773354778289794
0.010792693328857421
0.01075672742843628
0.010758801927566529
0.010778565940856934
0.010770399265289306
0.010779125385284425
0.010754408855438232
0.010758509702682495
0.010786537408828735
0.010767467432022094
0.010787395391464234
0.010749192667007447
0.010760956506729126
0.010769259519577027
0.01076030556678772
0.010746661224365234
0.010760465068817138
0.010760331029891967
0.01077003911972046
5.473212782869634
0.010748500289916993
0.010772707424163818
0.010752785739898681
0.010782394456863404
0.01074319793701172
0.010759955167770386
0.010752985181808472
0.010747779808044434
0.010761701622009278
0.010766895895004272
0.01080334765434265
0.01075459059715271
0.010755620317459106
0.010786007976531982
0.010765669889450073
0.01073976128578186
0.010739723873138428
0.01074379337310791
0.010760393648147583
0.010760723457336425
0.010761754894256592
0.010771258220672607
0.010743968105316162
0.010751786298751832
0.010756277408599853
0.010758577041625977
0.010737766189575195
0.01074590666770935
0.01075305633544922
0.01078664574623108
0.010765540227890015
0.010767836303710938
0.010753699913024902
5.471909955604789
0.01076922176361084
0.010775703792572021
0.01075260235786438
0.010800861263275147
0.010764090785980224
0.010748557481765748
0.010758385105133057
0.010745142183303833
0.01073813735961914
0.010762457265853882
0.010762404680252075
0.01075897442817688
0.010757691164016724
0.010750119075775147
0.010763835620880126
0.010768211097717285
0.0107756995677948
0.010775253429412842
0.010814524745941162
0.010773408975601197
0.010737160577774048
0.01075805913925171
0.010800904531478882
0.010738162784576417
0.010745188770294189
0.010775773696899414
0.010748143091201782
0.010743426971435547
0.010773290891647339
0.010767918224334717
0.010722774143218995
0.010725758514404297
0.010720809869766236
5.46682887224807
0.010730448865890503
0.010764118013381958
0.010745344514846801
0.010741381044387818
0.01075115647315979
0.010754282817840577
0.010746880283355712
0.010737790231704712
0.010729338188171386
0.010753172960281372
0.010756959085464477
0.010745431509017944
0.010734767427444458
0.010735913925170898
0.01073299027442932
0.010766004428863525
0.010752664070129394
0.010782743110656738
0.010766363067626954
0.01074045581817627
0.010721845712661743
0.010765512552261353
0.010746436595916748
0.010734183073043824
0.010765890703201294
0.010808185863494872
0.010745052919387817
0.010735870847702026
0.010746752939224244
0.010743167037963868
0.01077450882911682
0.010729553337097167
0.01073856288909912
5.470146041555503
0.010743526277542114
0.010751310386657715
0.010742668209075927
0.010767406206130982
0.010776015224456786
0.01079772229194641
0.01078551160812378
0.010755607461929322
0.010724258995056152
0.010749095582962036
0.01079400743484497
0.010782484292984009
0.010758764753341674
0.010774480199813842
0.010729309072494506
0.01073632405281067
0.01073757553100586
0.01074226739883423
0.010746192722320557
0.010767874822616577
0.010747328014373779
0.010767919225692748
0.010751292228698731
0.010749510717391967
0.01074251338005066
0.01075371081352234
0.010722929992675781
0.010739059019088745
0.010711175270080567
0.01075421194076538
0.010729619178771972
0.010737760581970214
0.01074098533630371
5.465816089787434
0.010721718130111694
0.010750410776138305
0.010756331434249878
0.010745323858261109
0.010770880317687989
0.010729234781265258
0.01074365159034729
0.010740110902786254
0.010738996324539184
0.010749327669143677
0.010741927871704101
0.0107457035446167
0.01074018754005432
0.010734183969497681
0.01076219048500061
0.010728419609069824
0.01073022455215454
0.010755036115646363
0.010745007848739625
0.010731121196746827
0.010746483430862427
0.010734796781539917
0.010737903003692626
0.01072745005607605
0.010724425029754639
0.01074285696029663
0.010749031162261963
0.010752521600723267
0.010718996801376343
0.010717842102050781
0.010728035430908204
0.010750676851272583
0.010709456214904786
5.463408460322115
0.010736297073364258
0.010824255685806274
0.010756487789154053
0.01072648712158203
0.01073832459449768
0.0107508229637146
0.010746779861450196
0.01074164044380188
0.010739382686614991
0.010735095224380493
0.010750117454528809
0.010754149894714356
0.010720279932022094
0.010773611736297607
0.010743553037643433
0.010711672220230102
0.010714836206436157
0.010736861438751221
0.010730659093856811
0.010738201723098756
0.010767250776290893
0.01077316291809082
0.010726380577087403
0.010756236381530762
0.010758491668701171
0.01075200436592102
0.010782271184921265
0.010722569351196289
0.010755067157745362
0.01075384376525879
0.010721490745544434
0.010730069522857665
0.010743228740692138
5.460136015390613
model saved at unlearnable_20211009225439_0.5_512_150
0.010718595514297486
0.010732397413253785
0.01071877046585083
0.010731317186355591
0.010745683870315551
0.01071367582321167
0.010728497619628906
0.010716269693374634
0.010733807468414307
0.010743398752212524
0.010722530927658082
0.010718266687393188
0.010728306684494019
0.01073866291999817
0.010728814344406128
0.010728958177566528
0.010728463726043701
0.01073732406616211
0.010727253189086914
0.010729621744155884
0.010724493169784546
0.010711658964157104
0.01073405562400818
0.010719450902938842
0.010722722997665406
0.010714322786331177
0.010731069564819336
0.010738941526412964
0.010704215068817139
0.010699017610549926
0.010729100046157836
0.010730981035232543
0.010737685441970825
5.457634119643378
0.010749515600204467
0.01071328067779541
0.010699058361053468
0.010721707725524903
0.010703055105209351
0.010705006618499756
0.01071299614906311
0.01070857159614563
0.010753568897247314
0.010712957906723022
0.010721906671524048
0.01070395022392273
0.010731108169555664
0.010740027856826782
0.010722055244445802
0.01073958722114563
0.010713875741958619
0.010732925205230713
0.010718934326171875
0.010715924196243285
0.010723070268630982
0.010747904844284058
0.01072309271812439
0.01071800121307373
0.010738470878601074
0.010723872938156128
0.010730197296142578
0.01069809401512146
0.010762103004455566
0.010710727920532227
0.010712701597213745
0.01073578989982605
0.010718479232788085
5.452968936605552
0.010750961570739745
0.010737737493515014
0.010801808176040649
0.01076239535331726
0.01073421854019165
0.010753394622802734
0.010721040925979614
0.010711140909194946
0.010709076404571534
0.010716660976409912
0.010717211847305298
0.010734244441986084
0.010725584678649902
0.010752292699813842
0.010739883394241333
0.010724303464889527
0.010732081680297852
0.010766889019012451
0.010729313879013061
0.010748775062561035
0.010775590076446533
0.010712049350738525
0.010712598237991333
0.010708293027877808
0.010707512693405152
0.010706806526184082
0.01076223048210144
0.010739917688369752
0.010728420543670654
0.01072643346786499
0.010709170026779175
0.010725713558197021
0.010725839157104492
5.453336671455619
0.010762665939331055
0.010722774744033813
0.010725653800964356
0.010729571418762207
0.010708871908187867
0.010763521490097046
0.01072933861732483
0.01076592661857605
0.010704085359573364
0.010732483396530152
0.010711776876449586
0.010729500999450683
0.01071012703895569
0.010745631866455078
0.010729561252593995
0.010719943151474
0.010716771659851075
0.01070349123954773
0.010718177509307862
0.010728111906051635
0.010713129024505615
0.010712534275054931
0.010699799089431763
0.01069088327407837
0.010722270126342774
0.010716850204467774
0.010727868146896363
0.010701143426895142
0.01069626431465149
0.01072221121788025
0.01072060715675354
0.010714610357284545
0.01071293251991272
5.452800735984881
0.010713316888809204
0.010713539237976074
0.010719564990997315
0.010719354667663574
0.010703484621047974
0.010704097833633424
0.010707836513519288
0.010704079504013062
0.010750789937973022
0.010726511316299439
0.010703123111724853
0.010729991807937623
0.010710873956680298
0.010739962692260742
0.010717918920516968
0.010720525522232056
0.010734150743484498
0.010721020364761353
0.010714146165847779
0.010722766180038453
0.010723613014221192
0.010712501621246338
0.01071597152709961
0.010690982341766358
0.01071405782699585
0.010754265975952148
0.01072958812713623
0.010713564138412476
0.010737214517593383
0.010756776542663575
0.010718204040527344
0.010754696416854859
0.010742135915756226
5.44947377431024
0.01074836612701416
0.010728762397766113
0.010698299837112426
0.010700283889770509
0.010701301031112671
0.01071782259941101
0.010696664533615112
0.010734645700454713
0.010724000558853149
0.010690677490234375
0.01072086030960083
0.010718101415634155
0.010721341466903686
0.010698133783340454
0.010697714204788208
0.01072843337059021
0.01070653491973877
0.010726171798706054
0.010699403810501098
0.010728619346618652
0.010717199077606201
0.010710874881744385
0.010696917104721069
0.01069452223777771
0.010729933967590331
0.010711640930175782
0.01069943967819214
0.010708464822769164
0.010703700904846191
0.010734543323516846
0.010702475652694702
0.01071160984992981
0.010704839744567872
5.451692910538506
0.01069541904449463
0.010727011413574218
0.010690716047286988
0.010695625820159912
0.010704677753448487
0.010696705303192139
0.010698739748001099
0.01069612075805664
0.01077333999633789
0.010723666143417358
0.01070545560836792
0.010693039417266846
0.010694583234786987
0.010708022079467774
0.01071027645111084
0.010706998701095581
0.010722942609786987
0.010682895574569702
0.010689294853210449
0.010707735710144044
0.010686168260574341
0.010680683126449585
0.010682962474822998
0.010685047941207886
0.010690882501602174
0.010689893350601196
0.010700402326583862
0.010698197679519654
0.010718611812591552
0.01068952073097229
0.010692488880157471
0.010726411113739013
0.0107181742477417
5.4461763519601725
0.010711335306167602
0.010721223812103272
0.010737978935241699
0.010701004238128663
0.010719013576507569
0.010724979000091553
0.010710325689315795
0.010688710765838622
0.010706793994903565
0.01071271752357483
0.01070869478225708
0.010712335224151612
0.010714040908813477
0.010710165729522705
0.010702237005233765
0.010726703805923462
0.010729574756622314
0.010723076009750367
0.010712757425308228
0.01069250789642334
0.01069365138053894
0.010704577703475953
0.01069396083831787
0.01071626371383667
0.010711834077835084
0.010697399778366088
0.010703717641830444
0.010759999551773071
0.010705669536590577
0.010713190250396729
0.010740318784713746
0.010682369928359985
0.010705008506774902
5.4476750904751805
0.010680490627288819
0.010713616914749145
0.01071994052886963
0.010694396123886108
0.010692151012420653
0.010678774738311768
0.01067820550918579
0.010707923278808594
0.010700483751296997
0.010694717216491699
0.010698695058822632
0.010693274507522584
0.01070330080986023
0.010724622592926026
0.01073312720298767
0.010697293424606322
0.010712272443771362
0.010677151565551758
0.010674986963272095
0.010719112386703492
0.010684167098999024
0.01068324872970581
0.01072356421470642
0.010676725273132324
0.010678126068115234
0.010686839065551759
0.010691398134231568
0.010677794303894043
0.010715369234085084
0.010715509777069091
0.010691520538330078
0.010725028495788574
0.010698743133544922
5.443814788897013
0.010710473747253419
0.010728289270401
0.010709254951477051
0.010684697980880738
0.010724905891418456
0.010675350675582885
0.010672095794677735
0.010686046018600464
0.010679463863372802
0.010669698266983033
0.010686208534240722
0.010695260343551635
0.010681340799331664
0.010669480667114258
0.010682898979187012
0.010676460485458374
0.010705736360549927
0.01069116569519043
0.010684349565505982
0.010702247714996338
0.010679083995819091
0.010690800199508667
0.010684703760147095
0.010705233764648438
0.0106878733253479
0.01067873191833496
0.010678245973587037
0.010713996992111206
0.010706653175354004
0.01068791428565979
0.010683792076110839
0.010704598407745361
0.010681710481643677
5.441781722393232
model saved at unlearnable_20211009225439_0.5_512_150
0.010684948444366455
0.010713093509674072
0.010715681295394897
0.010702364730834961
0.010708986749649048
0.010703814420700073
0.010707255935668946
0.010683591537475586
0.010691945295333863
0.010693127927780152
0.010701696701049805
0.010709459381103516
0.010684121322631836
0.010715149250030517
0.010692135934829712
0.010673342266082764
0.010693708391189575
0.010696958503723144
0.010691263046264648
0.010708381414413453
0.010681091146469117
0.010693918085098267
0.010667280139923095
0.010667925281524658
0.010698402614593506
0.010730695905685424
0.010728733177185059
0.010692464380264282
0.010724038867950439
0.010716047115325927
0.010679662685394288
0.010719255294799805
0.0107060560131073
5.44135201346014
0.010757118883132934
0.010692030763626098
0.010723160572052002
0.010737612419128418
0.01073408205986023
0.010739437475204467
0.010708698196411133
0.01070876955986023
0.010700437650680543
0.010677964973449708
0.010698503322601319
0.010711637372970581
0.010694249792098999
0.01069152551651001
0.01070529335975647
0.010703265504837037
0.010698241453170776
0.010705008497238159
0.010704946651458741
0.010690417718887329
0.010692344150543213
0.01069891251564026
0.010682858591079711
0.010685122709274292
0.01068710337638855
0.010701577653884888
0.010676525678634644
0.010681664190292359
0.010676269302368164
0.010686777429580688
0.010677508401870728
0.010693261270523072
0.010698088293075562
5.443705711168112
0.010694871292114258
0.010700327167510987
0.010735918245315551
0.010726583919525147
0.010670562028884887
0.01071300992012024
0.010698716106414794
0.010675227146148682
0.0106964328956604
0.010669145135879517
0.010681512546539306
0.010686772394180298
0.010690216236114502
0.010664352226257324
0.01068814624786377
0.01067637773513794
0.010708064050674438
0.01073825647354126
0.010680032539367676
0.010708475751876832
0.010700385828018188
0.010675176515579223
0.010700512847900391
0.010697148942947387
0.010694873428344727
0.010693308000564575
0.010684647722244263
0.010699098415374756
0.010687603607177734
0.010678294095993041
0.0106911412525177
0.010710186538696289
0.010731751623153686
5.439940034728689
0.010708944549560546
0.010705273456573487
0.010704183282852173
0.010691746644973755
0.010674692335128784
0.010696151876449586
0.010682231340408325
0.01066514286994934
0.010675519638061523
0.010667635898590088
0.01067864658355713
0.010708720388412475
0.010688433389663696
0.010704582138061523
0.010693778810501098
0.010663702249526978
0.010679782371520997
0.010670338563919067
0.010662921981811523
0.010660178680419921
0.010664170217514039
0.010693204336166382
0.010692249908447266
0.010669935388565064
0.010694420795440673
0.010693503675460816
0.010675145559310912
0.010667130546569824
0.01070454288482666
0.010711162958145141
0.010683507032394408
0.010711141605377197
0.010702980699539184
5.437063330227566
0.010671834287643433
0.010672321214675904
0.010675360260009766
0.010664981594085693
0.01067797576904297
0.01066692190170288
0.010675260887145996
0.010687295398712158
0.010688969345092773
0.01066574345588684
0.010682836637496949
0.010676031589508056
0.010700427703857422
0.010683663454055786
0.010696613683700562
0.010716903381347656
0.010705837202072143
0.010687347764968873
0.01066935622215271
0.01068263744354248
0.01070666955947876
0.010695724544525146
0.010690044593811034
0.010683727893829346
0.010685163459777831
0.010678429880142212
0.010683849248886108
0.010675005044937133
0.010667902135848999
0.010677113103866577
0.01069050750732422
0.010683526697158814
0.010683514575958251
5.4353418940121365
0.010670616750717163
0.010688569831848144
0.010704643030166626
0.01070370138168335
0.01071636058807373
0.010725613222122192
0.010692870140075684
0.010713436307907104
0.010692438278198243
0.010669605083465577
0.010712163276672364
0.010685268783569336
0.010676758165359497
0.0106798099899292
0.010698238534927369
0.010681842241287232
0.010671047592163085
0.01067825662612915
0.010674778385162353
0.010671130619049072
0.010680740966796875
0.010680024108886719
0.010665947256088257
0.010667716579437256
0.010665569257736205
0.010675444583892822
0.010671743326187134
0.010681664924621583
0.010665029048919679
0.010667734642028808
0.0106520907497406
0.010697838563919067
0.010679580554962159
5.4346864149742515
0.010711884813308715
0.010674832849502564
0.010711001253128051
0.010697009239196777
0.01068439995765686
0.010662071666717529
0.010690922079086304
0.010661702690124512
0.010675536642074586
0.010652355184555054
0.010654463214874267
0.010673050012588501
0.01067600827217102
0.010699109859466554
0.010692127494812012
0.01067104691505432
0.010679407396316528
0.010666326513290405
0.010671707344055176
0.010669360933303833
0.010663182735443115
0.010675318069458008
0.010671121530532837
0.01066387001991272
0.010659436445236207
0.010666269159317017
0.01067061164855957
0.010664246101379395
0.010684849672317505
0.010665231885910034
0.010664340591430664
0.010669345645904542
0.010657691440582276
5.435312703712699
0.010666854734420776
0.010652634696960449
0.01067492431640625
0.010691106300354004
0.010678467407226562
0.010656131792068481
0.010662869548797608
0.010680805320739745
0.010718208570480347
0.010676168003082276
0.010677140941619872
0.010671777362823487
0.010668592910766602
0.01066977213859558
0.010673353672027588
0.010652928247451782
0.010654928007125855
0.0106550523853302
0.01065406626701355
0.010665567359924317
0.010658737506866455
0.010664105052947999
0.010659880743026734
0.010663164072036744
0.010659164810180664
0.010696213932037353
0.010657666463851929
0.0106716042137146
0.01070551061630249
0.01065507737159729
0.010679968328475953
0.010675040063858032
0.01066876841545105
5.432713395541477
0.010670829191207886
0.010697941303253173
0.010689844999313355
0.01066934965133667
0.010692344036102294
0.010727447633743286
0.01066193696975708
0.010720655431747437
0.010728663873672486
0.010663885049819946
0.010708359298706055
0.010681452884674073
0.010674056625366211
0.010660712909698486
0.01066173189163208
0.010688298187255859
0.010674850597381592
0.010706107263565063
0.010655444917678832
0.01067574688911438
0.010686172008514403
0.010684251470565795
0.0106572776222229
0.010687371129989624
0.010675365695953369
0.010653250904083252
0.01066823236465454
0.010691407537460328
0.010641972131729125
0.010661137380599976
0.010647727336883545
0.010640311822891236
0.01066075647354126
5.430655661317491
0.010650371026992797
0.010657953186035156
0.010654656038284301
0.010675569953918457
0.010669694671630859
0.010656753587722778
0.010663930568695069
0.010674014596939087
0.010645783128738403
0.010672768068313599
0.01068097918510437
0.010657855806350707
0.01066950364112854
0.010668251819610597
0.010652652149200439
0.01065362726211548
0.010651567554473877
0.010662898960113526
0.010659386377334594
0.010650828647613525
0.010659847240447998
0.010647490978240966
0.010646580991744994
0.010646552610397339
0.010651365098953248
0.010679131393432618
0.01066895076751709
0.010656960887908936
0.010703114080429078
0.01067713044166565
0.010652708950042725
0.010655829086303711
0.010654013385772706
5.4274587926176405
model saved at unlearnable_20211009225439_0.5_512_150
0.01067928915977478
0.010663619375228882
0.010665504570007324
0.010645214223861695
0.01066083345413208
0.010687194890975952
0.010667219696044922
0.010667476682662963
0.01072345552444458
0.010674639196395873
0.010705507736206054
0.010678771142959594
0.010656952075958253
0.010659257850646973
0.010661699304580689
0.010662950563430786
0.01065218629837036
0.01068880350112915
0.010664820203781128
0.010681359491348267
0.010669734582901
0.010683440589904785
0.010726995973587037
0.01066806266784668
0.01068724690437317
0.01068149953842163
0.010673715810775758
0.010675324668884278
0.010667417650222779
0.010660693941116333
0.010663513851165771
0.010682438106536865
0.010664593935012817
5.429349481444998
0.010691811771392822
0.01067102744102478
0.01064342851638794
0.010646794729232788
0.010657690744400025
0.010667850294113159
0.010651193771362305
0.010665204620361328
0.010678159227371215
0.01065953070640564
0.010656637105941773
0.010649158353805543
0.010670135135650636
0.010672957391738892
0.010646876182556152
0.010668904571533203
0.010672299041748047
0.010658888645172119
0.010643891191482544
0.010649769792556763
0.010664590845108032
0.010647881803512574
0.010645451955795289
0.010663901529312134
0.010657253675460816
0.010660713977813721
0.010656936283111573
0.010667474384307861
0.010679840297698974
0.010649112911224366
0.010663492279052734
0.01070089638710022
0.010657917575836182
5.428237418538516
0.010696020202636719
0.010634568853378296
0.010664846906661987
0.010646179008483886
0.010667291975021363
0.01065682074546814
0.010663674154281617
0.010660364542007446
0.010665897455215454
0.010667596502304076
0.010672268161773682
0.010654430818557738
0.010649598026275634
0.010659722423553467
0.010693213262557984
0.010640806932449341
0.01065988842010498
0.010694953632354736
0.010668916063308716
0.010678314456939697
0.010668893909454346
0.010663802270889281
0.010674791116714478
0.010654256658554077
0.010648312587738037
0.010662880115509032
0.010668548822402955
0.010684323377609254
0.010666982641220093
0.010667165098190308
0.010693465375900268
0.010661331787109376
0.010669259967803955
5.425874243077543
0.010655014247894288
0.01066272250175476
0.010673753166198731
0.010655999689102172
0.010658843116760254
0.010641573534011841
0.010639842958450317
0.01064617130279541
0.010633336095809937
0.01065605016708374
0.010650747222900391
0.01064246584892273
0.010636393852233887
0.010685266914367676
0.010635485954284669
0.010667232923507691
0.01064433032989502
0.010664309406280518
0.01068309453010559
0.010649810256958008
0.010735364742279053
0.010643403835296631
0.010664804353713989
0.010656825275421142
0.010644819955825805
0.010637428750991822
0.010629123315811157
0.010637642316818238
0.010677256679534912
0.0106710178565979
0.01066319058418274
0.010650277328491211
0.010633818006515503
5.423847508184688
0.010667926387786865
0.010659045829772949
0.010642528009414672
0.010636743125915527
0.01064423303604126
0.010647489414215087
0.010653235731124878
0.010644641914367675
0.010650703763961792
0.01065856993675232
0.010654775505065918
0.010661613788604736
0.010659150104522706
0.01065007939338684
0.010646267642974853
0.010646262331008911
0.010658397779464722
0.010664904384613037
0.010642920560836792
0.010650192985534669
0.01067262279510498
0.010680258026123046
0.01065799744606018
0.010669229040145873
0.010630636320114135
0.010648372297286988
0.010636684160232545
0.010627103586196899
0.010634247331619263
0.010644640283584595
0.01064054967880249
0.010645189485549926
0.01064847988128662
5.4250729649337295
0.010657702951431274
0.010656270513534545
0.010654263792037964
0.010670567684173585
0.0106563973903656
0.010646609220504762
0.01067475772857666
0.010665137100219726
0.01066763955116272
0.010647804298400879
0.010682805347442627
0.01064660584449768
0.010656690263748169
0.010660702247619629
0.010648104162216187
0.010642429933547973
0.010686831703186035
0.01067729522705078
0.01064715488433838
0.010654271459579468
0.010655582513809204
0.010630535802841186
0.010658593034744262
0.01063817554473877
0.010646678562164306
0.010659476251602172
0.01064041543006897
0.010642003202438355
0.010632252445220947
0.010640786552429199
0.01063747091293335
0.010639786548614503
0.010645223712921143
5.423975536503742
0.010644736604690551
0.010644335927963256
0.010681709623336791
0.010633391122817993
0.010626347608566284
0.010636365642547607
0.01063651912689209
0.01064758131980896
0.010639236869812012
0.010645946626663207
0.010656489963531494
0.010656502132415771
0.010701480016708374
0.010680908203125
0.01065378927230835
0.010647367219924927
0.010643470802307129
0.010641625127792358
0.01064394100189209
0.010650155649185181
0.01066515588760376
0.010649640378952026
0.010636353540420532
0.010626107215881348
0.010623562364578247
0.010645913372039795
0.010662082176208496
0.010646038360595703
0.01065393970489502
0.010651413297653197
0.010630089311599731
0.010671019821166992
0.010649808139801025
5.418461194972402
0.010720939521789551
0.010626653003692628
0.010635735149383544
0.01063699644088745
0.010634148864746094
0.010647184524536132
0.010621397256851196
0.010654213104248047
0.010655424699783325
0.010634338750839233
0.010662167778015137
0.010636201057434081
0.01065366084098816
0.010646173067092896
0.010636198568344116
0.010646342000961304
0.010650256614685058
0.010663747539520263
0.010660228309631347
0.010644540605545044
0.010658016443252564
0.010648415336608886
0.010663967027664185
0.010649968061447143
0.010633359088897705
0.010652429161071777
0.01064516658782959
0.010625942010879517
0.010653306140899658
0.010638156356811524
0.01066784213066101
0.010653762016296387
0.010658790302276611
5.418987318412545
0.010650877838134766
0.01062783085823059
0.010655038442611694
0.010657332458496094
0.010646027898788452
0.01063903935432434
0.010644765672683716
0.010637049217224121
0.010646773080825806
0.010654052906036377
0.010643880872726441
0.010642874212265015
0.010637536430358887
0.010635219774246215
0.01065157711982727
0.010618506565093994
0.010628246669769288
0.010628975267410279
0.010636184797286988
0.010654066209793091
0.0106267160987854
0.010634625329971314
0.010653016443252563
0.010650382204055786
0.010635449619293212
0.010688654403686524
0.010648834209442138
0.010645412254333497
0.010629219398498535
0.010637820043563843
0.010644233417510987
0.010638113689422607
0.010640336456298829
5.418155955285141
0.010694943943023682
0.010622905321121217
0.01062627236366272
0.010625131750106811
0.01067457950592041
0.010637548885345459
0.010637306709289552
0.01061922264099121
0.010631224384307861
0.010641274404525758
0.010639106922149658
0.010631484661102295
0.010634688148498534
0.010628703994750976
0.01063861517906189
0.010640573654174805
0.010644318132400512
0.010647488174438476
0.010657793283462525
0.010640362167358398
0.010617039690017701
0.010637582397460937
0.010617449436187745
0.010650722274780273
0.01063834373474121
0.010645311231613159
0.01063117522239685
0.010730924100875854
0.010673460903167724
0.010661276664733887
0.010665127820968628
0.010633627862930298
0.010639116516113281
5.420148505378015
model saved at unlearnable_20211009225439_0.5_512_150
0.010660003051757813
0.010642339496612549
0.010650273180007934
0.010643715772628784
0.010635024681091308
0.010649738941192626
0.010640491933822632
0.010656508893966675
0.010621008281707764
0.010658981742858887
0.01064690279006958
0.010653071584701537
0.010640300664901733
0.010625804433822631
0.010633635711669922
0.01063846978187561
0.010652995519638062
0.010666216163635254
0.010634270401000977
0.010652207593917848
0.01065490255355835
0.010642782850265504
0.010651700344085694
0.010639761285781861
0.010630541505813598
0.010619929666519165
0.010630429058074951
0.010628786067962647
0.010639376668930054
0.010624664459228515
0.010655918712615967
0.010646425914764404
0.01067038182258606
5.4140919557551745
0.010634222612380981
0.010654122247695923
0.010638624725341796
0.010661914768218993
0.010634146022796631
0.010674345006942748
0.010627078952789307
0.010640363225936889
0.010651397857666016
0.010656986227035523
0.010624274988174438
0.010632685823440551
0.010624359512329101
0.010637260551452636
0.010629513349533081
0.010627410259246826
0.010641694145202637
0.010631829347610474
0.010728870315551758
0.010702765769958496
0.010622459335327149
0.010691164989471435
0.010625208387374878
0.010655477485656739
0.010621016216278076
0.010630581302642822
0.01063923152923584
0.01061891492843628
0.01063811665534973
0.010625803995132447
0.010631574668884277
0.01061895788192749
0.010622315616607666
5.413709738819869
0.010645961837768555
0.010624634132385255
0.010627565050125121
0.010632517728805541
0.010622583751678467
0.010626276874542236
0.01062981170654297
0.010602135820388794
0.010653230609893798
0.010619238061904908
0.010629355258941651
0.010643236265182494
0.010640861940383911
0.010638615293502808
0.010638761711120605
0.010650751953125
0.010648420305252076
0.010617802391052245
0.010630137252807616
0.010604653339385987
0.010630249710083008
0.010650964584350586
0.010626431865692138
0.01064910361289978
0.0106434681224823
0.010644233045578003
0.010620515995025635
0.010612667722702026
0.010614544868469238
0.010623803567886352
0.010622101945877075
0.01065503921508789
0.010635375537872315
5.417990674677584
0.010617284727096558
0.010637985696792602
0.010632178831100464
0.010604521026611328
0.010618651971817017
0.010624794063568116
0.010619416790008544
0.010625953607559205
0.01061364179611206
0.010623659772872924
0.01062541522026062
0.010631641397476197
0.010617774991989135
0.010630430679321288
0.010655019693374634
0.010663384265899658
0.010622618074417113
0.010666979494094848
0.010630625905990601
0.010624134645462037
0.010626105060577392
0.01061822675704956
0.010622932453155518
0.010632239532470703
0.010616674680709839
0.010614714603424072
0.010638029861450196
0.010635319786071778
0.010626379976272584
0.010640270433425903
0.010638913660049439
0.010683648862838745
0.010643313188552857
5.4135343561467435
0.010646561813354492
0.010630618772506715
0.010635171403884888
0.010623150691986084
0.010639926471710205
0.010622618026733399
0.010618723258972168
0.010624659309387207
0.010598304643630981
0.010625181732177734
0.010616235456466675
0.010607754430770874
0.01061092493057251
0.010617941703796386
0.010616417407989503
0.010610887813568115
0.010616292448043824
0.010625633573532104
0.010633131303787232
0.010632313528060914
0.01064501690864563
0.010625882444381713
0.010613296461105346
0.010664301986694337
0.01061151671409607
0.010625372772216797
0.010613226795196534
0.010634884872436523
0.0106208016872406
0.010637164478302001
0.010642777462005615
0.010672126789093017
0.010630970945358276
5.408169884042642
0.010638450155258179
0.010644008731842042
0.01064546420097351
0.010651559476852417
0.010631582746505738
0.010635379152297973
0.010639161405563355
0.010619602899551392
0.010618123197555542
0.010617299337387085
0.010635663919448852
0.010621824407577515
0.010668422498703003
0.010614555387496949
0.01063851137161255
0.010632179546356202
0.010619156675338744
0.010629287548065186
0.010631904106140136
0.01063540729522705
0.01062617431640625
0.010627680044174194
0.01062003023147583
0.010623488807678223
0.010621640996932984
0.010615421485900878
0.010618435468673706
0.010624389915466308
0.010613990125656128
0.010609104623794555
0.010617904357910156
0.010616815853118897
0.010611845149993896
5.407560456659376
0.010610018606185913
0.010621435317993163
0.010615276069641114
0.010622401828765868
0.010619887857437133
0.010622317342758179
0.010614617204666138
0.010612042560577392
0.010622480640411377
0.010629115915298462
0.010618192195892334
0.010614194450378417
0.010619105815887452
0.010615860652923585
0.010622134132385254
0.01061620436668396
0.010625972023010254
0.010627265243530273
0.010625518293380737
0.01062184416770935
0.01065215235710144
0.010684126482009887
0.010624775915145874
0.010655349464416503
0.010650305109024047
0.010629903383255005
0.010661653327941894
0.010646436100006103
0.010641871490478516
0.01065842782974243
0.010627612981796264
0.010631313314437866
0.010625941877365113
5.411678633739039
0.010624511890411376
0.010617283096313476
0.010597521266937256
0.01060324818611145
0.010605094575881957
0.010606335458755493
0.010608262195587158
0.010607728519439696
0.010620866804122924
0.010607777757644654
0.010624397964477538
0.010614741601943969
0.0106125439453125
0.010609049406051636
0.010646766290664673
0.010628725824356079
0.010622940683364869
0.010611153802871705
0.01062445273399353
0.010634387950897217
0.010627752618789673
0.01061814468383789
0.010633038158416748
0.010635099544525146
0.010659712953567504
0.010640855026245117
0.01060772647857666
0.010650540771484375
0.010629767665863037
0.010595894012451172
0.010632508554458618
0.010648481025695801
0.010627710695266723
5.407429380515187
0.010662836074829101
0.01061545383453369
0.010619581155776978
0.010603945722579956
0.010610251779556275
0.010614324207305908
0.010610301065444947
0.01061040738105774
0.0106250452709198
0.010619051656723022
0.010634955215454102
0.010649320278167725
0.010611724948883057
0.010615593614578247
0.010619382190704347
0.010618337306976318
0.010628136434555053
0.01061660460472107
0.010608188467025758
0.010639740009307862
0.0106205224609375
0.01061445899963379
0.010622007055282592
0.010599621467590333
0.010614823732376098
0.01061567666053772
0.010609688673019408
0.010611086149215698
0.010611084308624268
0.010685744199752807
0.010622615060806275
0.010632539701461791
0.01062785304069519
5.407812870654864
0.01062785961151123
0.010619599723815917
0.010622977457046509
0.010608715257644653
0.01064606369972229
0.010611042976379395
0.010611076097488403
0.01062624924659729
0.010598299798965455
0.010617900428771972
0.010666993217468262
0.010609961576461793
0.010620795316696166
0.01065602213859558
0.010623186826705933
0.010620645580291748
0.010626694574356079
0.010595185737609864
0.010618266582489013
0.010601628952026368
0.010609765272140503
0.010613937530517578
0.010622868041992188
0.010592075567245483
0.010601591520309449
0.010640693521499633
0.010617391300201416
0.010623503217697143
0.010619182701110839
0.010600242347717285
0.010638600273132324
0.010625254535675048
0.010619643630981446
5.4058727480701565
model saved at unlearnable_20211009225439_0.5_512_150
0.010613327093124389
0.010640086221694947
0.010635710544586181
0.010648930950164795
0.010609271821975708
0.010597203788757325
0.010589907159805298
0.01059575189590454
0.010609606847763062
0.010593803300857544
0.010607550525665282
0.010596362600326538
0.010596036882400513
0.010612714471817017
0.01059756402015686
0.010596015310287475
0.010621522512435913
0.010600839357376098
0.010603269395828247
0.010627695980072021
0.010615152673721314
0.01062079755783081
0.010634267768859864
0.010608608026504516
0.010616173849105836
0.010633404531478883
0.010612626800537109
0.010613047523498535
0.010613379936218262
0.01061821346282959
0.010641962699890137
0.010616764860153198
0.01062852400779724
5.401349706748097
0.010639092140197754
0.010620488185882569
0.010617147560119628
0.010621902513504028
0.010621077642440796
0.010629531154632568
0.010599443845748902
0.01061287603378296
0.010608330478668214
0.010615138082504272
0.010627795743942261
0.010598875713348388
0.010604332628250121
0.01060795397758484
0.01062265754699707
0.01060778305053711
0.010624488353729249
0.010628071336746215
0.010592980480194091
0.010668282060623169
0.01060266996383667
0.0106096644115448
0.010609678287506103
0.010610367670059203
0.010605033836364746
0.010620958318710327
0.010603163089752198
0.01060324447631836
0.010611619005203247
0.010611599531173707
0.010604361076354981
0.010613932905197144
0.010604784870147705
5.401109223513259
0.010605644645690918
0.010627343387603759
0.010594301414489747
0.010593020038604736
0.010600351047515869
0.01059451826095581
0.010598729581832885
0.010604946660995483
0.01061831955909729
0.010601901168823242
0.010600596923828125
0.01061845549583435
0.010601224622726441
0.010599844903945922
0.010597276916503907
0.010606555986404418
0.010601283712387085
0.010605516786575318
0.010627095880508423
0.010606373043060302
0.010598091077804565
0.010604806814193726
0.010620230188369752
0.010604661254882812
0.010614345016479492
0.010622587337493897
0.010610154457092286
0.010608822336196899
0.010613616619110108
0.010607712125778199
0.01064821967124939
0.010605034999847412
0.010619520921707154
5.401315330230084
0.010612373056411743
0.010606444454193115
0.010616185874938965
0.010602234601974488
0.010601473178863525
0.010590208520889282
0.010601031999588013
0.010608558683395386
0.010601080589294433
0.01059793221473694
0.010626430339813232
0.010606064014434815
0.010617879180908204
0.010598049430847169
0.01060416187286377
0.010604091234207153
0.010598272294998169
0.010607278289794922
0.010612478094100953
0.010622457761764527
0.010603252401351928
0.01061095687866211
0.0106121187210083
0.010611131200790404
0.010611755752563477
0.010601914319992065
0.01063718557357788
0.010603547449111938
0.010606859226226806
0.010622023134231568
0.010613767261505126
0.01059881498336792
0.010594741792678834
5.402049384166285
0.010595829029083252
0.010593271417617798
0.010596416015625
0.010603035726547241
0.010607085819244385
0.010587600002288818
0.010593977069854736
0.010588135776519776
0.010606744346618652
0.010602919330596924
0.010613679618835449
0.010597313995361329
0.010606819505691529
0.010588366689682006
0.010599551334381103
0.010605111055374145
0.010606887598037719
0.010654271612167358
0.010617963142395019
0.01060841365814209
0.01059632170677185
0.010619763269424438
0.010588744010925293
0.010588249368667603
0.010614173021316528
0.010608814868927003
0.01059858956336975
0.010605679502487182
0.010610528945922851
0.010599922952651978
0.010596784887313842
0.010609319343566894
0.010629606637954711
5.396465621043727
0.010602689323425294
0.010599366912841798
0.010592009334564209
0.01059788776397705
0.010607242078781129
0.010636757287979127
0.010624588041305541
0.010620586910247802
0.010597395124435425
0.010622200326919556
0.010610146942138672
0.01060448166847229
0.01060693187713623
0.010632150440216065
0.010660662488937378
0.010618339586257934
0.010619057855606078
0.010609844150543214
0.010608445138931274
0.010604188957214355
0.010625348930358887
0.010593667430877685
0.010618233366012574
0.010612585763931275
0.010603041954040528
0.010609401960372924
0.010592555179595948
0.010590213270187379
0.010594300136566162
0.010602545185089112
0.010595897665023803
0.010595783033370972
0.010598701305389405
5.400915485067466
0.0106103258228302
0.010604167413711547
0.010620404329299928
0.010606621313095093
0.010598307294845581
0.010595974855422973
0.010594303321838378
0.010594365568161011
0.01059518440246582
0.010600426530838012
0.01058660385131836
0.010589934873580932
0.01060562029838562
0.010596738328933715
0.010588704872131347
0.010599351148605347
0.010597271118164062
0.01060278184890747
0.010589382781982421
0.010604579658508301
0.010597082433700562
0.01060232494354248
0.010604986047744751
0.010603927421569825
0.0106205473613739
0.010602335948944093
0.010613090839385986
0.010610326261520385
0.01060761622428894
0.010632809581756593
0.010653495035171509
0.01061252200126648
0.01060521785736084
5.397193481012718
0.010616553993225098
0.010618876428604125
0.010598173847198486
0.010612277269363403
0.010599027605056762
0.010623367376327514
0.010636470413208008
0.010612651977539063
0.010637002325057984
0.010615704107284546
0.010596866397857667
0.01059942847251892
0.010575377683639526
0.0105932315158844
0.010596175937652589
0.010581309766769409
0.010591702728271484
0.010593973407745361
0.010591231412887573
0.010580969161987305
0.01059877917289734
0.01059462911605835
0.010595370693206787
0.010608658256530762
0.010603459491729736
0.010621266174316406
0.010598749208450317
0.010595338678359986
0.01059632791519165
0.010636430253982544
0.010612669258117676
0.010594329376220703
0.010600123300552369
5.397907099772975
0.010598774604797363
0.010603972654342651
0.010618058872222901
0.010603565855026245
0.010605807218551635
0.010614870824813842
0.010594512929916382
0.01060957751274109
0.010600725221633911
0.010606599588394165
0.010599041194915771
0.010587589483261108
0.010599635019302368
0.01062488320350647
0.010605787649154663
0.01062448016166687
0.010631179666519166
0.010590417881011963
0.010618966579437256
0.010659670867919921
0.01059970022201538
0.010596945543289184
0.010606964387893677
0.010597980575561524
0.010611044511795044
0.010580681791305542
0.010577560806274413
0.010626436395645141
0.010608217325210572
0.010605667152404786
0.010588596506118774
0.010593505010604859
0.010591989250183105
5.399434340368841
0.010599423475265502
0.010594822826385498
0.010602126722335816
0.010596306686401368
0.010589187288284303
0.01059708429336548
0.010587393827438354
0.010584822740554809
0.010593134908676147
0.010584514303207398
0.010588790483474731
0.010586603498458863
0.010582657175064087
0.010622432203292847
0.010587931671142577
0.010617065324783325
0.01060002417564392
0.010613650102615356
0.010618659677505493
0.010610404071807862
0.010596545419692993
0.010589511098861694
0.010592115383148193
0.010604070405960083
0.010597395582199097
0.010586489849090577
0.01058932635307312
0.010598925895690918
0.010615111541748047
0.010579723272323609
0.010591726913452148
0.010611230182647705
0.010609255895614624
5.399058582856483
model saved at unlearnable_20211009225439_0.5_512_150
0.010597929229736328
0.010589903440475465
0.010595440111160278
0.010602772960662843
0.010601409587860107
0.010600787696838379
0.010573489961624145
0.010622818002700806
0.0106391787815094
0.010612647724151611
0.010625516633987427
0.010586273679733277
0.010595829830169677
0.010640208158493042
0.010621848678588867
0.010596511182785035
0.010600733079910279
0.010600248651504517
0.01059152364730835
0.010588274974822998
0.010591696434020996
0.010612687702178955
0.010610600709915161
0.01061940731048584
0.010598636589050293
0.010624213132858277
0.010602968711853027
0.01058956325531006
0.01061173797607422
0.01058730812072754
0.010588023147583009
0.010586331958770751
0.010576851301193237
5.398280330539978
0.010580853404998779
0.010579022808074951
0.01058176215171814
0.010590627365112305
0.01059645474433899
0.01059595869064331
0.010592961921691894
0.010581219263076782
0.010592713851928712
0.010591723642349242
0.010598305177688599
0.010590590515136718
0.010596962842941284
0.010593222398757934
0.010585376892089843
0.01059260027885437
0.010577539005279541
0.010592753248214721
0.010589980850219727
0.010587656040191651
0.010620835514068604
0.010586985054016113
0.010584923572540284
0.010596622743606567
0.010578179750442505
0.01058149031639099
0.01058359351158142
0.010587337446212769
0.010600142765045166
0.010588377285003663
0.01058175555229187
0.010583354988098145
0.010575847902297974
5.39216986882318
0.01058898868560791
0.010584232769012452
0.010601886529922486
0.010610455513000489
0.01059036337852478
0.010590193758010864
0.010630993270874023
0.010569609918594361
0.010605445632934571
0.010599601259231567
0.01061493390083313
0.010591384134292602
0.01059509880065918
0.010606842937469482
0.010587343463897706
0.010598138904571534
0.010613369016647339
0.010583983821868896
0.010606914176940919
0.010627119340896607
0.010607373657226563
0.010588096618652345
0.01058931957244873
0.010615854082107544
0.010590962734222413
0.010592023868560792
0.010595126485824585
0.010586832809448242
0.010586912307739258
0.01057446732521057
0.010583620872497559
0.010603039512634277
0.010582780170440674
5.397114193316588
0.010584694366455078
0.010593153219223023
0.010606461400985718
0.010573221912384034
0.010590136642456055
0.010598465242385864
0.010581517839431762
0.01058123794555664
0.01060202067375183
0.010596415510177612
0.010591820859909057
0.010655619096755982
0.010603137788772582
0.010641894788742065
0.010586039543151855
0.01061472267150879
0.010602758378982544
0.010601519355773926
0.010615964365005493
0.01059364956855774
0.010595379695892334
0.01060894702911377
0.01060702006340027
0.01058755913734436
0.010610501680374146
0.010583496017456055
0.01061172818183899
0.010595799541473388
0.0106292315864563
0.01061750428199768
0.01057662633895874
0.010603923292160033
0.010589235372543335
5.396730339404234
0.010594212846755982
0.010581505479812622
0.010593534994125367
0.010574587059020996
0.010576794948577882
0.010581343069076538
0.010594503040313721
0.010580462102890015
0.01057987777709961
0.010590353689193725
0.010594844770431518
0.010608230180740356
0.010587416458129884
0.01059650538444519
0.010579512071609497
0.010584389781951904
0.01057187171936035
0.010595417156219483
0.01057973795890808
0.010591506309509278
0.010602650814056397
0.010599486389160155
0.010628942012786866
0.010632251453399659
0.010613743209838867
0.010611833906173707
0.010584401016235352
0.010604503574371338
0.010620847597122193
0.010587585945129395
0.01059000470161438
0.010579897127151489
0.010595544939041138
5.390567351862328
0.010580924415588378
0.010589235763549804
0.010584297895431518
0.01061850380897522
0.010583142166137696
0.01057315996170044
0.010580717439651489
0.010600315828323364
0.0105954878616333
0.01058287606239319
0.01057185245513916
0.010582037954330444
0.010578904933929443
0.01059164225578308
0.010584581136703491
0.010575070457458495
0.01059687108039856
0.010576307067871094
0.010596921491622925
0.0105893918800354
0.01058405366897583
0.010607002048492431
0.01060395230293274
0.010577466239929199
0.010581456937789916
0.01058663067817688
0.01059075888633728
0.010562208137512206
0.01057639157295227
0.010575869693756103
0.010560629796981812
0.010566926469802857
0.01056600323677063
5.394257176782667
0.01057450620651245
0.010557586889266968
0.010562102298736572
0.010576741132736206
0.010573689165115356
0.010574339122772216
0.010576193599700927
0.010601243381500244
0.010581840229034424
0.01057122576713562
0.010586359243392945
0.010561322898864746
0.010571579084396363
0.010584140605926514
0.010579107675552368
0.01060167085647583
0.010576430673599244
0.010580641670227051
0.010575032196044921
0.010592325658798217
0.010570597019195556
0.010581467542648316
0.01057347137451172
0.010569716262817382
0.010592642021179198
0.010594664907455444
0.010576878490447998
0.010577444658279419
0.010569807319641113
0.010624068174362183
