This save model after 150 epochs. Number of workers 2. Removed Normalization transform.
Test if the step_size=1.6 is stable
python3 ssl_perturbation_save_model.py --config_path configs/cifar10 --exp_name path/to/your/experiment/folder --version resnet18 --train_data_type CIFAR10 --noise_shape 10 3 32 32 --epsilon 8 --num_steps 1 --step_size 1.6 --attack_type min-min --perturb_type classwise --universal_train_target 'classwise' --train_step 10 --epochs 150
check check
__name__ simclr
Files already downloaded and verified
Files already downloaded and verified
Files already downloaded and verified
Files already downloaded and verified
The whole epochs are 150
0.013137833900451661
0.012400145835876465
0.01220785252571106
0.012137123384475708
0.011445831308364868
0.011282885570526122
0.011358474311828614
0.011056651916503906
0.010884409217834472
0.010889811840057374
5.839652263012129
0.010667544164657592
0.010599351177215575
0.010544226055145264
0.010525866470336914
0.010428798532485961
0.010427657346725464
0.010407340059280396
0.010383307247161865
0.01038088975906372
0.010390880889892578
5.314238479456951
0.010378123388290405
0.01037957260131836
0.010373165531158447
0.010370798511505127
0.010377370347976684
0.01037989366531372
0.010374975852966309
0.0103689497089386
0.010381812286376952
0.010384553537368774
5.288257063049631
0.010377757091522216
0.010384607944488526
0.010381048994064331
0.010400171041488647
0.010378808212280273
0.010367802963256836
0.01036273190498352
0.010370039968490601
0.010361768732070923
0.010377518224716187
5.282948282576099
0.010364730215072632
0.01037725399017334
0.010375267686843872
0.010369141092300416
0.010375569610595704
0.010371667804718017
0.010369950695037843
0.010363361034393311
0.010423893756866455
0.010379179582595825
5.277176783256924
0.010368335704803467
0.010357276430130005
0.010366761741638184
0.010360234718322753
0.010367501134872437
0.01036711166381836
0.01037489315032959
0.010356096849441528
0.010372775230407714
0.010364205207824707
5.271517847002167
0.01035438985824585
0.010351690349578857
0.010360098838806153
0.010374221963882446
0.01037576735496521
0.010366075439453126
0.010375985069274903
0.010362772397994996
0.010361438465118408
0.010367032508850097
5.267220895314954
0.010384937438964844
0.010359064092636108
0.010349260063171387
0.010376596956253053
0.010349295959472656
0.01036451524734497
0.010390913152694702
0.010348704166412353
0.010354928522109985
0.010350389375686645
5.263652029725694
0.010354198036193848
0.010347004852294922
0.01033047243118286
0.01032234335899353
0.010338874044418335
0.010330609016418458
0.01033797414779663
0.010342187433242798
0.010349395265579224
0.010340167045593261
5.2593630662898425
0.010360714292526245
0.010344521436691284
0.010342799739837646
0.010363337850570678
0.010384011716842651
0.010534016542434693
0.010591622552871703
0.01037818998336792
0.010335616788864136
0.010336400547027587
5.261961342133198
model saved at unlearnable_20211009225623_0.5_512_150
0.010316884956359863
0.010398155326843262
0.010335804777145385
0.010336832942962646
0.010334701519012451
0.010329666872024535
0.010334053783416747
0.010317402095794678
0.010319281167984008
0.010322298250198364
5.25285755727709
0.010357548856735229
0.010328048000335693
0.010333475637435913
0.010332198076248168
0.010324842052459716
0.01032544406890869
0.010322104949951172
0.0103221280002594
0.010322152166366578
0.010328310089111328
5.251477354580594
0.01032617938041687
0.010334376344680787
0.010341447439193725
0.010326320972442626
0.010331169834136962
0.010331812620162964
0.01032594172477722
0.010334321737289428
0.010318827295303345
0.010319461097717286
5.248521844136346
0.01031607439994812
0.010320672998428345
0.010315878667831421
0.010321607971191407
0.010339286022186278
0.010317035818099975
0.01033305525779724
0.010327335548400879
0.010325397939682008
0.0103165465259552
5.246058955634992
0.010317927856445313
0.010321967401504517
0.01031406904220581
0.010321434965133667
0.01033146622657776
0.010317438230514526
0.010342460279464722
0.010326669912338257
0.01030572018623352
0.010312791986465454
5.245657650465818
0.01032961651802063
0.010330442438125611
0.010328768863677978
0.010318935527801514
0.010331137590408325
0.010315854177474975
0.01030354531288147
0.01030881269454956
0.01030826371192932
0.010320812473297119
5.243898829234015
0.010314200925827027
0.010315073833465575
0.010317454071044922
0.010340663461685181
0.010321725397109986
0.010327615528106689
0.010326085262298584
0.01034675214767456
0.010311599082946777
0.010319401731491089
5.241311097882457
0.010314596366882324
0.010312212944030761
0.01032378649711609
0.010301873378753662
0.010313128128051758
0.010298633604049683
0.01030600736618042
0.010301459560394287
0.010302797336578368
0.01031043062210083
5.241662920135813
0.010320169134140014
0.010305242290496825
0.010309939661026
0.010289138498306274
0.010320285387039184
0.010295891180038453
0.010325548572540283
0.01031484456062317
0.010337556581497192
0.010335859575271606
5.240266072381403
0.01034859582901001
0.010347757349014282
0.010314144306182861
0.010311250476837158
0.010310152397155761
0.010298462324142455
0.010290471849441528
0.010319415760040283
0.010317133531570434
0.010345324592590332
5.238185543374917
model saved at unlearnable_20211009225623_0.5_512_150
0.010328051633834838
0.010376044874191285
0.010350161304473877
0.010336952724456788
0.010353521947860718
0.010322654390335083
0.010314639177322388
0.0103187122631073
0.010319441165924072
0.010301051692962646
5.238133858159645
0.010319699096679687
0.010322203330993653
0.010336869897842407
0.010329052095413209
0.010329304285049438
0.01034490626335144
0.010325391578674317
0.010318095989227295
0.010307462062835693
0.010357812490463256
5.237920230196924
0.010315556774139404
0.010326574325561524
0.010316859188079834
0.010301382112503052
0.010314480304718017
0.01030107642173767
0.010307128114700317
0.010317020978927612
0.01029017725944519
0.010308310651779175
5.236134450460217
0.010284733362197877
0.010312595577239991
0.010287969017028808
0.010284237985610963
0.010285356903076172
0.01032407964706421
0.010293477935791016
0.010298920545578003
0.010292614526748657
0.010285499830245971
5.23520468682358
0.01034066493988037
0.010330181646347046
0.010320940322875977
0.010327740135192871
0.010331660099029541
0.010310857391357422
0.010303254718780517
0.010302262029647827
0.010313710613250732
0.010339905195236206
5.234956043282735
0.010317585582733154
0.010319592409133911
0.010331434154510499
0.010350071678161621
0.010371494674682617
0.010321407623291015
0.010344795093536377
0.010313610954284668
0.010296666250228882
0.01027779390335083
5.232803374221644
0.01028238733291626
0.010308225746154785
0.010296486101150512
0.010281578912734986
0.010274135303497314
0.010283145017623901
0.010285358152389526
0.010267840118408204
0.010272637510299682
0.010278228092193604
5.231908459024331
0.010291677198410034
0.01029414197921753
0.010282911729812622
0.010286613693237304
0.010278574657440186
0.0103066485786438
0.010291103210449218
0.010315962572097779
0.010318590383529664
0.01030348653793335
5.230865586664259
0.01034390091896057
0.01029499493598938
0.01026837685585022
0.010296339874267578
0.010270324048995971
0.010276826305389404
0.01027502742767334
0.010278491802215576
0.010268267965316772
0.0102736420917511
5.230351723346514
0.010281013431549073
0.010276002311706544
0.010284291257858276
0.010295415391921997
0.010294328660964965
0.01027693398475647
0.010328556547164917
0.010270795040130615
0.010279089241027831
0.010299946737289428
5.2296910630059
model saved at unlearnable_20211009225623_0.5_512_150
0.010286824731826781
0.010290127696990966
0.01028069640159607
0.010280942840576172
0.010281705331802369
0.01028730993270874
0.01029393666267395
0.010277342300415038
0.010281188821792603
0.010271352167129516
5.2308674104434925
0.010284886465072631
0.010273528003692627
0.010267591743469239
0.010290555896759033
0.01027444571495056
0.01027783387184143
0.01026637855529785
0.010284983654022218
0.010277890281677245
0.010284464883804322
5.229319538037801
0.010273941898345948
0.01028670726776123
0.01026793517112732
0.01027046703338623
0.010266297836303711
0.010263893194198608
0.010268511934280395
0.010278267784118653
0.01027144528388977
0.010279955368041991
5.228528706068845
0.010274356384277344
0.01028398808479309
0.010274437885284423
0.010280072994232177
0.01026264247894287
0.010272227544784546
0.010270495986938476
0.010267062215805053
0.010266762380599976
0.010263352603912354
5.228690619321213
0.010263725872039794
0.010267070608139039
0.010265064506530761
0.010272461185455323
0.010270637493133545
0.010290606231689453
0.010288831357955932
0.01028840871810913
0.01027250117301941
0.01027568543434143
5.2292700256269
0.010263630695343017
0.01025969446182251
0.010278215560913085
0.010257976627349853
0.010264507970809937
0.010254596109390259
0.010274292621612549
0.010269157218933105
0.01025938359260559
0.010269533052444458
5.227350918288083
0.01026002805709839
0.010267499074935913
0.010256617403030396
0.010256288642883301
0.010258642320632935
0.01025387261390686
0.010254825639724732
0.010256978044509887
0.010254274969100953
0.010265560626983642
5.227644949844203
0.010262321500778198
0.010281869192123413
0.010248142976760865
0.010252387313842773
0.01025283314704895
0.01030064663887024
0.01031044358253479
0.010258000068664551
0.010253550910949706
0.010261716871261596
5.2262041347542985
0.010249154815673829
0.010251563377380372
0.010260868711471558
0.010259932899475098
0.010254613151550292
0.01024933144569397
0.01024413067817688
0.010256275358200072
0.010254138851165771
0.010261032333374023
5.226178026690926
0.01025187692642212
0.010261875238418578
0.010279953422546386
0.010255762825012208
0.01025615177154541
0.010276039762496948
0.010263273162841797
0.010258692998886109
0.01024811369895935
0.010255253744125366
5.225581129801642
model saved at unlearnable_20211009225623_0.5_512_150
0.010266576919555664
0.010260357599258424
0.010284898691177368
0.010254401054382325
0.010248783521652222
0.010245959997177125
0.0102503005027771
0.010249755249023438
0.010245951099395752
0.010251074409484863
5.2250616919134085
0.010260479345321656
0.010265810270309449
0.010265315055847168
0.010287882928848267
0.010263732795715332
0.010266820001602173
0.010253412532806396
0.010259131755828857
0.010258368272781372
0.010246620473861694
5.224294652643892
0.01025547516822815
0.010258694410324096
0.01025717378616333
0.010251631593704224
0.010250554780960083
0.010260941591262817
0.01025055474281311
0.010261472206115722
0.010245696535110474
0.01025667384147644
5.22123051181282
0.010263442182540893
0.010258561677932739
0.010247881355285645
0.010256865139007568
0.010247826442718506
0.010256490030288697
0.010248265829086304
0.010256751499176025
0.01024445164680481
0.010262455186843872
5.2219001337424995
0.010252923593521118
0.010257776117324828
0.010258480348587036
0.010255516843795776
0.010250811939239502
0.010266941003799438
0.010246505498886109
0.010252437963485718
0.010251895790100097
0.010250527324676514
5.22173895786718
0.010252912397384644
0.010241870250701904
0.010246278057098388
0.010242940769195557
0.010247552337646484
0.010250615892410279
0.010253271865844727
0.010255115451812744
0.010252501668930054
0.010252745733261109
5.221456503130726
0.010250788345336914
0.010255632953643798
0.01025121033668518
0.010244851713180542
0.010248413257598878
0.010264194774627686
0.010278814935684204
0.010249741106033326
0.010258950204849243
0.010255293855667114
5.222067439679018
0.010268564453125
0.010245156574249268
0.010243790912628174
0.010252587299346924
0.010254762229919433
0.010249963607788086
0.010245134553909302
0.010249986181259156
0.010254050130844116
0.010250066785812377
5.219300756749418
0.010247191534042358
0.01026465394973755
0.010261402215957642
0.01025672589302063
0.01024088131904602
0.010234083003997804
0.010242470922470093
0.010267237873077392
0.010262793159484864
0.010257788400650024
5.220388083113837
0.010240691680908203
0.010253266172409058
0.0102423557472229
0.010248212842941284
0.010239773740768433
0.010240522232055665
0.010238747720718384
0.010240991048812867
0.01024132043838501
0.010237815036773682
5.220053402418943
model saved at unlearnable_20211009225623_0.5_512_150
0.01024480628013611
0.010239972009658814
0.01023965744972229
0.010236929759979248
0.01024041717529297
0.010242060852050781
0.0102410990524292
0.010273802185058594
0.010240998916625976
0.010245507612228394
5.218946265191147
0.010237966899871826
0.01024290168762207
0.010260587539672851
0.010245150690078735
0.010253884315490723
0.010243491735458373
0.010240131692886352
0.010239104013442994
0.010239436283111572
0.010251269874572753
5.219298180845595
0.01024843807220459
0.010281279296875
0.01024493335723877
0.010245829067230225
0.010247909870147705
0.010255661573410034
0.010262531003952026
0.010253452224731445
0.010248730268478393
0.010250589809417725
5.220995155806394
0.010242683534622193
0.01023887107849121
0.010247464485168457
0.010242438917160035
0.010244830884933472
0.010235889205932618
0.010245671081542968
0.010248053312301636
0.010249176063537598
0.010241973371505737
5.217418277386537
0.010242346849441529
0.010249709596633912
0.010251563348770141
0.010244272813796997
0.01025738203048706
0.010246046199798584
0.01027450982093811
0.01024211618423462
0.010239247436523437
0.010231840934753418
5.218630038585859
0.01023579270362854
0.010238826866149903
0.010238009462356567
0.010247531518936157
0.010250455713272094
0.010230563554763794
0.010246196603775024
0.010246712875366212
0.01024939453125
0.010243106060028076
5.217562469010501
0.010248625812530518
0.010245271415710449
0.010242131853103638
0.010247441625595093
0.01024273406982422
0.010233697023391724
0.010256523475646973
0.010243744678497315
0.01024741792678833
0.010255051498413086
5.217477016842242
0.010242558221817017
0.010237113666534424
0.010237531499862671
0.01026815912246704
0.010251040878295899
0.010237325019836426
0.010245269403457642
0.010238197355270385
0.010245132150650024
0.010239594459533692
5.2181504338058
0.010232239093780517
0.010235865669250489
0.010233878898620605
0.010230887069702148
0.010252711219787597
0.010234490566253663
0.0102364772605896
0.01025451171875
0.010247367210388183
0.010245610628128052
5.217877166787374
0.010239107694625854
0.010240333061218262
0.010237295961380006
0.01023275779724121
0.010230350141525268
0.01023339328765869
0.010231222505569458
0.010246671047210693
0.01024242437362671
0.010241195192337037
5.216876020136568
model saved at unlearnable_20211009225623_0.5_512_150
0.010239587059020996
0.01024907452583313
0.010239732942581176
0.010236404857635498
0.01023656849861145
0.010236021070480347
0.01024749192237854
0.010242636089324951
0.01023522650718689
0.010235593385696412
5.218476880456984
0.01023687141418457
0.010234310598373413
0.010239670886993409
0.010239939527511597
0.010240012578964234
0.010248300619125366
0.010229890356063844
0.010236249732971192
0.010236308107376099
0.010257628564834595
5.215881160854065
0.010259701442718505
0.010240356464385987
0.010236049318313598
0.010228319664001465
0.010229483222961426
0.010252903079986572
0.010241069316864014
0.010229138822555542
0.01023866460800171
0.01023197244644165
5.216390477013342
0.010239821863174438
0.010237123651504516
0.010229275274276733
0.010231836433410645
0.010231817016601563
0.010235769472122192
0.010234371700286866
0.010228902807235717
0.010235695686340331
0.010235106496810913
5.215699697278209
0.010236367282867432
0.010235876007080077
0.010236113567352295
0.010235022401809693
0.010239829769134522
0.01023438157081604
0.01023223985671997
0.010230209980010986
0.010234104022979737
0.010239681720733643
5.215929429555676
0.01022578043937683
0.010236572799682616
0.010233842678070069
0.010236336870193482
0.0102332115650177
0.010239877967834472
0.010238003129959107
0.010229834442138671
0.010225196466445922
0.01022898673057556
5.215645042891355
0.010229277305603027
0.010232643203735351
0.010238096809387207
0.010256545629501342
0.010224648637771606
0.010222015285491944
0.010230847797393798
0.01022912239074707
0.010236895294189453
0.01024226915359497
5.215206736141873
0.010243037900924682
0.010233214635849
0.010223773527145387
0.010231975860595703
0.010228150701522828
0.010224099349975585
0.010220707578659057
0.010235486488342285
0.010238923778533936
0.010233965196609497
5.215139438196556
0.010234720363616943
0.010244804096221924
0.01023464924812317
0.01023870246887207
0.010226684503555298
0.01022106162071228
0.010231042537689208
0.010224490327835083
0.010253233861923217
0.010232809352874756
5.213281872346229
0.010231335306167603
0.0102286332321167
0.010235378122329712
0.010234369468688964
0.010231582202911376
0.010224446840286255
0.010230217943191528
0.010239366102218627
0.010230841436386109
0.01022741816520691
5.215120895621703
model saved at unlearnable_20211009225623_0.5_512_150
0.01023039834022522
0.010232445812225342
0.010243060579299927
0.010232560739517211
0.010247962379455567
0.01023004695892334
0.010227000179290771
0.010226649770736694
0.010215169229507446
0.010235520572662353
5.214757850489666
0.010231476392745971
0.010233805465698242
0.010232243947982788
0.01023111454963684
0.0102470401096344
0.010232309246063232
0.010223716983795166
0.010221168546676635
0.01022607120513916
0.010236708574295044
5.214449444996942
0.010235389900207519
0.010222034044265747
0.010222253208160401
0.010230474891662598
0.010225476236343383
0.010228097105026245
0.010227362165451049
0.01022656244277954
0.010227770071029664
0.010224238805770874
5.212286983568644
0.010234744215011596
0.010224157962799072
0.0102233687210083
0.010227467765808105
0.010224412422180175
0.010227261419296264
0.010223817882537841
0.010224160184860229
0.010224629831314088
0.01022595682144165
5.212053869188447
0.010222655897140503
0.010235860509872437
0.010229354095458984
0.010229393682479859
0.010221826601028442
0.010229172992706299
0.01022997052192688
0.010222244300842285
0.010225040664672851
0.01022801700592041
5.213288430086116
0.01022265305519104
0.010238562545776366
0.010229235849380493
0.010218369207382201
0.010232454824447632
0.010225156021118164
0.010221042337417602
0.010222232761383057
0.010221929359436036
0.010219593439102172
5.21409374414031
0.0102225244140625
0.010220764112472535
0.010223856592178344
0.010233241291046143
0.010231698999404907
0.010225201749801635
0.010217705450057983
0.010221700191497802
0.010221974725723266
0.010227944087982178
5.2124254728100965
0.010218068647384643
0.010219519987106324
0.01022483561515808
0.010234248876571655
0.010230938577651977
0.010222562637329102
0.010219324293136597
0.01021874981880188
0.010219968786239623
0.010218662729263306
5.211218347254488
0.01022170087814331
0.010225405750274658
0.010224277801513672
0.010220913219451904
0.010219036207199097
0.010216021318435669
0.010216000986099243
0.010215433855056763
0.010217947826385498
0.010217026824951172
5.211316747763722
0.010218856725692749
0.010226638488769531
0.010220624351501464
0.010216325225830079
0.010213811416625976
0.010217042484283448
0.010224072198867798
0.010222049980163574
0.010227360944747925
0.010220943593978881
5.210922880271046
model saved at unlearnable_20211009225623_0.5_512_150
0.010218561515808106
0.0102185578250885
0.010223865623474122
0.01022247890472412
0.01022190465927124
0.010220881738662719
0.010220604085922241
0.010217320976257323
0.01022483009338379
0.010216844453811645
5.209368922046779
0.01021945086479187
0.01021697226524353
0.010224952011108398
0.010218776712417603
0.010222191209793091
0.010219542541503906
0.010225644636154175
0.010221831951141357
0.010233037805557251
0.010229931716918945
5.211510156847767
0.01022750464439392
0.010215765695571899
0.010218392772674561
0.010220883178710937
0.0102179985332489
0.010219038753509522
0.01022457968711853
0.010215790691375732
0.010218822507858277
0.01021872230529785
5.210699371455871
0.010221522550582885
0.010218166131973266
0.010217884378433227
0.010226867885589599
0.010213791093826294
0.010214631004333495
0.010219451475143432
0.010221943960189819
0.010215827198028564
0.010220260171890259
5.2080326375273085
0.010214841232299805
0.01021509575843811
0.010217656049728394
0.010214867095947265
0.010214401683807373
0.010213632707595826
0.010213886833190917
0.01022014355659485
0.010220922212600708
0.010217527523040771
5.209493194658732
0.010213069286346436
0.010222144393920898
0.01021678641319275
0.010220789632797241
0.010224403409957885
0.010229688339233399
0.010218466911315918
0.010214371528625489
0.010228700656890868
0.010216957197189331
5.210058964404864
0.010215806255340576
0.010210841455459595
0.010212779684066772
0.010213406896591186
0.01022020686149597
0.010239318990707397
0.01021539119720459
0.010214667520523071
0.010220585927963257
0.01022012882232666
5.208904418748679
0.010219824047088624
0.010216479167938232
0.010215954484939576
0.010214829959869385
0.01021010913848877
0.010227226190567016
0.0102150834274292
0.010217613773345947
0.010220429162979126
0.010214196300506592
5.209331119183412
0.010219732007980346
0.010221164426803589
0.010217653417587281
0.010220316219329834
0.010223038015365601
0.010214652700424194
0.010220423221588134
0.010213903007507324
0.010220404272079467
0.01021318603515625
5.209647252387607
0.010219011898040772
0.010218785839080811
0.010209734601974487
0.010211451721191407
0.010225054779052735
0.01022048568725586
0.010217949628829956
0.010215028028488159
0.010214599990844727
0.010221629896163941
5.2091260447944565
model saved at unlearnable_20211009225623_0.5_512_150
0.010223635807037354
0.010221650619506835
0.010227618942260742
0.010223632516860962
0.010218281774520874
0.010215644187927246
0.01021807656288147
0.010230971212387086
0.010222871942520141
0.01024045820236206
5.209332908551717
0.010214421014785766
0.01022501214981079
0.010226176300048828
0.010227479305267333
0.010221956329345703
0.010222673921585082
0.010215872011184693
0.010287241315841675
0.010235044746398926
0.010221329870223998
5.212751088683138
0.010219211730957032
0.010214643030166627
0.010210173816680908
0.010207350645065307
0.010215806560516358
0.010204369611740113
0.010211722536087035
0.010212322959899902
0.010218301153182983
0.010213347597122193
5.207446167149494
0.01021497444152832
0.01021490460395813
0.010212515516281127
0.010211278848648071
0.010222463932037353
0.010220334339141846
0.010219751234054565
0.010208970088958741
0.010213459177017213
0.010211398735046387
5.208579092910609
0.010222071905136108
0.010228263998031617
0.010232023544311523
0.010220934314727783
0.010230541429519653
0.010214886655807495
0.010212180643081666
0.010219874744415283
0.010222804193496703
0.010216735029220582
5.2077058074400595
0.010210008745193481
0.01020890760421753
0.010221248788833619
0.010211527824401856
0.010217598562240601
0.010226445093154908
0.010214782457351685
