This save model after 150 epochs. Number of workers 2. Removed Normalization transform.
python3 ssl_perturbation_save_model.py --config_path configs/cifar10 --exp_name path/to/your/experiment/folder --version resnet18 --train_data_type CIFAR10 --noise_shape 10 3 32 32 --epsilon 8 --num_steps 1 --step_size 1.6 --attack_type min-min --perturb_type classwise --universal_train_target 'classwise' --train_step 10 --epochs 150
check check
__name__ simclr
Files already downloaded and verified
Files already downloaded and verified
Files already downloaded and verified
Files already downloaded and verified
The whole epochs are 150
6.1117250747287395
5.903278355745925
5.811605163456238
5.7504077695079685
5.71158092538106
5.679946275101495
5.654844141498055
5.636931994526656
5.618131667068324
5.604004446993169
model saved at unlearnable_20211010151728_0.5_512_150
5.59793109500531
5.582126189752953
5.574619848703601
5.563146079938436
5.556952324110208
5.551869520207041
5.541432891924357
5.532109648910994
5.533617545648949
5.530907399875602
model saved at unlearnable_20211010151728_0.5_512_150
5.522688546131566
5.518898098739152
5.511665511377079
5.508715265804959
5.5052489251205605
5.503619813427482
5.497193867398291
5.495524607982832
5.489147515641045
5.488986079225835
model saved at unlearnable_20211010151728_0.5_512_150
5.48701593556355
5.481249720779891
5.481209750028
5.481150769695793
5.477329676913232
5.473717625608149
5.47168993212513
5.47409166257406
5.47323177770241
5.467579684306666
model saved at unlearnable_20211010151728_0.5_512_150
5.464456248529179
5.46427623021234
5.460848405189121
5.458225073273649
5.458409751813436
5.460084128625614
5.453751495204021
5.448569258463752
5.447144154420833
5.451048762527938
model saved at unlearnable_20211010151728_0.5_512_150
5.446213879536107
5.444415967489026
5.446529540818991
5.445721242845673
5.441745959606367
5.44012183258214
5.439733687135362
5.433532990131182
5.431611852547557
5.43376128206548
model saved at unlearnable_20211010151728_0.5_512_150
5.432377820162429
5.4320306679637165
5.428961930815706
5.429780424255686
5.428503823034542
5.4270661590025595
5.422382231840153
5.422015883258937
5.425554526220892
5.425168037414551
model saved at unlearnable_20211010151728_0.5_512_150
5.4214419089641765
5.4174965681488985
5.420638423605063
5.41818194045234
5.419064600443103
5.415883649255812
5.41229707186984
5.414877041098998
5.414378785595451
5.41336722226487
model saved at unlearnable_20211010151728_0.5_512_150
5.412262724846909
5.411822923679941
5.410764163302392
5.4087091721210285
5.405660693178472
5.407849680517137
5.405594063788345
5.403999579321478
5.4066761842707995
5.40630578994751
model saved at unlearnable_20211010151728_0.5_512_150
5.4047628677997395
5.399859020390461
5.3996371387206406
5.399415296377595
5.4024891066797
5.397144356953729
5.397961021698627
5.398245604996829
5.399522191470432
5.3968831288445855
model saved at unlearnable_20211010151728_0.5_512_150
5.39664278816931
5.39058568305576
5.393116636374562
5.390728857099395
5.391229978541738
5.39013581915
5.389523629060726
5.390149691670211
5.388136293470245
5.38999917335117
model saved at unlearnable_20211010151728_0.5_512_150
5.3879119981195505
5.388876624943054
5.385758478616931
5.38799726840147
5.38791783322993
5.384790292720205
5.385423212936244
5.380260698574105
5.384699138169436
5.381114374731005
model saved at unlearnable_20211010151728_0.5_512_150
5.379365055831437
5.381946342507589
5.377555286761412
5.380628271201222
5.378262259296535
5.37921384437797
5.377196169391121
5.377069601078623
5.375645367140622
5.374900321370547
model saved at unlearnable_20211010151728_0.5_512_150
5.375879012432295
5.374318466973059
5.3788485232087755
5.3764751965237645
5.371895259188623
5.374086080138216
5.373263678599879
5.370684402505147
5.375506995879498
5.368510197118385
model saved at unlearnable_20211010151728_0.5_512_150
5.370704773775081
5.368163787212568
5.369161694320207
5.371785237617099
5.371141694255711
5.3682201080715535
5.366996529176063
5.3681406139098495
5.366296699366619
5.369627357758198
model saved at unlearnable_20211010151728_0.5_512_150
JobId=34981833 JobName=SimCLR
   UserId=renjie3(6007166) GroupId=cse(2010) MCS_label=N/A
   Priority=4464 Nice=0 Account=general QOS=renjie3
   JobState=RUNNING Reason=None Dependency=(null)
   Requeue=1 Restarts=0 BatchFlag=1 Reboot=0 ExitCode=0:0
   RunTime=1-00:34:22 TimeLimit=2-00:00:00 TimeMin=N/A
   SubmitTime=2021-10-10T15:15:27 EligibleTime=2021-10-10T15:15:27
   AccrueTime=2021-10-10T15:15:27
   StartTime=2021-10-10T15:17:03 EndTime=2021-10-12T15:17:03 Deadline=N/A
   SuspendTime=None SecsPreSuspend=0 LastSchedEval=2021-10-10T15:17:03
   Partition=general-long-gpu AllocNode:Sid=dev-amd20-v100:138670
   ReqNodeList=(null) ExcNodeList=(null)
   NodeList=nvl-007
   BatchHost=nvl-007
   NumNodes=1 NumCPUs=2 NumTasks=1 CPUs/Task=2 ReqB:S:C:T=0:0:*:*
   TRES=cpu=2,mem=16G,node=1,billing=2490,gres/gpu=1
   Socks/Node=* NtasksPerN:B:S:C=0:0:*:* CoreSpec=*
   MinCPUsNode=2 MinMemoryCPU=8G MinTmpDiskNode=0
   Features=[intel14|intel16|intel18|amr|nvf] DelayBoot=00:00:00
   OverSubscribe=OK Contiguous=0 Licenses=(null) Network=(null)
   Command=/mnt/ufs18/home-145/renjie3/Documents/unlearnable/Unlearnable-Examples/submit.sb
   WorkDir=/mnt/ufs18/home-145/renjie3/Documents/unlearnable/Unlearnable-Examples
   Comment=stdout=/mnt/home/renjie3/Documents/unlearnable/Unlearnable-Examples/logfile/34981833.log 
   StdErr=/mnt/home/renjie3/Documents/unlearnable/Unlearnable-Examples/logfile/34981833.err
   StdIn=/dev/null
   StdOut=/mnt/home/renjie3/Documents/unlearnable/Unlearnable-Examples/logfile/34981833.log
   Power=
   TresPerNode=gpu:v100:1
   NtasksPerTRES:0

