This save model after 150 epochs. Number of workers 2. Removed Normalization transform.
python3 ssl_perturbation_save_model.py --config_path configs/cifar10 --exp_name path/to/your/experiment/folder --version resnet18 --train_data_type CIFAR10 --noise_shape 10 3 32 32 --epsilon 8 --num_steps 1 --step_size 1.6 --attack_type min-min --perturb_type classwise --universal_train_target 'classwise' --train_step 10 --epochs 150
check check
__name__ simclr
Files already downloaded and verified
Files already downloaded and verified
Files already downloaded and verified
Files already downloaded and verified
The whole epochs are 150
6.112932308432982
5.910864785774467
5.811287004923083
5.74979406533782
5.712333924991569
5.677035130176348
5.65318297848259
5.63724901258331
5.620881631202304
5.60898742970732
model saved at unlearnable_20211011025631_0.5_512_150
5.593670500922449
5.582906393660712
5.573266437373211
5.565131649528582
5.555739810786297
5.551091272806384
5.544085512456205
5.533931255340576
5.529829610254347
5.531535296096015
model saved at unlearnable_20211011025631_0.5_512_150
5.521190559741148
5.5189919668374605
5.512807093944746
5.511844472786815
5.507574346876636
5.503799635110442
5.499261344831014
5.49598141798039
5.495592697379515
5.487645729300902
model saved at unlearnable_20211011025631_0.5_512_150
5.491467554544665
5.489437938965473
5.481302349837785
5.47535671647062
5.476942195105798
5.48073300627089
5.4711598710915474
5.466217055763166
5.4693162711625245
5.465254803293759
model saved at unlearnable_20211011025631_0.5_512_150
5.4626998852208715
5.463082755963827
5.460817922021925
5.457298667160506
5.461589002117668
5.452690468621008
5.45321798324585
5.447999020212705
5.449715579907918
5.446357869610344
model saved at unlearnable_20211011025631_0.5_512_150
5.445029160411088
5.44724717582624
5.441466690338764
5.44170134337907
5.443464977225077
5.445217107989125
5.443354596796724
5.437027188920483
5.434665502961149
5.4326007636552
model saved at unlearnable_20211011025631_0.5_512_150
5.431855826033759
5.431406296405596
5.432367029878282
5.4306043792016725
5.427637980156338
5.426663487227922
5.425199041661528
5.421607081423101
5.422123609129915
5.421501897045018
model saved at unlearnable_20211011025631_0.5_512_150
5.421795215803323
5.418975048458453
5.419518908274543
5.418784126792986
5.419181813898775
5.41734473729871
5.4149560289284615
5.412861755213787
5.414801740154777
5.412253979555111
model saved at unlearnable_20211011025631_0.5_512_150
5.41137634847582
5.409126424297844
5.407644665118346
5.409070909637766
5.40431699064589
5.403496889723945
5.408664359259851
5.4034611564321615
5.406136478345418
5.405823958288763
model saved at unlearnable_20211011025631_0.5_512_150
5.403594267737005
5.405860792730272
5.402489573685164
5.398882103949478
5.394047024323768
5.399459637317461
5.397089505932994
5.393576523692338
5.391090373403018
5.392811204969268
model saved at unlearnable_20211011025631_0.5_512_150
5.3980674301226115
5.390906215943012
5.3950433337811345
5.390374508100686
5.387534780600636
5.391942909083416
5.390700384513619
5.389952831661578
5.389245947611701
5.3858733275501995
model saved at unlearnable_20211011025631_0.5_512_150
5.3849954998370295
5.387547522476039
5.388423570652598
5.3847399888579375
5.385511383567889
5.387745778585217
5.386685410725701
5.382272223836368
5.38245294020348
5.383520583516543
model saved at unlearnable_20211011025631_0.5_512_150
5.3813576894937105
5.381951695864963
5.38058343376081
5.38172046917001
5.377302445087237
5.3772943732664755
5.380356670654926
5.377787865314287
5.380667263699561
5.379399702721035
model saved at unlearnable_20211011025631_0.5_512_150
5.3758002949744155
5.377248557572512
5.37464916583189
5.3739888151896364
5.37561958352315
5.371645342443407
5.374714059928029
5.373058530473218
5.369858707349325
5.3717650678968925
model saved at unlearnable_20211011025631_0.5_512_150
5.370848208358607
5.370175032271552
5.371672527077272
5.369735299926443
5.369218664070995
5.37091814611376
5.366118195130653
5.366287737777553
5.367218110979218
5.367000348789176
model saved at unlearnable_20211011025631_0.5_512_150
JobId=34988043 JobName=SimCLR
   UserId=renjie3(6007166) GroupId=cse(2010) MCS_label=N/A
   Priority=3549 Nice=0 Account=general QOS=renjie3
   JobState=RUNNING Reason=None Dependency=(null)
   Requeue=1 Restarts=0 BatchFlag=1 Reboot=0 ExitCode=0:0
   RunTime=1-01:32:32 TimeLimit=2-00:00:00 TimeMin=N/A
   SubmitTime=2021-10-10T19:55:50 EligibleTime=2021-10-10T19:55:50
   AccrueTime=2021-10-10T19:55:50
   StartTime=2021-10-11T02:56:09 EndTime=2021-10-13T02:56:09 Deadline=N/A
   SuspendTime=None SecsPreSuspend=0 LastSchedEval=2021-10-11T02:56:09
   Partition=general-long-gpu AllocNode:Sid=dev-amd20-v100:24654
   ReqNodeList=(null) ExcNodeList=(null)
   NodeList=nvl-005
   BatchHost=nvl-005
   NumNodes=1 NumCPUs=2 NumTasks=1 CPUs/Task=2 ReqB:S:C:T=0:0:*:*
   TRES=cpu=2,mem=16G,node=1,billing=2490,gres/gpu=1
   Socks/Node=* NtasksPerN:B:S:C=0:0:*:* CoreSpec=*
   MinCPUsNode=2 MinMemoryCPU=8G MinTmpDiskNode=0
   Features=[intel14|intel16|intel18|amr|nvf] DelayBoot=00:00:00
   OverSubscribe=OK Contiguous=0 Licenses=(null) Network=(null)
   Command=/mnt/ufs18/home-145/renjie3/Documents/unlearnable/Unlearnable-Examples/submit.sb
   WorkDir=/mnt/ufs18/home-145/renjie3/Documents/unlearnable/Unlearnable-Examples
   Comment=stdout=/mnt/home/renjie3/Documents/unlearnable/Unlearnable-Examples/logfile/34988043.log 
   StdErr=/mnt/home/renjie3/Documents/unlearnable/Unlearnable-Examples/logfile/34988043.err
   StdIn=/dev/null
   StdOut=/mnt/home/renjie3/Documents/unlearnable/Unlearnable-Examples/logfile/34988043.log
   Power=
   TresPerNode=gpu:v100:1
   NtasksPerTRES:0

