This save model after 150 epochs. Number of workers 2. Removed Normalization transform.
python3 ssl_perturbation_save_model.py --config_path configs/cifar10 --exp_name path/to/your/experiment/folder --version resnet18 --train_data_type CIFAR10 --noise_shape 10 3 32 32 --epsilon 8 --num_steps 1 --step_size 1.6 --attack_type min-min --perturb_type classwise --universal_train_target 'classwise' --train_step 10 --epochs 150
check check
__name__ simclr
Files already downloaded and verified
Files already downloaded and verified
Files already downloaded and verified
Files already downloaded and verified
The whole epochs are 150
6.00660495168155
5.399299277472742
5.299725925799498
5.2834613790217135
5.278567731994944
5.2754170083508045
5.2701281616368245
5.2662963178968925
5.264783406995006
5.260359223355952
model saved at unlearnable_20211011003354_0.5_512_150
5.259612737242708
5.252730059869511
5.252942178667206
5.251843889963996
5.251404894995935
5.250241014146313
5.245888247932355
5.2466906468892835
5.2435784339904785
5.242800216084903
model saved at unlearnable_20211011003354_0.5_512_150
5.239660587507425
5.239041062974438
5.237318432208189
5.237010326582132
5.236844062805176
5.235932944976177
5.235116825890295
5.2333457691153304
5.23346708730324
5.232100108235152
model saved at unlearnable_20211011003354_0.5_512_150
5.232812738910164
5.23101605582483
5.229132214772332
5.229919605648394
5.22819992439034
5.227539903109836
5.227781890593853
5.226824494981274
5.22596806595006
5.225125465196433
model saved at unlearnable_20211011003354_0.5_512_150
5.225741322507563
5.2252254338608575
5.22405411041889
5.223465270602826
5.223612564126241
5.223859669006977
5.221768354632191
5.220949246711338
5.223129739466402
5.222006925602549
model saved at unlearnable_20211011003354_0.5_512_150
5.220330169520428
5.2221774514188475
5.219804631066077
5.220126215944585
5.217124009869762
5.217538445266252
5.218569932524691
5.219269482130857
5.217102242499283
5.2176334489252145
model saved at unlearnable_20211011003354_0.5_512_150
5.215251873448952
5.216470841279964
5.216104817144649
5.215746761597309
5.216275372456029
5.216221519352234
5.215198541424938
5.215308774377882
5.2143582265401625
5.212598638436229
model saved at unlearnable_20211011003354_0.5_512_150
5.213526450481611
5.215078329302601
5.213776480291307
5.211964100906529
5.2125445788668605
5.213412938658724
5.21294561366445
5.2114830951100775
5.212141774364354
5.211716337302296
model saved at unlearnable_20211011003354_0.5_512_150
5.210998264784665
5.211536205920977
5.212540449555387
5.208921108049216
5.210517027943404
5.210902061659036
5.210698697984833
5.210799679313738
5.210143679196072
5.209359881804161
model saved at unlearnable_20211011003354_0.5_512_150
5.21397252426934
5.20999798332293
5.2096221963154905
5.2076032382925765
5.208359924788327
5.208221071774197
5.2087824959115885
5.206812725853674
5.208530661986046
5.2063842114714
model saved at unlearnable_20211011003354_0.5_512_150
5.207943228102222
5.205842244256403
5.206541376015575
5.205236051500458
5.2068621153684
5.207464100159321
5.207342585337531
5.2061984956878975
5.20530342318348
5.211566988954839
model saved at unlearnable_20211011003354_0.5_512_150
5.213324640215058
5.208983062468853
5.2072034226250405
5.206378641816759
5.20512665915735
5.205241886610837
5.204848928549855
5.205036448449204
5.204262969420128
5.205196424857857
model saved at unlearnable_20211011003354_0.5_512_150
5.2051885889977525
5.203940003188615
5.2070247168393475
5.203986654576567
5.2038093842181965
5.205134342626198
5.2032925861397965
5.203695208755965
5.201933939432361
5.206742630791418
model saved at unlearnable_20211011003354_0.5_512_150
5.204743640938985
5.206185252396102
5.20359105670575
5.201986067073861
5.202340273513007
5.202029975419192
5.202935916861308
5.202400399237564
5.202107798192919
5.201989719548176
model saved at unlearnable_20211011003354_0.5_512_150
5.20457003780247
5.208465512265864
5.20368879357564
5.200609084257145
5.202053458420272
5.20180087237014
5.200824545830796
5.199699239632518
5.200812796956485
5.200857093653728
model saved at unlearnable_20211011003354_0.5_512_150
JobId=34986567 JobName=SimCLR
   UserId=renjie3(6007166) GroupId=cse(2010) MCS_label=N/A
   Priority=3626 Nice=0 Account=general QOS=renjie3
   JobState=RUNNING Reason=None Dependency=(null)
   Requeue=1 Restarts=0 BatchFlag=1 Reboot=0 ExitCode=0:0
   RunTime=1-00:42:25 TimeLimit=2-00:00:00 TimeMin=N/A
   SubmitTime=2021-10-10T19:19:53 EligibleTime=2021-10-10T19:19:53
   AccrueTime=2021-10-10T19:19:53
   StartTime=2021-10-11T00:33:36 EndTime=2021-10-13T00:33:36 Deadline=N/A
   SuspendTime=None SecsPreSuspend=0 LastSchedEval=2021-10-11T00:33:36
   Partition=general-long-gpu AllocNode:Sid=dev-amd20-v100:138670
   ReqNodeList=(null) ExcNodeList=(null)
   NodeList=nvl-006
   BatchHost=nvl-006
   NumNodes=1 NumCPUs=2 NumTasks=1 CPUs/Task=2 ReqB:S:C:T=0:0:*:*
   TRES=cpu=2,mem=16G,node=1,billing=2490,gres/gpu=1
   Socks/Node=* NtasksPerN:B:S:C=0:0:*:* CoreSpec=*
   MinCPUsNode=2 MinMemoryCPU=8G MinTmpDiskNode=0
   Features=[intel14|intel16|intel18|amr|nvf] DelayBoot=00:00:00
   OverSubscribe=OK Contiguous=0 Licenses=(null) Network=(null)
   Command=/mnt/ufs18/home-145/renjie3/Documents/unlearnable/Unlearnable-Examples/submit.sb
   WorkDir=/mnt/ufs18/home-145/renjie3/Documents/unlearnable/Unlearnable-Examples
   Comment=stdout=/mnt/home/renjie3/Documents/unlearnable/Unlearnable-Examples/logfile/34986567.log 
   StdErr=/mnt/home/renjie3/Documents/unlearnable/Unlearnable-Examples/logfile/34986567.err
   StdIn=/dev/null
   StdOut=/mnt/home/renjie3/Documents/unlearnable/Unlearnable-Examples/logfile/34986567.log
   Power=
   TresPerNode=gpu:v100:1
   NtasksPerTRES:0

