This save model after 150 epochs. Number of workers 2. Removed Normalization transform.
python3 ssl_perturbation_save_model.py --config_path configs/cifar10 --exp_name path/to/your/experiment/folder --version resnet18 --train_data_type CIFAR10 --noise_shape 10 3 32 32 --epsilon 8 --num_steps 1 --step_size 1.6 --attack_type min-min --perturb_type classwise --universal_train_target 'classwise' --train_step 10 --epochs 150
check check
__name__ simclr
Files already downloaded and verified
Files already downloaded and verified
Files already downloaded and verified
Files already downloaded and verified
The whole epochs are 150
5.924035794956168
5.328779358224771
5.285328142421761
5.279770620090446
5.274774664456082
5.271874221329837
5.269267514808891
5.263872372735407
5.266020583123276
5.2590156830463215
model saved at unlearnable_20211011011237_0.5_512_150
5.260081925342992
5.254283782133122
5.251746649594651
5.252436480571315
5.250708717660806
5.245436083410204
5.247541112998097
5.242066697976024
5.24321637202784
5.242475229440276
model saved at unlearnable_20211011011237_0.5_512_150
5.239551037857213
5.238902898178887
5.235860996639605
5.235440136231098
5.235665744112939
5.23404135654882
5.23281258160306
5.2377626576374485
5.231212704452043
5.230002024739059
model saved at unlearnable_20211011011237_0.5_512_150
5.231744466368685
5.229867281373014
5.229722789882385
5.228358145841618
5.227502798296742
5.225434062407189
5.2251805521778225
5.226201072181623
5.223588245431173
5.223577833667244
model saved at unlearnable_20211011011237_0.5_512_150
5.223997642084496
5.223556297341573
5.222884989276375
5.221940969683461
5.222407611375003
5.221587923384204
5.221213217863102
5.2212048461756755
5.22017014886915
5.220588974117004
model saved at unlearnable_20211011011237_0.5_512_150
5.219876992333796
5.219223838491538
5.218650862113717
5.216685486823013
5.2192285232937214
5.216838846501616
5.215852068871567
5.2180568606583115
5.218119124776309
5.216295920696455
model saved at unlearnable_20211011011237_0.5_512_150
5.216032062609171
5.218040903818976
5.216455287540082
5.215434138307867
5.2153838344456
5.214857357064473
5.214157718973062
5.213859508946999
5.216185191242965
5.214569470317094
model saved at unlearnable_20211011011237_0.5_512_150
5.214275025829826
5.213402295849987
5.212523730759768
5.211029111724539
5.213384716781144
5.211694358550396
5.210251940894373
5.211755516602821
5.21128794090035
5.212456953894232
model saved at unlearnable_20211011011237_0.5_512_150
5.211972959262809
5.208979011810932
5.211686360467341
5.208489914530332
5.215446511494744
5.21051347378603
5.210760259136711
5.214866466128949
5.208435083172985
5.210327649853893
model saved at unlearnable_20211011011237_0.5_512_150
5.211655385715446
5.210093763685718
5.207640736373429
5.209982975242064
5.2088931516273735
5.206833057796832
5.211152150458896
5.2099749574956205
5.208396144748963
5.209063249764983
model saved at unlearnable_20211011011237_0.5_512_150
5.209394022361519
5.207672060150461
5.207440995678459
5.207209651003179
5.2184761283323935
5.207455851368068
5.208028817914196
5.210418027700837
5.210037472321815
5.210042191534927
model saved at unlearnable_20211011011237_0.5_512_150
5.208395928451695
5.208974474484158
5.207254729320094
5.206245363373117
5.205991007618068
5.20647412231288
5.206308418942481
5.204265938591711
5.205388398514581
5.204001525013717
model saved at unlearnable_20211011011237_0.5_512_150
5.203617243422675
5.205235269880786
5.20519066840103
5.207985514218045
5.203517161693769
5.204760266333511
5.206185281891184
5.204601459896441
5.202878160575001
5.209449669749467
model saved at unlearnable_20211011011237_0.5_512_150
5.208690962840602
5.207263685993312
5.205639652370178
5.20360426067077
5.206836194107213
5.2020059123481674
5.2072641038403065
5.200698985266931
5.20433122595561
5.199700075326507
model saved at unlearnable_20211011011237_0.5_512_150
5.198001433893578
5.197140467535589
5.1966716776189115
5.195779446474056
5.197422799375868
5.196907097531348
5.1966009238331585
5.194215209213729
5.195922006036818
5.203330895335404
model saved at unlearnable_20211011011237_0.5_512_150
JobId=34988041 JobName=SimCLR
   UserId=renjie3(6007166) GroupId=cse(2010) MCS_label=N/A
   Priority=3574 Nice=0 Account=general QOS=renjie3
   JobState=RUNNING Reason=None Dependency=(null)
   Requeue=1 Restarts=0 BatchFlag=1 Reboot=0 ExitCode=0:0
   RunTime=1-01:56:13 TimeLimit=2-00:00:00 TimeMin=N/A
   SubmitTime=2021-10-10T19:55:47 EligibleTime=2021-10-10T19:55:47
   AccrueTime=2021-10-10T19:55:47
   StartTime=2021-10-11T01:12:09 EndTime=2021-10-13T01:12:09 Deadline=N/A
   SuspendTime=None SecsPreSuspend=0 LastSchedEval=2021-10-11T01:12:09
   Partition=general-long-gpu AllocNode:Sid=dev-amd20-v100:24654
   ReqNodeList=(null) ExcNodeList=(null)
   NodeList=nvl-007
   BatchHost=nvl-007
   NumNodes=1 NumCPUs=2 NumTasks=1 CPUs/Task=2 ReqB:S:C:T=0:0:*:*
   TRES=cpu=2,mem=16G,node=1,billing=2490,gres/gpu=1
   Socks/Node=* NtasksPerN:B:S:C=0:0:*:* CoreSpec=*
   MinCPUsNode=2 MinMemoryCPU=8G MinTmpDiskNode=0
   Features=[intel14|intel16|intel18|amr|nvf] DelayBoot=00:00:00
   OverSubscribe=OK Contiguous=0 Licenses=(null) Network=(null)
   Command=/mnt/ufs18/home-145/renjie3/Documents/unlearnable/Unlearnable-Examples/submit.sb
   WorkDir=/mnt/ufs18/home-145/renjie3/Documents/unlearnable/Unlearnable-Examples
   Comment=stdout=/mnt/home/renjie3/Documents/unlearnable/Unlearnable-Examples/logfile/34988041.log 
   StdErr=/mnt/home/renjie3/Documents/unlearnable/Unlearnable-Examples/logfile/34988041.err
   StdIn=/dev/null
   StdOut=/mnt/home/renjie3/Documents/unlearnable/Unlearnable-Examples/logfile/34988041.log
   Power=
   TresPerNode=gpu:v100:1
   NtasksPerTRES:0

