This save model after 150 epochs. Number of workers 2. Removed Normalization transform.
python3 ssl_perturbation_save_model.py --config_path configs/cifar10 --exp_name path/to/your/experiment/folder --version resnet18 --train_data_type CIFAR10 --noise_shape 10 3 32 32 --epsilon 8 --num_steps 1 --step_size 1.6 --attack_type min-min --perturb_type classwise --universal_train_target 'classwise' --train_step 10 --epochs 150
check check
__name__ simclr
Files already downloaded and verified
Files already downloaded and verified
Files already downloaded and verified
Files already downloaded and verified
The whole epochs are 150
5.7920452688158175
5.328620419059832
5.309841151090012
5.29211270440485
5.284180129926229
5.281921819313285
5.27692214238275
5.27187684639213
5.2664476227514525
5.264238396870721
model saved at unlearnable_20211010165139_0.5_512_150
5.260228825598648
5.258103783597651
5.254911009798345
5.251841604095144
5.250361580209634
5.247250016202631
5.24541344101896
5.243931450794652
5.24291766550123
5.241360025307567
model saved at unlearnable_20211010165139_0.5_512_150
5.239502252991667
5.238417369803202
5.236636500997641
5.237167392809367
5.236156729078784
5.235766430491025
5.233145330370087
5.233046870870688
5.231938347374041
5.2316836229304675
model saved at unlearnable_20211010165139_0.5_512_150
5.230700419121182
5.229904651641846
5.2304066825158815
5.228831232208567
5.227080045287142
5.22759516214587
5.228221716340055
5.22710995330024
5.225927151355547
5.227116235752695
model saved at unlearnable_20211010165139_0.5_512_150
5.225594889257372
5.224185019424281
5.22393637096759
5.22445731802085
5.223461667286981
5.221124339349491
5.222408471648226
5.220746659740959
5.220600875382571
5.220946297203143
model saved at unlearnable_20211010165139_0.5_512_150
5.219931440255077
5.219943685629933
5.2203580767838
5.220240376659276
5.218908378758381
5.2185045222646185
5.217591207052014
5.218082831077969
5.216694025649238
5.216486989837332
model saved at unlearnable_20211010165139_0.5_512_150
5.217105703255565
5.217639411847616
5.215855224845336
5.216097595765419
5.21633181621119
5.2135598339985325
5.215378077988772
5.213739483626847
5.21610819924738
5.2128621327508355
model saved at unlearnable_20211010165139_0.5_512_150
5.213866789316394
5.213078464429403
5.213983432533815
5.212575258667936
5.2142167484637385
5.213106769876382
5.211869411861773
5.213091457013002
5.210833495425195
5.211772028932867
model saved at unlearnable_20211010165139_0.5_512_150
5.212224468742449
5.211405729510121
5.2110464499168785
5.209637902446629
5.209964118053004
5.209422637506859
5.209403731159328
5.20952325014724
5.212225102886711
5.209599494934082
model saved at unlearnable_20211010165139_0.5_512_150
5.209416187915606
5.209340174173572
5.20825190396653
5.209115126698287
5.206554904426496
5.208759357019798
5.208740553905055
5.2066128278516
5.207915070130653
5.2067545664679145
model saved at unlearnable_20211010165139_0.5_512_150
5.206816221020885
5.205588881502447
5.206118185495593
5.206365786876875
5.205336954175811
5.204208034829995
5.207031977545355
5.205726766094719
5.2084901259117515
5.204043757055223
model saved at unlearnable_20211010165139_0.5_512_150
5.205567969489343
5.203959705903358
5.204932507780409
5.2051856099944755
5.204556824005756
5.203822135925293
5.203541971973537
5.204310540071468
5.203540467724357
5.202545927971909
model saved at unlearnable_20211010165139_0.5_512_150
5.2029067609728
5.213960146166615
5.205628881749418
5.202538455884481
5.200805231467965
5.202305749519584
5.201962043329613
5.202345017305355
5.202418696020067
5.202206803351333
model saved at unlearnable_20211010165139_0.5_512_150
5.202285530640907
5.202654307650537
5.202737999945572
5.201038208204446
5.2085528127925915
5.202447606116226
5.201746709567985
5.200932920593576
5.202304958068218
5.20636852500365
model saved at unlearnable_20211010165139_0.5_512_150
5.200915941258066
5.200279752003778
5.20124526367974
5.20166151302377
5.20179069165102
5.200095766598416
5.20031380407589
5.199350848640363
5.19960380337902
5.200052969234505
model saved at unlearnable_20211010165139_0.5_512_150
JobId=34984753 JobName=SimCLR
   UserId=renjie3(6007166) GroupId=cse(2010) MCS_label=N/A
   Priority=4174 Nice=0 Account=general QOS=renjie3
   JobState=RUNNING Reason=None Dependency=(null)
   Requeue=1 Restarts=0 BatchFlag=1 Reboot=0 ExitCode=0:0
   RunTime=1-00:58:34 TimeLimit=2-00:00:00 TimeMin=N/A
   SubmitTime=2021-10-10T16:49:26 EligibleTime=2021-10-10T16:49:26
   AccrueTime=2021-10-10T16:49:26
   StartTime=2021-10-10T16:51:24 EndTime=2021-10-12T16:51:24 Deadline=N/A
   SuspendTime=None SecsPreSuspend=0 LastSchedEval=2021-10-10T16:51:24
   Partition=general-long-gpu AllocNode:Sid=dev-amd20-v100:138670
   ReqNodeList=(null) ExcNodeList=(null)
   NodeList=nvl-005
   BatchHost=nvl-005
   NumNodes=1 NumCPUs=2 NumTasks=1 CPUs/Task=2 ReqB:S:C:T=0:0:*:*
   TRES=cpu=2,mem=16G,node=1,billing=2490,gres/gpu=1
   Socks/Node=* NtasksPerN:B:S:C=0:0:*:* CoreSpec=*
   MinCPUsNode=2 MinMemoryCPU=8G MinTmpDiskNode=0
   Features=[intel14|intel16|intel18|amr|nvf] DelayBoot=00:00:00
   OverSubscribe=OK Contiguous=0 Licenses=(null) Network=(null)
   Command=/mnt/ufs18/home-145/renjie3/Documents/unlearnable/Unlearnable-Examples/submit.sb
   WorkDir=/mnt/ufs18/home-145/renjie3/Documents/unlearnable/Unlearnable-Examples
   Comment=stdout=/mnt/home/renjie3/Documents/unlearnable/Unlearnable-Examples/logfile/34984753.log 
   StdErr=/mnt/home/renjie3/Documents/unlearnable/Unlearnable-Examples/logfile/34984753.err
   StdIn=/dev/null
   StdOut=/mnt/home/renjie3/Documents/unlearnable/Unlearnable-Examples/logfile/34984753.log
   Power=
   TresPerNode=gpu:v100:1
   NtasksPerTRES:0

