This save model after 150 epochs. Number of workers 2. Removed Normalization transform.
python3 ssl_perturbation_save_model.py --config_path configs/cifar10 --exp_name path/to/your/experiment/folder --version resnet18 --train_data_type CIFAR10 --noise_shape 10 3 32 32 --epsilon 8 --num_steps 1 --step_size 1.6 --attack_type min-min --perturb_type classwise --universal_train_target 'classwise' --train_step 10 --epochs 150
check check
__name__ simclr
Files already downloaded and verified
Files already downloaded and verified
Files already downloaded and verified
Files already downloaded and verified
The whole epochs are 150
6.1213611769922
5.904126191876598
5.814361567349778
5.750880329879289
5.70636177554573
5.675372177792578
5.659419738140302
5.634670660667813
5.615093963662374
5.6058226811517144
model saved at unlearnable_20211012193202_0.5_512_150
5.5917813507552
5.580668896743932
5.576288021716875
5.562995635357099
5.558745821726691
5.547550078519841
5.54440058383745
5.538073382426783
5.531236270039352
5.526274818735025
model saved at unlearnable_20211012193202_0.5_512_150
5.519693448371494
5.516873163046296
5.510237315266402
5.512520072386437
5.509395392899661
5.503082167241991
5.499633091012227
5.493052079505527
5.489754298298629
5.488008676115999
model saved at unlearnable_20211012193202_0.5_512_150
5.48714602853834
5.485193306637793
