Retrain SimCLR to test the transferability.
python simclr_transfer.py --batch_size 512 --epochs 1000 --arch resnet18
check check
__name__ __main__
Files already downloaded and verified
Files already downloaded and verified
Files already downloaded and verified
JobId=35079375 JobName=SimCLR
   UserId=renjie3(6007166) GroupId=cse(2010) MCS_label=N/A
   Priority=9947 Nice=0 Account=general QOS=renjie3
   JobState=RUNNING Reason=None Dependency=(null)
   Requeue=1 Restarts=0 BatchFlag=1 Reboot=0 ExitCode=0:0
   RunTime=00:00:44 TimeLimit=2-00:00:00 TimeMin=N/A
   SubmitTime=2021-10-12T20:12:22 EligibleTime=2021-10-12T20:12:22
   AccrueTime=2021-10-12T20:12:22
   StartTime=2021-10-12T20:32:05 EndTime=2021-10-14T20:32:05 Deadline=N/A
   SuspendTime=None SecsPreSuspend=0 LastSchedEval=2021-10-12T20:32:05
   Partition=general-long-gpu AllocNode:Sid=dev-amd20-v100:24654
   ReqNodeList=(null) ExcNodeList=(null)
   NodeList=nvl-005
   BatchHost=nvl-005
   NumNodes=1 NumCPUs=2 NumTasks=1 CPUs/Task=2 ReqB:S:C:T=0:0:*:*
   TRES=cpu=2,mem=16G,node=1,billing=2490,gres/gpu=1
   Socks/Node=* NtasksPerN:B:S:C=0:0:*:* CoreSpec=*
   MinCPUsNode=2 MinMemoryCPU=8G MinTmpDiskNode=0
   Features=[intel14|intel16|intel18|amr|nvf] DelayBoot=00:00:00
   OverSubscribe=OK Contiguous=0 Licenses=(null) Network=(null)
   Command=/mnt/ufs18/home-145/renjie3/Documents/unlearnable/Unlearnable-Examples/submit_simclr.sb
   WorkDir=/mnt/ufs18/home-145/renjie3/Documents/unlearnable/Unlearnable-Examples
   Comment=stdout=/mnt/home/renjie3/Documents/unlearnable/Unlearnable-Examples/logfile/35079375.log 
   StdErr=/mnt/home/renjie3/Documents/unlearnable/Unlearnable-Examples/logfile/35079375.err
   StdIn=/dev/null
   StdOut=/mnt/home/renjie3/Documents/unlearnable/Unlearnable-Examples/logfile/35079375.log
   Power=
   TresPerNode=gpu:v100:1
   NtasksPerTRES:0

