This save model after 150 epochs. Number of workers 2. Removed Normalization transform.
python3 ssl_perturbation_save_model.py --config_path configs/cifar10 --exp_name path/to/your/experiment/folder --version resnet18 --train_data_type CIFAR10 --noise_shape 10 3 32 32 --epsilon 8 --num_steps 1 --step_size 1.6 --attack_type min-min --perturb_type classwise --universal_train_target 'classwise' --train_step 10 --epochs 11
check check
__name__ simclr
Files already downloaded and verified
Files already downloaded and verified
Files already downloaded and verified
Files already downloaded and verified
The whole epochs are 11
5.8619704541471815
5.329921053856919
5.289949800550323
5.287391893642464
5.279767493611758
5.274802232526012
5.270448080043203
5.267768102822845
5.265316904205637
5.263558092805528
model saved at unlearnable_20211013183737_0.5_512_11
5.2592841521980835
JobId=35095067 JobName=SimCLR
   UserId=renjie3(6007166) GroupId=cse(2010) MCS_label=N/A
   Priority=19305 Nice=0 Account=general QOS=renjie3
   JobState=RUNNING Reason=None Dependency=(null)
   Requeue=1 Restarts=0 BatchFlag=1 Reboot=0 ExitCode=0:0
   RunTime=01:40:43 TimeLimit=1-12:00:00 TimeMin=N/A
   SubmitTime=2021-10-13T09:51:48 EligibleTime=2021-10-13T09:51:48
   AccrueTime=2021-10-13T09:51:48
   StartTime=2021-10-13T18:36:55 EndTime=2021-10-15T06:36:55 Deadline=N/A
   SuspendTime=None SecsPreSuspend=0 LastSchedEval=2021-10-13T18:36:55
   Partition=general-long-gpu AllocNode:Sid=dev-amd20-v100:79627
   ReqNodeList=(null) ExcNodeList=(null)
   NodeList=nvl-006
   BatchHost=nvl-006
   NumNodes=1 NumCPUs=2 NumTasks=1 CPUs/Task=2 ReqB:S:C:T=0:0:*:*
   TRES=cpu=2,mem=16G,node=1,billing=2490,gres/gpu=1
   Socks/Node=* NtasksPerN:B:S:C=0:0:*:* CoreSpec=*
   MinCPUsNode=2 MinMemoryCPU=8G MinTmpDiskNode=0
   Features=[intel14|intel16|intel18|amr|nvf] DelayBoot=00:00:00
   OverSubscribe=OK Contiguous=0 Licenses=(null) Network=(null)
   Command=/mnt/ufs18/home-145/renjie3/Documents/unlearnable/Unlearnable-Examples/submit.sb
   WorkDir=/mnt/ufs18/home-145/renjie3/Documents/unlearnable/Unlearnable-Examples
   Comment=stdout=/mnt/home/renjie3/Documents/unlearnable/Unlearnable-Examples/logfile/35095065.log 
   StdErr=/mnt/home/renjie3/Documents/unlearnable/Unlearnable-Examples/logfile/35095067.err
   StdIn=/dev/null
   StdOut=/mnt/home/renjie3/Documents/unlearnable/Unlearnable-Examples/logfile/35095067.log
   Power=
   TresPerNode=gpu:v100:1
   NtasksPerTRES:0

