This save model after 150 epochs. Number of workers 2. Removed Normalization transform.
python3 ssl_perturbation_save_model.py --config_path configs/cifar10 --exp_name path/to/your/experiment/folder --version resnet18 --train_data_type CIFAR10 --noise_shape 10 3 32 32 --epsilon 8 --num_steps 1 --step_size 1.6 --attack_type min-min --perturb_type classwise --universal_train_target 'classwise' --train_step 10 --epochs 101
check check
__name__ simclr
Files already downloaded and verified
Files already downloaded and verified
Files already downloaded and verified
Files already downloaded and verified
The whole epochs are 101
5.834170882234869
5.322954271257538
5.290281748034291
5.28235221154911
5.276553837294431
5.27263064236985
5.268591576015826
5.265842983403156
5.261571554793525
5.257766099320245
model saved at unlearnable_20211014074249_0.5_512_101
5.254114332887315
5.253672471980459
5.251496998305173
5.248871552575495
5.246596341280593
5.242124021667795
5.241025418350377
5.241195845849735
5.242129522500579
5.239527431959958
model saved at unlearnable_20211014074249_0.5_512_101
5.236736076394307
5.238270376146454
5.235977772584896
5.23591978525378
5.234463042819623
5.234709302174676
5.2318739104516725
5.232496969478646
5.2330199172816325
5.231370847249768
model saved at unlearnable_20211014074249_0.5_512_101
5.232004898110616
5.230466341234974
5.2302371103739
5.230453348651375
5.228847577399814
5.225627500986316
5.2268530904632255
5.226793652957248
5.225796974811358
5.227045413145085
model saved at unlearnable_20211014074249_0.5_512_101
5.227108547368
5.2256312714409585
5.224867786328817
5.224613769767211
5.223721931890114
5.221645276571057
5.224417907675517
5.221597750162341
5.221598020533926
5.220263790838497
model saved at unlearnable_20211014074249_0.5_512_101
5.222166798778416
5.220803398446939
5.220661148582537
5.219144708102512
5.2203923648165675
5.220213472228689
5.220015673293281
5.217905826175336
5.218746150891805
5.2162730570920965
model saved at unlearnable_20211014074249_0.5_512_101
5.2188817201201445
5.217307970695889
5.217938541137066
5.217446686066303
5.215477442004017
5.214105945272544
5.215666643123037
5.217409310881624
5.216406763214426
5.215738124454145
model saved at unlearnable_20211014074249_0.5_512_101
5.213715681095713
5.215235439772458
5.2132127702850655
5.214347627974048
5.213351928081709
5.212748965037238
5.212908248311465
5.211228292012952
5.21268070358591
5.211572996119863
model saved at unlearnable_20211014074249_0.5_512_101
5.212520215929169
5.212052266622327
5.2109622168786744
