This save model after 150 epochs. Number of workers 2. Removed Normalization transform.
python3 ssl_perturbation_save_model.py --config_path configs/cifar10 --exp_name path/to/your/experiment/folder --version resnet18 --train_data_type CIFAR10 --noise_shape 10 3 32 32 --epsilon 8 --num_steps 10 --step_size 1.6 --attack_type min-min --perturb_type classwise --universal_train_target 'classwise' --train_step 10 --epochs 151
check check
__name__ simclr
Files already downloaded and verified
Files already downloaded and verified
Files already downloaded and verified
Files already downloaded and verified
The whole epochs are 151
6.101324971189204
5.915025612742631
5.830177479183551
5.766401153249839
5.724420055900652
5.686273048833473
5.655201553069439
5.63845798158154
5.6297220249765925
5.610938131194754
model saved at unlearnable_20211014081824_0.5_512_151
5.5971432813664075
5.587072687050731
5.578288019317942
5.563412749890199
5.557905251217871
5.551836824908699
5.540468412576263
5.5311765179191665
5.531387845265496
5.52413851452857
model saved at unlearnable_20211014081824_0.5_512_151
5.517162032963074
JobId=35095390 JobName=SimCLR
   UserId=renjie3(6007166) GroupId=cse(2010) MCS_label=N/A
   Priority=18117 Nice=0 Account=general QOS=renjie3
   JobState=RUNNING Reason=None Dependency=(null)
   Requeue=1 Restarts=0 BatchFlag=1 Reboot=0 ExitCode=0:0
   RunTime=12:05:10 TimeLimit=1-12:00:00 TimeMin=N/A
   SubmitTime=2021-10-13T09:53:57 EligibleTime=2021-10-13T09:53:57
   AccrueTime=2021-10-13T09:53:57
   StartTime=2021-10-14T08:18:12 EndTime=2021-10-15T20:18:12 Deadline=N/A
   SuspendTime=None SecsPreSuspend=0 LastSchedEval=2021-10-14T08:18:12
   Partition=general-long-gpu AllocNode:Sid=dev-amd20-v100:79627
   ReqNodeList=(null) ExcNodeList=(null)
   NodeList=nvl-005
   BatchHost=nvl-005
   NumNodes=1 NumCPUs=2 NumTasks=1 CPUs/Task=2 ReqB:S:C:T=0:0:*:*
   TRES=cpu=2,mem=16G,node=1,billing=2490,gres/gpu=1
   Socks/Node=* NtasksPerN:B:S:C=0:0:*:* CoreSpec=*
   MinCPUsNode=2 MinMemoryCPU=8G MinTmpDiskNode=0
   Features=[intel14|intel16|intel18|amr|nvf] DelayBoot=00:00:00
   OverSubscribe=OK Contiguous=0 Licenses=(null) Network=(null)
   Command=/mnt/ufs18/home-145/renjie3/Documents/unlearnable/Unlearnable-Examples/submit.sb
   WorkDir=/mnt/ufs18/home-145/renjie3/Documents/unlearnable/Unlearnable-Examples
   Comment=stdout=/mnt/home/renjie3/Documents/unlearnable/Unlearnable-Examples/logfile/35095390.log 
   StdErr=/mnt/home/renjie3/Documents/unlearnable/Unlearnable-Examples/logfile/35095390.err
   StdIn=/dev/null
   StdOut=/mnt/home/renjie3/Documents/unlearnable/Unlearnable-Examples/logfile/35095390.log
   Power=
   TresPerNode=gpu:v100:1
   NtasksPerTRES:0

