This save model after 150 epochs. Number of workers 2. Removed Normalization transform.
python3 ssl_perturbation_save_model.py --config_path configs/cifar10 --exp_name path/to/your/experiment/folder --version resnet18 --train_data_type CIFAR10 --noise_shape 10 3 32 32 --epsilon 8 --num_steps 1 --step_size 1.6 --attack_type min-min --perturb_type classwise --universal_train_target 'classwise' --train_step 10 --epochs 21
check check
__name__ simclr
Files already downloaded and verified
Files already downloaded and verified
Files already downloaded and verified
Files already downloaded and verified
The whole epochs are 21
5.91047704834299
5.326979755126324
5.294706329856951
5.286178869070466
5.280290844514198
5.274332887118625
5.27079216966924
5.265879316428273
5.261257142135777
5.259011873264902
model saved at unlearnable_20211013194620_0.5_512_21
5.254828679192927
5.250442170605217
5.247779629894139
5.247701050079975
5.244657069137416
5.242321781276428
5.2409155639176515
5.23897188717557
5.238618142826041
5.236095816818709
model saved at unlearnable_20211013194620_0.5_512_21
5.236310860545365
JobId=35095092 JobName=SimCLR
   UserId=renjie3(6007166) GroupId=cse(2010) MCS_label=N/A
   Priority=19828 Nice=0 Account=general QOS=renjie3
   JobState=RUNNING Reason=None Dependency=(null)
   Requeue=1 Restarts=0 BatchFlag=1 Reboot=0 ExitCode=0:0
   RunTime=03:12:33 TimeLimit=1-12:00:00 TimeMin=N/A
   SubmitTime=2021-10-13T09:51:54 EligibleTime=2021-10-13T09:51:54
   AccrueTime=2021-10-13T09:51:54
   StartTime=2021-10-13T19:45:56 EndTime=2021-10-15T07:45:56 Deadline=N/A
   SuspendTime=None SecsPreSuspend=0 LastSchedEval=2021-10-13T19:45:56
   Partition=general-long-gpu AllocNode:Sid=dev-amd20-v100:79627
   ReqNodeList=(null) ExcNodeList=(null)
   NodeList=nvl-006
   BatchHost=nvl-006
   NumNodes=1 NumCPUs=2 NumTasks=1 CPUs/Task=2 ReqB:S:C:T=0:0:*:*
   TRES=cpu=2,mem=16G,node=1,billing=2490,gres/gpu=1
   Socks/Node=* NtasksPerN:B:S:C=0:0:*:* CoreSpec=*
   MinCPUsNode=2 MinMemoryCPU=8G MinTmpDiskNode=0
   Features=[intel14|intel16|intel18|amr|nvf] DelayBoot=00:00:00
   OverSubscribe=OK Contiguous=0 Licenses=(null) Network=(null)
   Command=/mnt/ufs18/home-145/renjie3/Documents/unlearnable/Unlearnable-Examples/submit.sb
   WorkDir=/mnt/ufs18/home-145/renjie3/Documents/unlearnable/Unlearnable-Examples
   Comment=stdout=/mnt/home/renjie3/Documents/unlearnable/Unlearnable-Examples/logfile/35095091.log 
   StdErr=/mnt/home/renjie3/Documents/unlearnable/Unlearnable-Examples/logfile/35095092.err
   StdIn=/dev/null
   StdOut=/mnt/home/renjie3/Documents/unlearnable/Unlearnable-Examples/logfile/35095092.log
   Power=
   TresPerNode=gpu:v100:1
   NtasksPerTRES:0

