This save model after 150 epochs. Number of workers 2. Removed Normalization transform.
python3 ssl_perturbation_save_model.py --config_path configs/cifar10 --exp_name path/to/your/experiment/folder --version resnet18 --train_data_type CIFAR10 --noise_shape 10 3 32 32 --epsilon 8 --num_steps 1 --step_size 1.6 --attack_type min-min --perturb_type classwise --universal_train_target 'classwise' --train_step 10 --epochs 31
check check
__name__ simclr
Files already downloaded and verified
Files already downloaded and verified
Files already downloaded and verified
Files already downloaded and verified
The whole epochs are 31
6.09018481146429
5.344965777446315
5.292418917429816
5.285465515765948
5.2796602199987035
5.27469408880804
5.269914558253338
5.264525113646517
5.259411777417684
5.257145306498734
model saved at unlearnable_20211013201930_0.5_512_31
5.252825466627927
5.25231732535608
5.250795502023599
5.247924499904986
5.246153959293955
5.2438222944122
5.243502823347898
5.239838796792571
5.237212043447593
5.235550605144697
model saved at unlearnable_20211013201930_0.5_512_31
5.237042102617087
5.232684956383459
5.23384236797844
5.231782652668117
5.232010074497498
5.231637856394975
5.230921017754938
5.2304499911278794
5.227316581096845
5.226826716944115
model saved at unlearnable_20211013201930_0.5_512_31
5.227984929822155
JobId=35095108 JobName=SimCLR
   UserId=renjie3(6007166) GroupId=cse(2010) MCS_label=N/A
   Priority=19831 Nice=0 Account=general QOS=renjie3
   JobState=RUNNING Reason=None Dependency=(null)
   Requeue=1 Restarts=0 BatchFlag=1 Reboot=0 ExitCode=0:0
   RunTime=04:48:20 TimeLimit=1-12:00:00 TimeMin=N/A
   SubmitTime=2021-10-13T09:51:56 EligibleTime=2021-10-13T09:51:56
   AccrueTime=2021-10-13T09:51:56
   StartTime=2021-10-13T20:19:17 EndTime=2021-10-15T08:19:17 Deadline=N/A
   SuspendTime=None SecsPreSuspend=0 LastSchedEval=2021-10-13T20:19:17
   Partition=general-long-gpu AllocNode:Sid=dev-amd20-v100:79627
   ReqNodeList=(null) ExcNodeList=(null)
   NodeList=nvl-006
   BatchHost=nvl-006
   NumNodes=1 NumCPUs=2 NumTasks=1 CPUs/Task=2 ReqB:S:C:T=0:0:*:*
   TRES=cpu=2,mem=16G,node=1,billing=2490,gres/gpu=1
   Socks/Node=* NtasksPerN:B:S:C=0:0:*:* CoreSpec=*
   MinCPUsNode=2 MinMemoryCPU=8G MinTmpDiskNode=0
   Features=[intel14|intel16|intel18|amr|nvf] DelayBoot=00:00:00
   OverSubscribe=OK Contiguous=0 Licenses=(null) Network=(null)
   Command=/mnt/ufs18/home-145/renjie3/Documents/unlearnable/Unlearnable-Examples/submit.sb
   WorkDir=/mnt/ufs18/home-145/renjie3/Documents/unlearnable/Unlearnable-Examples
   Comment=stdout=/mnt/home/renjie3/Documents/unlearnable/Unlearnable-Examples/logfile/35095108.log 
   StdErr=/mnt/home/renjie3/Documents/unlearnable/Unlearnable-Examples/logfile/35095108.err
   StdIn=/dev/null
   StdOut=/mnt/home/renjie3/Documents/unlearnable/Unlearnable-Examples/logfile/35095108.log
   Power=
   TresPerNode=gpu:v100:1
   NtasksPerTRES:0

