This save model after 150 epochs. Number of workers 2. Removed Normalization transform.
python3 ssl_perturbation_save_model.py --config_path configs/cifar10 --exp_name path/to/your/experiment/folder --version resnet18 --train_data_type CIFAR10 --noise_shape 10 3 32 32 --epsilon 8 --num_steps 1 --step_size 1.6 --attack_type min-min --perturb_type classwise --universal_train_target 'classwise' --train_step 10 --epochs 1000
check check
__name__ simclr
Files already downloaded and verified
Files already downloaded and verified
Files already downloaded and verified
Files already downloaded and verified
The whole epochs are 1000
6.146685850988958
5.930345235411654
5.8499416223506335
5.775982473314423
5.730151009313839
5.694203573403899
5.667547117803514
5.645581009461708
5.626727276241656
5.610130039687009
model saved at unlearnable_20211013193327_0.5_512_1000
5.60481172738616
5.592487625240051
5.582871299429038
5.5721946942437555
5.566726964773591
5.5564817792361545
5.545783927760174
5.543214399790027
5.538218817760035
5.528971259126958
model saved at unlearnable_20211013193327_0.5_512_1000
5.526797088151126
5.520587326325092
5.514335706061924
5.513477182879891
5.509893859784627
5.505733234366191
5.502761201760204
5.502413975823786
5.499401992129297
5.494845532879387
model saved at unlearnable_20211013193327_0.5_512_1000
5.491247540896701
5.488108241680971
5.484642544972528
5.481509287332751
5.478500400621867
5.47688148439545
5.475496557569995
5.475599559312014
5.47477519143488
5.469607348294602
model saved at unlearnable_20211013193327_0.5_512_1000
5.4658220625415295
5.465960571446369
5.464441225700772
5.463143166807509
5.45967037161601
5.460636492856999
5.45731611350148
5.451426299576907
5.450230278919652
5.451846216142792
model saved at unlearnable_20211013193327_0.5_512_1000
5.4476870408992175
5.448181943795116
5.44337373910491
5.443633610440283
5.4405880908376165
5.442311950565613
5.4408235353292875
5.435411173043792
5.436614655956779
5.436762028133746
model saved at unlearnable_20211013193327_0.5_512_1000
5.436319798538365
5.432719432201582
5.430541023765643
5.432824916446332
5.430827229293351
5.431078537223265
5.426405380681618
5.428341865539551
5.421607061759713
5.423629696836176
model saved at unlearnable_20211013193327_0.5_512_1000
5.422799931359045
5.420207475878529
5.418528124229195
5.422854654567757
5.419900928575968
5.417421419595935
5.417148580256197
5.4121597820950536
5.416335808862116
5.413764427617653
model saved at unlearnable_20211013193327_0.5_512_1000
5.411952397258012
5.408832933484893
5.41020710443713
5.4046603281473375
5.4051108311132054
5.407373408681338
5.405250868846461
5.4105416769833905
5.403259990141564
5.405409709694459
model saved at unlearnable_20211013193327_0.5_512_1000
5.401125824328551
5.402042266019841
5.402106152367346
5.396430045059047
5.399009409639024
5.397579345506491
5.398809747597606
5.398157601503982
5.399107230078314
5.3992742263164715
model saved at unlearnable_20211013193327_0.5_512_1000
5.3976238781643895
5.393168724689287
5.394203957823134
5.3967006181933215
5.391848195459425
5.393192797592006
5.390408555256951
5.3892589893537695
5.389290052590911
5.387849557031061
model saved at unlearnable_20211013193327_0.5_512_1000
5.391743822196095
5.387126839038023
5.386497817088649
5.388565515734486
5.386899908793342
5.383297354904647
5.379738940406091
5.386019510092194
5.3873134298422904
5.384431907811115
model saved at unlearnable_20211013193327_0.5_512_1000
5.381755755119717
5.377676206765716
5.379587325853171
5.378785634778209
5.379016630428353
5.38009263559715
5.38165745784327
5.37754180750896
5.376768515282071
5.376113129645279
model saved at unlearnable_20211013193327_0.5_512_1000
5.379973608193938
5.3770809960119506
5.374005165296731
5.374311973139183
5.3747435795892144
5.372586151988236
5.370012873226834
5.373227262005363
5.3747921924001165
5.372301863640854
model saved at unlearnable_20211013193327_0.5_512_1000
5.3708539254886585
5.369023023192415
5.365732065181143
5.36924228471579
5.370397941353395
5.367795197005124
5.365668055937462
5.368399929754513
5.365327309087379
5.3683059879185
model saved at unlearnable_20211013193327_0.5_512_1000
5.3657148941276
5.365112575059085
5.364373629855127
5.366096088566731
5.365469568783475
5.367149372690732
5.365494885395482
5.365462077032659
5.362271500616958
JobId=35094742 JobName=SimCLR
   UserId=renjie3(6007166) GroupId=cse(2010) MCS_label=N/A
   Priority=19769 Nice=0 Account=general QOS=renjie3
   JobState=RUNNING Reason=None Dependency=(null)
   Requeue=1 Restarts=0 BatchFlag=1 Reboot=0 ExitCode=0:0
   RunTime=1-00:57:57 TimeLimit=6-16:00:00 TimeMin=N/A
   SubmitTime=2021-10-13T09:48:58 EligibleTime=2021-10-13T09:48:58
   AccrueTime=2021-10-13T09:48:58
   StartTime=2021-10-13T19:32:43 EndTime=2021-10-20T11:32:43 Deadline=N/A
   SuspendTime=None SecsPreSuspend=0 LastSchedEval=2021-10-13T19:32:43
   Partition=general-long-gpu AllocNode:Sid=dev-amd20-v100:79627
   ReqNodeList=(null) ExcNodeList=(null)
   NodeList=nvl-007
   BatchHost=nvl-007
   NumNodes=1 NumCPUs=2 NumTasks=1 CPUs/Task=2 ReqB:S:C:T=0:0:*:*
   TRES=cpu=2,mem=16G,node=1,billing=2490,gres/gpu=1
   Socks/Node=* NtasksPerN:B:S:C=0:0:*:* CoreSpec=*
   MinCPUsNode=2 MinMemoryCPU=8G MinTmpDiskNode=0
   Features=[intel14|intel16|intel18|amr|nvf] DelayBoot=00:00:00
   OverSubscribe=OK Contiguous=0 Licenses=(null) Network=(null)
   Command=/mnt/ufs18/home-145/renjie3/Documents/unlearnable/Unlearnable-Examples/submit.sb
   WorkDir=/mnt/ufs18/home-145/renjie3/Documents/unlearnable/Unlearnable-Examples
   Comment=stdout=/mnt/home/renjie3/Documents/unlearnable/Unlearnable-Examples/logfile/35094741.log 
   StdErr=/mnt/home/renjie3/Documents/unlearnable/Unlearnable-Examples/logfile/35094742.err
   StdIn=/dev/null
   StdOut=/mnt/home/renjie3/Documents/unlearnable/Unlearnable-Examples/logfile/35094742.log
   Power=
   TresPerNode=gpu:v100:1
   NtasksPerTRES:0

