This save model after 150 epochs. Number of workers 2. Removed Normalization transform.
python3 ssl_perturbation_save_model.py --config_path configs/cifar10 --exp_name path/to/your/experiment/folder --version resnet18 --train_data_type CIFAR10 --noise_shape 10 3 32 32 --epsilon 8 --num_steps 1 --step_size 1.6 --attack_type min-min --perturb_type classwise --universal_train_target 'classwise' --train_step 10 --epochs 1000
check check
__name__ simclr
Files already downloaded and verified
Files already downloaded and verified
Files already downloaded and verified
Files already downloaded and verified
The whole epochs are 1000
5.819867532277844
5.319382770774291
5.287107413577051
5.283802130787643
5.28109668456402
5.277151078293004
5.2731173112220375
5.270781364637552
5.265886385416247
5.259453802993617
model saved at unlearnable_20211013213047_0.5_512_1000
5.256467435777802
5.254135839717904
5.251853815059072
5.250255633875267
5.249915796456878
5.2466438676893095
5.244676039390957
5.2424781347058484
5.24054600528835
5.238843790034658
model saved at unlearnable_20211013213047_0.5_512_1000
5.239683913201401
5.237133242420314
5.236569650394401
5.236104503120344
5.2350193004018255
5.234178970769508
5.236604228462141
5.232443254018567
5.2340989112854
5.230868600078465
model saved at unlearnable_20211013213047_0.5_512_1000
5.229937514078986
5.233364134719691
5.229901013915072
5.228886255283945
5.228766578988931
5.227639276956775
5.22592221092932
5.225576538400552
5.225178433447769
5.226470263962893
model saved at unlearnable_20211013213047_0.5_512_1000
5.224501762193503
5.223874544359974
5.22322582952755
5.223402254360238
5.221119320269713
5.2212902246062285
5.222215298524837
5.221140935248935
5.221759235736021
5.2209630749889255
model saved at unlearnable_20211013213047_0.5_512_1000
5.220131756104145
5.220655559264507
5.219937555568734
5.218416474529149
5.2189184267496325
5.2178678414256305
5.217885096048572
5.218274799818845
5.217138624682869
5.217335882875108
model saved at unlearnable_20211013213047_0.5_512_1000
5.2184064756963675
5.2157756667776205
5.21572143023776
5.215488197877235
5.216109329892188
5.214334773034165
5.215218145822742
5.214190719053917
5.21509999835614
5.215489967582152
model saved at unlearnable_20211013213047_0.5_512_1000
5.213122947928832
5.215841544043157
5.213901932706538
5.212404624703004
5.211860696065057
5.212106753870384
5.213245898177943
5.2117781835733
5.213546679191983
5.211029677046943
model saved at unlearnable_20211013213047_0.5_512_1000
5.210762780966218
5.212634971461346
5.210093045972057
5.211162645792224
5.2112255981288005
5.211335831081744
5.2093150640271375
5.2098835276574205
5.20915582991138
5.208547833039589
model saved at unlearnable_20211013213047_0.5_512_1000
5.209589201150481
5.208072126526194
5.209610275386535
5.208809316772776
5.210250859408035
5.2086717959531805
5.207742774609438
5.207964725101117
5.20761730253082
5.206783147202325
model saved at unlearnable_20211013213047_0.5_512_1000
5.207613930259783
5.20739211741182
5.2078256164629435
5.2070776998382255
5.206358929270322
5.2063454303544825
5.205973158177641
5.205556200951645
5.205310049745226
5.205216973098283
model saved at unlearnable_20211013213047_0.5_512_1000
5.205943879392958
5.205101902951899
5.207154691833811
5.20647967721998
5.206054967703278
5.206363210973051
5.205087873124585
5.204192667892299
5.205477832518902
5.20483110860451
model saved at unlearnable_20211013213047_0.5_512_1000
5.203462546633691
5.202650507700812
5.203897879295742
5.204162602572097
5.204927975369483
5.202406716100948
5.202202442995052
5.2030304141880315
5.204049080917516
5.203079621816419
model saved at unlearnable_20211013213047_0.5_512_1000
5.2034641246205755
5.2032762212851615
5.2020421912989665
5.201137400165047
5.203578388568053
5.205305664809709
5.201466108105846
5.201999349692433
5.201980074656379
5.202437218931532
model saved at unlearnable_20211013213047_0.5_512_1000
5.204673889986019
5.201631836055481
5.201679873712284
5.201759913533004
5.201038242615375
5.2013497008490805
5.200072740771107
JobId=35094963 JobName=SimCLR
   UserId=renjie3(6007166) GroupId=cse(2010) MCS_label=N/A
   Priority=19821 Nice=0 Account=general QOS=renjie3
   JobState=RUNNING Reason=None Dependency=(null)
   Requeue=1 Restarts=0 BatchFlag=1 Reboot=0 ExitCode=0:0
   RunTime=22:50:55 TimeLimit=6-16:00:00 TimeMin=N/A
   SubmitTime=2021-10-13T09:51:16 EligibleTime=2021-10-13T09:51:16
   AccrueTime=2021-10-13T09:51:16
   StartTime=2021-10-13T21:30:32 EndTime=2021-10-20T13:30:32 Deadline=N/A
   SuspendTime=None SecsPreSuspend=0 LastSchedEval=2021-10-13T21:30:31
   Partition=general-long-gpu AllocNode:Sid=dev-amd20-v100:79627
   ReqNodeList=(null) ExcNodeList=(null)
   NodeList=nvl-007
   BatchHost=nvl-007
   NumNodes=1 NumCPUs=2 NumTasks=1 CPUs/Task=2 ReqB:S:C:T=0:0:*:*
   TRES=cpu=2,mem=16G,node=1,billing=2490,gres/gpu=1
   Socks/Node=* NtasksPerN:B:S:C=0:0:*:* CoreSpec=*
   MinCPUsNode=2 MinMemoryCPU=8G MinTmpDiskNode=0
   Features=[intel14|intel16|intel18|amr|nvf] DelayBoot=00:00:00
   OverSubscribe=OK Contiguous=0 Licenses=(null) Network=(null)
   Command=/mnt/ufs18/home-145/renjie3/Documents/unlearnable/Unlearnable-Examples/submit.sb
   WorkDir=/mnt/ufs18/home-145/renjie3/Documents/unlearnable/Unlearnable-Examples
   Comment=stdout=/mnt/home/renjie3/Documents/unlearnable/Unlearnable-Examples/logfile/35094962.log 
   StdErr=/mnt/home/renjie3/Documents/unlearnable/Unlearnable-Examples/logfile/35094963.err
   StdIn=/dev/null
   StdOut=/mnt/home/renjie3/Documents/unlearnable/Unlearnable-Examples/logfile/35094963.log
   Power=
   TresPerNode=gpu:v100:1
   NtasksPerTRES:0

