This save model after 150 epochs. Number of workers 2. Removed Normalization transform.
python3 ssl_perturbation_save_model.py --config_path configs/cifar10 --exp_name path/to/your/experiment/folder --version resnet18 --train_data_type CIFAR10 --noise_shape 10 3 32 32 --epsilon 8 --num_steps 1 --step_size 2.4 --attack_type min-min --perturb_type classwise --universal_train_target 'classwise' --train_step 10 --epochs 151
check check
__name__ simclr
Files already downloaded and verified
Files already downloaded and verified
Files already downloaded and verified
Files already downloaded and verified
The whole epochs are 151
5.849804494798798
5.317506682012499
5.290165139227798
5.287131594628403
5.280746464876785
5.280175838273825
5.276439234153512
5.272282580739444
5.264620928420234
5.26171169084372
model saved at unlearnable_20211014133014_0.5_512_151
5.258374337068538
5.258734771885822
5.253716552380434
5.250625944629158
5.249403766750061
5.246249951038164
5.2438739206373075
5.2444026691397445
5.242370988904815
5.241629054865887
model saved at unlearnable_20211014133014_0.5_512_151
5.238800206135228
5.238866314445574
5.241843754483252
5.234906004876206
5.233508616378627
5.233193127150388
5.2324736781956
5.232535637531084
5.23116739509032
5.230685474946327
model saved at unlearnable_20211014133014_0.5_512_151
5.229862247545695
5.229417215917528
5.230414130024074
5.228426210659066
5.226977387654412
5.225370038415968
5.226069774824319
5.225175016934109
5.225527763366699
5.225204644743929
model saved at unlearnable_20211014133014_0.5_512_151
5.224788257756184
5.222948801886175
5.223279294279433
5.224316105400164
5.222777877886271
5.222304383504022
JobId=35095391 JobName=SimCLR
   UserId=renjie3(6007166) GroupId=cse(2010) MCS_label=N/A
   Priority=16233 Nice=0 Account=general QOS=renjie3
   JobState=RUNNING Reason=None Dependency=(null)
   Requeue=1 Restarts=0 BatchFlag=1 Reboot=0 ExitCode=0:0
   RunTime=07:03:51 TimeLimit=2-00:00:00 TimeMin=N/A
   SubmitTime=2021-10-13T09:54:19 EligibleTime=2021-10-13T09:54:19
   AccrueTime=2021-10-13T09:54:19
   StartTime=2021-10-14T13:29:47 EndTime=2021-10-16T13:29:47 Deadline=N/A
   SuspendTime=None SecsPreSuspend=0 LastSchedEval=2021-10-14T13:29:47
   Partition=general-long-gpu AllocNode:Sid=dev-amd20-v100:79627
   ReqNodeList=(null) ExcNodeList=(null)
   NodeList=nvl-005
   BatchHost=nvl-005
   NumNodes=1 NumCPUs=2 NumTasks=1 CPUs/Task=2 ReqB:S:C:T=0:0:*:*
   TRES=cpu=2,mem=16G,node=1,billing=2490,gres/gpu=1
   Socks/Node=* NtasksPerN:B:S:C=0:0:*:* CoreSpec=*
   MinCPUsNode=2 MinMemoryCPU=8G MinTmpDiskNode=0
   Features=[intel14|intel16|intel18|amr|nvf] DelayBoot=00:00:00
   OverSubscribe=OK Contiguous=0 Licenses=(null) Network=(null)
   Command=/mnt/ufs18/home-145/renjie3/Documents/unlearnable/Unlearnable-Examples/submit.sb
   WorkDir=/mnt/ufs18/home-145/renjie3/Documents/unlearnable/Unlearnable-Examples
   Comment=stdout=/mnt/home/renjie3/Documents/unlearnable/Unlearnable-Examples/logfile/35095391.log 
   StdErr=/mnt/home/renjie3/Documents/unlearnable/Unlearnable-Examples/logfile/35095391.err
   StdIn=/dev/null
   StdOut=/mnt/home/renjie3/Documents/unlearnable/Unlearnable-Examples/logfile/35095391.log
   Power=
   TresPerNode=gpu:v100:1
   NtasksPerTRES:0

