Differentiable augmentation first version.
python3 ssl_perturbation_save_model.py --config_path configs/cifar10 --exp_name path/to/your/experiment/folder --version resnet18 --train_data_type CIFAR10 --noise_shape 10 3 32 32 --epsilon 16 --num_steps 1 --step_size 3.2 --attack_type min-min --perturb_type classwise --universal_train_target 'classwise' --train_step 10 --epochs 151
check check
__name__ simclr
Files already downloaded and verified
Files already downloaded and verified
Files already downloaded and verified
Files already downloaded and verified
The whole epochs are 151
min_min_attack_simclr_return_loss_tensor: 6.88963508605957
min_min_attack_simclr_return_loss_tensor: 6.88160514831543
min_min_attack_simclr_return_loss_tensor: 6.872293472290039
min_min_attack_simclr_return_loss_tensor: 6.83876895904541
min_min_attack_simclr_return_loss_tensor: 6.877737045288086
min_min_attack_simclr_return_loss_tensor: 6.871851444244385
min_min_attack_simclr_return_loss_tensor: 6.875955104827881
min_min_attack_simclr_return_loss_tensor: 6.851728439331055
min_min_attack_simclr_return_loss_tensor: 6.929494857788086
min_min_attack_simclr_return_loss_tensor: 6.84748649597168
min_min_attack_simclr_return_loss_tensor: 6.871851444244385
min_min_attack_simclr_return_loss_tensor: 6.827935218811035
min_min_attack_simclr_return_loss_tensor: 6.88858699798584
min_min_attack_simclr_return_loss_tensor: 6.865675926208496
min_min_attack_simclr_return_loss_tensor: 6.905117034912109
min_min_attack_simclr_return_loss_tensor: 6.894433975219727
min_min_attack_simclr_return_loss_tensor: 6.883086204528809
min_min_attack_simclr_return_loss_tensor: 6.9153971672058105
min_min_attack_simclr_return_loss_tensor: 6.875247478485107
min_min_attack_simclr_return_loss_tensor: 6.905800819396973
min_min_attack_simclr_return_loss_tensor: 6.889171600341797
min_min_attack_simclr_return_loss_tensor: 6.851401329040527
min_min_attack_simclr_return_loss_tensor: 6.898968696594238
min_min_attack_simclr_return_loss_tensor: 6.9109697341918945
min_min_attack_simclr_return_loss_tensor: 6.8916778564453125
min_min_attack_simclr_return_loss_tensor: 6.8701276779174805
min_min_attack_simclr_return_loss_tensor: 6.892508506774902
min_min_attack_simclr_return_loss_tensor: 6.9463958740234375
min_min_attack_simclr_return_loss_tensor: 6.895294666290283
min_min_attack_simclr_return_loss_tensor: 6.913458347320557
min_min_attack_simclr_return_loss_tensor: 6.909794807434082
min_min_attack_simclr_return_loss_tensor: 6.915149688720703
min_min_attack_simclr_return_loss_tensor: 6.884090423583984
min_min_attack_simclr_return_loss_tensor: 6.893588066101074
min_min_attack_simclr_return_loss_tensor: 6.9161176681518555
min_min_attack_simclr_return_loss_tensor: 6.870758533477783
min_min_attack_simclr_return_loss_tensor: 6.87948751449585
min_min_attack_simclr_return_loss_tensor: 6.897420406341553
min_min_attack_simclr_return_loss_tensor: 6.932486534118652
min_min_attack_simclr_return_loss_tensor: 6.939553737640381
min_min_attack_simclr_return_loss_tensor: 6.904506206512451
min_min_attack_simclr_return_loss_tensor: 6.94493293762207
min_min_attack_simclr_return_loss_tensor: 6.945907115936279
min_min_attack_simclr_return_loss_tensor: 6.8908891677856445
min_min_attack_simclr_return_loss_tensor: 6.9407548904418945
min_min_attack_simclr_return_loss_tensor: 6.920529842376709
min_min_attack_simclr_return_loss_tensor: 6.926901817321777
min_min_attack_simclr_return_loss_tensor: 6.93651008605957
min_min_attack_simclr_return_loss_tensor: 6.915176868438721
min_min_attack_simclr_return_loss_tensor: 6.916823863983154
min_min_attack_simclr_return_loss_tensor: 6.940593242645264
min_min_attack_simclr_return_loss_tensor: 6.9036102294921875
min_min_attack_simclr_return_loss_tensor: 6.913891792297363
min_min_attack_simclr_return_loss_tensor: 6.893296241760254
min_min_attack_simclr_return_loss_tensor: 6.9109697341918945
min_min_attack_simclr_return_loss_tensor: 6.8738861083984375
min_min_attack_simclr_return_loss_tensor: 6.913155555725098
min_min_attack_simclr_return_loss_tensor: 6.905179500579834
min_min_attack_simclr_return_loss_tensor: 6.893804550170898
min_min_attack_simclr_return_loss_tensor: 6.912647724151611
min_min_attack_simclr_return_loss_tensor: 6.923418998718262
min_min_attack_simclr_return_loss_tensor: 6.915834426879883
min_min_attack_simclr_return_loss_tensor: 6.939459800720215
min_min_attack_simclr_return_loss_tensor: 6.930237293243408
min_min_attack_simclr_return_loss_tensor: 6.9092864990234375
min_min_attack_simclr_return_loss_tensor: 6.940511703491211
min_min_attack_simclr_return_loss_tensor: 6.96366024017334
min_min_attack_simclr_return_loss_tensor: 6.936246395111084
min_min_attack_simclr_return_loss_tensor: 6.926842212677002
min_min_attack_simclr_return_loss_tensor: 6.927436828613281
min_min_attack_simclr_return_loss_tensor: 6.927473545074463
min_min_attack_simclr_return_loss_tensor: 6.950240135192871
min_min_attack_simclr_return_loss_tensor: 6.894902229309082
min_min_attack_simclr_return_loss_tensor: 6.895456314086914
min_min_attack_simclr_return_loss_tensor: 6.905073165893555
min_min_attack_simclr_return_loss_tensor: 6.892382621765137
min_min_attack_simclr_return_loss_tensor: 6.926568984985352
min_min_attack_simclr_return_loss_tensor: 6.926234722137451
min_min_attack_simclr_return_loss_tensor: 6.938817024230957
min_min_attack_simclr_return_loss_tensor: 6.938690185546875
min_min_attack_simclr_return_loss_tensor: 6.921989440917969
min_min_attack_simclr_return_loss_tensor: 6.896732807159424
min_min_attack_simclr_return_loss_tensor: 6.905223846435547
min_min_attack_simclr_return_loss_tensor: 6.907351016998291
min_min_attack_simclr_return_loss_tensor: 6.9233880043029785
min_min_attack_simclr_return_loss_tensor: 6.877730846405029
min_min_attack_simclr_return_loss_tensor: 6.93017578125
min_min_attack_simclr_return_loss_tensor: 6.939384460449219
min_min_attack_simclr_return_loss_tensor: 6.941775321960449
min_min_attack_simclr_return_loss_tensor: 6.909467697143555
min_min_attack_simclr_return_loss_tensor: 6.93784236907959
min_min_attack_simclr_return_loss_tensor: 6.909544944763184
min_min_attack_simclr_return_loss_tensor: 6.956021785736084
min_min_attack_simclr_return_loss_tensor: 6.965327262878418
min_min_attack_simclr_return_loss_tensor: 6.904445648193359
min_min_attack_simclr_return_loss_tensor: 6.910784721374512
min_min_attack_simclr_return_loss_tensor: 6.93720817565918
min_min_attack_simclr_return_loss_tensor: 6.489149570465088
min_min_attack_simclr_return_loss_tensor: 6.709787845611572
min_min_attack_simclr_return_loss_tensor: 6.702592372894287
min_min_attack_simclr_return_loss_tensor: 6.643013000488281
min_min_attack_simclr_return_loss_tensor: 6.659062385559082
min_min_attack_simclr_return_loss_tensor: 6.709806442260742
min_min_attack_simclr_return_loss_tensor: 6.70688533782959
min_min_attack_simclr_return_loss_tensor: 6.664604187011719
min_min_attack_simclr_return_loss_tensor: 6.649003982543945
min_min_attack_simclr_return_loss_tensor: 6.6672210693359375
min_min_attack_simclr_return_loss_tensor: 6.6287665367126465
min_min_attack_simclr_return_loss_tensor: 6.693177223205566
min_min_attack_simclr_return_loss_tensor: 6.6685380935668945
min_min_attack_simclr_return_loss_tensor: 6.753932952880859
min_min_attack_simclr_return_loss_tensor: 6.659514427185059
min_min_attack_simclr_return_loss_tensor: 6.687295436859131
min_min_attack_simclr_return_loss_tensor: 6.644883155822754
min_min_attack_simclr_return_loss_tensor: 6.7023820877075195
min_min_attack_simclr_return_loss_tensor: 6.699911117553711
min_min_attack_simclr_return_loss_tensor: 6.685311317443848
min_min_attack_simclr_return_loss_tensor: 6.620279312133789
min_min_attack_simclr_return_loss_tensor: 6.671223163604736
min_min_attack_simclr_return_loss_tensor: 6.626093864440918
min_min_attack_simclr_return_loss_tensor: 6.7100725173950195
min_min_attack_simclr_return_loss_tensor: 6.671291351318359
min_min_attack_simclr_return_loss_tensor: 6.616189956665039
min_min_attack_simclr_return_loss_tensor: 6.617162227630615
min_min_attack_simclr_return_loss_tensor: 6.725331783294678
min_min_attack_simclr_return_loss_tensor: 6.652061462402344
min_min_attack_simclr_return_loss_tensor: 6.704414367675781
min_min_attack_simclr_return_loss_tensor: 6.67283821105957
min_min_attack_simclr_return_loss_tensor: 6.673971176147461
min_min_attack_simclr_return_loss_tensor: 6.633315086364746
min_min_attack_simclr_return_loss_tensor: 6.680429458618164
min_min_attack_simclr_return_loss_tensor: 6.643805503845215
min_min_attack_simclr_return_loss_tensor: 6.688948631286621
min_min_attack_simclr_return_loss_tensor: 6.5923357009887695
min_min_attack_simclr_return_loss_tensor: 6.63663911819458
min_min_attack_simclr_return_loss_tensor: 6.631989479064941
min_min_attack_simclr_return_loss_tensor: 6.624238014221191
min_min_attack_simclr_return_loss_tensor: 6.617033958435059
min_min_attack_simclr_return_loss_tensor: 6.692237854003906
min_min_attack_simclr_return_loss_tensor: 6.663853645324707
min_min_attack_simclr_return_loss_tensor: 6.628933429718018
min_min_attack_simclr_return_loss_tensor: 6.6731767654418945
min_min_attack_simclr_return_loss_tensor: 6.618160724639893
min_min_attack_simclr_return_loss_tensor: 6.6772027015686035
min_min_attack_simclr_return_loss_tensor: 6.711619853973389
min_min_attack_simclr_return_loss_tensor: 6.641574382781982
min_min_attack_simclr_return_loss_tensor: 6.619139194488525
min_min_attack_simclr_return_loss_tensor: 6.654850006103516
min_min_attack_simclr_return_loss_tensor: 6.612053871154785
min_min_attack_simclr_return_loss_tensor: 6.634130477905273
min_min_attack_simclr_return_loss_tensor: 6.610444068908691
min_min_attack_simclr_return_loss_tensor: 6.639050006866455
min_min_attack_simclr_return_loss_tensor: 6.626197814941406
min_min_attack_simclr_return_loss_tensor: 6.592846870422363
min_min_attack_simclr_return_loss_tensor: 6.622910499572754
min_min_attack_simclr_return_loss_tensor: 6.61442756652832
min_min_attack_simclr_return_loss_tensor: 6.627723693847656
min_min_attack_simclr_return_loss_tensor: 6.608288288116455
min_min_attack_simclr_return_loss_tensor: 6.59370756149292
min_min_attack_simclr_return_loss_tensor: 6.594642639160156
min_min_attack_simclr_return_loss_tensor: 6.6402587890625
min_min_attack_simclr_return_loss_tensor: 6.603855133056641
min_min_attack_simclr_return_loss_tensor: 6.64837646484375
min_min_attack_simclr_return_loss_tensor: 6.630195617675781
min_min_attack_simclr_return_loss_tensor: 6.5858073234558105
min_min_attack_simclr_return_loss_tensor: 6.604450225830078
min_min_attack_simclr_return_loss_tensor: 6.596999168395996
min_min_attack_simclr_return_loss_tensor: 6.610753059387207
min_min_attack_simclr_return_loss_tensor: 6.577422142028809
min_min_attack_simclr_return_loss_tensor: 6.571112155914307
min_min_attack_simclr_return_loss_tensor: 6.6284003257751465
min_min_attack_simclr_return_loss_tensor: 6.58243465423584
min_min_attack_simclr_return_loss_tensor: 6.609694957733154
min_min_attack_simclr_return_loss_tensor: 6.581723690032959
min_min_attack_simclr_return_loss_tensor: 6.592507839202881
min_min_attack_simclr_return_loss_tensor: 6.595990180969238
min_min_attack_simclr_return_loss_tensor: 6.5170207023620605
min_min_attack_simclr_return_loss_tensor: 6.557763576507568
min_min_attack_simclr_return_loss_tensor: 6.588580131530762
min_min_attack_simclr_return_loss_tensor: 6.606032848358154
min_min_attack_simclr_return_loss_tensor: 6.562024116516113
min_min_attack_simclr_return_loss_tensor: 6.56828498840332
min_min_attack_simclr_return_loss_tensor: 6.574495315551758
min_min_attack_simclr_return_loss_tensor: 6.583035469055176
min_min_attack_simclr_return_loss_tensor: 6.586856842041016
min_min_attack_simclr_return_loss_tensor: 6.5603203773498535
min_min_attack_simclr_return_loss_tensor: 6.550312042236328
min_min_attack_simclr_return_loss_tensor: 6.611871242523193
min_min_attack_simclr_return_loss_tensor: 6.523369789123535
min_min_attack_simclr_return_loss_tensor: 6.561395645141602
min_min_attack_simclr_return_loss_tensor: 6.591191291809082
min_min_attack_simclr_return_loss_tensor: 6.5923919677734375
min_min_attack_simclr_return_loss_tensor: 6.584936618804932
min_min_attack_simclr_return_loss_tensor: 6.6103105545043945
min_min_attack_simclr_return_loss_tensor: 6.555959701538086
min_min_attack_simclr_return_loss_tensor: 6.068089485168457
min_min_attack_simclr_return_loss_tensor: 6.606396198272705
min_min_attack_simclr_return_loss_tensor: 6.698017120361328
min_min_attack_simclr_return_loss_tensor: 6.612522125244141
min_min_attack_simclr_return_loss_tensor: 6.654344081878662
min_min_attack_simclr_return_loss_tensor: 6.658936500549316
min_min_attack_simclr_return_loss_tensor: 6.635634422302246
min_min_attack_simclr_return_loss_tensor: 6.604951858520508
min_min_attack_simclr_return_loss_tensor: 6.615481376647949
min_min_attack_simclr_return_loss_tensor: 6.5945329666137695
min_min_attack_simclr_return_loss_tensor: 6.607055187225342
min_min_attack_simclr_return_loss_tensor: 6.611770153045654
min_min_attack_simclr_return_loss_tensor: 6.59214973449707
min_min_attack_simclr_return_loss_tensor: 6.604982852935791
min_min_attack_simclr_return_loss_tensor: 6.6690144538879395
min_min_attack_simclr_return_loss_tensor: 6.583308696746826
min_min_attack_simclr_return_loss_tensor: 6.609996795654297
min_min_attack_simclr_return_loss_tensor: 6.594105243682861
min_min_attack_simclr_return_loss_tensor: 6.6432719230651855
min_min_attack_simclr_return_loss_tensor: 6.564640998840332
min_min_attack_simclr_return_loss_tensor: 6.583310127258301
min_min_attack_simclr_return_loss_tensor: 6.535888671875
min_min_attack_simclr_return_loss_tensor: 6.6228790283203125
min_min_attack_simclr_return_loss_tensor: 6.5791335105896
min_min_attack_simclr_return_loss_tensor: 6.56877326965332
min_min_attack_simclr_return_loss_tensor: 6.622873783111572
min_min_attack_simclr_return_loss_tensor: 6.5734639167785645
min_min_attack_simclr_return_loss_tensor: 6.565911769866943
min_min_attack_simclr_return_loss_tensor: 6.619818210601807
min_min_attack_simclr_return_loss_tensor: 6.701141834259033
min_min_attack_simclr_return_loss_tensor: 6.62411642074585
min_min_attack_simclr_return_loss_tensor: 6.615909576416016
min_min_attack_simclr_return_loss_tensor: 6.536786079406738
min_min_attack_simclr_return_loss_tensor: 6.67075252532959
min_min_attack_simclr_return_loss_tensor: 6.655481815338135
min_min_attack_simclr_return_loss_tensor: 6.532947540283203
min_min_attack_simclr_return_loss_tensor: 6.668888092041016
min_min_attack_simclr_return_loss_tensor: 6.5803704261779785
min_min_attack_simclr_return_loss_tensor: 6.626680374145508
min_min_attack_simclr_return_loss_tensor: 6.550985336303711
min_min_attack_simclr_return_loss_tensor: 6.628614902496338
min_min_attack_simclr_return_loss_tensor: 6.574263572692871
min_min_attack_simclr_return_loss_tensor: 6.614506721496582
min_min_attack_simclr_return_loss_tensor: 6.566865921020508
min_min_attack_simclr_return_loss_tensor: 6.586416244506836
min_min_attack_simclr_return_loss_tensor: 6.538811683654785
min_min_attack_simclr_return_loss_tensor: 6.66254186630249
min_min_attack_simclr_return_loss_tensor: 6.648261070251465
min_min_attack_simclr_return_loss_tensor: 6.612831115722656
min_min_attack_simclr_return_loss_tensor: 6.509525299072266
min_min_attack_simclr_return_loss_tensor: 6.637691497802734
min_min_attack_simclr_return_loss_tensor: 6.6017913818359375
min_min_attack_simclr_return_loss_tensor: 6.604740142822266
min_min_attack_simclr_return_loss_tensor: 6.556071758270264
min_min_attack_simclr_return_loss_tensor: 6.64217472076416
min_min_attack_simclr_return_loss_tensor: 6.542633056640625
min_min_attack_simclr_return_loss_tensor: 6.648799896240234
min_min_attack_simclr_return_loss_tensor: 6.572861194610596
min_min_attack_simclr_return_loss_tensor: 6.632560729980469
min_min_attack_simclr_return_loss_tensor: 6.609328269958496
min_min_attack_simclr_return_loss_tensor: 6.564434051513672
min_min_attack_simclr_return_loss_tensor: 6.61309814453125
min_min_attack_simclr_return_loss_tensor: 6.571645259857178
min_min_attack_simclr_return_loss_tensor: 6.56816291809082
min_min_attack_simclr_return_loss_tensor: 6.600985050201416
min_min_attack_simclr_return_loss_tensor: 6.642086505889893
min_min_attack_simclr_return_loss_tensor: 6.540342330932617
min_min_attack_simclr_return_loss_tensor: 6.614315986633301
min_min_attack_simclr_return_loss_tensor: 6.693264961242676
min_min_attack_simclr_return_loss_tensor: 6.62880277633667
min_min_attack_simclr_return_loss_tensor: 6.5999040603637695
min_min_attack_simclr_return_loss_tensor: 6.562633514404297
min_min_attack_simclr_return_loss_tensor: 6.551357269287109
min_min_attack_simclr_return_loss_tensor: 6.605729103088379
min_min_attack_simclr_return_loss_tensor: 6.559276580810547
min_min_attack_simclr_return_loss_tensor: 6.532597541809082
min_min_attack_simclr_return_loss_tensor: 6.530747413635254
min_min_attack_simclr_return_loss_tensor: 6.571198463439941
min_min_attack_simclr_return_loss_tensor: 6.622674942016602
min_min_attack_simclr_return_loss_tensor: 6.582760810852051
min_min_attack_simclr_return_loss_tensor: 6.491617202758789
min_min_attack_simclr_return_loss_tensor: 6.535784721374512
min_min_attack_simclr_return_loss_tensor: 6.605714321136475
min_min_attack_simclr_return_loss_tensor: 6.628413200378418
min_min_attack_simclr_return_loss_tensor: 6.611489295959473
min_min_attack_simclr_return_loss_tensor: 6.584620952606201
min_min_attack_simclr_return_loss_tensor: 6.5097856521606445
min_min_attack_simclr_return_loss_tensor: 6.589291572570801
min_min_attack_simclr_return_loss_tensor: 6.5594024658203125
min_min_attack_simclr_return_loss_tensor: 6.538278579711914
min_min_attack_simclr_return_loss_tensor: 6.573387145996094
min_min_attack_simclr_return_loss_tensor: 6.572897911071777
min_min_attack_simclr_return_loss_tensor: 6.501990795135498
min_min_attack_simclr_return_loss_tensor: 6.625693321228027
min_min_attack_simclr_return_loss_tensor: 6.520589351654053
min_min_attack_simclr_return_loss_tensor: 6.623752593994141
min_min_attack_simclr_return_loss_tensor: 6.577099323272705
min_min_attack_simclr_return_loss_tensor: 6.502699851989746
min_min_attack_simclr_return_loss_tensor: 6.122744560241699
