Train unlearnable simclr with differentiable data augmentation. Larger step 3.2
python3 ssl_perturbation_save_model.py --config_path configs/cifar10 --exp_name path/to/your/experiment/folder --version resnet18 --train_data_type CIFAR10 --noise_shape 10 3 32 32 --epsilon 8 --num_steps 1 --step_size 6 --attack_type min-min --perturb_type classwise --universal_train_target 'classwise' --train_step 10 --epochs 151 --no_save
check check
__name__ simclr
Files already downloaded and verified
Files already downloaded and verified
Files already downloaded and verified
Files already downloaded and verified
The whole epochs are 151
6.766066502050026
6.617916893713253
6.503761714266748
6.434669366816885
6.38217729391511
6.348640677855187
6.30523374400188
6.277669080753916
6.252822915303338
6.239548786399291
6.219866172554567
6.204284397597165
6.198315187827828
6.18608182730134
6.173970669815221
6.167929182347563
6.159631561987179
6.150404743312561
6.143265340746064
6.134081260445192
6.130565977588143
6.117870443875027
6.112913603635178
6.114760546340156
6.101819067886195
6.102869156709652
