Train unlearnable simclr with differentiable data augmentation. Larger step 3.2
python3 ssl_perturbation_save_model.py --config_path configs/cifar10 --exp_name path/to/your/experiment/folder --version resnet18 --train_data_type CIFAR10 --noise_shape 10 3 32 32 --epsilon 8 --num_steps 1 --step_size 6 --attack_type min-min --perturb_type classwise --universal_train_target 'classwise' --train_step 10 --epochs 151 --min_min_attack_fn eot_v1
check check
__name__ simclr
Files already downloaded and verified
Files already downloaded and verified
Files already downloaded and verified
Files already downloaded and verified
The whole epochs are 151
6.7631040750090605
6.623521386962576
6.521578980475357
6.4519942224640205
6.408054700831777
6.365761053930853
6.338610280420363
6.317557919885695
6.292210293799331
6.260916886870394
model saved at unlearnable_20211025005623_0.5_512_151
6.23768364522875
6.219166809750586
6.206563138470207
6.189873248031459
6.178287353712259
6.169778042232867
6.167500097727038
6.149669706206961
6.144507757167227
6.1326462263913495
model saved at unlearnable_20211025005623_0.5_512_151
6.124571908380568
6.123236946223938
6.116745363805712
6.109688070631519
6.105665192161639
6.093819623140945
6.089485433912769
6.081532227624323
6.024259631166753
5.9470242421651625
model saved at unlearnable_20211025005623_0.5_512_151
5.928689986160121
5.924890739401591
5.914563287164747
5.920590936523123
