New small dataset
python3 -u ssl_perturbation_save_model_random_noise.py --config_path configs/cifar10 --exp_name path/to/your/experiment/folder --version resnet18 --train_data_type CIFAR10 --noise_shape 4 3 32 32 --epsilon 8 --num_steps 5 --step_size 1.6 --attack_type min-min --perturb_type classwise --universal_train_target 'classwise' --train_step 10 --epochs 1000 --min_min_attack_fn non_eot --strong_aug --random_start
check check
__name__ simclr
Files already downloaded and verified
Files already downloaded and verified
Files already downloaded and verified
Files already downloaded and verified
tensor([[[[-4.4237e-03, -1.5790e-02, -4.7665e-03,  ..., -2.7760e-02,
           -2.0019e-02,  1.7095e-02],
          [-1.1644e-02,  1.1651e-02, -1.9883e-02,  ..., -9.2210e-03,
           -2.5882e-02,  2.5489e-02],
          [-5.4267e-03,  2.6652e-02, -6.6054e-03,  ...,  2.3299e-02,
            6.1172e-03,  1.1700e-02],
          ...,
          [-1.9744e-02,  2.0671e-02, -2.7492e-02,  ..., -2.7439e-02,
           -2.5764e-02,  1.7977e-02],
          [-1.9832e-02, -9.6852e-03,  1.0681e-02,  ..., -1.7773e-02,
            2.5496e-02,  1.8627e-02],
          [-2.4454e-02, -2.1043e-02, -1.5523e-02,  ...,  5.2596e-03,
            1.3700e-03, -2.9011e-03]],

         [[ 1.4779e-04,  2.9779e-02, -1.3772e-03,  ..., -2.0090e-02,
            2.9638e-02, -1.5830e-02],
          [-2.0048e-02,  6.9724e-03, -2.7810e-02,  ...,  2.7066e-02,
            6.6780e-03,  3.1050e-02],
          [ 8.3027e-03,  1.1537e-02,  1.2048e-02,  ...,  2.2314e-02,
           -2.5251e-02, -1.0501e-02],
          ...,
          [ 8.2690e-03,  2.0720e-02,  2.3109e-02,  ...,  2.9383e-02,
            1.1177e-02,  2.9341e-02],
          [ 1.4263e-02, -2.7854e-02, -1.2084e-02,  ...,  1.2132e-02,
            1.0936e-02, -1.1185e-02],
          [-4.1614e-03, -1.9846e-02,  6.3151e-03,  ...,  2.6583e-02,
            1.8164e-02,  2.1677e-02]],

         [[-1.3344e-02,  1.6748e-02, -1.1121e-02,  ..., -1.5071e-02,
           -1.0895e-02,  9.4778e-03],
          [-2.5460e-02,  2.0221e-02,  2.9546e-02,  ...,  1.8636e-02,
            2.2400e-02, -3.9261e-03],
          [ 2.2636e-02,  2.1319e-02, -4.4137e-03,  ..., -5.9802e-04,
            1.5898e-03, -9.1694e-03],
          ...,
          [-2.2297e-02, -1.7360e-02, -3.3192e-03,  ..., -7.8269e-03,
           -7.1704e-03, -2.7011e-02],
          [ 5.0145e-03,  8.2483e-03,  5.4534e-03,  ..., -1.3210e-02,
            3.1340e-02,  9.4319e-03],
          [-2.0587e-02, -2.9491e-02,  9.6042e-03,  ...,  2.6760e-03,
           -2.6550e-02,  1.0458e-03]]],


        [[[ 1.3119e-02, -1.9447e-02,  1.2676e-02,  ...,  2.6121e-02,
            1.9078e-02, -5.0092e-04],
          [-3.6085e-03, -2.4568e-02, -1.6851e-02,  ..., -1.7436e-02,
           -9.9673e-03,  3.0673e-02],
          [-2.1718e-02, -2.2798e-02,  6.9880e-03,  ..., -2.9370e-02,
            5.7245e-03, -2.2261e-02],
          ...,
          [ 7.1347e-03,  6.4902e-03, -2.9073e-02,  ...,  1.6501e-02,
            1.5514e-02,  7.5781e-03],
          [ 9.9950e-03,  4.8221e-04, -2.7785e-02,  ...,  2.2333e-02,
            2.5477e-02, -9.7133e-03],
          [-1.7306e-02, -2.9901e-02, -1.9156e-02,  ..., -2.2899e-02,
           -1.0533e-02, -2.5068e-02]],

         [[ 1.9481e-02, -1.0801e-02,  1.8867e-02,  ..., -2.1294e-02,
           -1.7733e-02, -4.6288e-03],
          [-2.1656e-02,  2.4738e-02, -2.4954e-02,  ..., -2.8365e-02,
            2.2581e-02,  2.5544e-02],
          [-2.0420e-02,  1.8515e-02,  2.3211e-02,  ..., -2.1878e-02,
            4.5437e-03, -2.4133e-02],
          ...,
          [-8.2466e-03,  3.3849e-03, -1.5575e-03,  ...,  1.0347e-02,
           -1.7518e-03,  1.2454e-02],
          [ 2.9071e-02,  2.8841e-02, -7.3848e-03,  ...,  1.4673e-02,
           -8.8356e-03, -2.1994e-02],
          [-1.2950e-02,  2.3006e-02,  3.6065e-04,  ...,  1.5084e-02,
            1.2886e-02,  3.0424e-02]],

         [[ 5.1693e-05,  2.0587e-02, -5.4025e-03,  ..., -1.4205e-02,
           -1.4270e-02,  3.9034e-03],
          [-1.8906e-02,  2.5321e-02,  1.7834e-02,  ...,  7.8352e-03,
            2.6589e-02, -3.0848e-02],
          [-1.8020e-02, -7.3819e-03, -1.8437e-02,  ..., -2.6058e-02,
           -1.8679e-03,  1.7409e-02],
          ...,
          [-2.0055e-02,  1.1898e-02,  4.6955e-03,  ..., -9.3651e-03,
            2.4778e-02,  2.7397e-02],
          [ 1.7403e-02,  2.9377e-02, -1.4928e-02,  ..., -5.2869e-03,
           -3.1306e-02,  6.4273e-03],
          [-1.3375e-02,  1.6787e-02, -1.8378e-02,  ...,  2.0059e-02,
            2.0126e-02, -9.9252e-03]]],


        [[[ 2.8408e-02, -2.5284e-02, -2.1253e-03,  ...,  7.5164e-03,
            2.5854e-02,  2.0205e-02],
          [-2.2280e-02,  1.0007e-02,  1.7966e-02,  ..., -3.0576e-02,
           -2.8092e-02, -4.0880e-04],
          [-1.1578e-02, -1.4910e-02, -3.1047e-02,  ...,  2.3911e-02,
            1.3122e-02, -2.5993e-02],
          ...,
          [-1.0877e-02,  1.2957e-02, -1.1889e-02,  ...,  3.4448e-03,
           -1.2234e-02,  1.4355e-02],
          [ 4.4136e-04,  2.2174e-02, -2.0054e-02,  ...,  3.0629e-02,
           -1.2423e-03, -8.7920e-03],
          [-2.8329e-02,  2.0694e-02, -3.5648e-03,  ...,  2.9090e-02,
           -3.0438e-02, -2.2558e-03]],

         [[ 3.8048e-03, -2.9966e-02, -1.8316e-02,  ...,  1.3510e-02,
            2.5784e-02, -1.8505e-02],
          [ 2.3771e-02,  2.5875e-02,  2.3558e-02,  ..., -1.6150e-02,
           -3.0992e-02,  2.6256e-03],
          [ 5.1736e-03,  3.0424e-02,  2.0788e-02,  ...,  2.7932e-02,
           -1.8753e-03,  6.1838e-04],
          ...,
          [ 1.8033e-02, -2.8653e-02,  2.2786e-02,  ...,  1.8615e-02,
            8.2702e-03, -9.8270e-03],
          [ 2.4608e-02, -5.7578e-03, -2.9595e-02,  ...,  1.2365e-02,
            2.5013e-02,  2.9012e-03],
          [ 2.8763e-02,  7.6132e-03,  2.6195e-03,  ..., -2.9782e-02,
           -2.8672e-02,  2.7473e-02]],

         [[ 2.1699e-02,  1.0596e-02,  5.6006e-03,  ..., -2.0982e-02,
           -1.5344e-03,  1.9318e-02],
          [-1.1181e-02, -3.0848e-02,  1.2424e-02,  ..., -4.0147e-03,
            2.8914e-02,  8.6771e-03],
          [-2.9853e-02,  2.4769e-02, -9.9939e-04,  ...,  1.7309e-03,
           -1.1041e-02,  2.1192e-02],
          ...,
          [-2.0563e-02, -2.6486e-02, -2.3905e-02,  ..., -1.7466e-02,
            3.0681e-02,  9.1180e-03],
          [ 9.4805e-04, -1.0528e-03, -1.5467e-02,  ..., -2.9948e-02,
            2.2435e-02, -1.4721e-02],
          [-8.7606e-03,  1.3027e-02, -3.0370e-02,  ...,  1.3888e-02,
            1.1480e-02,  2.6322e-02]]],


        [[[ 1.5316e-02,  6.1522e-03,  1.7166e-02,  ...,  9.8616e-04,
           -1.7451e-02,  1.5739e-02],
          [ 1.0097e-02,  1.7733e-02, -2.5526e-02,  ...,  1.1682e-02,
           -1.2908e-02,  5.4244e-03],
          [-2.5984e-02,  7.3055e-03,  7.8064e-03,  ..., -7.9137e-03,
           -1.5526e-02,  1.1708e-02],
          ...,
          [ 1.0366e-02,  2.0987e-02, -1.7101e-03,  ...,  1.8821e-02,
           -1.0758e-02, -1.4267e-02],
          [-2.5391e-03, -6.5211e-03, -6.4808e-03,  ..., -1.6213e-02,
           -1.3410e-02,  1.1721e-02],
          [-8.1523e-03, -2.7077e-02, -2.2322e-02,  ..., -4.3552e-03,
            2.5055e-02,  2.1179e-02]],

         [[-5.0940e-03,  2.7953e-02,  1.4907e-02,  ...,  1.8372e-02,
           -1.7666e-02,  9.7933e-03],
          [-2.0860e-03, -2.3128e-02, -1.1689e-04,  ...,  1.0574e-02,
           -4.0381e-03,  1.2155e-02],
          [ 1.2970e-02,  2.9177e-02, -1.7469e-02,  ..., -8.1952e-03,
            1.2497e-02, -1.6220e-02],
          ...,
          [ 2.4774e-02,  3.1852e-03, -3.0033e-02,  ..., -2.9690e-02,
            2.8425e-02, -1.6483e-02],
          [-3.8252e-04,  1.9286e-02,  1.6847e-02,  ..., -2.3256e-02,
            1.8572e-02,  1.1862e-03],
          [ 2.6478e-02, -2.0165e-03,  2.8684e-02,  ..., -3.0610e-04,
            3.0506e-02,  1.6052e-02]],

         [[ 5.4858e-03,  7.1856e-03, -2.2432e-02,  ...,  1.7688e-02,
            2.1768e-02, -2.0672e-02],
          [ 2.0456e-02,  1.9661e-02, -2.6850e-02,  ..., -2.7982e-02,
           -1.7340e-02,  1.7515e-02],
          [-9.3805e-03, -1.4625e-02,  2.3891e-02,  ..., -1.6484e-02,
           -1.0855e-02, -3.9641e-03],
          ...,
          [-1.6256e-02, -7.1503e-03, -9.5585e-03,  ...,  1.1147e-02,
            5.9985e-03, -2.1261e-02],
          [-2.2777e-02,  1.2017e-02,  1.0070e-02,  ...,  9.1784e-03,
            7.4775e-03,  2.8508e-02],
          [-6.3766e-03, -1.5709e-02, -7.8873e-03,  ...,  2.2966e-02,
           -1.4790e-02, -8.3092e-03]]]], device='cuda:0')
The whole epochs are 1000
6.973905324935913
6.864931344985962
6.861404895782471
6.824181318283081
6.840704679489136
6.820003271102905
6.837114572525024
6.81474757194519
6.841111660003662
6.810791969299316
model saved at unlearnable_20211031195807_0.5_512_1000
6.812677621841431
6.778440952301025
6.806572198867798
6.809534311294556
6.775158882141113
6.791320085525513
6.75815486907959
6.780120849609375
6.761886119842529
6.776947259902954
model saved at unlearnable_20211031195807_0.5_512_1000
6.7323853969573975
6.781737565994263
6.76314115524292
6.758991718292236
6.775839328765869
6.762051343917847
6.755120754241943
6.742182731628418
6.767247438430786
6.750024795532227
model saved at unlearnable_20211031195807_0.5_512_1000
6.747147083282471
6.713961601257324
6.71103310585022
6.725234508514404
6.7302632331848145
6.724066734313965
6.732973098754883
6.736958026885986
6.730280637741089
6.722307920455933
model saved at unlearnable_20211031195807_0.5_512_1000
6.703021049499512
6.726895809173584
6.741795063018799
6.70706844329834
6.753234624862671
6.687936544418335
6.710638761520386
6.694256782531738
6.674786567687988
6.665411472320557
model saved at unlearnable_20211031195807_0.5_512_1000
6.689784049987793
6.674070358276367
6.683681964874268
6.700232267379761
6.672199726104736
6.6343207359313965
6.635876178741455
6.717300891876221
6.683897018432617
6.656994581222534
model saved at unlearnable_20211031195807_0.5_512_1000
6.670440673828125
6.658741474151611
6.6728997230529785
6.632170915603638
6.653688907623291
6.605694770812988
6.623894214630127
6.603325843811035
6.583066463470459
6.656889915466309
model saved at unlearnable_20211031195807_0.5_512_1000
6.615522384643555
6.630018711090088
6.597825050354004
6.646912574768066
6.630022287368774
6.622470140457153
6.594358921051025
6.661623954772949
6.5976243019104
6.641635894775391
model saved at unlearnable_20211031195807_0.5_512_1000
6.6404712200164795
6.585765361785889
6.582625389099121
6.526346683502197
6.567897319793701
6.564594745635986
6.5590503215789795
6.520245313644409
6.55832314491272
6.590631723403931
model saved at unlearnable_20211031195807_0.5_512_1000
6.561978816986084
6.552722930908203
6.539297103881836
6.555141925811768
6.522038459777832
6.51486349105835
6.533552885055542
6.529353857040405
6.514060735702515
6.524767875671387
model saved at unlearnable_20211031195807_0.5_512_1000
6.515031576156616
6.535889148712158
6.514902830123901
6.5328285694122314
6.496124982833862
6.514592409133911
6.515925884246826
6.533932209014893
6.55715012550354
6.516406536102295
model saved at unlearnable_20211031195807_0.5_512_1000
6.553003787994385
6.486563444137573
6.48264217376709
6.496456861495972
6.514582395553589
6.535390853881836
6.509341239929199
6.484509706497192
6.526705503463745
6.465840816497803
model saved at unlearnable_20211031195807_0.5_512_1000
6.450319766998291
6.499820947647095
6.552009582519531
6.495571136474609
6.505637168884277
6.492929458618164
6.449923515319824
6.459249496459961
6.475505352020264
6.418512344360352
model saved at unlearnable_20211031195807_0.5_512_1000
6.459762811660767
6.461485147476196
6.43185830116272
6.471190452575684
6.423668622970581
6.448493480682373
6.507081747055054
6.514260530471802
6.440248489379883
6.455550909042358
model saved at unlearnable_20211031195807_0.5_512_1000
6.4112865924835205
6.474668025970459
6.447878360748291
6.441427707672119
6.455941438674927
6.434579610824585
6.445768594741821
6.406505107879639
6.387588262557983
6.444004774093628
model saved at unlearnable_20211031195807_0.5_512_1000
6.429789304733276
6.473459959030151
6.427043914794922
6.45031213760376
6.43979024887085
6.433065891265869
6.436068534851074
6.460076808929443
6.426491737365723
6.384462594985962
model saved at unlearnable_20211031195807_0.5_512_1000
6.429356336593628
6.396535873413086
6.41743803024292
6.386290073394775
6.391258001327515
6.384272336959839
6.384368896484375
6.366392135620117
6.397512435913086
6.3676159381866455
model saved at unlearnable_20211031195807_0.5_512_1000
6.384959697723389
6.366856813430786
6.394312381744385
6.384420156478882
6.394484758377075
6.416388273239136
6.3499414920806885
6.350639343261719
6.393652439117432
6.37595009803772
model saved at unlearnable_20211031195807_0.5_512_1000
6.358999967575073
6.3563666343688965
6.382837295532227
6.360222578048706
6.357811689376831
6.341359853744507
6.38053822517395
6.354496002197266
6.338669061660767
6.379729986190796
model saved at unlearnable_20211031195807_0.5_512_1000
6.3925089836120605
6.350978136062622
6.355066299438477
6.37738037109375
6.352222919464111
6.367557764053345
6.35761570930481
6.353386163711548
6.365174770355225
6.3389341831207275
model saved at unlearnable_20211031195807_0.5_512_1000
6.302852630615234
6.325339078903198
6.314786911010742
6.333725690841675
6.320486307144165
6.343059301376343
6.374241352081299
6.338019132614136
6.355588674545288
6.313034296035767
model saved at unlearnable_20211031195807_0.5_512_1000
6.322529315948486
6.324676513671875
6.2952721118927
6.3449387550354
6.306560277938843
6.361806154251099
6.324053764343262
6.297909498214722
6.350667476654053
6.294004678726196
model saved at unlearnable_20211031195807_0.5_512_1000
6.298408031463623
6.324044227600098
6.313846826553345
6.321172475814819
6.3001298904418945
6.311010837554932
6.33894681930542
6.303369522094727
6.33336877822876
6.3340373039245605
model saved at unlearnable_20211031195807_0.5_512_1000
6.289256572723389
6.335535526275635
6.29900860786438
6.284404516220093
6.3520379066467285
6.302103281021118
6.305965423583984
6.30771017074585
6.276504993438721
6.329012393951416
model saved at unlearnable_20211031195807_0.5_512_1000
6.297011852264404
6.315518856048584
6.307912826538086
6.279695272445679
6.288908958435059
6.278571844100952
6.3236083984375
6.344586133956909
6.346173524856567
6.286107540130615
model saved at unlearnable_20211031195807_0.5_512_1000
6.274126052856445
6.291118860244751
6.297913074493408
6.2514142990112305
6.322032690048218
6.278021812438965
6.262830495834351
6.290108919143677
6.306267023086548
6.276315689086914
model saved at unlearnable_20211031195807_0.5_512_1000
6.276229381561279
6.223978042602539
6.303385019302368
6.291657209396362
6.2652058601379395
6.251614093780518
6.257715225219727
6.286091566085815
6.265949249267578
6.278614044189453
model saved at unlearnable_20211031195807_0.5_512_1000
6.288233757019043
6.2463366985321045
6.339794397354126
6.225361108779907
6.2842652797698975
6.273922920227051
6.275673151016235
6.216452121734619
6.240344047546387
6.259409427642822
model saved at unlearnable_20211031195807_0.5_512_1000
6.264290809631348
6.296965837478638
6.283566236495972
6.2594475746154785
6.272873878479004
6.268871784210205
6.265258312225342
6.221029996871948
6.256352663040161
6.247023344039917
model saved at unlearnable_20211031195807_0.5_512_1000
6.280835390090942
6.277481555938721
6.248078107833862
6.219113826751709
6.234888553619385
6.257751941680908
6.265545606613159
6.253406524658203
6.2383646965026855
6.261634826660156
model saved at unlearnable_20211031195807_0.5_512_1000
6.235663414001465
6.2432332038879395
6.241346120834351
6.2753989696502686
6.254271507263184
6.259563446044922
6.217125415802002
6.2470703125
6.208311080932617
6.281979084014893
model saved at unlearnable_20211031195807_0.5_512_1000
6.224727153778076
6.165399074554443
6.228632926940918
6.219495534896851
6.204197406768799
6.216134548187256
6.224154949188232
6.257266044616699
6.2553534507751465
6.254671812057495
model saved at unlearnable_20211031195807_0.5_512_1000
6.26253604888916
6.238887548446655
6.241228818893433
6.211776256561279
6.235511779785156
6.200073957443237
6.260339260101318
6.221432447433472
6.232298851013184
6.226000070571899
model saved at unlearnable_20211031195807_0.5_512_1000
6.253775119781494
6.18864893913269
6.252028942108154
6.223499774932861
6.234108209609985
6.198935270309448
6.244412899017334
6.187676906585693
6.204880952835083
6.223684310913086
model saved at unlearnable_20211031195807_0.5_512_1000
6.205907344818115
6.2236456871032715
6.2113378047943115
6.216135501861572
6.165283918380737
6.2116594314575195
6.221268653869629
6.185104846954346
6.202389717102051
6.195507049560547
model saved at unlearnable_20211031195807_0.5_512_1000
6.170010089874268
6.159484386444092
6.221573829650879
6.182013750076294
6.195083856582642
6.204977750778198
6.163715124130249
6.188800811767578
6.249061822891235
6.208496809005737
model saved at unlearnable_20211031195807_0.5_512_1000
6.211728096008301
6.178048133850098
6.1835479736328125
6.209165811538696
6.18996262550354
6.219976902008057
6.20475959777832
6.240901947021484
6.2126312255859375
6.187228202819824
model saved at unlearnable_20211031195807_0.5_512_1000
6.2074973583221436
6.204366445541382
6.205265998840332
6.200708389282227
6.185100317001343
6.216838121414185
6.185497999191284
6.168497085571289
6.202590227127075
6.203052282333374
model saved at unlearnable_20211031195807_0.5_512_1000
6.223504066467285
6.174187183380127
6.172469615936279
6.183236122131348
6.256545305252075
6.178829193115234
6.170146226882935
6.182618618011475
6.20324444770813
6.196414947509766
model saved at unlearnable_20211031195807_0.5_512_1000
6.174296140670776
6.1916587352752686
6.193235874176025
6.185790538787842
6.141165733337402
6.153192758560181
6.2033796310424805
6.193227767944336
6.198170185089111
6.184009313583374
model saved at unlearnable_20211031195807_0.5_512_1000
6.176532506942749
6.1760828495025635
6.194195032119751
6.166211128234863
6.158596754074097
6.173097133636475
6.170923471450806
6.17345666885376
6.185894727706909
6.168236255645752
model saved at unlearnable_20211031195807_0.5_512_1000
6.153106212615967
6.195127725601196
6.168128490447998
6.143223762512207
6.206523895263672
6.160739898681641
6.1423211097717285
6.183675765991211
6.13653039932251
6.19858455657959
model saved at unlearnable_20211031195807_0.5_512_1000
6.143805265426636
6.1533894538879395
6.154714822769165
6.143143653869629
6.176023960113525
6.152473449707031
6.141244173049927
6.1363818645477295
6.170806407928467
6.15821385383606
model saved at unlearnable_20211031195807_0.5_512_1000
6.209227561950684
6.193046808242798
6.16879940032959
6.212926149368286
6.167957782745361
6.168099403381348
6.164944648742676
6.172469615936279
6.135102033615112
6.189310073852539
model saved at unlearnable_20211031195807_0.5_512_1000
6.148674964904785
6.144028902053833
6.173537969589233
6.136714458465576
6.166834831237793
6.165088176727295
6.143832445144653
6.168897390365601
6.16514253616333
6.174948453903198
model saved at unlearnable_20211031195807_0.5_512_1000
6.135525226593018
6.180193901062012
6.1602253913879395
6.151456832885742
6.218964099884033
6.128285646438599
6.1431884765625
6.171932220458984
6.128889560699463
6.196196794509888
model saved at unlearnable_20211031195807_0.5_512_1000
6.140607595443726
6.181324005126953
6.155033111572266
6.156906604766846
6.178276062011719
6.1372456550598145
6.1659204959869385
6.154695272445679
6.13581395149231
6.1649169921875
model saved at unlearnable_20211031195807_0.5_512_1000
6.124917030334473
6.141812801361084
6.156635761260986
6.129929542541504
6.169318675994873
6.111627101898193
6.18747353553772
6.152612686157227
6.151810646057129
6.157900094985962
model saved at unlearnable_20211031195807_0.5_512_1000
6.140458106994629
6.158605337142944
6.133464097976685
6.112864971160889
6.1415040493011475
6.1546080112457275
6.1377997398376465
6.114272117614746
6.1423046588897705
6.1334874629974365
model saved at unlearnable_20211031195807_0.5_512_1000
6.127553462982178
6.100506067276001
6.127629041671753
6.162465810775757
6.1166815757751465
6.167409181594849
6.1671342849731445
6.1158270835876465
6.146604776382446
6.154479503631592
model saved at unlearnable_20211031195807_0.5_512_1000
6.136264801025391
6.1360108852386475
6.1260223388671875
6.135050058364868
6.113876819610596
6.135815143585205
6.105825185775757
6.159627437591553
6.146281003952026
6.144937753677368
model saved at unlearnable_20211031195807_0.5_512_1000
6.1685569286346436
6.13194727897644
6.135818243026733
6.134506464004517
6.14962100982666
6.131048202514648
6.100367784500122
6.142303943634033
6.132329940795898
6.1292338371276855
model saved at unlearnable_20211031195807_0.5_512_1000
6.131281614303589
6.164159774780273
6.12665319442749
6.10370397567749
6.102966785430908
6.13650918006897
6.106734991073608
6.091342926025391
6.0854270458221436
6.0922627449035645
model saved at unlearnable_20211031195807_0.5_512_1000
6.130159854888916
6.121626138687134
6.122937202453613
6.099650621414185
6.1248064041137695
6.0720720291137695
6.117417335510254
6.1305015087127686
6.082543849945068
6.129498243331909
model saved at unlearnable_20211031195807_0.5_512_1000
6.085961580276489
6.085772275924683
6.142818927764893
6.120048999786377
6.110349655151367
6.102851629257202
6.114339590072632
6.098935604095459
6.097722291946411
6.130789756774902
model saved at unlearnable_20211031195807_0.5_512_1000
6.127758741378784
6.082040071487427
6.077324390411377
6.103435277938843
6.107162237167358
6.100660085678101
6.104520320892334
6.098625183105469
6.0926549434661865
6.1129069328308105
model saved at unlearnable_20211031195807_0.5_512_1000
6.072471857070923
6.06631326675415
6.114688158035278
6.128069162368774
6.132135629653931
6.076533555984497
6.124057054519653
6.104973793029785
6.090892314910889
6.061445713043213
model saved at unlearnable_20211031195807_0.5_512_1000
6.081020832061768
6.120925664901733
6.096219301223755
6.095765590667725
6.076807260513306
6.098051071166992
6.096494913101196
6.089275598526001
6.097625017166138
6.139246940612793
model saved at unlearnable_20211031195807_0.5_512_1000
6.090097665786743
6.116334438323975
6.121021270751953
6.0869460105896
6.067552804946899
6.11702823638916
6.097092390060425
6.065877437591553
6.0720953941345215
6.089645862579346
model saved at unlearnable_20211031195807_0.5_512_1000
6.105913400650024
6.074878215789795
6.141943454742432
6.082134962081909
6.109901189804077
6.101838111877441
6.108959674835205
6.10770583152771
6.1222639083862305
6.064783811569214
model saved at unlearnable_20211031195807_0.5_512_1000
6.140971660614014
6.08230447769165
6.086483001708984
6.0958411693573
6.13253116607666
6.073680639266968
6.0782694816589355
6.148800373077393
6.089483976364136
6.100250959396362
model saved at unlearnable_20211031195807_0.5_512_1000
6.084272623062134
6.0490570068359375
6.083149671554565
6.0789549350738525
6.092342853546143
6.102197647094727
6.069829702377319
6.062275171279907
6.054375171661377
6.104292154312134
model saved at unlearnable_20211031195807_0.5_512_1000
6.044325828552246
6.075078725814819
6.065033912658691
6.09132719039917
6.077861547470093
6.0912697315216064
6.103789806365967
6.085647344589233
6.047367572784424
6.0739426612854
model saved at unlearnable_20211031195807_0.5_512_1000
6.107219457626343
6.077506065368652
6.086413621902466
6.084348201751709
6.046666145324707
6.099087953567505
6.124565601348877
6.053699493408203
6.068516492843628
6.059918642044067
model saved at unlearnable_20211031195807_0.5_512_1000
6.072556018829346
6.043868541717529
6.091003894805908
6.093223333358765
6.0595879554748535
6.042438507080078
6.079042911529541
6.044135570526123
6.085795879364014
6.0666584968566895
model saved at unlearnable_20211031195807_0.5_512_1000
6.07113242149353
6.103219032287598
6.0762038230896
6.09276556968689
6.090851545333862
6.0809361934661865
6.0765745639801025
6.061323642730713
6.110940456390381
6.07305908203125
model saved at unlearnable_20211031195807_0.5_512_1000
6.05765438079834
6.075451612472534
6.092736721038818
6.083155155181885
6.107176780700684
6.0500922203063965
6.041600704193115
6.031822919845581
6.081739902496338
6.080072641372681
model saved at unlearnable_20211031195807_0.5_512_1000
6.076361656188965
6.043760538101196
6.049186944961548
6.075239658355713
6.076354026794434
6.094625949859619
6.079783916473389
6.064208030700684
6.056370735168457
6.058696746826172
model saved at unlearnable_20211031195807_0.5_512_1000
6.0448157787323
6.068458557128906
6.098402261734009
6.075327396392822
6.083060264587402
6.084231376647949
6.050042152404785
6.098825454711914
6.027958393096924
6.059780836105347
model saved at unlearnable_20211031195807_0.5_512_1000
6.073669672012329
6.061864614486694
6.081186056137085
6.0746729373931885
6.059943914413452
6.074964761734009
6.058971643447876
6.034620046615601
6.077473402023315
6.06530499458313
model saved at unlearnable_20211031195807_0.5_512_1000
6.063711643218994
6.094570636749268
6.053091049194336
6.037551641464233
6.0518200397491455
6.031278371810913
6.043251991271973
6.026689529418945
6.0487000942230225
6.065585613250732
model saved at unlearnable_20211031195807_0.5_512_1000
6.053121328353882
6.086431503295898
6.035894393920898
6.061426162719727
6.078827857971191
6.066049575805664
6.05122184753418
6.0355024337768555
6.018815755844116
6.041365385055542
model saved at unlearnable_20211031195807_0.5_512_1000
6.070740222930908
6.081885814666748
6.048311233520508
6.071417331695557
6.059089183807373
6.0667266845703125
6.003948211669922
6.05720591545105
6.064519166946411
6.034948825836182
model saved at unlearnable_20211031195807_0.5_512_1000
5.99352502822876
6.0181684494018555
6.048062801361084
6.024637699127197
6.038837432861328
6.001638412475586
6.05784273147583
6.041039228439331
6.043767690658569
6.035829067230225
model saved at unlearnable_20211031195807_0.5_512_1000
6.038867950439453
6.069280624389648
6.002995014190674
6.033100605010986
6.040577411651611
6.044409275054932
6.016470670700073
6.038937568664551
6.0779383182525635
6.055457830429077
model saved at unlearnable_20211031195807_0.5_512_1000
6.022990703582764
6.050759553909302
6.032056570053101
6.0188844203948975
6.034681558609009
6.063894987106323
6.076388597488403
6.042696475982666
6.033538103103638
6.018218994140625
model saved at unlearnable_20211031195807_0.5_512_1000
6.042215347290039
6.023123502731323
6.0312395095825195
6.036763906478882
6.042717933654785
6.0511860847473145
6.0348639488220215
6.047328472137451
6.030248165130615
6.03790283203125
model saved at unlearnable_20211031195807_0.5_512_1000
6.045465707778931
6.051462650299072
6.055337905883789
6.032634019851685
6.009974956512451
6.075782060623169
6.025687217712402
6.02809476852417
6.0233612060546875
6.0510573387146
model saved at unlearnable_20211031195807_0.5_512_1000
6.042649269104004
6.013680458068848
6.0392844676971436
6.051143169403076
6.014944791793823
6.062727689743042
6.035987138748169
6.037089824676514
6.031244277954102
6.002882719039917
model saved at unlearnable_20211031195807_0.5_512_1000
6.039790153503418
6.0579962730407715
6.0731611251831055
6.046964406967163
6.048885822296143
6.021247625350952
6.042569160461426
6.020601272583008
6.0326831340789795
5.9958860874176025
model saved at unlearnable_20211031195807_0.5_512_1000
6.002958059310913
6.03773832321167
6.021242141723633
6.023078441619873
6.029132604598999
6.021866321563721
6.024329423904419
6.044893980026245
6.008684873580933
6.01720929145813
model saved at unlearnable_20211031195807_0.5_512_1000
6.042162895202637
6.035038471221924
6.02924919128418
6.010784387588501
6.03853702545166
6.0065062046051025
6.073320150375366
6.038024425506592
6.025891065597534
6.027708292007446
model saved at unlearnable_20211031195807_0.5_512_1000
6.073193788528442
5.999971866607666
6.046737909317017
6.034722328186035
6.014986276626587
6.0174970626831055
6.06119966506958
6.0146801471710205
6.029973745346069
6.030735015869141
model saved at unlearnable_20211031195807_0.5_512_1000
6.036825895309448
6.002002716064453
6.032541751861572
6.0304718017578125
6.025060415267944
6.016362190246582
6.050415515899658
5.9624810218811035
6.025592565536499
5.999579668045044
model saved at unlearnable_20211031195807_0.5_512_1000
6.001046180725098
6.0293824672698975
6.017608642578125
6.023711204528809
6.022953748703003
6.021249771118164
6.003064155578613
6.020299673080444
5.989591360092163
6.03515887260437
model saved at unlearnable_20211031195807_0.5_512_1000
6.030120611190796
5.991156816482544
6.002043008804321
6.036967754364014
6.012753963470459
5.994300127029419
5.986441135406494
5.989073753356934
6.013050317764282
6.055037021636963
model saved at unlearnable_20211031195807_0.5_512_1000
5.978646993637085
5.995437145233154
5.998057842254639
6.020436525344849
5.967039585113525
6.020528554916382
6.053573131561279
6.01935076713562
6.012687921524048
6.055018186569214
model saved at unlearnable_20211031195807_0.5_512_1000
5.986065864562988
6.030434608459473
6.0371012687683105
6.004718780517578
6.042891025543213
6.009563684463501
6.00988245010376
6.01519513130188
6.012312412261963
6.00225567817688
model saved at unlearnable_20211031195807_0.5_512_1000
6.029242992401123
6.018355131149292
5.991920471191406
6.008185386657715
6.012121677398682
6.0343263149261475
6.011468887329102
5.968872547149658
6.031313896179199
5.992607355117798
model saved at unlearnable_20211031195807_0.5_512_1000
6.014597415924072
6.034268617630005
6.0322558879852295
6.008520841598511
6.0220606327056885
6.0390849113464355
6.017427444458008
6.04461145401001
6.015971422195435
5.998109340667725
model saved at unlearnable_20211031195807_0.5_512_1000
6.000930070877075
5.995265960693359
6.029948711395264
6.034116744995117
6.003477096557617
6.023451805114746
6.022791385650635
6.044286727905273
6.018267631530762
6.013741493225098
model saved at unlearnable_20211031195807_0.5_512_1000
6.006745100021362
6.010327577590942
5.995644569396973
6.039818286895752
6.006821155548096
6.02686333656311
5.994984149932861
6.009359836578369
6.00327730178833
5.973240375518799
model saved at unlearnable_20211031195807_0.5_512_1000
5.971405506134033
6.009628057479858
5.994028806686401
5.981741428375244
5.97631573677063
6.016196966171265
6.023918390274048
6.030074119567871
6.008061170578003
5.99488091468811
model saved at unlearnable_20211031195807_0.5_512_1000
5.990843296051025
6.023083686828613
6.020386695861816
6.013131380081177
5.997984886169434
6.012857437133789
6.013941764831543
6.009412050247192
5.996349811553955
6.002789258956909
model saved at unlearnable_20211031195807_0.5_512_1000
5.954912900924683
5.997387170791626
6.000223159790039
5.990689277648926
6.00192666053772
5.994750738143921
6.019546747207642
6.001464366912842
5.958768606185913
6.003953218460083
model saved at unlearnable_20211031195807_0.5_512_1000
5.9737548828125
6.010315656661987
6.01665186882019
6.0029473304748535
5.951455116271973
6.034634113311768
6.0428595542907715
6.016817092895508
6.014907598495483
5.9953696727752686
model saved at unlearnable_20211031195807_0.5_512_1000
6.01862645149231
5.962249755859375
5.962327718734741
5.963220119476318
5.970592498779297
6.036915063858032
5.998950242996216
5.986377716064453
5.990823030471802
5.99014949798584
model saved at unlearnable_20211031195807_0.5_512_1000
6.0384111404418945
6.0405964851379395
5.989660263061523
6.018862724304199
5.994482040405273
6.007339715957642
6.043823719024658
5.988037586212158
6.003105163574219
5.972026109695435
model saved at unlearnable_20211031195807_0.5_512_1000
5.948206424713135
5.995881795883179
6.028057098388672
5.9710166454315186
5.963088512420654
6.005533695220947
5.971037864685059
6.001565217971802
6.022335052490234
6.008774518966675
model saved at unlearnable_20211031195807_0.5_512_1000
5.996236801147461
6.021915912628174
6.00296950340271
6.012326955795288
5.989469766616821
6.010558843612671
5.999020099639893
5.958291530609131
5.9833972454071045
5.986799478530884
model saved at unlearnable_20211031195807_0.5_512_1000
JobId=36120909 JobName=SimCLR
   UserId=renjie3(6007166) GroupId=cse(2010) MCS_label=N/A
   Priority=23884 Nice=0 Account=cmse QOS=normal
   JobState=RUNNING Reason=None Dependency=(null)
   Requeue=1 Restarts=0 BatchFlag=1 Reboot=0 ExitCode=0:0
   RunTime=00:46:32 TimeLimit=05:00:00 TimeMin=N/A
   SubmitTime=2021-10-31T19:41:04 EligibleTime=2021-10-31T19:41:04
   AccrueTime=2021-10-31T19:41:04
   StartTime=2021-10-31T19:57:40 EndTime=2021-11-01T00:57:40 Deadline=N/A
   SuspendTime=None SecsPreSuspend=0 LastSchedEval=2021-10-31T19:57:40
   Partition=cmse-gpu AllocNode:Sid=dev-amd20-v100:102980
   ReqNodeList=nvl-001 ExcNodeList=(null)
   NodeList=nvl-001
   BatchHost=nvl-001
   NumNodes=1 NumCPUs=2 NumTasks=1 CPUs/Task=2 ReqB:S:C:T=0:0:*:*
   TRES=cpu=2,mem=16G,node=1,billing=2490,gres/gpu=1
   Socks/Node=* NtasksPerN:B:S:C=0:0:*:* CoreSpec=*
   MinCPUsNode=2 MinMemoryCPU=8G MinTmpDiskNode=0
   Features=[intel14|intel16|intel18|amr|nvf] DelayBoot=00:00:00
   OverSubscribe=OK Contiguous=0 Licenses=(null) Network=(null)
   Command=/mnt/ufs18/home-145/renjie3/Documents/unlearnable/Unlearnable-Examples/submit.sb
   WorkDir=/mnt/ufs18/home-145/renjie3/Documents/unlearnable/Unlearnable-Examples
   Comment=stdout=/mnt/home/renjie3/Documents/unlearnable/Unlearnable-Examples/logfile/36120909.log 
   StdErr=/mnt/home/renjie3/Documents/unlearnable/Unlearnable-Examples/logfile/36120909.err
   StdIn=/dev/null
   StdOut=/mnt/home/renjie3/Documents/unlearnable/Unlearnable-Examples/logfile/36120909.log
   Power=
   TresPerNode=gpu:1
   NtasksPerTRES:0

