New small dataset
python3 -u ssl_perturbation_save_model.py --config_path configs/cifar10 --exp_name path/to/your/experiment/folder --version resnet18 --train_data_type CIFAR10 --noise_shape 4 3 32 32 --epsilon 16 --num_steps 5 --step_size 3.2 --attack_type min-min --perturb_type classwise --universal_train_target 'classwise' --train_step 10 --epochs 1000 --min_min_attack_fn non_eot --strong_aug --random_start --org_label_noise --job_id 36163161
check check
__name__ simclr
Files already downloaded and verified
Files already downloaded and verified
Files already downloaded and verified
Files already downloaded and verified
The whole epochs are 1000

min_min_attack_simclr_return_loss_tensor: 6.92494010925293
min_min_attack_simclr_return_loss_tensor: 6.921667098999023
min_min_attack_simclr_return_loss_tensor: 6.9249114990234375
min_min_attack_simclr_return_loss_tensor: 6.931958198547363
min_min_attack_simclr_return_loss_tensor: 6.924716472625732

min_min_attack_simclr_return_loss_tensor: 6.92152214050293
min_min_attack_simclr_return_loss_tensor: 6.925827980041504
min_min_attack_simclr_return_loss_tensor: 6.92041540145874
min_min_attack_simclr_return_loss_tensor: 6.9225311279296875
min_min_attack_simclr_return_loss_tensor: 6.9195709228515625
6.9505615234375

min_min_attack_simclr_return_loss_tensor: 6.923740386962891
min_min_attack_simclr_return_loss_tensor: 6.921021938323975
min_min_attack_simclr_return_loss_tensor: 6.914849281311035
min_min_attack_simclr_return_loss_tensor: 6.922937393188477
min_min_attack_simclr_return_loss_tensor: 6.919175148010254

min_min_attack_simclr_return_loss_tensor: 6.921656608581543
min_min_attack_simclr_return_loss_tensor: 6.9220685958862305
min_min_attack_simclr_return_loss_tensor: 6.9250898361206055
min_min_attack_simclr_return_loss_tensor: 6.92138671875
min_min_attack_simclr_return_loss_tensor: 6.92060661315918
6.880911588668823

min_min_attack_simclr_return_loss_tensor: 6.918098449707031
min_min_attack_simclr_return_loss_tensor: 6.915534973144531
min_min_attack_simclr_return_loss_tensor: 6.916718006134033
min_min_attack_simclr_return_loss_tensor: 6.925052642822266
min_min_attack_simclr_return_loss_tensor: 6.912633895874023

min_min_attack_simclr_return_loss_tensor: 6.923413276672363
min_min_attack_simclr_return_loss_tensor: 6.914220809936523
min_min_attack_simclr_return_loss_tensor: 6.90483283996582
min_min_attack_simclr_return_loss_tensor: 6.907613754272461
min_min_attack_simclr_return_loss_tensor: 6.906975746154785
6.837843418121338

min_min_attack_simclr_return_loss_tensor: 6.891715049743652
min_min_attack_simclr_return_loss_tensor: 6.88309383392334
min_min_attack_simclr_return_loss_tensor: 6.875523567199707
min_min_attack_simclr_return_loss_tensor: 6.874201774597168
min_min_attack_simclr_return_loss_tensor: 6.871297836303711

min_min_attack_simclr_return_loss_tensor: 6.8947553634643555
min_min_attack_simclr_return_loss_tensor: 6.892790794372559
min_min_attack_simclr_return_loss_tensor: 6.883810997009277
min_min_attack_simclr_return_loss_tensor: 6.867839813232422
min_min_attack_simclr_return_loss_tensor: 6.869673728942871
6.853650093078613

min_min_attack_simclr_return_loss_tensor: 6.907414436340332
min_min_attack_simclr_return_loss_tensor: 6.92825984954834
min_min_attack_simclr_return_loss_tensor: 6.880753517150879
min_min_attack_simclr_return_loss_tensor: 6.870535373687744
min_min_attack_simclr_return_loss_tensor: 6.862845420837402

min_min_attack_simclr_return_loss_tensor: 6.873045444488525
min_min_attack_simclr_return_loss_tensor: 6.886405944824219
min_min_attack_simclr_return_loss_tensor: 6.862553119659424
min_min_attack_simclr_return_loss_tensor: 6.855767250061035
min_min_attack_simclr_return_loss_tensor: 6.8599090576171875
6.824249029159546

min_min_attack_simclr_return_loss_tensor: 6.892754554748535
min_min_attack_simclr_return_loss_tensor: 6.8572773933410645
min_min_attack_simclr_return_loss_tensor: 6.868584156036377
min_min_attack_simclr_return_loss_tensor: 6.886204242706299
min_min_attack_simclr_return_loss_tensor: 6.851848602294922

min_min_attack_simclr_return_loss_tensor: 6.869332790374756
min_min_attack_simclr_return_loss_tensor: 6.886721134185791
min_min_attack_simclr_return_loss_tensor: 6.853516578674316
min_min_attack_simclr_return_loss_tensor: 6.870767593383789
min_min_attack_simclr_return_loss_tensor: 6.826290130615234
6.761779546737671

min_min_attack_simclr_return_loss_tensor: 6.967217445373535
min_min_attack_simclr_return_loss_tensor: 6.932126998901367
min_min_attack_simclr_return_loss_tensor: 6.9264702796936035
min_min_attack_simclr_return_loss_tensor: 6.84626579284668
min_min_attack_simclr_return_loss_tensor: 6.902579307556152

min_min_attack_simclr_return_loss_tensor: 6.926486968994141
min_min_attack_simclr_return_loss_tensor: 6.868619441986084
min_min_attack_simclr_return_loss_tensor: 6.8597412109375
min_min_attack_simclr_return_loss_tensor: 6.885195255279541
min_min_attack_simclr_return_loss_tensor: 6.831486225128174
6.752861022949219

min_min_attack_simclr_return_loss_tensor: 6.895112037658691
min_min_attack_simclr_return_loss_tensor: 6.875311851501465
min_min_attack_simclr_return_loss_tensor: 6.818181991577148
min_min_attack_simclr_return_loss_tensor: 6.866781234741211
min_min_attack_simclr_return_loss_tensor: 6.82810115814209

min_min_attack_simclr_return_loss_tensor: 6.870537757873535
min_min_attack_simclr_return_loss_tensor: 6.880279541015625
min_min_attack_simclr_return_loss_tensor: 6.809493541717529
min_min_attack_simclr_return_loss_tensor: 6.888477325439453
min_min_attack_simclr_return_loss_tensor: 6.8703107833862305
6.703755855560303

min_min_attack_simclr_return_loss_tensor: 6.858179092407227
min_min_attack_simclr_return_loss_tensor: 6.797720432281494
min_min_attack_simclr_return_loss_tensor: 6.8472394943237305
min_min_attack_simclr_return_loss_tensor: 6.8045759201049805
min_min_attack_simclr_return_loss_tensor: 6.8123626708984375

min_min_attack_simclr_return_loss_tensor: 6.916424751281738
min_min_attack_simclr_return_loss_tensor: 6.83497428894043
min_min_attack_simclr_return_loss_tensor: 6.790521621704102
min_min_attack_simclr_return_loss_tensor: 6.772199630737305
min_min_attack_simclr_return_loss_tensor: 6.788321495056152
6.685673713684082

min_min_attack_simclr_return_loss_tensor: 6.7386884689331055
min_min_attack_simclr_return_loss_tensor: 6.657703399658203
min_min_attack_simclr_return_loss_tensor: 6.768382549285889
min_min_attack_simclr_return_loss_tensor: 6.6737470626831055
min_min_attack_simclr_return_loss_tensor: 6.635916709899902

min_min_attack_simclr_return_loss_tensor: 6.732151508331299
min_min_attack_simclr_return_loss_tensor: 6.699989318847656
min_min_attack_simclr_return_loss_tensor: 6.746025085449219
min_min_attack_simclr_return_loss_tensor: 6.66455602645874
min_min_attack_simclr_return_loss_tensor: 6.698556900024414
6.668176889419556
model saved at unlearnable_36163161_20211101162756_0.5_512_1000

min_min_attack_simclr_return_loss_tensor: 6.7263336181640625
min_min_attack_simclr_return_loss_tensor: 6.754026412963867
min_min_attack_simclr_return_loss_tensor: 6.7629804611206055
min_min_attack_simclr_return_loss_tensor: 6.734476089477539
min_min_attack_simclr_return_loss_tensor: 6.728523254394531

min_min_attack_simclr_return_loss_tensor: 6.757115840911865
min_min_attack_simclr_return_loss_tensor: 6.732069969177246
min_min_attack_simclr_return_loss_tensor: 6.748167037963867
min_min_attack_simclr_return_loss_tensor: 6.733821392059326
min_min_attack_simclr_return_loss_tensor: 6.722321510314941
6.652259111404419

min_min_attack_simclr_return_loss_tensor: 6.76068639755249
min_min_attack_simclr_return_loss_tensor: 6.744484901428223
min_min_attack_simclr_return_loss_tensor: 6.724286079406738
min_min_attack_simclr_return_loss_tensor: 6.80247688293457
min_min_attack_simclr_return_loss_tensor: 6.726149559020996

min_min_attack_simclr_return_loss_tensor: 6.823719501495361
min_min_attack_simclr_return_loss_tensor: 6.753096580505371
min_min_attack_simclr_return_loss_tensor: 6.8191633224487305
min_min_attack_simclr_return_loss_tensor: 6.784921169281006
min_min_attack_simclr_return_loss_tensor: 6.772983074188232
6.675829172134399

min_min_attack_simclr_return_loss_tensor: 6.631696701049805
min_min_attack_simclr_return_loss_tensor: 6.645173072814941
min_min_attack_simclr_return_loss_tensor: 6.593348979949951
min_min_attack_simclr_return_loss_tensor: 6.644454002380371
min_min_attack_simclr_return_loss_tensor: 6.613168716430664

min_min_attack_simclr_return_loss_tensor: 6.6964030265808105
min_min_attack_simclr_return_loss_tensor: 6.612300395965576
min_min_attack_simclr_return_loss_tensor: 6.660439491271973
min_min_attack_simclr_return_loss_tensor: 6.648777008056641
min_min_attack_simclr_return_loss_tensor: 6.658958911895752
6.656981468200684

min_min_attack_simclr_return_loss_tensor: 6.708803176879883
min_min_attack_simclr_return_loss_tensor: 6.632681369781494
min_min_attack_simclr_return_loss_tensor: 6.651712417602539
min_min_attack_simclr_return_loss_tensor: 6.648016452789307
min_min_attack_simclr_return_loss_tensor: 6.64846134185791

min_min_attack_simclr_return_loss_tensor: 6.6675896644592285
min_min_attack_simclr_return_loss_tensor: 6.66131067276001
min_min_attack_simclr_return_loss_tensor: 6.669698238372803
min_min_attack_simclr_return_loss_tensor: 6.643276691436768
min_min_attack_simclr_return_loss_tensor: 6.6670966148376465
6.671379566192627

min_min_attack_simclr_return_loss_tensor: 6.749616622924805
min_min_attack_simclr_return_loss_tensor: 6.780207633972168
min_min_attack_simclr_return_loss_tensor: 6.757472038269043
min_min_attack_simclr_return_loss_tensor: 6.7781524658203125
min_min_attack_simclr_return_loss_tensor: 6.723933219909668

min_min_attack_simclr_return_loss_tensor: 6.703180313110352
min_min_attack_simclr_return_loss_tensor: 6.718745708465576
min_min_attack_simclr_return_loss_tensor: 6.6731367111206055
min_min_attack_simclr_return_loss_tensor: 6.64312744140625
min_min_attack_simclr_return_loss_tensor: 6.719186782836914
6.628773212432861

min_min_attack_simclr_return_loss_tensor: 6.72321891784668
min_min_attack_simclr_return_loss_tensor: 6.682978630065918
min_min_attack_simclr_return_loss_tensor: 6.758434295654297
min_min_attack_simclr_return_loss_tensor: 6.665797233581543
min_min_attack_simclr_return_loss_tensor: 6.721247673034668

min_min_attack_simclr_return_loss_tensor: 6.6748199462890625
min_min_attack_simclr_return_loss_tensor: 6.705081462860107
min_min_attack_simclr_return_loss_tensor: 6.699853897094727
min_min_attack_simclr_return_loss_tensor: 6.710583209991455
min_min_attack_simclr_return_loss_tensor: 6.722101211547852
6.6580352783203125

min_min_attack_simclr_return_loss_tensor: 6.647840976715088
min_min_attack_simclr_return_loss_tensor: 6.650935173034668
min_min_attack_simclr_return_loss_tensor: 6.649698257446289
min_min_attack_simclr_return_loss_tensor: 6.633592128753662
min_min_attack_simclr_return_loss_tensor: 6.616935729980469

min_min_attack_simclr_return_loss_tensor: 6.697620868682861
min_min_attack_simclr_return_loss_tensor: 6.610544204711914
min_min_attack_simclr_return_loss_tensor: 6.615484714508057
min_min_attack_simclr_return_loss_tensor: 6.619389533996582
min_min_attack_simclr_return_loss_tensor: 6.638165473937988
6.647392272949219

min_min_attack_simclr_return_loss_tensor: 6.711521148681641
min_min_attack_simclr_return_loss_tensor: 6.7045793533325195
min_min_attack_simclr_return_loss_tensor: 6.649292945861816
min_min_attack_simclr_return_loss_tensor: 6.656250476837158
min_min_attack_simclr_return_loss_tensor: 6.668383598327637

min_min_attack_simclr_return_loss_tensor: 6.730084419250488
min_min_attack_simclr_return_loss_tensor: 6.695939064025879
min_min_attack_simclr_return_loss_tensor: 6.628398418426514
min_min_attack_simclr_return_loss_tensor: 6.688039779663086
min_min_attack_simclr_return_loss_tensor: 6.663991451263428
6.637484073638916

min_min_attack_simclr_return_loss_tensor: 6.783261775970459
min_min_attack_simclr_return_loss_tensor: 6.701447486877441
min_min_attack_simclr_return_loss_tensor: 6.727745056152344
min_min_attack_simclr_return_loss_tensor: 6.769792556762695
min_min_attack_simclr_return_loss_tensor: 6.792764663696289

min_min_attack_simclr_return_loss_tensor: 6.736727714538574
min_min_attack_simclr_return_loss_tensor: 6.715353012084961
min_min_attack_simclr_return_loss_tensor: 6.789183616638184
min_min_attack_simclr_return_loss_tensor: 6.776276588439941
min_min_attack_simclr_return_loss_tensor: 6.764901161193848
6.620957612991333

min_min_attack_simclr_return_loss_tensor: 6.731263637542725
min_min_attack_simclr_return_loss_tensor: 6.71636438369751
min_min_attack_simclr_return_loss_tensor: 6.6524200439453125
min_min_attack_simclr_return_loss_tensor: 6.671451568603516
min_min_attack_simclr_return_loss_tensor: 6.696132183074951

min_min_attack_simclr_return_loss_tensor: 6.696866989135742
min_min_attack_simclr_return_loss_tensor: 6.777424335479736
min_min_attack_simclr_return_loss_tensor: 6.775643825531006
min_min_attack_simclr_return_loss_tensor: 6.731738090515137
min_min_attack_simclr_return_loss_tensor: 6.681003570556641
6.631596088409424
model saved at unlearnable_36163161_20211101162756_0.5_512_1000

min_min_attack_simclr_return_loss_tensor: 6.667574882507324
min_min_attack_simclr_return_loss_tensor: 6.704588890075684
min_min_attack_simclr_return_loss_tensor: 6.63206672668457
min_min_attack_simclr_return_loss_tensor: 6.611075401306152
min_min_attack_simclr_return_loss_tensor: 6.594541549682617

min_min_attack_simclr_return_loss_tensor: 6.615363121032715
min_min_attack_simclr_return_loss_tensor: 6.655804634094238
min_min_attack_simclr_return_loss_tensor: 6.686074256896973
min_min_attack_simclr_return_loss_tensor: 6.675698757171631
min_min_attack_simclr_return_loss_tensor: 6.619081497192383
6.626230478286743

min_min_attack_simclr_return_loss_tensor: 6.674513339996338
min_min_attack_simclr_return_loss_tensor: 6.631392478942871
min_min_attack_simclr_return_loss_tensor: 6.647054672241211
min_min_attack_simclr_return_loss_tensor: 6.580743312835693
min_min_attack_simclr_return_loss_tensor: 6.616331100463867

min_min_attack_simclr_return_loss_tensor: 6.67210578918457
min_min_attack_simclr_return_loss_tensor: 6.665415287017822
min_min_attack_simclr_return_loss_tensor: 6.612354755401611
min_min_attack_simclr_return_loss_tensor: 6.649345397949219
min_min_attack_simclr_return_loss_tensor: 6.640035152435303
6.660094499588013

min_min_attack_simclr_return_loss_tensor: 6.705356121063232
min_min_attack_simclr_return_loss_tensor: 6.690375328063965
min_min_attack_simclr_return_loss_tensor: 6.6513519287109375
min_min_attack_simclr_return_loss_tensor: 6.609106063842773
min_min_attack_simclr_return_loss_tensor: 6.646466255187988

min_min_attack_simclr_return_loss_tensor: 6.666374683380127
min_min_attack_simclr_return_loss_tensor: 6.693689346313477
min_min_attack_simclr_return_loss_tensor: 6.696352958679199
min_min_attack_simclr_return_loss_tensor: 6.689950942993164
min_min_attack_simclr_return_loss_tensor: 6.678938865661621
6.581295728683472

min_min_attack_simclr_return_loss_tensor: 6.5517683029174805
min_min_attack_simclr_return_loss_tensor: 6.5933732986450195
min_min_attack_simclr_return_loss_tensor: 6.532855987548828
min_min_attack_simclr_return_loss_tensor: 6.527563095092773
min_min_attack_simclr_return_loss_tensor: 6.509641647338867

min_min_attack_simclr_return_loss_tensor: 6.617023468017578
min_min_attack_simclr_return_loss_tensor: 6.563417434692383
min_min_attack_simclr_return_loss_tensor: 6.622110843658447
min_min_attack_simclr_return_loss_tensor: 6.54976749420166
min_min_attack_simclr_return_loss_tensor: 6.579322814941406
6.6217193603515625

min_min_attack_simclr_return_loss_tensor: 6.656820774078369
min_min_attack_simclr_return_loss_tensor: 6.6102495193481445
min_min_attack_simclr_return_loss_tensor: 6.625369071960449
min_min_attack_simclr_return_loss_tensor: 6.596673965454102
min_min_attack_simclr_return_loss_tensor: 6.679775714874268

min_min_attack_simclr_return_loss_tensor: 6.646008491516113
min_min_attack_simclr_return_loss_tensor: 6.683444976806641
min_min_attack_simclr_return_loss_tensor: 6.5721845626831055
min_min_attack_simclr_return_loss_tensor: 6.616472244262695
min_min_attack_simclr_return_loss_tensor: 6.625209808349609
6.643045663833618

min_min_attack_simclr_return_loss_tensor: 6.740787029266357
min_min_attack_simclr_return_loss_tensor: 6.691216468811035
min_min_attack_simclr_return_loss_tensor: 6.622557640075684
min_min_attack_simclr_return_loss_tensor: 6.692717552185059
min_min_attack_simclr_return_loss_tensor: 6.614139080047607

min_min_attack_simclr_return_loss_tensor: 6.683503150939941
min_min_attack_simclr_return_loss_tensor: 6.611866474151611
min_min_attack_simclr_return_loss_tensor: 6.6519269943237305
min_min_attack_simclr_return_loss_tensor: 6.649372100830078
min_min_attack_simclr_return_loss_tensor: 6.617241859436035
6.570360898971558

min_min_attack_simclr_return_loss_tensor: 6.609224796295166
min_min_attack_simclr_return_loss_tensor: 6.575368404388428
min_min_attack_simclr_return_loss_tensor: 6.606361389160156
min_min_attack_simclr_return_loss_tensor: 6.551047325134277
min_min_attack_simclr_return_loss_tensor: 6.542093276977539

min_min_attack_simclr_return_loss_tensor: 6.618477821350098
min_min_attack_simclr_return_loss_tensor: 6.631715774536133
min_min_attack_simclr_return_loss_tensor: 6.57785701751709
min_min_attack_simclr_return_loss_tensor: 6.5951948165893555
min_min_attack_simclr_return_loss_tensor: 6.5698137283325195
6.593053817749023

min_min_attack_simclr_return_loss_tensor: 6.677977561950684
min_min_attack_simclr_return_loss_tensor: 6.688652515411377
min_min_attack_simclr_return_loss_tensor: 6.625202178955078
min_min_attack_simclr_return_loss_tensor: 6.669220447540283
min_min_attack_simclr_return_loss_tensor: 6.670435428619385

min_min_attack_simclr_return_loss_tensor: 6.700685501098633
min_min_attack_simclr_return_loss_tensor: 6.644665241241455
min_min_attack_simclr_return_loss_tensor: 6.679683208465576
min_min_attack_simclr_return_loss_tensor: 6.624567985534668
min_min_attack_simclr_return_loss_tensor: 6.560118675231934
6.582038402557373

min_min_attack_simclr_return_loss_tensor: 6.5861968994140625
min_min_attack_simclr_return_loss_tensor: 6.589690208435059
min_min_attack_simclr_return_loss_tensor: 6.546242713928223
min_min_attack_simclr_return_loss_tensor: 6.560402870178223
min_min_attack_simclr_return_loss_tensor: 6.522141933441162

min_min_attack_simclr_return_loss_tensor: 6.610885143280029
min_min_attack_simclr_return_loss_tensor: 6.622394561767578
min_min_attack_simclr_return_loss_tensor: 6.558503150939941
min_min_attack_simclr_return_loss_tensor: 6.6000075340271
min_min_attack_simclr_return_loss_tensor: 6.592602729797363
6.599474191665649

min_min_attack_simclr_return_loss_tensor: 6.575071334838867
min_min_attack_simclr_return_loss_tensor: 6.573949813842773
min_min_attack_simclr_return_loss_tensor: 6.574112892150879
min_min_attack_simclr_return_loss_tensor: 6.535200119018555
min_min_attack_simclr_return_loss_tensor: 6.5688090324401855

min_min_attack_simclr_return_loss_tensor: 6.604352951049805
min_min_attack_simclr_return_loss_tensor: 6.584494113922119
min_min_attack_simclr_return_loss_tensor: 6.592160701751709
min_min_attack_simclr_return_loss_tensor: 6.522480010986328
min_min_attack_simclr_return_loss_tensor: 6.556294918060303
6.5836968421936035
model saved at unlearnable_36163161_20211101162756_0.5_512_1000

min_min_attack_simclr_return_loss_tensor: 6.660688877105713
min_min_attack_simclr_return_loss_tensor: 6.667653560638428
min_min_attack_simclr_return_loss_tensor: 6.7093095779418945
min_min_attack_simclr_return_loss_tensor: 6.652128219604492
min_min_attack_simclr_return_loss_tensor: 6.630159854888916

min_min_attack_simclr_return_loss_tensor: 6.64984655380249
min_min_attack_simclr_return_loss_tensor: 6.6868696212768555
min_min_attack_simclr_return_loss_tensor: 6.617668151855469
min_min_attack_simclr_return_loss_tensor: 6.615034103393555
min_min_attack_simclr_return_loss_tensor: 6.624846935272217
6.5399010181427

min_min_attack_simclr_return_loss_tensor: 6.557252883911133
min_min_attack_simclr_return_loss_tensor: 6.58802604675293
min_min_attack_simclr_return_loss_tensor: 6.579748153686523
min_min_attack_simclr_return_loss_tensor: 6.606886863708496
min_min_attack_simclr_return_loss_tensor: 6.538496494293213

min_min_attack_simclr_return_loss_tensor: 6.601770401000977
min_min_attack_simclr_return_loss_tensor: 6.543585777282715
min_min_attack_simclr_return_loss_tensor: 6.5780134201049805
min_min_attack_simclr_return_loss_tensor: 6.547220230102539
min_min_attack_simclr_return_loss_tensor: 6.564201354980469
6.569738149642944

min_min_attack_simclr_return_loss_tensor: 6.593321323394775
min_min_attack_simclr_return_loss_tensor: 6.587750434875488
min_min_attack_simclr_return_loss_tensor: 6.553132057189941
min_min_attack_simclr_return_loss_tensor: 6.550885200500488
min_min_attack_simclr_return_loss_tensor: 6.5413641929626465

min_min_attack_simclr_return_loss_tensor: 6.555413722991943
min_min_attack_simclr_return_loss_tensor: 6.5394206047058105
min_min_attack_simclr_return_loss_tensor: 6.543447971343994
min_min_attack_simclr_return_loss_tensor: 6.515585899353027
min_min_attack_simclr_return_loss_tensor: 6.5126261711120605
6.580610752105713

min_min_attack_simclr_return_loss_tensor: 6.552241325378418
min_min_attack_simclr_return_loss_tensor: 6.544486999511719
min_min_attack_simclr_return_loss_tensor: 6.523177146911621
min_min_attack_simclr_return_loss_tensor: 6.569446563720703
min_min_attack_simclr_return_loss_tensor: 6.572270393371582

min_min_attack_simclr_return_loss_tensor: 6.668734550476074
min_min_attack_simclr_return_loss_tensor: 6.599755764007568
min_min_attack_simclr_return_loss_tensor: 6.586785793304443
min_min_attack_simclr_return_loss_tensor: 6.559918403625488
min_min_attack_simclr_return_loss_tensor: 6.543693542480469
6.551259517669678

min_min_attack_simclr_return_loss_tensor: 6.63618803024292
min_min_attack_simclr_return_loss_tensor: 6.681788444519043
min_min_attack_simclr_return_loss_tensor: 6.649036884307861
min_min_attack_simclr_return_loss_tensor: 6.639192581176758
min_min_attack_simclr_return_loss_tensor: 6.6413140296936035

min_min_attack_simclr_return_loss_tensor: 6.689410209655762
min_min_attack_simclr_return_loss_tensor: 6.734170913696289
min_min_attack_simclr_return_loss_tensor: 6.683032989501953
min_min_attack_simclr_return_loss_tensor: 6.6978983879089355
min_min_attack_simclr_return_loss_tensor: 6.659315586090088
6.513523101806641

min_min_attack_simclr_return_loss_tensor: 6.530726432800293
min_min_attack_simclr_return_loss_tensor: 6.5629072189331055
min_min_attack_simclr_return_loss_tensor: 6.507225513458252
min_min_attack_simclr_return_loss_tensor: 6.502562999725342
min_min_attack_simclr_return_loss_tensor: 6.500400543212891

min_min_attack_simclr_return_loss_tensor: 6.613162040710449
min_min_attack_simclr_return_loss_tensor: 6.594938278198242
min_min_attack_simclr_return_loss_tensor: 6.5393266677856445
min_min_attack_simclr_return_loss_tensor: 6.586317539215088
min_min_attack_simclr_return_loss_tensor: 6.548020362854004
6.538846492767334

min_min_attack_simclr_return_loss_tensor: 6.569643974304199
min_min_attack_simclr_return_loss_tensor: 6.541318416595459
min_min_attack_simclr_return_loss_tensor: 6.602083683013916
min_min_attack_simclr_return_loss_tensor: 6.562216758728027
min_min_attack_simclr_return_loss_tensor: 6.582136154174805

min_min_attack_simclr_return_loss_tensor: 6.606698989868164
min_min_attack_simclr_return_loss_tensor: 6.576346397399902
min_min_attack_simclr_return_loss_tensor: 6.581533432006836
min_min_attack_simclr_return_loss_tensor: 6.612295627593994
min_min_attack_simclr_return_loss_tensor: 6.547592639923096
6.567812442779541

min_min_attack_simclr_return_loss_tensor: 6.603774547576904
min_min_attack_simclr_return_loss_tensor: 6.584474086761475
min_min_attack_simclr_return_loss_tensor: 6.625866889953613
min_min_attack_simclr_return_loss_tensor: 6.561756134033203
min_min_attack_simclr_return_loss_tensor: 6.583156585693359

min_min_attack_simclr_return_loss_tensor: 6.683298110961914
min_min_attack_simclr_return_loss_tensor: 6.639399528503418
min_min_attack_simclr_return_loss_tensor: 6.608922958374023
min_min_attack_simclr_return_loss_tensor: 6.579955101013184
min_min_attack_simclr_return_loss_tensor: 6.617195129394531
6.5674731731414795

min_min_attack_simclr_return_loss_tensor: 6.588370323181152
min_min_attack_simclr_return_loss_tensor: 6.6042327880859375
min_min_attack_simclr_return_loss_tensor: 6.583516597747803
min_min_attack_simclr_return_loss_tensor: 6.564643383026123
min_min_attack_simclr_return_loss_tensor: 6.523677825927734

min_min_attack_simclr_return_loss_tensor: 6.623488426208496
min_min_attack_simclr_return_loss_tensor: 6.563052177429199
min_min_attack_simclr_return_loss_tensor: 6.593754291534424
min_min_attack_simclr_return_loss_tensor: 6.591581344604492
min_min_attack_simclr_return_loss_tensor: 6.555245876312256
6.556297063827515

min_min_attack_simclr_return_loss_tensor: 6.5870232582092285
min_min_attack_simclr_return_loss_tensor: 6.565507888793945
min_min_attack_simclr_return_loss_tensor: 6.506943702697754
min_min_attack_simclr_return_loss_tensor: 6.498075485229492
min_min_attack_simclr_return_loss_tensor: 6.537694931030273

min_min_attack_simclr_return_loss_tensor: 6.603416442871094
min_min_attack_simclr_return_loss_tensor: 6.594948768615723
min_min_attack_simclr_return_loss_tensor: 6.5436296463012695
min_min_attack_simclr_return_loss_tensor: 6.5843071937561035
min_min_attack_simclr_return_loss_tensor: 6.50580358505249
6.54001522064209
model saved at unlearnable_36163161_20211101162756_0.5_512_1000

min_min_attack_simclr_return_loss_tensor: 6.635153770446777
min_min_attack_simclr_return_loss_tensor: 6.583065032958984
min_min_attack_simclr_return_loss_tensor: 6.5774407386779785
min_min_attack_simclr_return_loss_tensor: 6.541794300079346
min_min_attack_simclr_return_loss_tensor: 6.5336713790893555

min_min_attack_simclr_return_loss_tensor: 6.670778274536133
min_min_attack_simclr_return_loss_tensor: 6.604866027832031
min_min_attack_simclr_return_loss_tensor: 6.593570709228516
min_min_attack_simclr_return_loss_tensor: 6.567465782165527
min_min_attack_simclr_return_loss_tensor: 6.550122261047363
6.545853853225708

min_min_attack_simclr_return_loss_tensor: 6.673553466796875
min_min_attack_simclr_return_loss_tensor: 6.65774393081665
min_min_attack_simclr_return_loss_tensor: 6.630856513977051
min_min_attack_simclr_return_loss_tensor: 6.626247882843018
min_min_attack_simclr_return_loss_tensor: 6.524712085723877

min_min_attack_simclr_return_loss_tensor: 6.637375831604004
min_min_attack_simclr_return_loss_tensor: 6.662281036376953
min_min_attack_simclr_return_loss_tensor: 6.693558692932129
min_min_attack_simclr_return_loss_tensor: 6.632598400115967
min_min_attack_simclr_return_loss_tensor: 6.6389265060424805
6.55602502822876

min_min_attack_simclr_return_loss_tensor: 6.633964538574219
min_min_attack_simclr_return_loss_tensor: 6.631726264953613
min_min_attack_simclr_return_loss_tensor: 6.5753326416015625
min_min_attack_simclr_return_loss_tensor: 6.535157203674316
min_min_attack_simclr_return_loss_tensor: 6.518094539642334

min_min_attack_simclr_return_loss_tensor: 6.586642265319824
min_min_attack_simclr_return_loss_tensor: 6.554111003875732
min_min_attack_simclr_return_loss_tensor: 6.516218185424805
min_min_attack_simclr_return_loss_tensor: 6.574188232421875
min_min_attack_simclr_return_loss_tensor: 6.594618797302246
6.595771312713623

min_min_attack_simclr_return_loss_tensor: 6.627354621887207
min_min_attack_simclr_return_loss_tensor: 6.604857444763184
min_min_attack_simclr_return_loss_tensor: 6.529447078704834
min_min_attack_simclr_return_loss_tensor: 6.552525043487549
min_min_attack_simclr_return_loss_tensor: 6.575606346130371

min_min_attack_simclr_return_loss_tensor: 6.59638786315918
min_min_attack_simclr_return_loss_tensor: 6.577114105224609
min_min_attack_simclr_return_loss_tensor: 6.526169300079346
min_min_attack_simclr_return_loss_tensor: 6.578998565673828
min_min_attack_simclr_return_loss_tensor: 6.5684661865234375
6.5428242683410645

min_min_attack_simclr_return_loss_tensor: 6.61090087890625
min_min_attack_simclr_return_loss_tensor: 6.570198059082031
min_min_attack_simclr_return_loss_tensor: 6.648726463317871
min_min_attack_simclr_return_loss_tensor: 6.527660369873047
min_min_attack_simclr_return_loss_tensor: 6.559568405151367

min_min_attack_simclr_return_loss_tensor: 6.574250221252441
min_min_attack_simclr_return_loss_tensor: 6.5308027267456055
min_min_attack_simclr_return_loss_tensor: 6.446759223937988
min_min_attack_simclr_return_loss_tensor: 6.537583351135254
min_min_attack_simclr_return_loss_tensor: 6.551745414733887
6.591477394104004

min_min_attack_simclr_return_loss_tensor: 6.5315961837768555
min_min_attack_simclr_return_loss_tensor: 6.535974502563477
min_min_attack_simclr_return_loss_tensor: 6.579585075378418
min_min_attack_simclr_return_loss_tensor: 6.492980480194092
min_min_attack_simclr_return_loss_tensor: 6.536494731903076

min_min_attack_simclr_return_loss_tensor: 6.577573776245117
min_min_attack_simclr_return_loss_tensor: 6.572175979614258
min_min_attack_simclr_return_loss_tensor: 6.581347465515137
min_min_attack_simclr_return_loss_tensor: 6.532766819000244
min_min_attack_simclr_return_loss_tensor: 6.555718898773193
6.525364875793457

min_min_attack_simclr_return_loss_tensor: 6.666603088378906
min_min_attack_simclr_return_loss_tensor: 6.680304527282715
min_min_attack_simclr_return_loss_tensor: 6.69783878326416
min_min_attack_simclr_return_loss_tensor: 6.536800384521484
min_min_attack_simclr_return_loss_tensor: 6.6865925788879395

min_min_attack_simclr_return_loss_tensor: 6.7691121101379395
min_min_attack_simclr_return_loss_tensor: 6.714322090148926
min_min_attack_simclr_return_loss_tensor: 6.719310760498047
min_min_attack_simclr_return_loss_tensor: 6.67506217956543
min_min_attack_simclr_return_loss_tensor: 6.626626014709473
6.559995412826538

min_min_attack_simclr_return_loss_tensor: 6.552636623382568
min_min_attack_simclr_return_loss_tensor: 6.565385818481445
min_min_attack_simclr_return_loss_tensor: 6.5046706199646
min_min_attack_simclr_return_loss_tensor: 6.550036907196045
min_min_attack_simclr_return_loss_tensor: 6.520528793334961

min_min_attack_simclr_return_loss_tensor: 6.567669868469238
min_min_attack_simclr_return_loss_tensor: 6.546021461486816
min_min_attack_simclr_return_loss_tensor: 6.57149076461792
min_min_attack_simclr_return_loss_tensor: 6.558725357055664
min_min_attack_simclr_return_loss_tensor: 6.537966728210449
6.555872678756714

min_min_attack_simclr_return_loss_tensor: 6.588593482971191
min_min_attack_simclr_return_loss_tensor: 6.501543998718262
min_min_attack_simclr_return_loss_tensor: 6.535229682922363
min_min_attack_simclr_return_loss_tensor: 6.517107963562012
min_min_attack_simclr_return_loss_tensor: 6.5346574783325195

min_min_attack_simclr_return_loss_tensor: 6.578553199768066
min_min_attack_simclr_return_loss_tensor: 6.488286018371582
min_min_attack_simclr_return_loss_tensor: 6.522639274597168
min_min_attack_simclr_return_loss_tensor: 6.534539222717285
min_min_attack_simclr_return_loss_tensor: 6.506426811218262
6.587843418121338

min_min_attack_simclr_return_loss_tensor: 6.561134338378906
min_min_attack_simclr_return_loss_tensor: 6.580924987792969
min_min_attack_simclr_return_loss_tensor: 6.527954578399658
min_min_attack_simclr_return_loss_tensor: 6.542439937591553
min_min_attack_simclr_return_loss_tensor: 6.510738849639893

min_min_attack_simclr_return_loss_tensor: 6.60926628112793
min_min_attack_simclr_return_loss_tensor: 6.537567138671875
min_min_attack_simclr_return_loss_tensor: 6.56227970123291
min_min_attack_simclr_return_loss_tensor: 6.508662223815918
min_min_attack_simclr_return_loss_tensor: 6.535226821899414
6.561751842498779
model saved at unlearnable_36163161_20211101162756_0.5_512_1000

min_min_attack_simclr_return_loss_tensor: 6.54713249206543
min_min_attack_simclr_return_loss_tensor: 6.518285751342773
min_min_attack_simclr_return_loss_tensor: 6.535212993621826
min_min_attack_simclr_return_loss_tensor: 6.534244537353516
min_min_attack_simclr_return_loss_tensor: 6.512295246124268

min_min_attack_simclr_return_loss_tensor: 6.582256317138672
min_min_attack_simclr_return_loss_tensor: 6.595095634460449
min_min_attack_simclr_return_loss_tensor: 6.475895881652832
min_min_attack_simclr_return_loss_tensor: 6.562211513519287
min_min_attack_simclr_return_loss_tensor: 6.520683765411377
6.534099340438843

min_min_attack_simclr_return_loss_tensor: 6.572622299194336
min_min_attack_simclr_return_loss_tensor: 6.54237699508667
min_min_attack_simclr_return_loss_tensor: 6.533942222595215
min_min_attack_simclr_return_loss_tensor: 6.475733280181885
min_min_attack_simclr_return_loss_tensor: 6.489564895629883

min_min_attack_simclr_return_loss_tensor: 6.559174537658691
min_min_attack_simclr_return_loss_tensor: 6.592320919036865
min_min_attack_simclr_return_loss_tensor: 6.553562164306641
min_min_attack_simclr_return_loss_tensor: 6.577195167541504
min_min_attack_simclr_return_loss_tensor: 6.576765060424805
6.52031946182251

min_min_attack_simclr_return_loss_tensor: 6.546351432800293
min_min_attack_simclr_return_loss_tensor: 6.540003299713135
min_min_attack_simclr_return_loss_tensor: 6.520809173583984
min_min_attack_simclr_return_loss_tensor: 6.432438850402832
min_min_attack_simclr_return_loss_tensor: 6.495062828063965

min_min_attack_simclr_return_loss_tensor: 6.548776149749756
min_min_attack_simclr_return_loss_tensor: 6.523767948150635
min_min_attack_simclr_return_loss_tensor: 6.528835773468018
min_min_attack_simclr_return_loss_tensor: 6.525416851043701
min_min_attack_simclr_return_loss_tensor: 6.514243125915527
6.574066400527954

min_min_attack_simclr_return_loss_tensor: 6.5642595291137695
min_min_attack_simclr_return_loss_tensor: 6.5210371017456055
min_min_attack_simclr_return_loss_tensor: 6.477260589599609
min_min_attack_simclr_return_loss_tensor: 6.495694160461426
min_min_attack_simclr_return_loss_tensor: 6.516242027282715

min_min_attack_simclr_return_loss_tensor: 6.550524711608887
min_min_attack_simclr_return_loss_tensor: 6.527338981628418
min_min_attack_simclr_return_loss_tensor: 6.528007507324219
min_min_attack_simclr_return_loss_tensor: 6.482869625091553
min_min_attack_simclr_return_loss_tensor: 6.512994766235352
6.568590402603149

min_min_attack_simclr_return_loss_tensor: 6.618438720703125
min_min_attack_simclr_return_loss_tensor: 6.535832405090332
min_min_attack_simclr_return_loss_tensor: 6.564878940582275
min_min_attack_simclr_return_loss_tensor: 6.521489143371582
min_min_attack_simclr_return_loss_tensor: 6.5072784423828125

min_min_attack_simclr_return_loss_tensor: 6.563222885131836
min_min_attack_simclr_return_loss_tensor: 6.5698394775390625
min_min_attack_simclr_return_loss_tensor: 6.552817344665527
min_min_attack_simclr_return_loss_tensor: 6.570466995239258
min_min_attack_simclr_return_loss_tensor: 6.543981552124023
6.521040201187134

min_min_attack_simclr_return_loss_tensor: 6.571853160858154
min_min_attack_simclr_return_loss_tensor: 6.573335647583008
min_min_attack_simclr_return_loss_tensor: 6.567334175109863
min_min_attack_simclr_return_loss_tensor: 6.528143405914307
min_min_attack_simclr_return_loss_tensor: 6.523789405822754

min_min_attack_simclr_return_loss_tensor: 6.6443400382995605
min_min_attack_simclr_return_loss_tensor: 6.583990573883057
min_min_attack_simclr_return_loss_tensor: 6.549568176269531
min_min_attack_simclr_return_loss_tensor: 6.554743766784668
min_min_attack_simclr_return_loss_tensor: 6.538969039916992
6.533061981201172

min_min_attack_simclr_return_loss_tensor: 6.555877685546875
min_min_attack_simclr_return_loss_tensor: 6.476265907287598
min_min_attack_simclr_return_loss_tensor: 6.503064155578613
min_min_attack_simclr_return_loss_tensor: 6.496942520141602
min_min_attack_simclr_return_loss_tensor: 6.429044246673584

min_min_attack_simclr_return_loss_tensor: 6.583053112030029
min_min_attack_simclr_return_loss_tensor: 6.527935981750488
min_min_attack_simclr_return_loss_tensor: 6.545760154724121
min_min_attack_simclr_return_loss_tensor: 6.483299255371094
min_min_attack_simclr_return_loss_tensor: 6.48143196105957
6.522407054901123

min_min_attack_simclr_return_loss_tensor: 6.5184831619262695
min_min_attack_simclr_return_loss_tensor: 6.542602062225342
min_min_attack_simclr_return_loss_tensor: 6.492361068725586
min_min_attack_simclr_return_loss_tensor: 6.522082805633545
min_min_attack_simclr_return_loss_tensor: 6.449551582336426

min_min_attack_simclr_return_loss_tensor: 6.559168815612793
min_min_attack_simclr_return_loss_tensor: 6.504195690155029
min_min_attack_simclr_return_loss_tensor: 6.529480934143066
min_min_attack_simclr_return_loss_tensor: 6.48936653137207
min_min_attack_simclr_return_loss_tensor: 6.464683532714844
6.557723522186279

min_min_attack_simclr_return_loss_tensor: 6.508003234863281
min_min_attack_simclr_return_loss_tensor: 6.473994731903076
min_min_attack_simclr_return_loss_tensor: 6.441221714019775
min_min_attack_simclr_return_loss_tensor: 6.413150310516357
min_min_attack_simclr_return_loss_tensor: 6.454100608825684

min_min_attack_simclr_return_loss_tensor: 6.5320844650268555
min_min_attack_simclr_return_loss_tensor: 6.48396110534668
min_min_attack_simclr_return_loss_tensor: 6.484092712402344
min_min_attack_simclr_return_loss_tensor: 6.450921535491943
min_min_attack_simclr_return_loss_tensor: 6.453074932098389
6.523613214492798

min_min_attack_simclr_return_loss_tensor: 6.590531349182129
min_min_attack_simclr_return_loss_tensor: 6.563218116760254
min_min_attack_simclr_return_loss_tensor: 6.526468276977539
min_min_attack_simclr_return_loss_tensor: 6.5145673751831055
min_min_attack_simclr_return_loss_tensor: 6.483965873718262

min_min_attack_simclr_return_loss_tensor: 6.5374755859375
min_min_attack_simclr_return_loss_tensor: 6.506570816040039
min_min_attack_simclr_return_loss_tensor: 6.533274173736572
min_min_attack_simclr_return_loss_tensor: 6.491898059844971
min_min_attack_simclr_return_loss_tensor: 6.501890182495117
6.5087854862213135
model saved at unlearnable_36163161_20211101162756_0.5_512_1000

min_min_attack_simclr_return_loss_tensor: 6.528070449829102
min_min_attack_simclr_return_loss_tensor: 6.508983612060547
min_min_attack_simclr_return_loss_tensor: 6.495527267456055
min_min_attack_simclr_return_loss_tensor: 6.4769182205200195
min_min_attack_simclr_return_loss_tensor: 6.462285041809082

min_min_attack_simclr_return_loss_tensor: 6.554853439331055
min_min_attack_simclr_return_loss_tensor: 6.541471481323242
min_min_attack_simclr_return_loss_tensor: 6.511266708374023
min_min_attack_simclr_return_loss_tensor: 6.492091655731201
min_min_attack_simclr_return_loss_tensor: 6.446189880371094
6.515024662017822

min_min_attack_simclr_return_loss_tensor: 6.605281829833984
min_min_attack_simclr_return_loss_tensor: 6.566722393035889
min_min_attack_simclr_return_loss_tensor: 6.531377792358398
min_min_attack_simclr_return_loss_tensor: 6.476866245269775
min_min_attack_simclr_return_loss_tensor: 6.4926066398620605

min_min_attack_simclr_return_loss_tensor: 6.552424430847168
min_min_attack_simclr_return_loss_tensor: 6.550292015075684
min_min_attack_simclr_return_loss_tensor: 6.4904937744140625
min_min_attack_simclr_return_loss_tensor: 6.505815505981445
min_min_attack_simclr_return_loss_tensor: 6.466513633728027
6.479564189910889

min_min_attack_simclr_return_loss_tensor: 6.607730865478516
min_min_attack_simclr_return_loss_tensor: 6.566954612731934
min_min_attack_simclr_return_loss_tensor: 6.620086669921875
min_min_attack_simclr_return_loss_tensor: 6.57652473449707
min_min_attack_simclr_return_loss_tensor: 6.567992687225342

min_min_attack_simclr_return_loss_tensor: 6.6021318435668945
min_min_attack_simclr_return_loss_tensor: 6.575112342834473
min_min_attack_simclr_return_loss_tensor: 6.5913896560668945
min_min_attack_simclr_return_loss_tensor: 6.639744758605957
min_min_attack_simclr_return_loss_tensor: 6.575104713439941
6.4687254428863525

min_min_attack_simclr_return_loss_tensor: 6.619597911834717
min_min_attack_simclr_return_loss_tensor: 6.6222333908081055
min_min_attack_simclr_return_loss_tensor: 6.542210578918457
min_min_attack_simclr_return_loss_tensor: 6.5719451904296875
min_min_attack_simclr_return_loss_tensor: 6.614056587219238

min_min_attack_simclr_return_loss_tensor: 6.609686851501465
min_min_attack_simclr_return_loss_tensor: 6.610525131225586
min_min_attack_simclr_return_loss_tensor: 6.592254638671875
min_min_attack_simclr_return_loss_tensor: 6.599331855773926
min_min_attack_simclr_return_loss_tensor: 6.554764747619629
6.52179741859436

min_min_attack_simclr_return_loss_tensor: 6.63960599899292
min_min_attack_simclr_return_loss_tensor: 6.591585159301758
min_min_attack_simclr_return_loss_tensor: 6.62940788269043
min_min_attack_simclr_return_loss_tensor: 6.5713653564453125
min_min_attack_simclr_return_loss_tensor: 6.511343955993652

min_min_attack_simclr_return_loss_tensor: 6.641298294067383
min_min_attack_simclr_return_loss_tensor: 6.609071731567383
min_min_attack_simclr_return_loss_tensor: 6.571784496307373
min_min_attack_simclr_return_loss_tensor: 6.526616096496582
min_min_attack_simclr_return_loss_tensor: 6.57415771484375
6.5375213623046875

min_min_attack_simclr_return_loss_tensor: 6.669790744781494
min_min_attack_simclr_return_loss_tensor: 6.609696388244629
min_min_attack_simclr_return_loss_tensor: 6.567394256591797
min_min_attack_simclr_return_loss_tensor: 6.578744888305664
min_min_attack_simclr_return_loss_tensor: 6.5258026123046875

min_min_attack_simclr_return_loss_tensor: 6.613306999206543
min_min_attack_simclr_return_loss_tensor: 6.560979843139648
min_min_attack_simclr_return_loss_tensor: 6.503612995147705
min_min_attack_simclr_return_loss_tensor: 6.533653259277344
min_min_attack_simclr_return_loss_tensor: 6.533759593963623
6.563343524932861

min_min_attack_simclr_return_loss_tensor: 6.579178333282471
min_min_attack_simclr_return_loss_tensor: 6.552700042724609
min_min_attack_simclr_return_loss_tensor: 6.462784767150879
min_min_attack_simclr_return_loss_tensor: 6.511146545410156
min_min_attack_simclr_return_loss_tensor: 6.466275215148926

min_min_attack_simclr_return_loss_tensor: 6.520185470581055
min_min_attack_simclr_return_loss_tensor: 6.5937886238098145
min_min_attack_simclr_return_loss_tensor: 6.570615768432617
min_min_attack_simclr_return_loss_tensor: 6.5368733406066895
min_min_attack_simclr_return_loss_tensor: 6.538736343383789
6.528920412063599

min_min_attack_simclr_return_loss_tensor: 6.584546089172363
min_min_attack_simclr_return_loss_tensor: 6.519078254699707
min_min_attack_simclr_return_loss_tensor: 6.500054359436035
min_min_attack_simclr_return_loss_tensor: 6.521915435791016
min_min_attack_simclr_return_loss_tensor: 6.5459699630737305

min_min_attack_simclr_return_loss_tensor: 6.621975898742676
min_min_attack_simclr_return_loss_tensor: 6.565740585327148
min_min_attack_simclr_return_loss_tensor: 6.561099529266357
min_min_attack_simclr_return_loss_tensor: 6.554180145263672
min_min_attack_simclr_return_loss_tensor: 6.5684051513671875
6.485748291015625

min_min_attack_simclr_return_loss_tensor: 6.555322170257568
min_min_attack_simclr_return_loss_tensor: 6.517177104949951
min_min_attack_simclr_return_loss_tensor: 6.551618576049805
min_min_attack_simclr_return_loss_tensor: 6.542454719543457
min_min_attack_simclr_return_loss_tensor: 6.498148441314697

min_min_attack_simclr_return_loss_tensor: 6.538936614990234
min_min_attack_simclr_return_loss_tensor: 6.516695022583008
min_min_attack_simclr_return_loss_tensor: 6.527747631072998
min_min_attack_simclr_return_loss_tensor: 6.555682182312012
min_min_attack_simclr_return_loss_tensor: 6.4697957038879395
6.534060716629028

min_min_attack_simclr_return_loss_tensor: 6.608819961547852
min_min_attack_simclr_return_loss_tensor: 6.615694046020508
min_min_attack_simclr_return_loss_tensor: 6.557858467102051
min_min_attack_simclr_return_loss_tensor: 6.556938648223877
min_min_attack_simclr_return_loss_tensor: 6.463680267333984

min_min_attack_simclr_return_loss_tensor: 6.569236755371094
min_min_attack_simclr_return_loss_tensor: 6.58131217956543
min_min_attack_simclr_return_loss_tensor: 6.498189449310303
min_min_attack_simclr_return_loss_tensor: 6.525181770324707
min_min_attack_simclr_return_loss_tensor: 6.536874294281006
6.489377737045288
model saved at unlearnable_36163161_20211101162756_0.5_512_1000

min_min_attack_simclr_return_loss_tensor: 6.527261734008789
min_min_attack_simclr_return_loss_tensor: 6.412303924560547
min_min_attack_simclr_return_loss_tensor: 6.506654739379883
min_min_attack_simclr_return_loss_tensor: 6.422441005706787
min_min_attack_simclr_return_loss_tensor: 6.454684257507324

min_min_attack_simclr_return_loss_tensor: 6.512668132781982
min_min_attack_simclr_return_loss_tensor: 6.5463032722473145
min_min_attack_simclr_return_loss_tensor: 6.508481979370117
min_min_attack_simclr_return_loss_tensor: 6.49893856048584
min_min_attack_simclr_return_loss_tensor: 6.525509834289551
6.51351261138916

min_min_attack_simclr_return_loss_tensor: 6.525147438049316
min_min_attack_simclr_return_loss_tensor: 6.5107622146606445
min_min_attack_simclr_return_loss_tensor: 6.468204498291016
min_min_attack_simclr_return_loss_tensor: 6.529529571533203
min_min_attack_simclr_return_loss_tensor: 6.484192371368408

min_min_attack_simclr_return_loss_tensor: 6.509493827819824
min_min_attack_simclr_return_loss_tensor: 6.59616756439209
min_min_attack_simclr_return_loss_tensor: 6.526490211486816
min_min_attack_simclr_return_loss_tensor: 6.500027656555176
min_min_attack_simclr_return_loss_tensor: 6.493878364562988
6.508977651596069

min_min_attack_simclr_return_loss_tensor: 6.5560383796691895
min_min_attack_simclr_return_loss_tensor: 6.503424644470215
min_min_attack_simclr_return_loss_tensor: 6.505212306976318
min_min_attack_simclr_return_loss_tensor: 6.392024993896484
min_min_attack_simclr_return_loss_tensor: 6.473071098327637

min_min_attack_simclr_return_loss_tensor: 6.491227149963379
min_min_attack_simclr_return_loss_tensor: 6.508101463317871
min_min_attack_simclr_return_loss_tensor: 6.45038366317749
min_min_attack_simclr_return_loss_tensor: 6.541422367095947
min_min_attack_simclr_return_loss_tensor: 6.483564853668213
6.4785215854644775

min_min_attack_simclr_return_loss_tensor: 6.688403129577637
min_min_attack_simclr_return_loss_tensor: 6.638315200805664
min_min_attack_simclr_return_loss_tensor: 6.691374778747559
min_min_attack_simclr_return_loss_tensor: 6.538118362426758
min_min_attack_simclr_return_loss_tensor: 6.63980770111084

min_min_attack_simclr_return_loss_tensor: 6.628015041351318
min_min_attack_simclr_return_loss_tensor: 6.630669116973877
min_min_attack_simclr_return_loss_tensor: 6.671696662902832
min_min_attack_simclr_return_loss_tensor: 6.608872890472412
min_min_attack_simclr_return_loss_tensor: 6.620611190795898
6.510665655136108

min_min_attack_simclr_return_loss_tensor: 6.622050762176514
min_min_attack_simclr_return_loss_tensor: 6.596922397613525
min_min_attack_simclr_return_loss_tensor: 6.589026927947998
min_min_attack_simclr_return_loss_tensor: 6.596529006958008
min_min_attack_simclr_return_loss_tensor: 6.495450019836426

min_min_attack_simclr_return_loss_tensor: 6.630802631378174
min_min_attack_simclr_return_loss_tensor: 6.590570449829102
min_min_attack_simclr_return_loss_tensor: 6.537707328796387
min_min_attack_simclr_return_loss_tensor: 6.511069297790527
min_min_attack_simclr_return_loss_tensor: 6.577815532684326
6.508938789367676

min_min_attack_simclr_return_loss_tensor: 6.55579948425293
min_min_attack_simclr_return_loss_tensor: 6.56664514541626
min_min_attack_simclr_return_loss_tensor: 6.569992542266846
min_min_attack_simclr_return_loss_tensor: 6.551987171173096
min_min_attack_simclr_return_loss_tensor: 6.55215311050415

min_min_attack_simclr_return_loss_tensor: 6.625246524810791
min_min_attack_simclr_return_loss_tensor: 6.551120758056641
min_min_attack_simclr_return_loss_tensor: 6.515460014343262
min_min_attack_simclr_return_loss_tensor: 6.555804252624512
min_min_attack_simclr_return_loss_tensor: 6.526983261108398
6.498773097991943

min_min_attack_simclr_return_loss_tensor: 6.517391204833984
min_min_attack_simclr_return_loss_tensor: 6.469698905944824
min_min_attack_simclr_return_loss_tensor: 6.505825996398926
min_min_attack_simclr_return_loss_tensor: 6.479770660400391
min_min_attack_simclr_return_loss_tensor: 6.493511199951172

min_min_attack_simclr_return_loss_tensor: 6.58980655670166
min_min_attack_simclr_return_loss_tensor: 6.539907455444336
min_min_attack_simclr_return_loss_tensor: 6.484844207763672
min_min_attack_simclr_return_loss_tensor: 6.536670684814453
min_min_attack_simclr_return_loss_tensor: 6.479498863220215
6.487118721008301

min_min_attack_simclr_return_loss_tensor: 6.451818466186523
min_min_attack_simclr_return_loss_tensor: 6.450174331665039
min_min_attack_simclr_return_loss_tensor: 6.4547271728515625
min_min_attack_simclr_return_loss_tensor: 6.428712844848633
min_min_attack_simclr_return_loss_tensor: 6.422985076904297

min_min_attack_simclr_return_loss_tensor: 6.558724880218506
min_min_attack_simclr_return_loss_tensor: 6.487518310546875
min_min_attack_simclr_return_loss_tensor: 6.53952169418335
min_min_attack_simclr_return_loss_tensor: 6.491551399230957
min_min_attack_simclr_return_loss_tensor: 6.461259841918945
6.478397369384766

min_min_attack_simclr_return_loss_tensor: 6.565493106842041
min_min_attack_simclr_return_loss_tensor: 6.590183734893799
min_min_attack_simclr_return_loss_tensor: 6.543067455291748
min_min_attack_simclr_return_loss_tensor: 6.522247314453125
min_min_attack_simclr_return_loss_tensor: 6.555164813995361

min_min_attack_simclr_return_loss_tensor: 6.636171817779541
min_min_attack_simclr_return_loss_tensor: 6.53193473815918
min_min_attack_simclr_return_loss_tensor: 6.518318176269531
min_min_attack_simclr_return_loss_tensor: 6.564138889312744
min_min_attack_simclr_return_loss_tensor: 6.493212699890137
6.433667182922363

min_min_attack_simclr_return_loss_tensor: 6.547331809997559
min_min_attack_simclr_return_loss_tensor: 6.4148359298706055
min_min_attack_simclr_return_loss_tensor: 6.478401184082031
min_min_attack_simclr_return_loss_tensor: 6.407321929931641
min_min_attack_simclr_return_loss_tensor: 6.412840366363525

min_min_attack_simclr_return_loss_tensor: 6.4700608253479
min_min_attack_simclr_return_loss_tensor: 6.51939058303833
min_min_attack_simclr_return_loss_tensor: 6.414252758026123
min_min_attack_simclr_return_loss_tensor: 6.3984270095825195
min_min_attack_simclr_return_loss_tensor: 6.430230140686035
6.485875129699707
model saved at unlearnable_36163161_20211101162756_0.5_512_1000

min_min_attack_simclr_return_loss_tensor: 6.491553783416748
min_min_attack_simclr_return_loss_tensor: 6.4942307472229
min_min_attack_simclr_return_loss_tensor: 6.523107051849365
min_min_attack_simclr_return_loss_tensor: 6.457979202270508
min_min_attack_simclr_return_loss_tensor: 6.398715496063232

min_min_attack_simclr_return_loss_tensor: 6.485409736633301
min_min_attack_simclr_return_loss_tensor: 6.423300743103027
min_min_attack_simclr_return_loss_tensor: 6.446610927581787
min_min_attack_simclr_return_loss_tensor: 6.414107322692871
min_min_attack_simclr_return_loss_tensor: 6.429234027862549
6.474747180938721

min_min_attack_simclr_return_loss_tensor: 6.44135856628418
min_min_attack_simclr_return_loss_tensor: 6.3931708335876465
min_min_attack_simclr_return_loss_tensor: 6.38463020324707
min_min_attack_simclr_return_loss_tensor: 6.492496013641357
min_min_attack_simclr_return_loss_tensor: 6.338005065917969

min_min_attack_simclr_return_loss_tensor: 6.458106994628906
min_min_attack_simclr_return_loss_tensor: 6.441481590270996
min_min_attack_simclr_return_loss_tensor: 6.418978691101074
min_min_attack_simclr_return_loss_tensor: 6.394092559814453
min_min_attack_simclr_return_loss_tensor: 6.449955940246582
6.466729640960693

min_min_attack_simclr_return_loss_tensor: 6.537306785583496
min_min_attack_simclr_return_loss_tensor: 6.539553642272949
min_min_attack_simclr_return_loss_tensor: 6.499186992645264
min_min_attack_simclr_return_loss_tensor: 6.510658264160156
min_min_attack_simclr_return_loss_tensor: 6.52854585647583

min_min_attack_simclr_return_loss_tensor: 6.571691513061523
min_min_attack_simclr_return_loss_tensor: 6.585515022277832
min_min_attack_simclr_return_loss_tensor: 6.570911407470703
min_min_attack_simclr_return_loss_tensor: 6.494986057281494
min_min_attack_simclr_return_loss_tensor: 6.49479866027832
6.439382314682007

min_min_attack_simclr_return_loss_tensor: 6.535609722137451
min_min_attack_simclr_return_loss_tensor: 6.4919586181640625
min_min_attack_simclr_return_loss_tensor: 6.514892101287842
min_min_attack_simclr_return_loss_tensor: 6.463444232940674
min_min_attack_simclr_return_loss_tensor: 6.482877731323242

min_min_attack_simclr_return_loss_tensor: 6.51551628112793
min_min_attack_simclr_return_loss_tensor: 6.524014472961426
min_min_attack_simclr_return_loss_tensor: 6.451153755187988
min_min_attack_simclr_return_loss_tensor: 6.476186275482178
min_min_attack_simclr_return_loss_tensor: 6.455358028411865
6.51884126663208

min_min_attack_simclr_return_loss_tensor: 6.473520755767822
min_min_attack_simclr_return_loss_tensor: 6.412128925323486
min_min_attack_simclr_return_loss_tensor: 6.375062942504883
min_min_attack_simclr_return_loss_tensor: 6.425725936889648
min_min_attack_simclr_return_loss_tensor: 6.38651180267334

min_min_attack_simclr_return_loss_tensor: 6.489130973815918
min_min_attack_simclr_return_loss_tensor: 6.456158638000488
min_min_attack_simclr_return_loss_tensor: 6.448424339294434
min_min_attack_simclr_return_loss_tensor: 6.416195869445801
min_min_attack_simclr_return_loss_tensor: 6.368820667266846
6.455387830734253

min_min_attack_simclr_return_loss_tensor: 6.465826034545898
min_min_attack_simclr_return_loss_tensor: 6.492814064025879
min_min_attack_simclr_return_loss_tensor: 6.427273273468018
min_min_attack_simclr_return_loss_tensor: 6.387748718261719
min_min_attack_simclr_return_loss_tensor: 6.470438003540039

min_min_attack_simclr_return_loss_tensor: 6.490205764770508
min_min_attack_simclr_return_loss_tensor: 6.4731974601745605
min_min_attack_simclr_return_loss_tensor: 6.431262969970703
min_min_attack_simclr_return_loss_tensor: 6.404276371002197
min_min_attack_simclr_return_loss_tensor: 6.419797897338867
6.452057361602783

min_min_attack_simclr_return_loss_tensor: 6.37706184387207
min_min_attack_simclr_return_loss_tensor: 6.448363780975342
min_min_attack_simclr_return_loss_tensor: 6.4036407470703125
min_min_attack_simclr_return_loss_tensor: 6.464773178100586
min_min_attack_simclr_return_loss_tensor: 6.440325736999512

min_min_attack_simclr_return_loss_tensor: 6.542864799499512
min_min_attack_simclr_return_loss_tensor: 6.47285270690918
min_min_attack_simclr_return_loss_tensor: 6.534244537353516
min_min_attack_simclr_return_loss_tensor: 6.478768348693848
min_min_attack_simclr_return_loss_tensor: 6.40342903137207
6.470946550369263

min_min_attack_simclr_return_loss_tensor: 6.3876872062683105
min_min_attack_simclr_return_loss_tensor: 6.369510650634766
min_min_attack_simclr_return_loss_tensor: 6.42678165435791
min_min_attack_simclr_return_loss_tensor: 6.344767093658447
min_min_attack_simclr_return_loss_tensor: 6.3722920417785645

min_min_attack_simclr_return_loss_tensor: 6.438844680786133
min_min_attack_simclr_return_loss_tensor: 6.437124252319336
min_min_attack_simclr_return_loss_tensor: 6.383200645446777
min_min_attack_simclr_return_loss_tensor: 6.391768932342529
min_min_attack_simclr_return_loss_tensor: 6.339071273803711
6.420625686645508

min_min_attack_simclr_return_loss_tensor: 6.614831447601318
min_min_attack_simclr_return_loss_tensor: 6.501758098602295
min_min_attack_simclr_return_loss_tensor: 6.506705284118652
min_min_attack_simclr_return_loss_tensor: 6.475647449493408
min_min_attack_simclr_return_loss_tensor: 6.444974899291992

min_min_attack_simclr_return_loss_tensor: 6.5369367599487305
min_min_attack_simclr_return_loss_tensor: 6.543615341186523
min_min_attack_simclr_return_loss_tensor: 6.521946907043457
min_min_attack_simclr_return_loss_tensor: 6.467790126800537
min_min_attack_simclr_return_loss_tensor: 6.465033531188965
6.4387736320495605

min_min_attack_simclr_return_loss_tensor: 6.510111331939697
min_min_attack_simclr_return_loss_tensor: 6.532498836517334
min_min_attack_simclr_return_loss_tensor: 6.545525550842285
min_min_attack_simclr_return_loss_tensor: 6.46185827255249
min_min_attack_simclr_return_loss_tensor: 6.4423909187316895

min_min_attack_simclr_return_loss_tensor: 6.5275774002075195
min_min_attack_simclr_return_loss_tensor: 6.590542316436768
min_min_attack_simclr_return_loss_tensor: 6.470070838928223
min_min_attack_simclr_return_loss_tensor: 6.447657108306885
min_min_attack_simclr_return_loss_tensor: 6.4590067863464355
6.459144115447998
model saved at unlearnable_36163161_20211101162756_0.5_512_1000

min_min_attack_simclr_return_loss_tensor: 6.527609825134277
min_min_attack_simclr_return_loss_tensor: 6.475950717926025
min_min_attack_simclr_return_loss_tensor: 6.4752516746521
min_min_attack_simclr_return_loss_tensor: 6.463125228881836
min_min_attack_simclr_return_loss_tensor: 6.484343528747559

min_min_attack_simclr_return_loss_tensor: 6.557356357574463
min_min_attack_simclr_return_loss_tensor: 6.519528865814209
min_min_attack_simclr_return_loss_tensor: 6.545439720153809
min_min_attack_simclr_return_loss_tensor: 6.544414520263672
min_min_attack_simclr_return_loss_tensor: 6.466940402984619
6.404114484786987

min_min_attack_simclr_return_loss_tensor: 6.549223899841309
min_min_attack_simclr_return_loss_tensor: 6.511037826538086
min_min_attack_simclr_return_loss_tensor: 6.50567102432251
min_min_attack_simclr_return_loss_tensor: 6.5381340980529785
min_min_attack_simclr_return_loss_tensor: 6.489091873168945

min_min_attack_simclr_return_loss_tensor: 6.588032245635986
min_min_attack_simclr_return_loss_tensor: 6.529685020446777
min_min_attack_simclr_return_loss_tensor: 6.482508659362793
min_min_attack_simclr_return_loss_tensor: 6.570973873138428
min_min_attack_simclr_return_loss_tensor: 6.476900100708008
6.417905807495117

min_min_attack_simclr_return_loss_tensor: 6.4199910163879395
min_min_attack_simclr_return_loss_tensor: 6.425431251525879
min_min_attack_simclr_return_loss_tensor: 6.392430305480957
min_min_attack_simclr_return_loss_tensor: 6.367072105407715
min_min_attack_simclr_return_loss_tensor: 6.344687461853027

min_min_attack_simclr_return_loss_tensor: 6.473628044128418
min_min_attack_simclr_return_loss_tensor: 6.391441345214844
min_min_attack_simclr_return_loss_tensor: 6.3992156982421875
min_min_attack_simclr_return_loss_tensor: 6.353386878967285
min_min_attack_simclr_return_loss_tensor: 6.401057243347168
6.385982036590576

min_min_attack_simclr_return_loss_tensor: 6.5658979415893555
min_min_attack_simclr_return_loss_tensor: 6.5155863761901855
min_min_attack_simclr_return_loss_tensor: 6.531404495239258
min_min_attack_simclr_return_loss_tensor: 6.44965124130249
min_min_attack_simclr_return_loss_tensor: 6.430989742279053

min_min_attack_simclr_return_loss_tensor: 6.514850616455078
min_min_attack_simclr_return_loss_tensor: 6.4651689529418945
min_min_attack_simclr_return_loss_tensor: 6.535131454467773
min_min_attack_simclr_return_loss_tensor: 6.500286102294922
min_min_attack_simclr_return_loss_tensor: 6.495197296142578
6.392787456512451

min_min_attack_simclr_return_loss_tensor: 6.524489879608154
min_min_attack_simclr_return_loss_tensor: 6.4908318519592285
min_min_attack_simclr_return_loss_tensor: 6.398725986480713
min_min_attack_simclr_return_loss_tensor: 6.381223678588867
min_min_attack_simclr_return_loss_tensor: 6.416977882385254

min_min_attack_simclr_return_loss_tensor: 6.466529846191406
min_min_attack_simclr_return_loss_tensor: 6.492306709289551
min_min_attack_simclr_return_loss_tensor: 6.465325355529785
min_min_attack_simclr_return_loss_tensor: 6.451457977294922
min_min_attack_simclr_return_loss_tensor: 6.450122833251953
6.445183515548706

min_min_attack_simclr_return_loss_tensor: 6.472674369812012
min_min_attack_simclr_return_loss_tensor: 6.43118953704834
min_min_attack_simclr_return_loss_tensor: 6.426629543304443
min_min_attack_simclr_return_loss_tensor: 6.357906341552734
min_min_attack_simclr_return_loss_tensor: 6.329645156860352

min_min_attack_simclr_return_loss_tensor: 6.439203262329102
min_min_attack_simclr_return_loss_tensor: 6.413203716278076
min_min_attack_simclr_return_loss_tensor: 6.329720497131348
min_min_attack_simclr_return_loss_tensor: 6.44240140914917
min_min_attack_simclr_return_loss_tensor: 6.378387451171875
6.409418106079102

min_min_attack_simclr_return_loss_tensor: 6.46395206451416
min_min_attack_simclr_return_loss_tensor: 6.404838562011719
min_min_attack_simclr_return_loss_tensor: 6.394762992858887
min_min_attack_simclr_return_loss_tensor: 6.390331268310547
min_min_attack_simclr_return_loss_tensor: 6.339150905609131

min_min_attack_simclr_return_loss_tensor: 6.541500091552734
min_min_attack_simclr_return_loss_tensor: 6.432106018066406
min_min_attack_simclr_return_loss_tensor: 6.4475860595703125
min_min_attack_simclr_return_loss_tensor: 6.399486541748047
min_min_attack_simclr_return_loss_tensor: 6.398399353027344
6.4308576583862305

min_min_attack_simclr_return_loss_tensor: 6.450145721435547
min_min_attack_simclr_return_loss_tensor: 6.3798627853393555
min_min_attack_simclr_return_loss_tensor: 6.36318302154541
min_min_attack_simclr_return_loss_tensor: 6.368638038635254
min_min_attack_simclr_return_loss_tensor: 6.345627307891846

min_min_attack_simclr_return_loss_tensor: 6.496607303619385
min_min_attack_simclr_return_loss_tensor: 6.434177398681641
min_min_attack_simclr_return_loss_tensor: 6.425136566162109
min_min_attack_simclr_return_loss_tensor: 6.395081520080566
min_min_attack_simclr_return_loss_tensor: 6.479684829711914
6.437469720840454

min_min_attack_simclr_return_loss_tensor: 6.428862571716309
min_min_attack_simclr_return_loss_tensor: 6.475659370422363
min_min_attack_simclr_return_loss_tensor: 6.428198337554932
min_min_attack_simclr_return_loss_tensor: 6.406197547912598
min_min_attack_simclr_return_loss_tensor: 6.362544536590576

min_min_attack_simclr_return_loss_tensor: 6.475094795227051
min_min_attack_simclr_return_loss_tensor: 6.48379373550415
min_min_attack_simclr_return_loss_tensor: 6.411008358001709
min_min_attack_simclr_return_loss_tensor: 6.386658668518066
min_min_attack_simclr_return_loss_tensor: 6.343751907348633
6.411795616149902

min_min_attack_simclr_return_loss_tensor: 6.4256744384765625
min_min_attack_simclr_return_loss_tensor: 6.414834976196289
min_min_attack_simclr_return_loss_tensor: 6.3851189613342285
min_min_attack_simclr_return_loss_tensor: 6.368940353393555
min_min_attack_simclr_return_loss_tensor: 6.3585615158081055

min_min_attack_simclr_return_loss_tensor: 6.407505989074707
min_min_attack_simclr_return_loss_tensor: 6.4176788330078125
min_min_attack_simclr_return_loss_tensor: 6.3960490226745605
min_min_attack_simclr_return_loss_tensor: 6.410228729248047
min_min_attack_simclr_return_loss_tensor: 6.341114044189453
6.419079780578613
model saved at unlearnable_36163161_20211101162756_0.5_512_1000

min_min_attack_simclr_return_loss_tensor: 6.3506598472595215
min_min_attack_simclr_return_loss_tensor: 6.36398458480835
min_min_attack_simclr_return_loss_tensor: 6.354931354522705
min_min_attack_simclr_return_loss_tensor: 6.32518196105957
min_min_attack_simclr_return_loss_tensor: 6.2927446365356445

min_min_attack_simclr_return_loss_tensor: 6.389820098876953
min_min_attack_simclr_return_loss_tensor: 6.404634952545166
min_min_attack_simclr_return_loss_tensor: 6.3547210693359375
min_min_attack_simclr_return_loss_tensor: 6.3865814208984375
min_min_attack_simclr_return_loss_tensor: 6.360175609588623
6.376545429229736

min_min_attack_simclr_return_loss_tensor: 6.389041900634766
min_min_attack_simclr_return_loss_tensor: 6.356921195983887
min_min_attack_simclr_return_loss_tensor: 6.383359432220459
min_min_attack_simclr_return_loss_tensor: 6.318536281585693
min_min_attack_simclr_return_loss_tensor: 6.347057819366455

min_min_attack_simclr_return_loss_tensor: 6.417598724365234
min_min_attack_simclr_return_loss_tensor: 6.370671272277832
min_min_attack_simclr_return_loss_tensor: 6.386073589324951
min_min_attack_simclr_return_loss_tensor: 6.388580322265625
min_min_attack_simclr_return_loss_tensor: 6.3313798904418945
6.399197101593018

min_min_attack_simclr_return_loss_tensor: 6.453995704650879
min_min_attack_simclr_return_loss_tensor: 6.424619674682617
min_min_attack_simclr_return_loss_tensor: 6.408422946929932
min_min_attack_simclr_return_loss_tensor: 6.394320964813232
min_min_attack_simclr_return_loss_tensor: 6.44274377822876

min_min_attack_simclr_return_loss_tensor: 6.521449089050293
min_min_attack_simclr_return_loss_tensor: 6.478071212768555
min_min_attack_simclr_return_loss_tensor: 6.4323930740356445
min_min_attack_simclr_return_loss_tensor: 6.423962116241455
min_min_attack_simclr_return_loss_tensor: 6.443577766418457
6.379363298416138

min_min_attack_simclr_return_loss_tensor: 6.461366653442383
min_min_attack_simclr_return_loss_tensor: 6.4572882652282715
min_min_attack_simclr_return_loss_tensor: 6.445559501647949
min_min_attack_simclr_return_loss_tensor: 6.3551926612854
min_min_attack_simclr_return_loss_tensor: 6.380941390991211

min_min_attack_simclr_return_loss_tensor: 6.503116130828857
