New small dataset
python3 -u ssl_perturbation_save_model.py --config_path configs/cifar10 --exp_name path/to/your/experiment/folder --version resnet18 --train_data_type CIFAR10 --noise_shape 4 3 32 32 --epsilon 32 --num_steps 5 --step_size 3.2 --attack_type min-min --perturb_type classwise --universal_train_target 'classwise' --train_step 10 --epochs 1000 --min_min_attack_fn non_eot --strong_aug --random_start --org_label_noise --job_id 36163160
check check
__name__ simclr
Files already downloaded and verified
Files already downloaded and verified
Files already downloaded and verified
Files already downloaded and verified
The whole epochs are 1000

min_min_attack_simclr_return_loss_tensor: 6.927834987640381
min_min_attack_simclr_return_loss_tensor: 6.916416645050049
min_min_attack_simclr_return_loss_tensor: 6.926609516143799
min_min_attack_simclr_return_loss_tensor: 6.913457870483398
min_min_attack_simclr_return_loss_tensor: 6.920701026916504

min_min_attack_simclr_return_loss_tensor: 6.9332966804504395
min_min_attack_simclr_return_loss_tensor: 6.926162242889404
min_min_attack_simclr_return_loss_tensor: 6.913944244384766
min_min_attack_simclr_return_loss_tensor: 6.925418853759766
min_min_attack_simclr_return_loss_tensor: 6.92978048324585
6.9242730140686035

min_min_attack_simclr_return_loss_tensor: 6.915912628173828
min_min_attack_simclr_return_loss_tensor: 6.93591833114624
min_min_attack_simclr_return_loss_tensor: 6.931475639343262
min_min_attack_simclr_return_loss_tensor: 6.918283939361572
min_min_attack_simclr_return_loss_tensor: 6.939510345458984

min_min_attack_simclr_return_loss_tensor: 6.939918041229248
min_min_attack_simclr_return_loss_tensor: 6.922371864318848
min_min_attack_simclr_return_loss_tensor: 6.925103187561035
min_min_attack_simclr_return_loss_tensor: 6.919078350067139
min_min_attack_simclr_return_loss_tensor: 6.920902729034424
6.908990383148193

min_min_attack_simclr_return_loss_tensor: 6.928570747375488
min_min_attack_simclr_return_loss_tensor: 6.917672157287598
min_min_attack_simclr_return_loss_tensor: 6.933555603027344
min_min_attack_simclr_return_loss_tensor: 6.913013458251953
min_min_attack_simclr_return_loss_tensor: 6.921424388885498

min_min_attack_simclr_return_loss_tensor: 6.912906646728516
min_min_attack_simclr_return_loss_tensor: 6.915139198303223
min_min_attack_simclr_return_loss_tensor: 6.917706489562988
min_min_attack_simclr_return_loss_tensor: 6.900964736938477
min_min_attack_simclr_return_loss_tensor: 6.918951034545898
6.88852596282959

min_min_attack_simclr_return_loss_tensor: 6.9060869216918945
min_min_attack_simclr_return_loss_tensor: 6.90413761138916
min_min_attack_simclr_return_loss_tensor: 6.919823169708252
min_min_attack_simclr_return_loss_tensor: 6.895975112915039
min_min_attack_simclr_return_loss_tensor: 6.895040512084961

min_min_attack_simclr_return_loss_tensor: 6.909071922302246
min_min_attack_simclr_return_loss_tensor: 6.911654949188232
min_min_attack_simclr_return_loss_tensor: 6.9117751121521
min_min_attack_simclr_return_loss_tensor: 6.898531436920166
min_min_attack_simclr_return_loss_tensor: 6.891782760620117
6.859146595001221

min_min_attack_simclr_return_loss_tensor: 6.977804660797119
min_min_attack_simclr_return_loss_tensor: 6.9528326988220215
min_min_attack_simclr_return_loss_tensor: 6.954987049102783
min_min_attack_simclr_return_loss_tensor: 6.957993984222412
min_min_attack_simclr_return_loss_tensor: 6.952695369720459

min_min_attack_simclr_return_loss_tensor: 6.943776607513428
min_min_attack_simclr_return_loss_tensor: 7.001711845397949
min_min_attack_simclr_return_loss_tensor: 6.9630584716796875
min_min_attack_simclr_return_loss_tensor: 6.980965614318848
min_min_attack_simclr_return_loss_tensor: 6.953347206115723
6.804834604263306

min_min_attack_simclr_return_loss_tensor: 6.937813758850098
min_min_attack_simclr_return_loss_tensor: 6.947061538696289
min_min_attack_simclr_return_loss_tensor: 6.93766975402832
min_min_attack_simclr_return_loss_tensor: 6.959619998931885
min_min_attack_simclr_return_loss_tensor: 6.946620941162109

min_min_attack_simclr_return_loss_tensor: 6.941866874694824
min_min_attack_simclr_return_loss_tensor: 6.948044776916504
min_min_attack_simclr_return_loss_tensor: 6.927159309387207
min_min_attack_simclr_return_loss_tensor: 6.9595537185668945
min_min_attack_simclr_return_loss_tensor: 6.944915771484375
6.8549745082855225

min_min_attack_simclr_return_loss_tensor: 6.939377784729004
min_min_attack_simclr_return_loss_tensor: 6.869321823120117
min_min_attack_simclr_return_loss_tensor: 6.888373374938965
min_min_attack_simclr_return_loss_tensor: 6.8927321434021
min_min_attack_simclr_return_loss_tensor: 6.897311210632324

min_min_attack_simclr_return_loss_tensor: 6.90812349319458
min_min_attack_simclr_return_loss_tensor: 6.887435436248779
min_min_attack_simclr_return_loss_tensor: 6.9064621925354
min_min_attack_simclr_return_loss_tensor: 6.925211429595947
min_min_attack_simclr_return_loss_tensor: 6.868988513946533
6.842991828918457

min_min_attack_simclr_return_loss_tensor: 6.818771839141846
min_min_attack_simclr_return_loss_tensor: 6.868012428283691
min_min_attack_simclr_return_loss_tensor: 6.838322639465332
min_min_attack_simclr_return_loss_tensor: 6.826786994934082
min_min_attack_simclr_return_loss_tensor: 6.814540863037109

min_min_attack_simclr_return_loss_tensor: 6.864960670471191
min_min_attack_simclr_return_loss_tensor: 6.835690498352051
min_min_attack_simclr_return_loss_tensor: 6.818875312805176
min_min_attack_simclr_return_loss_tensor: 6.824848651885986
min_min_attack_simclr_return_loss_tensor: 6.848392486572266
6.804100275039673

min_min_attack_simclr_return_loss_tensor: 6.7774152755737305
min_min_attack_simclr_return_loss_tensor: 6.804868698120117
min_min_attack_simclr_return_loss_tensor: 6.789506435394287
min_min_attack_simclr_return_loss_tensor: 6.76505184173584
min_min_attack_simclr_return_loss_tensor: 6.772365570068359

min_min_attack_simclr_return_loss_tensor: 6.816287994384766
min_min_attack_simclr_return_loss_tensor: 6.762945175170898
min_min_attack_simclr_return_loss_tensor: 6.743873596191406
min_min_attack_simclr_return_loss_tensor: 6.783072471618652
min_min_attack_simclr_return_loss_tensor: 6.784456253051758
6.7738037109375

min_min_attack_simclr_return_loss_tensor: 6.835932731628418
min_min_attack_simclr_return_loss_tensor: 6.765115737915039
min_min_attack_simclr_return_loss_tensor: 6.768075942993164
min_min_attack_simclr_return_loss_tensor: 6.796943664550781
min_min_attack_simclr_return_loss_tensor: 6.770260334014893

min_min_attack_simclr_return_loss_tensor: 6.816897869110107
min_min_attack_simclr_return_loss_tensor: 6.780633926391602
min_min_attack_simclr_return_loss_tensor: 6.746297836303711
min_min_attack_simclr_return_loss_tensor: 6.81287956237793
min_min_attack_simclr_return_loss_tensor: 6.699906349182129
6.71179461479187
model saved at unlearnable_36163160_20211101162756_0.5_512_1000

min_min_attack_simclr_return_loss_tensor: 6.820587635040283
min_min_attack_simclr_return_loss_tensor: 6.835709095001221
min_min_attack_simclr_return_loss_tensor: 6.8065385818481445
min_min_attack_simclr_return_loss_tensor: 6.848114013671875
min_min_attack_simclr_return_loss_tensor: 6.896213531494141

min_min_attack_simclr_return_loss_tensor: 6.894206523895264
min_min_attack_simclr_return_loss_tensor: 6.819737434387207
min_min_attack_simclr_return_loss_tensor: 6.883495807647705
min_min_attack_simclr_return_loss_tensor: 6.812077522277832
min_min_attack_simclr_return_loss_tensor: 6.80838680267334
6.645865201950073

min_min_attack_simclr_return_loss_tensor: 6.685647487640381
min_min_attack_simclr_return_loss_tensor: 6.677389621734619
min_min_attack_simclr_return_loss_tensor: 6.661128997802734
min_min_attack_simclr_return_loss_tensor: 6.7187724113464355
min_min_attack_simclr_return_loss_tensor: 6.686606407165527

min_min_attack_simclr_return_loss_tensor: 6.714356899261475
min_min_attack_simclr_return_loss_tensor: 6.674954414367676
min_min_attack_simclr_return_loss_tensor: 6.669648170471191
min_min_attack_simclr_return_loss_tensor: 6.658019542694092
min_min_attack_simclr_return_loss_tensor: 6.671140193939209
6.65777063369751

min_min_attack_simclr_return_loss_tensor: 6.822854518890381
min_min_attack_simclr_return_loss_tensor: 6.754584312438965
min_min_attack_simclr_return_loss_tensor: 6.815465927124023
min_min_attack_simclr_return_loss_tensor: 6.817365646362305
min_min_attack_simclr_return_loss_tensor: 6.824932098388672

min_min_attack_simclr_return_loss_tensor: 6.933736801147461
min_min_attack_simclr_return_loss_tensor: 6.8728437423706055
min_min_attack_simclr_return_loss_tensor: 6.814579010009766
min_min_attack_simclr_return_loss_tensor: 6.7626447677612305
min_min_attack_simclr_return_loss_tensor: 6.862109184265137
6.681095123291016

min_min_attack_simclr_return_loss_tensor: 6.745810031890869
min_min_attack_simclr_return_loss_tensor: 6.704687118530273
min_min_attack_simclr_return_loss_tensor: 6.679526329040527
min_min_attack_simclr_return_loss_tensor: 6.734070777893066
min_min_attack_simclr_return_loss_tensor: 6.726890563964844

min_min_attack_simclr_return_loss_tensor: 6.723228931427002
min_min_attack_simclr_return_loss_tensor: 6.7119460105896
min_min_attack_simclr_return_loss_tensor: 6.740146636962891
min_min_attack_simclr_return_loss_tensor: 6.705304145812988
min_min_attack_simclr_return_loss_tensor: 6.746703624725342
6.641381025314331

min_min_attack_simclr_return_loss_tensor: 6.6861252784729
min_min_attack_simclr_return_loss_tensor: 6.635250091552734
min_min_attack_simclr_return_loss_tensor: 6.631897926330566
min_min_attack_simclr_return_loss_tensor: 6.661955833435059
min_min_attack_simclr_return_loss_tensor: 6.64731502532959

min_min_attack_simclr_return_loss_tensor: 6.70933723449707
min_min_attack_simclr_return_loss_tensor: 6.618792533874512
min_min_attack_simclr_return_loss_tensor: 6.634730339050293
min_min_attack_simclr_return_loss_tensor: 6.623443126678467
min_min_attack_simclr_return_loss_tensor: 6.666703224182129
6.66749382019043

min_min_attack_simclr_return_loss_tensor: 6.712008476257324
min_min_attack_simclr_return_loss_tensor: 6.625782489776611
min_min_attack_simclr_return_loss_tensor: 6.667527675628662
min_min_attack_simclr_return_loss_tensor: 6.576790809631348
min_min_attack_simclr_return_loss_tensor: 6.676668167114258

min_min_attack_simclr_return_loss_tensor: 6.726474285125732
min_min_attack_simclr_return_loss_tensor: 6.642145156860352
min_min_attack_simclr_return_loss_tensor: 6.725384712219238
min_min_attack_simclr_return_loss_tensor: 6.696631908416748
min_min_attack_simclr_return_loss_tensor: 6.655839920043945
6.611980199813843

min_min_attack_simclr_return_loss_tensor: 6.639450550079346
min_min_attack_simclr_return_loss_tensor: 6.65177059173584
min_min_attack_simclr_return_loss_tensor: 6.6355061531066895
min_min_attack_simclr_return_loss_tensor: 6.617968559265137
min_min_attack_simclr_return_loss_tensor: 6.640881538391113

min_min_attack_simclr_return_loss_tensor: 6.6353912353515625
min_min_attack_simclr_return_loss_tensor: 6.631884574890137
min_min_attack_simclr_return_loss_tensor: 6.653556823730469
min_min_attack_simclr_return_loss_tensor: 6.566998481750488
min_min_attack_simclr_return_loss_tensor: 6.604694366455078
6.603811979293823

min_min_attack_simclr_return_loss_tensor: 6.577489852905273
min_min_attack_simclr_return_loss_tensor: 6.640460014343262
min_min_attack_simclr_return_loss_tensor: 6.585299968719482
min_min_attack_simclr_return_loss_tensor: 6.536372184753418
min_min_attack_simclr_return_loss_tensor: 6.595345973968506

min_min_attack_simclr_return_loss_tensor: 6.598067283630371
min_min_attack_simclr_return_loss_tensor: 6.610419273376465
min_min_attack_simclr_return_loss_tensor: 6.597949028015137
min_min_attack_simclr_return_loss_tensor: 6.579850196838379
min_min_attack_simclr_return_loss_tensor: 6.542925834655762
6.575641632080078

min_min_attack_simclr_return_loss_tensor: 6.6357879638671875
min_min_attack_simclr_return_loss_tensor: 6.6381354331970215
min_min_attack_simclr_return_loss_tensor: 6.631870746612549
min_min_attack_simclr_return_loss_tensor: 6.64616584777832
min_min_attack_simclr_return_loss_tensor: 6.654269695281982

min_min_attack_simclr_return_loss_tensor: 6.650295257568359
min_min_attack_simclr_return_loss_tensor: 6.673120498657227
min_min_attack_simclr_return_loss_tensor: 6.6023454666137695
min_min_attack_simclr_return_loss_tensor: 6.638497352600098
min_min_attack_simclr_return_loss_tensor: 6.632829666137695
6.605679750442505

min_min_attack_simclr_return_loss_tensor: 6.599139213562012
min_min_attack_simclr_return_loss_tensor: 6.5771002769470215
min_min_attack_simclr_return_loss_tensor: 6.565361976623535
min_min_attack_simclr_return_loss_tensor: 6.565204620361328
min_min_attack_simclr_return_loss_tensor: 6.561833381652832

min_min_attack_simclr_return_loss_tensor: 6.609894752502441
min_min_attack_simclr_return_loss_tensor: 6.588907241821289
min_min_attack_simclr_return_loss_tensor: 6.600303649902344
min_min_attack_simclr_return_loss_tensor: 6.520397186279297
min_min_attack_simclr_return_loss_tensor: 6.634028434753418
6.594723224639893
model saved at unlearnable_36163160_20211101162756_0.5_512_1000

min_min_attack_simclr_return_loss_tensor: 6.533783912658691
min_min_attack_simclr_return_loss_tensor: 6.5990142822265625
min_min_attack_simclr_return_loss_tensor: 6.565637588500977
min_min_attack_simclr_return_loss_tensor: 6.574646949768066
min_min_attack_simclr_return_loss_tensor: 6.567911148071289

min_min_attack_simclr_return_loss_tensor: 6.5868330001831055
min_min_attack_simclr_return_loss_tensor: 6.590737342834473
min_min_attack_simclr_return_loss_tensor: 6.590545177459717
min_min_attack_simclr_return_loss_tensor: 6.579923629760742
min_min_attack_simclr_return_loss_tensor: 6.5404887199401855
6.5642218589782715

min_min_attack_simclr_return_loss_tensor: 6.560148239135742
min_min_attack_simclr_return_loss_tensor: 6.537042617797852
min_min_attack_simclr_return_loss_tensor: 6.565184116363525
min_min_attack_simclr_return_loss_tensor: 6.57684326171875
min_min_attack_simclr_return_loss_tensor: 6.570112228393555

min_min_attack_simclr_return_loss_tensor: 6.621254920959473
min_min_attack_simclr_return_loss_tensor: 6.612608909606934
min_min_attack_simclr_return_loss_tensor: 6.6198225021362305
min_min_attack_simclr_return_loss_tensor: 6.526238441467285
min_min_attack_simclr_return_loss_tensor: 6.513027191162109
6.591255187988281

min_min_attack_simclr_return_loss_tensor: 6.576882362365723
min_min_attack_simclr_return_loss_tensor: 6.602220058441162
min_min_attack_simclr_return_loss_tensor: 6.6288652420043945
min_min_attack_simclr_return_loss_tensor: 6.612454414367676
min_min_attack_simclr_return_loss_tensor: 6.628331661224365

min_min_attack_simclr_return_loss_tensor: 6.68222713470459
min_min_attack_simclr_return_loss_tensor: 6.606751441955566
min_min_attack_simclr_return_loss_tensor: 6.6098761558532715
min_min_attack_simclr_return_loss_tensor: 6.622767925262451
min_min_attack_simclr_return_loss_tensor: 6.6178436279296875
6.563846826553345

min_min_attack_simclr_return_loss_tensor: 6.613190174102783
min_min_attack_simclr_return_loss_tensor: 6.533002853393555
min_min_attack_simclr_return_loss_tensor: 6.499951362609863
min_min_attack_simclr_return_loss_tensor: 6.493837833404541
min_min_attack_simclr_return_loss_tensor: 6.50864839553833

min_min_attack_simclr_return_loss_tensor: 6.579634666442871
min_min_attack_simclr_return_loss_tensor: 6.532175540924072
min_min_attack_simclr_return_loss_tensor: 6.498557090759277
min_min_attack_simclr_return_loss_tensor: 6.5391645431518555
min_min_attack_simclr_return_loss_tensor: 6.519052505493164
6.5525147914886475

min_min_attack_simclr_return_loss_tensor: 6.606632232666016
min_min_attack_simclr_return_loss_tensor: 6.5935235023498535
min_min_attack_simclr_return_loss_tensor: 6.58566951751709
min_min_attack_simclr_return_loss_tensor: 6.646388053894043
min_min_attack_simclr_return_loss_tensor: 6.596233367919922

min_min_attack_simclr_return_loss_tensor: 6.576656341552734
min_min_attack_simclr_return_loss_tensor: 6.588422775268555
min_min_attack_simclr_return_loss_tensor: 6.6115922927856445
min_min_attack_simclr_return_loss_tensor: 6.613569259643555
min_min_attack_simclr_return_loss_tensor: 6.611458778381348
6.575179576873779

min_min_attack_simclr_return_loss_tensor: 6.54036808013916
min_min_attack_simclr_return_loss_tensor: 6.54668664932251
min_min_attack_simclr_return_loss_tensor: 6.555265426635742
min_min_attack_simclr_return_loss_tensor: 6.5524444580078125
min_min_attack_simclr_return_loss_tensor: 6.532264232635498

min_min_attack_simclr_return_loss_tensor: 6.596863746643066
min_min_attack_simclr_return_loss_tensor: 6.533557415008545
min_min_attack_simclr_return_loss_tensor: 6.532181262969971
min_min_attack_simclr_return_loss_tensor: 6.49603271484375
min_min_attack_simclr_return_loss_tensor: 6.555521488189697
6.560996055603027

min_min_attack_simclr_return_loss_tensor: 6.592064380645752
min_min_attack_simclr_return_loss_tensor: 6.601785659790039
min_min_attack_simclr_return_loss_tensor: 6.615661144256592
min_min_attack_simclr_return_loss_tensor: 6.632323265075684
min_min_attack_simclr_return_loss_tensor: 6.555642127990723

min_min_attack_simclr_return_loss_tensor: 6.601476192474365
min_min_attack_simclr_return_loss_tensor: 6.621371269226074
min_min_attack_simclr_return_loss_tensor: 6.612560272216797
min_min_attack_simclr_return_loss_tensor: 6.545175552368164
min_min_attack_simclr_return_loss_tensor: 6.590313911437988
6.543885231018066

min_min_attack_simclr_return_loss_tensor: 6.619410991668701
min_min_attack_simclr_return_loss_tensor: 6.7045488357543945
min_min_attack_simclr_return_loss_tensor: 6.6534223556518555
min_min_attack_simclr_return_loss_tensor: 6.61473274230957
min_min_attack_simclr_return_loss_tensor: 6.632633209228516

min_min_attack_simclr_return_loss_tensor: 6.722568511962891
min_min_attack_simclr_return_loss_tensor: 6.684628009796143
min_min_attack_simclr_return_loss_tensor: 6.66402530670166
min_min_attack_simclr_return_loss_tensor: 6.730034828186035
min_min_attack_simclr_return_loss_tensor: 6.633387088775635
6.572333574295044

min_min_attack_simclr_return_loss_tensor: 6.581203460693359
min_min_attack_simclr_return_loss_tensor: 6.567802429199219
min_min_attack_simclr_return_loss_tensor: 6.56734561920166
min_min_attack_simclr_return_loss_tensor: 6.559228897094727
min_min_attack_simclr_return_loss_tensor: 6.525835037231445

min_min_attack_simclr_return_loss_tensor: 6.549283981323242
min_min_attack_simclr_return_loss_tensor: 6.523800849914551
min_min_attack_simclr_return_loss_tensor: 6.514914512634277
min_min_attack_simclr_return_loss_tensor: 6.51047420501709
min_min_attack_simclr_return_loss_tensor: 6.5317888259887695
6.603983163833618

min_min_attack_simclr_return_loss_tensor: 6.604711532592773
min_min_attack_simclr_return_loss_tensor: 6.551250457763672
min_min_attack_simclr_return_loss_tensor: 6.609344482421875
min_min_attack_simclr_return_loss_tensor: 6.497315883636475
min_min_attack_simclr_return_loss_tensor: 6.590479850769043

min_min_attack_simclr_return_loss_tensor: 6.571833610534668
min_min_attack_simclr_return_loss_tensor: 6.596732139587402
min_min_attack_simclr_return_loss_tensor: 6.581092834472656
min_min_attack_simclr_return_loss_tensor: 6.57501745223999
min_min_attack_simclr_return_loss_tensor: 6.606488227844238
6.566444396972656
model saved at unlearnable_36163160_20211101162756_0.5_512_1000

min_min_attack_simclr_return_loss_tensor: 6.5697784423828125
min_min_attack_simclr_return_loss_tensor: 6.576055526733398
min_min_attack_simclr_return_loss_tensor: 6.54995059967041
min_min_attack_simclr_return_loss_tensor: 6.528697967529297
min_min_attack_simclr_return_loss_tensor: 6.525420665740967

min_min_attack_simclr_return_loss_tensor: 6.537142753601074
min_min_attack_simclr_return_loss_tensor: 6.531541347503662
min_min_attack_simclr_return_loss_tensor: 6.539140701293945
min_min_attack_simclr_return_loss_tensor: 6.533012390136719
min_min_attack_simclr_return_loss_tensor: 6.552970886230469
6.5556418895721436

min_min_attack_simclr_return_loss_tensor: 6.5546064376831055
min_min_attack_simclr_return_loss_tensor: 6.53218936920166
min_min_attack_simclr_return_loss_tensor: 6.545018672943115
min_min_attack_simclr_return_loss_tensor: 6.536920070648193
min_min_attack_simclr_return_loss_tensor: 6.526764869689941

min_min_attack_simclr_return_loss_tensor: 6.5506911277771
min_min_attack_simclr_return_loss_tensor: 6.554262161254883
min_min_attack_simclr_return_loss_tensor: 6.5472259521484375
min_min_attack_simclr_return_loss_tensor: 6.528285026550293
min_min_attack_simclr_return_loss_tensor: 6.520736217498779
6.545831203460693

min_min_attack_simclr_return_loss_tensor: 6.575511932373047
min_min_attack_simclr_return_loss_tensor: 6.586419582366943
min_min_attack_simclr_return_loss_tensor: 6.550529479980469
min_min_attack_simclr_return_loss_tensor: 6.498048782348633
min_min_attack_simclr_return_loss_tensor: 6.494853973388672

min_min_attack_simclr_return_loss_tensor: 6.485532760620117
min_min_attack_simclr_return_loss_tensor: 6.5394721031188965
min_min_attack_simclr_return_loss_tensor: 6.516909122467041
min_min_attack_simclr_return_loss_tensor: 6.536232948303223
min_min_attack_simclr_return_loss_tensor: 6.489558219909668
6.530630111694336

min_min_attack_simclr_return_loss_tensor: 6.499456882476807
min_min_attack_simclr_return_loss_tensor: 6.493368148803711
min_min_attack_simclr_return_loss_tensor: 6.481240272521973
min_min_attack_simclr_return_loss_tensor: 6.486931800842285
min_min_attack_simclr_return_loss_tensor: 6.532479286193848

min_min_attack_simclr_return_loss_tensor: 6.539233207702637
min_min_attack_simclr_return_loss_tensor: 6.515281677246094
min_min_attack_simclr_return_loss_tensor: 6.556220054626465
min_min_attack_simclr_return_loss_tensor: 6.542884826660156
min_min_attack_simclr_return_loss_tensor: 6.532789707183838
6.5025954246521

min_min_attack_simclr_return_loss_tensor: 6.5026421546936035
min_min_attack_simclr_return_loss_tensor: 6.541020393371582
min_min_attack_simclr_return_loss_tensor: 6.530653953552246
min_min_attack_simclr_return_loss_tensor: 6.4884443283081055
min_min_attack_simclr_return_loss_tensor: 6.473340034484863

min_min_attack_simclr_return_loss_tensor: 6.599555015563965
min_min_attack_simclr_return_loss_tensor: 6.555131435394287
min_min_attack_simclr_return_loss_tensor: 6.483279705047607
min_min_attack_simclr_return_loss_tensor: 6.518434524536133
min_min_attack_simclr_return_loss_tensor: 6.501786231994629
6.503954172134399

min_min_attack_simclr_return_loss_tensor: 6.561306953430176
min_min_attack_simclr_return_loss_tensor: 6.492283821105957
min_min_attack_simclr_return_loss_tensor: 6.517433166503906
min_min_attack_simclr_return_loss_tensor: 6.476118564605713
min_min_attack_simclr_return_loss_tensor: 6.517916202545166

min_min_attack_simclr_return_loss_tensor: 6.54865026473999
min_min_attack_simclr_return_loss_tensor: 6.5564374923706055
min_min_attack_simclr_return_loss_tensor: 6.566792964935303
min_min_attack_simclr_return_loss_tensor: 6.509731769561768
min_min_attack_simclr_return_loss_tensor: 6.535610198974609
6.502142906188965

min_min_attack_simclr_return_loss_tensor: 6.520342826843262
min_min_attack_simclr_return_loss_tensor: 6.539373397827148
min_min_attack_simclr_return_loss_tensor: 6.543740272521973
min_min_attack_simclr_return_loss_tensor: 6.450466632843018
min_min_attack_simclr_return_loss_tensor: 6.483765602111816

min_min_attack_simclr_return_loss_tensor: 6.535209655761719
min_min_attack_simclr_return_loss_tensor: 6.531959533691406
min_min_attack_simclr_return_loss_tensor: 6.5617804527282715
min_min_attack_simclr_return_loss_tensor: 6.542324066162109
min_min_attack_simclr_return_loss_tensor: 6.523120880126953
6.5030035972595215

min_min_attack_simclr_return_loss_tensor: 6.701943397521973
min_min_attack_simclr_return_loss_tensor: 6.6126275062561035
min_min_attack_simclr_return_loss_tensor: 6.618350982666016
min_min_attack_simclr_return_loss_tensor: 6.634269714355469
min_min_attack_simclr_return_loss_tensor: 6.600620269775391

min_min_attack_simclr_return_loss_tensor: 6.6440749168396
min_min_attack_simclr_return_loss_tensor: 6.646086692810059
min_min_attack_simclr_return_loss_tensor: 6.651349067687988
min_min_attack_simclr_return_loss_tensor: 6.641330718994141
min_min_attack_simclr_return_loss_tensor: 6.641050815582275
6.452606678009033

min_min_attack_simclr_return_loss_tensor: 6.613715171813965
min_min_attack_simclr_return_loss_tensor: 6.5973381996154785
min_min_attack_simclr_return_loss_tensor: 6.6338629722595215
min_min_attack_simclr_return_loss_tensor: 6.60211181640625
min_min_attack_simclr_return_loss_tensor: 6.556952476501465

min_min_attack_simclr_return_loss_tensor: 6.623859405517578
min_min_attack_simclr_return_loss_tensor: 6.64141845703125
min_min_attack_simclr_return_loss_tensor: 6.6482391357421875
min_min_attack_simclr_return_loss_tensor: 6.604476451873779
min_min_attack_simclr_return_loss_tensor: 6.532248497009277
6.495809316635132

min_min_attack_simclr_return_loss_tensor: 6.522941589355469
min_min_attack_simclr_return_loss_tensor: 6.50521183013916
min_min_attack_simclr_return_loss_tensor: 6.518620014190674
min_min_attack_simclr_return_loss_tensor: 6.474519729614258
min_min_attack_simclr_return_loss_tensor: 6.456110000610352

min_min_attack_simclr_return_loss_tensor: 6.467172622680664
min_min_attack_simclr_return_loss_tensor: 6.516655445098877
min_min_attack_simclr_return_loss_tensor: 6.5187554359436035
min_min_attack_simclr_return_loss_tensor: 6.506298542022705
min_min_attack_simclr_return_loss_tensor: 6.448988914489746
6.505902051925659
model saved at unlearnable_36163160_20211101162756_0.5_512_1000

min_min_attack_simclr_return_loss_tensor: 6.538039207458496
min_min_attack_simclr_return_loss_tensor: 6.56302547454834
min_min_attack_simclr_return_loss_tensor: 6.425555229187012
min_min_attack_simclr_return_loss_tensor: 6.493350982666016
min_min_attack_simclr_return_loss_tensor: 6.453934669494629

min_min_attack_simclr_return_loss_tensor: 6.554021835327148
min_min_attack_simclr_return_loss_tensor: 6.536401748657227
min_min_attack_simclr_return_loss_tensor: 6.51232385635376
min_min_attack_simclr_return_loss_tensor: 6.522585868835449
min_min_attack_simclr_return_loss_tensor: 6.4674482345581055
6.506436109542847

min_min_attack_simclr_return_loss_tensor: 6.507954120635986
min_min_attack_simclr_return_loss_tensor: 6.519148826599121
min_min_attack_simclr_return_loss_tensor: 6.485555648803711
min_min_attack_simclr_return_loss_tensor: 6.515664100646973
min_min_attack_simclr_return_loss_tensor: 6.487090110778809

min_min_attack_simclr_return_loss_tensor: 6.533229827880859
min_min_attack_simclr_return_loss_tensor: 6.500166893005371
min_min_attack_simclr_return_loss_tensor: 6.5219950675964355
min_min_attack_simclr_return_loss_tensor: 6.472959518432617
min_min_attack_simclr_return_loss_tensor: 6.484359264373779
6.442675590515137

min_min_attack_simclr_return_loss_tensor: 6.539214134216309
min_min_attack_simclr_return_loss_tensor: 6.479846477508545
min_min_attack_simclr_return_loss_tensor: 6.4672932624816895
min_min_attack_simclr_return_loss_tensor: 6.482215881347656
min_min_attack_simclr_return_loss_tensor: 6.404153823852539

min_min_attack_simclr_return_loss_tensor: 6.498391151428223
min_min_attack_simclr_return_loss_tensor: 6.512140274047852
min_min_attack_simclr_return_loss_tensor: 6.442812919616699
min_min_attack_simclr_return_loss_tensor: 6.448554515838623
min_min_attack_simclr_return_loss_tensor: 6.487157821655273
6.421935081481934

min_min_attack_simclr_return_loss_tensor: 6.608136177062988
min_min_attack_simclr_return_loss_tensor: 6.574841499328613
min_min_attack_simclr_return_loss_tensor: 6.581816673278809
min_min_attack_simclr_return_loss_tensor: 6.546745777130127
min_min_attack_simclr_return_loss_tensor: 6.530551433563232

min_min_attack_simclr_return_loss_tensor: 6.538445472717285
min_min_attack_simclr_return_loss_tensor: 6.550289154052734
min_min_attack_simclr_return_loss_tensor: 6.628152370452881
min_min_attack_simclr_return_loss_tensor: 6.533741474151611
min_min_attack_simclr_return_loss_tensor: 6.514695644378662
6.4030046463012695

min_min_attack_simclr_return_loss_tensor: 6.445451736450195
min_min_attack_simclr_return_loss_tensor: 6.388591766357422
min_min_attack_simclr_return_loss_tensor: 6.421374320983887
min_min_attack_simclr_return_loss_tensor: 6.368175506591797
min_min_attack_simclr_return_loss_tensor: 6.373756408691406

min_min_attack_simclr_return_loss_tensor: 6.452145099639893
min_min_attack_simclr_return_loss_tensor: 6.437655925750732
min_min_attack_simclr_return_loss_tensor: 6.409738540649414
min_min_attack_simclr_return_loss_tensor: 6.497779846191406
min_min_attack_simclr_return_loss_tensor: 6.465740203857422
6.433294773101807

min_min_attack_simclr_return_loss_tensor: 6.472563743591309
min_min_attack_simclr_return_loss_tensor: 6.498624801635742
min_min_attack_simclr_return_loss_tensor: 6.466516494750977
min_min_attack_simclr_return_loss_tensor: 6.4073486328125
min_min_attack_simclr_return_loss_tensor: 6.497479438781738

min_min_attack_simclr_return_loss_tensor: 6.504094123840332
min_min_attack_simclr_return_loss_tensor: 6.5677361488342285
min_min_attack_simclr_return_loss_tensor: 6.553371429443359
min_min_attack_simclr_return_loss_tensor: 6.462230205535889
min_min_attack_simclr_return_loss_tensor: 6.465856075286865
6.4310243129730225

min_min_attack_simclr_return_loss_tensor: 6.464005470275879
min_min_attack_simclr_return_loss_tensor: 6.434288024902344
min_min_attack_simclr_return_loss_tensor: 6.549029350280762
min_min_attack_simclr_return_loss_tensor: 6.490788459777832
min_min_attack_simclr_return_loss_tensor: 6.425971031188965

min_min_attack_simclr_return_loss_tensor: 6.490727424621582
min_min_attack_simclr_return_loss_tensor: 6.438228607177734
min_min_attack_simclr_return_loss_tensor: 6.4527997970581055
min_min_attack_simclr_return_loss_tensor: 6.5335307121276855
min_min_attack_simclr_return_loss_tensor: 6.451716423034668
6.452223777770996

min_min_attack_simclr_return_loss_tensor: 6.521059036254883
min_min_attack_simclr_return_loss_tensor: 6.464055061340332
min_min_attack_simclr_return_loss_tensor: 6.414316177368164
min_min_attack_simclr_return_loss_tensor: 6.506589889526367
min_min_attack_simclr_return_loss_tensor: 6.446734428405762

min_min_attack_simclr_return_loss_tensor: 6.501107692718506
min_min_attack_simclr_return_loss_tensor: 6.484339714050293
min_min_attack_simclr_return_loss_tensor: 6.476200103759766
min_min_attack_simclr_return_loss_tensor: 6.471268653869629
min_min_attack_simclr_return_loss_tensor: 6.449173450469971
6.426713466644287

min_min_attack_simclr_return_loss_tensor: 6.4771342277526855
min_min_attack_simclr_return_loss_tensor: 6.392285346984863
min_min_attack_simclr_return_loss_tensor: 6.414557456970215
min_min_attack_simclr_return_loss_tensor: 6.451183319091797
min_min_attack_simclr_return_loss_tensor: 6.45404052734375

min_min_attack_simclr_return_loss_tensor: 6.483196258544922
min_min_attack_simclr_return_loss_tensor: 6.45075798034668
min_min_attack_simclr_return_loss_tensor: 6.459661960601807
min_min_attack_simclr_return_loss_tensor: 6.388370513916016
min_min_attack_simclr_return_loss_tensor: 6.437026023864746
6.389817476272583

min_min_attack_simclr_return_loss_tensor: 6.5759077072143555
min_min_attack_simclr_return_loss_tensor: 6.556496620178223
min_min_attack_simclr_return_loss_tensor: 6.579628944396973
min_min_attack_simclr_return_loss_tensor: 6.53448486328125
min_min_attack_simclr_return_loss_tensor: 6.484082221984863

min_min_attack_simclr_return_loss_tensor: 6.475221157073975
min_min_attack_simclr_return_loss_tensor: 6.512351036071777
min_min_attack_simclr_return_loss_tensor: 6.54791259765625
min_min_attack_simclr_return_loss_tensor: 6.526395797729492
min_min_attack_simclr_return_loss_tensor: 6.550157070159912
6.409522771835327
model saved at unlearnable_36163160_20211101162756_0.5_512_1000

min_min_attack_simclr_return_loss_tensor: 6.491518020629883
min_min_attack_simclr_return_loss_tensor: 6.455185413360596
min_min_attack_simclr_return_loss_tensor: 6.44439697265625
min_min_attack_simclr_return_loss_tensor: 6.491180419921875
min_min_attack_simclr_return_loss_tensor: 6.374517440795898

min_min_attack_simclr_return_loss_tensor: 6.492784023284912
min_min_attack_simclr_return_loss_tensor: 6.589150428771973
min_min_attack_simclr_return_loss_tensor: 6.476963520050049
min_min_attack_simclr_return_loss_tensor: 6.565072059631348
min_min_attack_simclr_return_loss_tensor: 6.533718585968018
6.42997407913208

min_min_attack_simclr_return_loss_tensor: 6.473044395446777
min_min_attack_simclr_return_loss_tensor: 6.458965301513672
min_min_attack_simclr_return_loss_tensor: 6.54425573348999
min_min_attack_simclr_return_loss_tensor: 6.511144638061523
min_min_attack_simclr_return_loss_tensor: 6.460144996643066

min_min_attack_simclr_return_loss_tensor: 6.536357402801514
min_min_attack_simclr_return_loss_tensor: 6.54478645324707
min_min_attack_simclr_return_loss_tensor: 6.468487739562988
min_min_attack_simclr_return_loss_tensor: 6.453391075134277
min_min_attack_simclr_return_loss_tensor: 6.481647491455078
6.439083576202393

min_min_attack_simclr_return_loss_tensor: 6.548175811767578
min_min_attack_simclr_return_loss_tensor: 6.489270210266113
min_min_attack_simclr_return_loss_tensor: 6.546402931213379
min_min_attack_simclr_return_loss_tensor: 6.510985374450684
min_min_attack_simclr_return_loss_tensor: 6.467465877532959

min_min_attack_simclr_return_loss_tensor: 6.506157875061035
min_min_attack_simclr_return_loss_tensor: 6.472208023071289
min_min_attack_simclr_return_loss_tensor: 6.547140121459961
min_min_attack_simclr_return_loss_tensor: 6.453596115112305
min_min_attack_simclr_return_loss_tensor: 6.516504764556885
6.4087793827056885

min_min_attack_simclr_return_loss_tensor: 6.4126176834106445
min_min_attack_simclr_return_loss_tensor: 6.465750694274902
min_min_attack_simclr_return_loss_tensor: 6.434901237487793
min_min_attack_simclr_return_loss_tensor: 6.393522262573242
min_min_attack_simclr_return_loss_tensor: 6.3781890869140625

min_min_attack_simclr_return_loss_tensor: 6.449599266052246
min_min_attack_simclr_return_loss_tensor: 6.420592308044434
min_min_attack_simclr_return_loss_tensor: 6.4395904541015625
min_min_attack_simclr_return_loss_tensor: 6.412528038024902
min_min_attack_simclr_return_loss_tensor: 6.476729393005371
6.437656879425049

min_min_attack_simclr_return_loss_tensor: 6.457236289978027
min_min_attack_simclr_return_loss_tensor: 6.544078826904297
min_min_attack_simclr_return_loss_tensor: 6.410192489624023
min_min_attack_simclr_return_loss_tensor: 6.496138095855713
min_min_attack_simclr_return_loss_tensor: 6.474494457244873

min_min_attack_simclr_return_loss_tensor: 6.471467018127441
min_min_attack_simclr_return_loss_tensor: 6.425959587097168
min_min_attack_simclr_return_loss_tensor: 6.476804733276367
min_min_attack_simclr_return_loss_tensor: 6.494823932647705
min_min_attack_simclr_return_loss_tensor: 6.404754638671875
6.387612581253052

min_min_attack_simclr_return_loss_tensor: 6.435682773590088
min_min_attack_simclr_return_loss_tensor: 6.4313459396362305
min_min_attack_simclr_return_loss_tensor: 6.447348594665527
min_min_attack_simclr_return_loss_tensor: 6.443699836730957
min_min_attack_simclr_return_loss_tensor: 6.453601837158203

min_min_attack_simclr_return_loss_tensor: 6.5099711418151855
min_min_attack_simclr_return_loss_tensor: 6.515271186828613
min_min_attack_simclr_return_loss_tensor: 6.435051441192627
min_min_attack_simclr_return_loss_tensor: 6.457987308502197
min_min_attack_simclr_return_loss_tensor: 6.417685508728027
6.45577073097229

min_min_attack_simclr_return_loss_tensor: 6.388439655303955
min_min_attack_simclr_return_loss_tensor: 6.445039749145508
min_min_attack_simclr_return_loss_tensor: 6.400967121124268
min_min_attack_simclr_return_loss_tensor: 6.409214019775391
min_min_attack_simclr_return_loss_tensor: 6.383975982666016

min_min_attack_simclr_return_loss_tensor: 6.4040727615356445
min_min_attack_simclr_return_loss_tensor: 6.414101600646973
min_min_attack_simclr_return_loss_tensor: 6.389179229736328
min_min_attack_simclr_return_loss_tensor: 6.375482559204102
min_min_attack_simclr_return_loss_tensor: 6.36478328704834
6.381909608840942

min_min_attack_simclr_return_loss_tensor: 6.412517547607422
min_min_attack_simclr_return_loss_tensor: 6.467828273773193
min_min_attack_simclr_return_loss_tensor: 6.359564781188965
min_min_attack_simclr_return_loss_tensor: 6.401852130889893
min_min_attack_simclr_return_loss_tensor: 6.4107208251953125

min_min_attack_simclr_return_loss_tensor: 6.445096492767334
min_min_attack_simclr_return_loss_tensor: 6.477778911590576
min_min_attack_simclr_return_loss_tensor: 6.40244197845459
min_min_attack_simclr_return_loss_tensor: 6.472470283508301
min_min_attack_simclr_return_loss_tensor: 6.369894027709961
6.3801445960998535

min_min_attack_simclr_return_loss_tensor: 6.391335964202881
min_min_attack_simclr_return_loss_tensor: 6.391037940979004
min_min_attack_simclr_return_loss_tensor: 6.42746639251709
min_min_attack_simclr_return_loss_tensor: 6.421516418457031
min_min_attack_simclr_return_loss_tensor: 6.363968372344971

min_min_attack_simclr_return_loss_tensor: 6.472957134246826
min_min_attack_simclr_return_loss_tensor: 6.414203643798828
min_min_attack_simclr_return_loss_tensor: 6.4430365562438965
min_min_attack_simclr_return_loss_tensor: 6.387971878051758
min_min_attack_simclr_return_loss_tensor: 6.484131336212158
6.400386095046997

min_min_attack_simclr_return_loss_tensor: 6.41668701171875
min_min_attack_simclr_return_loss_tensor: 6.403543472290039
min_min_attack_simclr_return_loss_tensor: 6.435591697692871
min_min_attack_simclr_return_loss_tensor: 6.374044418334961
min_min_attack_simclr_return_loss_tensor: 6.378286361694336

min_min_attack_simclr_return_loss_tensor: 6.453073501586914
min_min_attack_simclr_return_loss_tensor: 6.472379684448242
min_min_attack_simclr_return_loss_tensor: 6.3727827072143555
min_min_attack_simclr_return_loss_tensor: 6.361466884613037
min_min_attack_simclr_return_loss_tensor: 6.380565643310547
6.340864419937134
model saved at unlearnable_36163160_20211101162756_0.5_512_1000

min_min_attack_simclr_return_loss_tensor: 6.391571998596191
min_min_attack_simclr_return_loss_tensor: 6.3957672119140625
min_min_attack_simclr_return_loss_tensor: 6.47073221206665
min_min_attack_simclr_return_loss_tensor: 6.431872367858887
min_min_attack_simclr_return_loss_tensor: 6.451992988586426

min_min_attack_simclr_return_loss_tensor: 6.409885406494141
min_min_attack_simclr_return_loss_tensor: 6.498164176940918
min_min_attack_simclr_return_loss_tensor: 6.4413347244262695
min_min_attack_simclr_return_loss_tensor: 6.461167335510254
min_min_attack_simclr_return_loss_tensor: 6.404486656188965
6.382589817047119

min_min_attack_simclr_return_loss_tensor: 6.456238269805908
min_min_attack_simclr_return_loss_tensor: 6.411848068237305
min_min_attack_simclr_return_loss_tensor: 6.438907623291016
min_min_attack_simclr_return_loss_tensor: 6.414856433868408
min_min_attack_simclr_return_loss_tensor: 6.402768135070801

min_min_attack_simclr_return_loss_tensor: 6.4682841300964355
min_min_attack_simclr_return_loss_tensor: 6.392148017883301
min_min_attack_simclr_return_loss_tensor: 6.400650501251221
min_min_attack_simclr_return_loss_tensor: 6.407281875610352
min_min_attack_simclr_return_loss_tensor: 6.378227710723877
6.435051202774048

min_min_attack_simclr_return_loss_tensor: 6.51138973236084
min_min_attack_simclr_return_loss_tensor: 6.442876815795898
min_min_attack_simclr_return_loss_tensor: 6.397326946258545
min_min_attack_simclr_return_loss_tensor: 6.465774059295654
min_min_attack_simclr_return_loss_tensor: 6.450000762939453

min_min_attack_simclr_return_loss_tensor: 6.5252580642700195
min_min_attack_simclr_return_loss_tensor: 6.451678276062012
min_min_attack_simclr_return_loss_tensor: 6.473981857299805
min_min_attack_simclr_return_loss_tensor: 6.409724712371826
min_min_attack_simclr_return_loss_tensor: 6.447240829467773
6.40169358253479

min_min_attack_simclr_return_loss_tensor: 6.414393424987793
min_min_attack_simclr_return_loss_tensor: 6.447215557098389
min_min_attack_simclr_return_loss_tensor: 6.375102996826172
min_min_attack_simclr_return_loss_tensor: 6.459824562072754
min_min_attack_simclr_return_loss_tensor: 6.333203315734863

min_min_attack_simclr_return_loss_tensor: 6.459649562835693
min_min_attack_simclr_return_loss_tensor: 6.4323554039001465
min_min_attack_simclr_return_loss_tensor: 6.442123889923096
min_min_attack_simclr_return_loss_tensor: 6.340486526489258
min_min_attack_simclr_return_loss_tensor: 6.364014625549316
6.4461894035339355

min_min_attack_simclr_return_loss_tensor: 6.467844009399414
min_min_attack_simclr_return_loss_tensor: 6.456491947174072
min_min_attack_simclr_return_loss_tensor: 6.508338928222656
min_min_attack_simclr_return_loss_tensor: 6.465828895568848
min_min_attack_simclr_return_loss_tensor: 6.459630966186523

min_min_attack_simclr_return_loss_tensor: 6.526961326599121
min_min_attack_simclr_return_loss_tensor: 6.489276885986328
min_min_attack_simclr_return_loss_tensor: 6.463840007781982
min_min_attack_simclr_return_loss_tensor: 6.41841983795166
min_min_attack_simclr_return_loss_tensor: 6.467797756195068
6.398909330368042

min_min_attack_simclr_return_loss_tensor: 6.439024925231934
min_min_attack_simclr_return_loss_tensor: 6.465420722961426
min_min_attack_simclr_return_loss_tensor: 6.421941757202148
min_min_attack_simclr_return_loss_tensor: 6.445204257965088
min_min_attack_simclr_return_loss_tensor: 6.413368225097656

min_min_attack_simclr_return_loss_tensor: 6.438676834106445
min_min_attack_simclr_return_loss_tensor: 6.469548225402832
min_min_attack_simclr_return_loss_tensor: 6.366269111633301
min_min_attack_simclr_return_loss_tensor: 6.392420768737793
min_min_attack_simclr_return_loss_tensor: 6.463016986846924
6.403286695480347

min_min_attack_simclr_return_loss_tensor: 6.406152248382568
min_min_attack_simclr_return_loss_tensor: 6.459080696105957
min_min_attack_simclr_return_loss_tensor: 6.42860221862793
min_min_attack_simclr_return_loss_tensor: 6.387479305267334
min_min_attack_simclr_return_loss_tensor: 6.394244194030762

min_min_attack_simclr_return_loss_tensor: 6.448422431945801
min_min_attack_simclr_return_loss_tensor: 6.446432113647461
min_min_attack_simclr_return_loss_tensor: 6.384887218475342
min_min_attack_simclr_return_loss_tensor: 6.362326622009277
min_min_attack_simclr_return_loss_tensor: 6.374026298522949
6.381265163421631

min_min_attack_simclr_return_loss_tensor: 6.408529758453369
min_min_attack_simclr_return_loss_tensor: 6.35649299621582
min_min_attack_simclr_return_loss_tensor: 6.396892547607422
min_min_attack_simclr_return_loss_tensor: 6.411208152770996
min_min_attack_simclr_return_loss_tensor: 6.353893280029297

min_min_attack_simclr_return_loss_tensor: 6.423300743103027
min_min_attack_simclr_return_loss_tensor: 6.329849720001221
min_min_attack_simclr_return_loss_tensor: 6.321588039398193
min_min_attack_simclr_return_loss_tensor: 6.369584083557129
min_min_attack_simclr_return_loss_tensor: 6.367201805114746
6.348796606063843

min_min_attack_simclr_return_loss_tensor: 6.468744277954102
min_min_attack_simclr_return_loss_tensor: 6.467080116271973
min_min_attack_simclr_return_loss_tensor: 6.398479461669922
min_min_attack_simclr_return_loss_tensor: 6.329684257507324
min_min_attack_simclr_return_loss_tensor: 6.436988830566406

min_min_attack_simclr_return_loss_tensor: 6.445990562438965
min_min_attack_simclr_return_loss_tensor: 6.436947822570801
min_min_attack_simclr_return_loss_tensor: 6.505375862121582
min_min_attack_simclr_return_loss_tensor: 6.462728977203369
min_min_attack_simclr_return_loss_tensor: 6.3537187576293945
6.34507942199707

min_min_attack_simclr_return_loss_tensor: 6.384989261627197
min_min_attack_simclr_return_loss_tensor: 6.332796573638916
min_min_attack_simclr_return_loss_tensor: 6.336004257202148
min_min_attack_simclr_return_loss_tensor: 6.379603862762451
min_min_attack_simclr_return_loss_tensor: 6.343026161193848

min_min_attack_simclr_return_loss_tensor: 6.3935627937316895
min_min_attack_simclr_return_loss_tensor: 6.363946914672852
min_min_attack_simclr_return_loss_tensor: 6.381655216217041
min_min_attack_simclr_return_loss_tensor: 6.318111419677734
min_min_attack_simclr_return_loss_tensor: 6.337494850158691
6.330969333648682
model saved at unlearnable_36163160_20211101162756_0.5_512_1000

min_min_attack_simclr_return_loss_tensor: 6.400566101074219
min_min_attack_simclr_return_loss_tensor: 6.405195236206055
min_min_attack_simclr_return_loss_tensor: 6.256310939788818
min_min_attack_simclr_return_loss_tensor: 6.332602500915527
min_min_attack_simclr_return_loss_tensor: 6.33715295791626

min_min_attack_simclr_return_loss_tensor: 6.347969055175781
min_min_attack_simclr_return_loss_tensor: 6.32546854019165
min_min_attack_simclr_return_loss_tensor: 6.326767921447754
min_min_attack_simclr_return_loss_tensor: 6.380514144897461
min_min_attack_simclr_return_loss_tensor: 6.347582817077637
6.393558025360107

min_min_attack_simclr_return_loss_tensor: 6.428723335266113
min_min_attack_simclr_return_loss_tensor: 6.458007335662842
min_min_attack_simclr_return_loss_tensor: 6.403843879699707
min_min_attack_simclr_return_loss_tensor: 6.419727325439453
min_min_attack_simclr_return_loss_tensor: 6.337220191955566

min_min_attack_simclr_return_loss_tensor: 6.4110918045043945
min_min_attack_simclr_return_loss_tensor: 6.399957656860352
min_min_attack_simclr_return_loss_tensor: 6.3796844482421875
min_min_attack_simclr_return_loss_tensor: 6.379507064819336
min_min_attack_simclr_return_loss_tensor: 6.403182029724121
6.34574031829834

min_min_attack_simclr_return_loss_tensor: 6.452657699584961
min_min_attack_simclr_return_loss_tensor: 6.451386451721191
min_min_attack_simclr_return_loss_tensor: 6.475649356842041
min_min_attack_simclr_return_loss_tensor: 6.4325151443481445
min_min_attack_simclr_return_loss_tensor: 6.441442489624023

min_min_attack_simclr_return_loss_tensor: 6.419367790222168
min_min_attack_simclr_return_loss_tensor: 6.428996562957764
min_min_attack_simclr_return_loss_tensor: 6.380783557891846
min_min_attack_simclr_return_loss_tensor: 6.413426399230957
min_min_attack_simclr_return_loss_tensor: 6.336441993713379
6.3626320362091064

min_min_attack_simclr_return_loss_tensor: 6.435098171234131
min_min_attack_simclr_return_loss_tensor: 6.435565948486328
min_min_attack_simclr_return_loss_tensor: 6.372919082641602
min_min_attack_simclr_return_loss_tensor: 6.334016799926758
min_min_attack_simclr_return_loss_tensor: 6.344890594482422

min_min_attack_simclr_return_loss_tensor: 6.483423233032227
min_min_attack_simclr_return_loss_tensor: 6.395587921142578
min_min_attack_simclr_return_loss_tensor: 6.344690322875977
min_min_attack_simclr_return_loss_tensor: 6.421047210693359
min_min_attack_simclr_return_loss_tensor: 6.331176280975342
6.334873199462891

min_min_attack_simclr_return_loss_tensor: 6.396988868713379
min_min_attack_simclr_return_loss_tensor: 6.423903465270996
min_min_attack_simclr_return_loss_tensor: 6.38217830657959
min_min_attack_simclr_return_loss_tensor: 6.3566694259643555
min_min_attack_simclr_return_loss_tensor: 6.375082492828369

min_min_attack_simclr_return_loss_tensor: 6.403165817260742
min_min_attack_simclr_return_loss_tensor: 6.384616851806641
min_min_attack_simclr_return_loss_tensor: 6.359679698944092
min_min_attack_simclr_return_loss_tensor: 6.362345218658447
min_min_attack_simclr_return_loss_tensor: 6.381626129150391
6.34451150894165

min_min_attack_simclr_return_loss_tensor: 6.448265075683594
min_min_attack_simclr_return_loss_tensor: 6.47398567199707
min_min_attack_simclr_return_loss_tensor: 6.36119270324707
min_min_attack_simclr_return_loss_tensor: 6.441103935241699
min_min_attack_simclr_return_loss_tensor: 6.46710205078125

min_min_attack_simclr_return_loss_tensor: 6.4532928466796875
min_min_attack_simclr_return_loss_tensor: 6.444512844085693
min_min_attack_simclr_return_loss_tensor: 6.441330909729004
min_min_attack_simclr_return_loss_tensor: 6.4571356773376465
min_min_attack_simclr_return_loss_tensor: 6.392380714416504
6.317612648010254

min_min_attack_simclr_return_loss_tensor: 6.326874732971191
min_min_attack_simclr_return_loss_tensor: 6.353766441345215
min_min_attack_simclr_return_loss_tensor: 6.301521301269531
min_min_attack_simclr_return_loss_tensor: 6.2821455001831055
min_min_attack_simclr_return_loss_tensor: 6.288646697998047

min_min_attack_simclr_return_loss_tensor: 6.405303478240967
min_min_attack_simclr_return_loss_tensor: 6.373213291168213
min_min_attack_simclr_return_loss_tensor: 6.298869609832764
min_min_attack_simclr_return_loss_tensor: 6.368277549743652
min_min_attack_simclr_return_loss_tensor: 6.258246421813965
6.2930943965911865

min_min_attack_simclr_return_loss_tensor: 6.409910202026367
min_min_attack_simclr_return_loss_tensor: 6.408661842346191
min_min_attack_simclr_return_loss_tensor: 6.337928771972656
min_min_attack_simclr_return_loss_tensor: 6.370622634887695
min_min_attack_simclr_return_loss_tensor: 6.3191070556640625

min_min_attack_simclr_return_loss_tensor: 6.392430305480957
min_min_attack_simclr_return_loss_tensor: 6.383471488952637
min_min_attack_simclr_return_loss_tensor: 6.391208648681641
min_min_attack_simclr_return_loss_tensor: 6.370380401611328
min_min_attack_simclr_return_loss_tensor: 6.403711318969727
6.335840463638306

min_min_attack_simclr_return_loss_tensor: 6.289464473724365
min_min_attack_simclr_return_loss_tensor: 6.340045928955078
min_min_attack_simclr_return_loss_tensor: 6.261659622192383
min_min_attack_simclr_return_loss_tensor: 6.260074615478516
min_min_attack_simclr_return_loss_tensor: 6.302651405334473

min_min_attack_simclr_return_loss_tensor: 6.329029083251953
min_min_attack_simclr_return_loss_tensor: 6.358495712280273
min_min_attack_simclr_return_loss_tensor: 6.3276824951171875
min_min_attack_simclr_return_loss_tensor: 6.37204647064209
min_min_attack_simclr_return_loss_tensor: 6.37568998336792
6.261544704437256

min_min_attack_simclr_return_loss_tensor: 6.36918306350708
min_min_attack_simclr_return_loss_tensor: 6.363007545471191
min_min_attack_simclr_return_loss_tensor: 6.302736759185791
min_min_attack_simclr_return_loss_tensor: 6.341177940368652
min_min_attack_simclr_return_loss_tensor: 6.250835418701172

min_min_attack_simclr_return_loss_tensor: 6.327070236206055
min_min_attack_simclr_return_loss_tensor: 6.3455491065979
min_min_attack_simclr_return_loss_tensor: 6.353431224822998
min_min_attack_simclr_return_loss_tensor: 6.401608943939209
min_min_attack_simclr_return_loss_tensor: 6.321932315826416
6.2649595737457275
model saved at unlearnable_36163160_20211101162756_0.5_512_1000

min_min_attack_simclr_return_loss_tensor: 6.411368370056152
min_min_attack_simclr_return_loss_tensor: 6.384777069091797
min_min_attack_simclr_return_loss_tensor: 6.357097625732422
min_min_attack_simclr_return_loss_tensor: 6.356386184692383
min_min_attack_simclr_return_loss_tensor: 6.322861671447754

min_min_attack_simclr_return_loss_tensor: 6.453177452087402
min_min_attack_simclr_return_loss_tensor: 6.307857990264893
min_min_attack_simclr_return_loss_tensor: 6.45449686050415
min_min_attack_simclr_return_loss_tensor: 6.406197547912598
min_min_attack_simclr_return_loss_tensor: 6.316625118255615
6.275026559829712

min_min_attack_simclr_return_loss_tensor: 6.4620161056518555
min_min_attack_simclr_return_loss_tensor: 6.495322227478027
min_min_attack_simclr_return_loss_tensor: 6.420022487640381
min_min_attack_simclr_return_loss_tensor: 6.349452018737793
min_min_attack_simclr_return_loss_tensor: 6.416525840759277

min_min_attack_simclr_return_loss_tensor: 6.413424491882324
min_min_attack_simclr_return_loss_tensor: 6.407297134399414
min_min_attack_simclr_return_loss_tensor: 6.427210807800293
min_min_attack_simclr_return_loss_tensor: 6.440983295440674
min_min_attack_simclr_return_loss_tensor: 6.3706536293029785
6.292980432510376

min_min_attack_simclr_return_loss_tensor: 6.3115925788879395
min_min_attack_simclr_return_loss_tensor: 6.24092435836792
min_min_attack_simclr_return_loss_tensor: 6.25543212890625
min_min_attack_simclr_return_loss_tensor: 6.253662109375
min_min_attack_simclr_return_loss_tensor: 6.254345893859863

min_min_attack_simclr_return_loss_tensor: 6.319119453430176
min_min_attack_simclr_return_loss_tensor: 6.26475715637207
min_min_attack_simclr_return_loss_tensor: 6.281379699707031
min_min_attack_simclr_return_loss_tensor: 6.327228546142578
min_min_attack_simclr_return_loss_tensor: 6.261468887329102
6.331357479095459

min_min_attack_simclr_return_loss_tensor: 6.371098041534424
min_min_attack_simclr_return_loss_tensor: 6.32881498336792
min_min_attack_simclr_return_loss_tensor: 6.331790924072266
min_min_attack_simclr_return_loss_tensor: 6.31842041015625
min_min_attack_simclr_return_loss_tensor: 6.334552764892578

min_min_attack_simclr_return_loss_tensor: 6.36098575592041
min_min_attack_simclr_return_loss_tensor: 6.38253116607666
min_min_attack_simclr_return_loss_tensor: 6.401858806610107
min_min_attack_simclr_return_loss_tensor: 6.320074081420898
min_min_attack_simclr_return_loss_tensor: 6.381833076477051
6.288314342498779

min_min_attack_simclr_return_loss_tensor: 6.271576404571533
min_min_attack_simclr_return_loss_tensor: 6.28006649017334
min_min_attack_simclr_return_loss_tensor: 6.321810722351074
min_min_attack_simclr_return_loss_tensor: 6.219328880310059
min_min_attack_simclr_return_loss_tensor: 6.3116254806518555

min_min_attack_simclr_return_loss_tensor: 6.305765151977539
min_min_attack_simclr_return_loss_tensor: 6.334162712097168
min_min_attack_simclr_return_loss_tensor: 6.264443874359131
min_min_attack_simclr_return_loss_tensor: 6.347221851348877
min_min_attack_simclr_return_loss_tensor: 6.268918037414551
6.281525611877441

min_min_attack_simclr_return_loss_tensor: 6.290616035461426
min_min_attack_simclr_return_loss_tensor: 6.300755500793457
min_min_attack_simclr_return_loss_tensor: 6.304804801940918
min_min_attack_simclr_return_loss_tensor: 6.331712245941162
min_min_attack_simclr_return_loss_tensor: 6.260422706604004

min_min_attack_simclr_return_loss_tensor: 6.278221607208252
min_min_attack_simclr_return_loss_tensor: 6.343682289123535
min_min_attack_simclr_return_loss_tensor: 6.325691223144531
min_min_attack_simclr_return_loss_tensor: 6.296112537384033
min_min_attack_simclr_return_loss_tensor: 6.286853790283203
6.279463768005371

min_min_attack_simclr_return_loss_tensor: 6.274169921875
min_min_attack_simclr_return_loss_tensor: 6.290409088134766
min_min_attack_simclr_return_loss_tensor: 6.3033447265625
min_min_attack_simclr_return_loss_tensor: 6.383524417877197
min_min_attack_simclr_return_loss_tensor: 6.277626991271973

min_min_attack_simclr_return_loss_tensor: 6.333611965179443
min_min_attack_simclr_return_loss_tensor: 6.3422441482543945
min_min_attack_simclr_return_loss_tensor: 6.326726913452148
min_min_attack_simclr_return_loss_tensor: 6.3607497215271
min_min_attack_simclr_return_loss_tensor: 6.338683605194092
6.2635416984558105

min_min_attack_simclr_return_loss_tensor: 6.385398864746094
min_min_attack_simclr_return_loss_tensor: 6.358397960662842
min_min_attack_simclr_return_loss_tensor: 6.351136207580566
min_min_attack_simclr_return_loss_tensor: 6.311631679534912
min_min_attack_simclr_return_loss_tensor: 6.305907726287842

min_min_attack_simclr_return_loss_tensor: 6.389333248138428
min_min_attack_simclr_return_loss_tensor: 6.367769718170166
min_min_attack_simclr_return_loss_tensor: 6.378199100494385
min_min_attack_simclr_return_loss_tensor: 6.351604461669922
min_min_attack_simclr_return_loss_tensor: 6.336832523345947
6.284789800643921

min_min_attack_simclr_return_loss_tensor: 6.341460227966309
min_min_attack_simclr_return_loss_tensor: 6.352373123168945
min_min_attack_simclr_return_loss_tensor: 6.339975833892822
min_min_attack_simclr_return_loss_tensor: 6.321496963500977
min_min_attack_simclr_return_loss_tensor: 6.301457405090332

min_min_attack_simclr_return_loss_tensor: 6.289012432098389
min_min_attack_simclr_return_loss_tensor: 6.348111152648926
min_min_attack_simclr_return_loss_tensor: 6.288388252258301
min_min_attack_simclr_return_loss_tensor: 6.285793781280518
min_min_attack_simclr_return_loss_tensor: 6.288232803344727
6.297031402587891

min_min_attack_simclr_return_loss_tensor: 6.280642032623291
min_min_attack_simclr_return_loss_tensor: 6.258339881896973
min_min_attack_simclr_return_loss_tensor: 6.281488418579102
min_min_attack_simclr_return_loss_tensor: 6.253066062927246
min_min_attack_simclr_return_loss_tensor: 6.283332824707031

min_min_attack_simclr_return_loss_tensor: 6.258307456970215
min_min_attack_simclr_return_loss_tensor: 6.3015360832214355
min_min_attack_simclr_return_loss_tensor: 6.265541076660156
min_min_attack_simclr_return_loss_tensor: 6.242068767547607
min_min_attack_simclr_return_loss_tensor: 6.199026107788086
6.26801323890686
model saved at unlearnable_36163160_20211101162756_0.5_512_1000

min_min_attack_simclr_return_loss_tensor: 6.243241310119629
min_min_attack_simclr_return_loss_tensor: 6.218693256378174
min_min_attack_simclr_return_loss_tensor: 6.174781799316406
min_min_attack_simclr_return_loss_tensor: 6.222446441650391
min_min_attack_simclr_return_loss_tensor: 6.26658296585083

min_min_attack_simclr_return_loss_tensor: 6.240209579467773
min_min_attack_simclr_return_loss_tensor: 6.246799468994141
min_min_attack_simclr_return_loss_tensor: 6.19599723815918
min_min_attack_simclr_return_loss_tensor: 6.189837455749512
min_min_attack_simclr_return_loss_tensor: 6.228114128112793
6.231069564819336

min_min_attack_simclr_return_loss_tensor: 6.2330002784729
min_min_attack_simclr_return_loss_tensor: 6.228742599487305
min_min_attack_simclr_return_loss_tensor: 6.17161226272583
min_min_attack_simclr_return_loss_tensor: 6.183750629425049
min_min_attack_simclr_return_loss_tensor: 6.202187538146973

min_min_attack_simclr_return_loss_tensor: 6.224488258361816
min_min_attack_simclr_return_loss_tensor: 6.130468845367432
min_min_attack_simclr_return_loss_tensor: 6.217658519744873
min_min_attack_simclr_return_loss_tensor: 6.214757919311523
min_min_attack_simclr_return_loss_tensor: 6.254421710968018
6.201247930526733

min_min_attack_simclr_return_loss_tensor: 6.24577522277832
min_min_attack_simclr_return_loss_tensor: 6.2412004470825195
min_min_attack_simclr_return_loss_tensor: 6.241731643676758
min_min_attack_simclr_return_loss_tensor: 6.223084449768066
min_min_attack_simclr_return_loss_tensor: 6.159279823303223

min_min_attack_simclr_return_loss_tensor: 6.251108169555664
min_min_attack_simclr_return_loss_tensor: 6.233907222747803
min_min_attack_simclr_return_loss_tensor: 6.21405029296875
min_min_attack_simclr_return_loss_tensor: 6.208896636962891
min_min_attack_simclr_return_loss_tensor: 6.258325576782227
6.213347911834717

min_min_attack_simclr_return_loss_tensor: 6.322935104370117
min_min_attack_simclr_return_loss_tensor: 6.281609535217285
min_min_attack_simclr_return_loss_tensor: 6.214875221252441
min_min_attack_simclr_return_loss_tensor: 6.270135879516602
min_min_attack_simclr_return_loss_tensor: 6.264317512512207

min_min_attack_simclr_return_loss_tensor: 6.344146728515625
min_min_attack_simclr_return_loss_tensor: 6.226434230804443
min_min_attack_simclr_return_loss_tensor: 6.262003421783447
min_min_attack_simclr_return_loss_tensor: 6.217081546783447
min_min_attack_simclr_return_loss_tensor: 6.23393440246582
6.217240810394287

min_min_attack_simclr_return_loss_tensor: 6.160932540893555
min_min_attack_simclr_return_loss_tensor: 6.216341972351074
min_min_attack_simclr_return_loss_tensor: 6.255898475646973
min_min_attack_simclr_return_loss_tensor: 6.283176422119141
min_min_attack_simclr_return_loss_tensor: 6.201045036315918

min_min_attack_simclr_return_loss_tensor: 6.193266868591309
min_min_attack_simclr_return_loss_tensor: 6.201849937438965
min_min_attack_simclr_return_loss_tensor: 6.229678630828857
min_min_attack_simclr_return_loss_tensor: 6.224856376647949
min_min_attack_simclr_return_loss_tensor: 6.197261810302734
6.207386016845703

min_min_attack_simclr_return_loss_tensor: 6.2125349044799805
min_min_attack_simclr_return_loss_tensor: 6.161603927612305
min_min_attack_simclr_return_loss_tensor: 6.200623035430908
min_min_attack_simclr_return_loss_tensor: 6.17756986618042
min_min_attack_simclr_return_loss_tensor: 6.238752365112305

min_min_attack_simclr_return_loss_tensor: 6.210864067077637
min_min_attack_simclr_return_loss_tensor: 6.230474472045898
min_min_attack_simclr_return_loss_tensor: 6.256731986999512
min_min_attack_simclr_return_loss_tensor: 6.208457946777344
min_min_attack_simclr_return_loss_tensor: 6.205029487609863
6.179705381393433

min_min_attack_simclr_return_loss_tensor: 6.254298686981201
min_min_attack_simclr_return_loss_tensor: 6.196012020111084
min_min_attack_simclr_return_loss_tensor: 6.229580879211426
min_min_attack_simclr_return_loss_tensor: 6.203601360321045
min_min_attack_simclr_return_loss_tensor: 6.185769557952881

min_min_attack_simclr_return_loss_tensor: 6.223326206207275
min_min_attack_simclr_return_loss_tensor: 6.189022064208984
min_min_attack_simclr_return_loss_tensor: 6.265918731689453
min_min_attack_simclr_return_loss_tensor: 6.174493789672852
min_min_attack_simclr_return_loss_tensor: 6.181002616882324
6.189068794250488

min_min_attack_simclr_return_loss_tensor: 6.218188285827637
min_min_attack_simclr_return_loss_tensor: 6.171328544616699
min_min_attack_simclr_return_loss_tensor: 6.1908674240112305
min_min_attack_simclr_return_loss_tensor: 6.225554466247559
min_min_attack_simclr_return_loss_tensor: 6.150135517120361

min_min_attack_simclr_return_loss_tensor: 6.228034973144531
min_min_attack_simclr_return_loss_tensor: 6.180981636047363
min_min_attack_simclr_return_loss_tensor: 6.255622863769531
min_min_attack_simclr_return_loss_tensor: 6.231698036193848
min_min_attack_simclr_return_loss_tensor: 6.174142360687256
6.169373512268066

min_min_attack_simclr_return_loss_tensor: 6.223045349121094
min_min_attack_simclr_return_loss_tensor: 6.2415032386779785
min_min_attack_simclr_return_loss_tensor: 6.163967609405518
min_min_attack_simclr_return_loss_tensor: 6.191229820251465
min_min_attack_simclr_return_loss_tensor: 6.261246204376221

min_min_attack_simclr_return_loss_tensor: 6.2071943283081055
min_min_attack_simclr_return_loss_tensor: 6.2279767990112305
min_min_attack_simclr_return_loss_tensor: 6.188411712646484
min_min_attack_simclr_return_loss_tensor: 6.212784767150879
min_min_attack_simclr_return_loss_tensor: 6.212857723236084
6.165438890457153

min_min_attack_simclr_return_loss_tensor: 6.186305046081543
min_min_attack_simclr_return_loss_tensor: 6.2024922370910645
min_min_attack_simclr_return_loss_tensor: 6.278815269470215
min_min_attack_simclr_return_loss_tensor: 6.177041053771973
min_min_attack_simclr_return_loss_tensor: 6.152064323425293

min_min_attack_simclr_return_loss_tensor: 6.132908344268799
min_min_attack_simclr_return_loss_tensor: 6.140241622924805
min_min_attack_simclr_return_loss_tensor: 6.17913293838501
min_min_attack_simclr_return_loss_tensor: 6.158608436584473
min_min_attack_simclr_return_loss_tensor: 6.15524959564209
6.151586532592773
model saved at unlearnable_36163160_20211101162756_0.5_512_1000

min_min_attack_simclr_return_loss_tensor: 6.154481410980225
min_min_attack_simclr_return_loss_tensor: 6.159715175628662
min_min_attack_simclr_return_loss_tensor: 6.16256046295166
min_min_attack_simclr_return_loss_tensor: 6.131059646606445
min_min_attack_simclr_return_loss_tensor: 6.182353973388672

min_min_attack_simclr_return_loss_tensor: 6.138067245483398
min_min_attack_simclr_return_loss_tensor: 6.160959243774414
min_min_attack_simclr_return_loss_tensor: 6.184135913848877
min_min_attack_simclr_return_loss_tensor: 6.13583517074585
min_min_attack_simclr_return_loss_tensor: 6.153857231140137
6.182407379150391

min_min_attack_simclr_return_loss_tensor: 6.226073265075684
min_min_attack_simclr_return_loss_tensor: 6.212873458862305
min_min_attack_simclr_return_loss_tensor: 6.262650489807129
min_min_attack_simclr_return_loss_tensor: 6.188370704650879
min_min_attack_simclr_return_loss_tensor: 6.183676719665527

min_min_attack_simclr_return_loss_tensor: 6.257587909698486
min_min_attack_simclr_return_loss_tensor: 6.254736423492432
min_min_attack_simclr_return_loss_tensor: 6.274025917053223
min_min_attack_simclr_return_loss_tensor: 6.309250354766846
min_min_attack_simclr_return_loss_tensor: 6.270221710205078
6.189709663391113

min_min_attack_simclr_return_loss_tensor: 6.324662208557129
min_min_attack_simclr_return_loss_tensor: 6.317668914794922
min_min_attack_simclr_return_loss_tensor: 6.356594562530518
min_min_attack_simclr_return_loss_tensor: 6.3499603271484375
min_min_attack_simclr_return_loss_tensor: 6.358114719390869

min_min_attack_simclr_return_loss_tensor: 6.326875686645508
min_min_attack_simclr_return_loss_tensor: 6.354911804199219
min_min_attack_simclr_return_loss_tensor: 6.34451150894165
min_min_attack_simclr_return_loss_tensor: 6.353994369506836
min_min_attack_simclr_return_loss_tensor: 6.287703037261963
6.184359312057495

min_min_attack_simclr_return_loss_tensor: 6.260112285614014
min_min_attack_simclr_return_loss_tensor: 6.243194103240967
min_min_attack_simclr_return_loss_tensor: 6.18422269821167
min_min_attack_simclr_return_loss_tensor: 6.238450527191162
min_min_attack_simclr_return_loss_tensor: 6.191989898681641

min_min_attack_simclr_return_loss_tensor: 6.239649772644043
min_min_attack_simclr_return_loss_tensor: 6.234364986419678
min_min_attack_simclr_return_loss_tensor: 6.22672700881958
min_min_attack_simclr_return_loss_tensor: 6.226508617401123
min_min_attack_simclr_return_loss_tensor: 6.174527168273926
6.188714027404785

min_min_attack_simclr_return_loss_tensor: 6.222128391265869
min_min_attack_simclr_return_loss_tensor: 6.193732738494873
min_min_attack_simclr_return_loss_tensor: 6.208823204040527
min_min_attack_simclr_return_loss_tensor: 6.188002109527588
min_min_attack_simclr_return_loss_tensor: 6.163463592529297

min_min_attack_simclr_return_loss_tensor: 6.216251373291016
min_min_attack_simclr_return_loss_tensor: 6.202746391296387
min_min_attack_simclr_return_loss_tensor: 6.162445068359375
min_min_attack_simclr_return_loss_tensor: 6.20084285736084
min_min_attack_simclr_return_loss_tensor: 6.240955352783203
6.186217546463013
