New small dataset
python3 -u ssl_perturbation_save_model.py --config_path configs/cifar10 --exp_name path/to/your/experiment/folder --version resnet18 --train_data_type CIFAR10 --noise_shape 4 3 32 32 --epsilon 32 --num_steps 5 --step_size 3.2 --attack_type min-min --perturb_type classwise --universal_train_target 'classwise' --train_step 10 --epochs 1000 --min_min_attack_fn non_eot --strong_aug --random_start --job_id 36160455
check check
__name__ simclr
Files already downloaded and verified
Files already downloaded and verified
Files already downloaded and verified
Files already downloaded and verified
The whole epochs are 1000

min_min_attack_simclr_return_loss_tensor: 6.931069850921631
min_min_attack_simclr_return_loss_tensor: 6.912538528442383
min_min_attack_simclr_return_loss_tensor: 6.91780948638916
min_min_attack_simclr_return_loss_tensor: 6.922512054443359
min_min_attack_simclr_return_loss_tensor: 6.9196319580078125
JobId=36160455 JobName=SimCLR
   UserId=renjie3(6007166) GroupId=cse(2010) MCS_label=N/A
   Priority=26462 Nice=0 Account=cmse QOS=normal
   JobState=RUNNING Reason=None Dependency=(null)
   Requeue=1 Restarts=0 BatchFlag=1 Reboot=0 ExitCode=0:0
   RunTime=00:00:31 TimeLimit=04:00:00 TimeMin=N/A
   SubmitTime=2021-11-01T15:16:42 EligibleTime=2021-11-01T15:16:42
   AccrueTime=2021-11-01T15:16:42
   StartTime=2021-11-01T15:59:42 EndTime=2021-11-01T19:59:42 Deadline=N/A
   SuspendTime=None SecsPreSuspend=0 LastSchedEval=2021-11-01T15:59:42
   Partition=cmse-gpu AllocNode:Sid=dev-amd20-v100:81215
   ReqNodeList=nvl-001 ExcNodeList=(null)
   NodeList=nvl-001
   BatchHost=nvl-001
   NumNodes=1 NumCPUs=2 NumTasks=1 CPUs/Task=2 ReqB:S:C:T=0:0:*:*
   TRES=cpu=2,mem=16G,node=1,billing=2490,gres/gpu=1
   Socks/Node=* NtasksPerN:B:S:C=0:0:*:* CoreSpec=*
   MinCPUsNode=2 MinMemoryCPU=8G MinTmpDiskNode=0
   Features=[intel14|intel16|intel18|amr|nvf] DelayBoot=00:00:00
   OverSubscribe=OK Contiguous=0 Licenses=(null) Network=(null)
   Command=/mnt/ufs18/home-145/renjie3/Documents/unlearnable/Unlearnable-Examples/submit.sb
   WorkDir=/mnt/ufs18/home-145/renjie3/Documents/unlearnable/Unlearnable-Examples
   Comment=stdout=/mnt/home/renjie3/Documents/unlearnable/Unlearnable-Examples/logfile/36160455.log 
   StdErr=/mnt/home/renjie3/Documents/unlearnable/Unlearnable-Examples/logfile/36160455.err
   StdIn=/dev/null
   StdOut=/mnt/home/renjie3/Documents/unlearnable/Unlearnable-Examples/logfile/36160455.log
   Power=
   TresPerNode=gpu:1
   NtasksPerTRES:0

