New small dataset
python3 -u ssl_perturbation_save_model_random_noise.py --config_path configs/cifar10 --exp_name path/to/your/experiment/folder --version resnet18 --train_data_type CIFAR10 --noise_shape 4 3 32 32 --epsilon 32 --num_steps 5 --step_size 3.2 --attack_type min-min --perturb_type classwise --universal_train_target 'classwise' --train_step 10 --epochs 1000 --min_min_attack_fn non_eot --strong_aug --random_start --job_id 36160048
check check
__name__ simclr
Files already downloaded and verified
Files already downloaded and verified
Files already downloaded and verified
Files already downloaded and verified
tensor([[[[-0.0458, -0.0432, -0.0289,  ..., -0.0545, -0.1036,  0.1088],
          [ 0.0707,  0.1177,  0.0790,  ...,  0.1049,  0.1143,  0.0201],
          [-0.1026, -0.0783, -0.0800,  ...,  0.0600,  0.0701,  0.0991],
          ...,
          [-0.0935,  0.0308, -0.0385,  ..., -0.0709,  0.0764,  0.0946],
          [ 0.0503,  0.0256,  0.0147,  ...,  0.0100, -0.0480, -0.0013],
          [-0.0623, -0.0427,  0.0851,  ..., -0.0811,  0.0491,  0.0515]],

         [[ 0.0684, -0.0703, -0.0849,  ..., -0.1079, -0.0434, -0.0859],
          [-0.0358, -0.0158,  0.0085,  ..., -0.1079,  0.0944, -0.0738],
          [-0.0323, -0.0884,  0.0038,  ..., -0.0670,  0.0109,  0.0141],
          ...,
          [-0.0743, -0.0877, -0.0121,  ...,  0.1130, -0.0848, -0.0900],
          [ 0.0299,  0.1197,  0.0251,  ...,  0.0656, -0.0742,  0.1162],
          [-0.0347, -0.0463, -0.0801,  ...,  0.0721,  0.1234,  0.0065]],

         [[-0.0322, -0.0245, -0.0233,  ..., -0.0717,  0.0444,  0.0391],
          [-0.0017, -0.1011,  0.0856,  ..., -0.0507, -0.0964, -0.0261],
          [ 0.0609, -0.0541, -0.0660,  ...,  0.0263,  0.0341, -0.0914],
          ...,
          [-0.1097, -0.1018,  0.0471,  ...,  0.0620, -0.0923,  0.0976],
          [-0.0422,  0.0836, -0.0932,  ..., -0.1247, -0.0357, -0.0580],
          [ 0.0857,  0.1222, -0.0706,  ...,  0.1080, -0.0939, -0.0915]]],


        [[[-0.1124, -0.0405, -0.0954,  ..., -0.1005, -0.0907,  0.0473],
          [-0.0912,  0.0603,  0.0636,  ...,  0.0220,  0.0806, -0.1065],
          [ 0.0959, -0.0482,  0.0199,  ..., -0.0465, -0.0732,  0.0046],
          ...,
          [ 0.0509, -0.0018, -0.0496,  ...,  0.0238,  0.1216, -0.0718],
          [-0.0625, -0.0263, -0.1094,  ...,  0.1044,  0.0971,  0.1184],
          [-0.1244, -0.0385, -0.0030,  ...,  0.0112,  0.0515, -0.1019]],

         [[-0.1117, -0.0118,  0.1146,  ..., -0.0591, -0.1216, -0.1225],
          [ 0.0725, -0.1238, -0.0598,  ...,  0.1137,  0.0932,  0.1199],
          [ 0.1202, -0.0492,  0.0619,  ...,  0.1113,  0.0872,  0.0537],
          ...,
          [-0.0610, -0.0925,  0.0511,  ..., -0.0470, -0.0284, -0.0115],
          [-0.0068, -0.0202, -0.0518,  ..., -0.0952,  0.1243, -0.0903],
          [ 0.0316, -0.1199, -0.0214,  ...,  0.0923,  0.0124,  0.0567]],

         [[ 0.0553, -0.0045,  0.0481,  ...,  0.1098,  0.0587, -0.1227],
          [ 0.0858, -0.0499, -0.0313,  ..., -0.0066,  0.1039, -0.0297],
          [-0.0409, -0.1250, -0.0729,  ...,  0.0482,  0.0827, -0.0367],
          ...,
          [ 0.0863,  0.0690, -0.0641,  ...,  0.0746,  0.1183,  0.0731],
          [ 0.0549, -0.1004, -0.0104,  ...,  0.1077,  0.0682,  0.0622],
          [ 0.1132,  0.0491, -0.0604,  ..., -0.0094,  0.0086,  0.0640]]],


        [[[ 0.0130,  0.1089,  0.1046,  ..., -0.0824,  0.0165, -0.0161],
          [-0.0635,  0.0604,  0.1113,  ...,  0.0531, -0.0609, -0.0180],
          [-0.0249, -0.0874,  0.0454,  ...,  0.0802, -0.0026, -0.0440],
          ...,
          [-0.0105,  0.0887, -0.0388,  ...,  0.0153,  0.0605,  0.1064],
          [ 0.1149,  0.0634, -0.0918,  ...,  0.0614, -0.0167, -0.0718],
          [ 0.0556,  0.0543, -0.0450,  ..., -0.1189, -0.0298,  0.0402]],

         [[-0.0853,  0.0809, -0.0389,  ..., -0.1131,  0.0364,  0.0659],
          [-0.1059, -0.0795, -0.0731,  ..., -0.1134,  0.0406, -0.0370],
          [ 0.1160,  0.0929,  0.0354,  ..., -0.0615, -0.0008, -0.1173],
          ...,
          [ 0.0449,  0.0957, -0.0341,  ..., -0.0886,  0.0096,  0.0517],
          [ 0.0869, -0.0295,  0.0769,  ...,  0.0030,  0.0361,  0.0488],
          [-0.0883,  0.0616,  0.1054,  ..., -0.0614,  0.0870,  0.0527]],

         [[ 0.0954,  0.0398,  0.0052,  ...,  0.0348, -0.0335,  0.0308],
          [ 0.0171,  0.0958, -0.0109,  ..., -0.0358,  0.0129, -0.1047],
          [-0.0370, -0.1044,  0.0977,  ...,  0.0808, -0.0031, -0.0850],
          ...,
          [-0.0611, -0.1034, -0.0171,  ..., -0.1078, -0.0422,  0.0571],
          [ 0.0934,  0.0284,  0.0141,  ..., -0.0492,  0.1023,  0.0285],
          [ 0.0472, -0.0060,  0.1128,  ...,  0.0510, -0.0798, -0.0358]]],


        [[[ 0.0947, -0.0651,  0.0856,  ...,  0.0871, -0.0445,  0.0244],
          [-0.0020, -0.0781, -0.1234,  ...,  0.0443,  0.0131, -0.0247],
          [ 0.0237, -0.0063,  0.0911,  ...,  0.0015,  0.0917,  0.0221],
          ...,
          [-0.0376, -0.0489,  0.1149,  ...,  0.0660,  0.0223,  0.0084],
          [-0.0858,  0.0578,  0.0425,  ..., -0.0822, -0.0976,  0.0679],
          [ 0.0718,  0.0395, -0.1195,  ...,  0.0016,  0.0396, -0.0362]],

         [[ 0.0356, -0.0901, -0.0427,  ..., -0.0779, -0.0412,  0.0129],
          [-0.0536, -0.0862,  0.0475,  ...,  0.0390, -0.0932, -0.0526],
          [-0.0220,  0.0102,  0.0963,  ...,  0.0844, -0.0927,  0.0528],
          ...,
          [ 0.0852, -0.1129, -0.0048,  ...,  0.0770, -0.0400,  0.0031],
          [-0.0933,  0.0994,  0.0347,  ...,  0.0365, -0.0328, -0.0453],
          [-0.0106,  0.0237, -0.0458,  ...,  0.0919, -0.0291,  0.0445]],

         [[ 0.0676,  0.0811, -0.0852,  ..., -0.1019,  0.0711, -0.0627],
          [-0.0304, -0.0801, -0.1175,  ...,  0.1085, -0.1208,  0.0131],
          [-0.0215, -0.1131, -0.0125,  ...,  0.0199, -0.0721,  0.0458],
          ...,
          [ 0.0886,  0.1156, -0.0615,  ...,  0.1043, -0.0325, -0.0023],
          [-0.0519,  0.0705,  0.0116,  ...,  0.0903, -0.0059, -0.0326],
          [ 0.0832, -0.0221,  0.0078,  ..., -0.0644, -0.0229, -0.0135]]]],
       device='cuda:0')
The whole epochs are 1000
6.954192399978638
6.908995628356934
6.882577180862427
6.836495399475098
6.838241815567017
6.827961444854736
6.823123216629028
6.81908917427063
6.79106068611145
6.787404775619507
model saved at unlearnable_36160048_20211101150952_0.5_512_1000
6.81041693687439
6.780713081359863
6.793912410736084
6.768272876739502
6.762298107147217
6.7923057079315186
6.774392366409302
6.747463226318359
6.800769805908203
6.774333477020264
model saved at unlearnable_36160048_20211101150952_0.5_512_1000
6.7410500049591064
6.73934268951416
6.752660274505615
6.779302597045898
6.788151502609253
6.756042957305908
6.733412742614746
6.775718450546265
6.759509563446045
6.718413352966309
model saved at unlearnable_36160048_20211101150952_0.5_512_1000
6.773579835891724
6.733694314956665
6.752180576324463
6.745916128158569
6.714573383331299
6.748622894287109
6.730411767959595
6.698163986206055
6.740749359130859
6.721358776092529
model saved at unlearnable_36160048_20211101150952_0.5_512_1000
6.726611137390137
6.6790735721588135
6.660852909088135
6.71150016784668
6.67243218421936
6.680170059204102
6.704546689987183
6.6649391651153564
6.635904788970947
6.694007635116577
model saved at unlearnable_36160048_20211101150952_0.5_512_1000
6.70351767539978
6.632452011108398
6.663762807846069
6.6476147174835205
6.65817928314209
6.662528038024902
6.633191347122192
6.648012399673462
6.639686346054077
6.641122341156006
model saved at unlearnable_36160048_20211101150952_0.5_512_1000
6.610434293746948
6.6077868938446045
6.63206672668457
6.621147394180298
6.624460697174072
6.568328380584717
6.563304424285889
6.623041868209839
6.566042900085449
6.602720737457275
model saved at unlearnable_36160048_20211101150952_0.5_512_1000
6.5869529247283936
6.577478885650635
6.583542823791504
6.545568227767944
6.553275108337402
6.5518927574157715
6.568756341934204
6.553326845169067
6.557487964630127
6.540774345397949
model saved at unlearnable_36160048_20211101150952_0.5_512_1000
6.541614294052124
6.54870343208313
6.538211107254028
6.542829990386963
6.556576728820801
6.558889150619507
6.550987243652344
6.522905111312866
6.505731105804443
6.504833221435547
model saved at unlearnable_36160048_20211101150952_0.5_512_1000
6.580485582351685
6.530263185501099
6.576166391372681
6.514886379241943
6.504031181335449
6.518264293670654
6.5268402099609375
6.5244691371917725
6.542570352554321
6.508585453033447
model saved at unlearnable_36160048_20211101150952_0.5_512_1000
6.518009185791016
6.489007949829102
6.5295090675354
6.4863526821136475
6.517937421798706
6.477051734924316
6.461800575256348
6.4974589347839355
6.488260746002197
6.490227937698364
model saved at unlearnable_36160048_20211101150952_0.5_512_1000
6.476828098297119
6.45677375793457
6.492609262466431
6.51280403137207
6.485352039337158
6.474727392196655
6.50182843208313
6.469759702682495
6.493149518966675
6.517637491226196
model saved at unlearnable_36160048_20211101150952_0.5_512_1000
6.46673059463501
6.467165470123291
6.486965656280518
6.476039886474609
6.450978517532349
6.459060192108154
6.4190473556518555
6.445236921310425
6.453345775604248
6.464088678359985
model saved at unlearnable_36160048_20211101150952_0.5_512_1000
6.424269199371338
6.429307222366333
6.461184501647949
6.453636884689331
6.431207656860352
6.445582866668701
6.441671848297119
6.43082332611084
6.4686737060546875
6.460174798965454
model saved at unlearnable_36160048_20211101150952_0.5_512_1000
6.410892963409424
6.425584554672241
6.453766822814941
6.42433500289917
6.3926427364349365
6.4558470249176025
6.45039176940918
6.399261951446533
6.431869029998779
6.391774654388428
model saved at unlearnable_36160048_20211101150952_0.5_512_1000
6.442087173461914
6.438593864440918
6.415924310684204
6.390443325042725
6.449560165405273
6.415745973587036
6.464682102203369
6.4252989292144775
6.441674709320068
6.427015542984009
model saved at unlearnable_36160048_20211101150952_0.5_512_1000
6.399853706359863
6.390419006347656
6.451154947280884
6.416293621063232
6.413723945617676
6.3894898891448975
6.456154823303223
6.387438058853149
6.420022010803223
6.438173532485962
model saved at unlearnable_36160048_20211101150952_0.5_512_1000
6.430269002914429
6.397854328155518
6.4022297859191895
6.40535831451416
6.422261953353882
6.394392490386963
6.405893325805664
6.399884939193726
6.372341871261597
6.407217979431152
model saved at unlearnable_36160048_20211101150952_0.5_512_1000
6.390753746032715
6.412191867828369
6.36120080947876
6.395061492919922
6.430073976516724
6.42586088180542
6.388530492782593
6.40191650390625
6.37962532043457
6.37826681137085
model saved at unlearnable_36160048_20211101150952_0.5_512_1000
6.376917600631714
6.372543811798096
6.40977931022644
6.389224529266357
6.405547380447388
6.355666399002075
6.333502531051636
6.352197647094727
6.387562036514282
6.395644187927246
model saved at unlearnable_36160048_20211101150952_0.5_512_1000
6.390179634094238
6.346936941146851
6.339965105056763
6.388891696929932
6.329501628875732
6.346891403198242
6.350221633911133
6.36975622177124
6.383097171783447
6.342381954193115
model saved at unlearnable_36160048_20211101150952_0.5_512_1000
6.356657266616821
6.358898162841797
6.325514078140259
6.360212564468384
6.410462141036987
6.397317171096802
6.352773189544678
6.341962814331055
6.364309787750244
6.359075546264648
model saved at unlearnable_36160048_20211101150952_0.5_512_1000
6.351670742034912
6.3395771980285645
6.354767560958862
6.32920241355896
6.330970287322998
6.301692247390747
6.354123115539551
6.357877254486084
6.3606038093566895
6.3342673778533936
model saved at unlearnable_36160048_20211101150952_0.5_512_1000
6.3622517585754395
6.3933069705963135
6.354349851608276
6.363376140594482
6.326584577560425
6.333306550979614
6.302348852157593
6.354449987411499
6.290687561035156
6.331822633743286
model saved at unlearnable_36160048_20211101150952_0.5_512_1000
6.3770751953125
6.347793340682983
6.365599632263184
6.346733331680298
6.347247123718262
6.360624313354492
6.3864381313323975
6.372913837432861
6.351484537124634
6.344842433929443
model saved at unlearnable_36160048_20211101150952_0.5_512_1000
6.356252670288086
6.320602893829346
6.322962999343872
6.3488569259643555
6.324000835418701
6.357480525970459
6.343288898468018
6.328207969665527
6.315054416656494
6.351953506469727
model saved at unlearnable_36160048_20211101150952_0.5_512_1000
6.333262920379639
6.295745372772217
6.337533712387085
6.368112087249756
6.337519884109497
6.306750535964966
6.299814224243164
6.327658653259277
6.329310417175293
6.319131135940552
model saved at unlearnable_36160048_20211101150952_0.5_512_1000
6.281486988067627
6.347533226013184
6.3101513385772705
6.289923191070557
6.326671600341797
6.319754362106323
6.309494972229004
6.318976402282715
6.354289770126343
6.295125484466553
model saved at unlearnable_36160048_20211101150952_0.5_512_1000
6.354836463928223
6.345580577850342
6.281373023986816
6.30118203163147
6.3046183586120605
6.258240461349487
6.3182408809661865
6.300381183624268
6.2835729122161865
6.295747756958008
model saved at unlearnable_36160048_20211101150952_0.5_512_1000
6.326216220855713
6.330286979675293
6.269873142242432
6.308099031448364
6.3097851276397705
6.305612325668335
6.328105449676514
6.325746059417725
6.280696630477905
6.318902969360352
model saved at unlearnable_36160048_20211101150952_0.5_512_1000
6.3127601146698
6.321915626525879
6.321808338165283
6.318568468093872
6.336656093597412
6.288477420806885
6.287508010864258
6.287744522094727
6.331844329833984
6.297776222229004
model saved at unlearnable_36160048_20211101150952_0.5_512_1000
6.304050445556641
6.281673192977905
6.3230977058410645
6.313039541244507
6.290446758270264
6.3001909255981445
6.296879529953003
6.25811767578125
6.295632839202881
6.283995151519775
model saved at unlearnable_36160048_20211101150952_0.5_512_1000
6.28250789642334
6.2607879638671875
6.291260004043579
6.2730536460876465
6.2976624965667725
6.296246767044067
6.28637433052063
6.305819034576416
6.27854585647583
6.257548570632935
model saved at unlearnable_36160048_20211101150952_0.5_512_1000
6.257452487945557
6.284385919570923
6.306285381317139
6.29191780090332
6.287776947021484
6.278831481933594
6.284706354141235
6.278855323791504
6.2470855712890625
6.287278890609741
model saved at unlearnable_36160048_20211101150952_0.5_512_1000
6.299530267715454
6.268354415893555
6.297337770462036
6.288414478302002
6.2676920890808105
6.281692028045654
6.262423515319824
6.294655799865723
6.256438732147217
6.264838218688965
model saved at unlearnable_36160048_20211101150952_0.5_512_1000
6.3129332065582275
6.308198928833008
6.289219379425049
6.285831689834595
6.241244077682495
6.277015209197998
6.302849531173706
6.260097503662109
6.242367506027222
6.281865835189819
model saved at unlearnable_36160048_20211101150952_0.5_512_1000
6.2730255126953125
6.29386043548584
6.222590923309326
6.240394830703735
6.250280141830444
6.270323276519775
6.26790189743042
6.2533485889434814
6.251602649688721
6.269530296325684
model saved at unlearnable_36160048_20211101150952_0.5_512_1000
6.264416933059692
6.24696683883667
6.2810845375061035
6.260584831237793
6.2652058601379395
6.250215291976929
6.2542805671691895
6.225804567337036
6.243299722671509
6.2611472606658936
model saved at unlearnable_36160048_20211101150952_0.5_512_1000
6.298417329788208
6.2798850536346436
6.232741832733154
6.271814823150635
6.245952844619751
6.258068084716797
6.283692359924316
6.287546873092651
6.255930423736572
6.270687103271484
model saved at unlearnable_36160048_20211101150952_0.5_512_1000
6.268656492233276
6.287837982177734
6.255267143249512
6.263088226318359
6.249150037765503
6.275312423706055
6.277729034423828
6.243295907974243
6.250675201416016
6.249731779098511
model saved at unlearnable_36160048_20211101150952_0.5_512_1000
6.245007514953613
6.2563958168029785
6.246016502380371
6.242859601974487
6.218874931335449
6.221515417098999
6.218077898025513
6.181803226470947
6.2603795528411865
6.2238030433654785
model saved at unlearnable_36160048_20211101150952_0.5_512_1000
6.230015277862549
6.206877708435059
6.242017507553101
6.23166036605835
6.244755744934082
6.2840893268585205
6.226071357727051
6.216754913330078
6.256809234619141
6.250471353530884
model saved at unlearnable_36160048_20211101150952_0.5_512_1000
6.216886520385742
6.1896796226501465
6.246731519699097
6.258335113525391
6.207704305648804
6.230283737182617
6.258476972579956
6.253505706787109
6.227782249450684
6.249690055847168
model saved at unlearnable_36160048_20211101150952_0.5_512_1000
6.2077720165252686
6.249155044555664
6.215002536773682
6.240746259689331
6.236400604248047
6.230903387069702
6.26033353805542
6.226574897766113
6.257656097412109
6.247624635696411
model saved at unlearnable_36160048_20211101150952_0.5_512_1000
6.243166446685791
6.2046287059783936
6.197378873825073
6.227504014968872
6.176513195037842
6.245931148529053
6.18925929069519
6.233644723892212
6.222650527954102
6.222809076309204
model saved at unlearnable_36160048_20211101150952_0.5_512_1000
6.229583501815796
6.240598678588867
6.242432355880737
6.232061386108398
6.2539849281311035
6.2349534034729
6.229011535644531
6.169566869735718
6.226193428039551
6.22573709487915
model saved at unlearnable_36160048_20211101150952_0.5_512_1000
6.265434265136719
6.21821403503418
6.2114341259002686
6.234587669372559
6.238574504852295
6.2376625537872314
6.209420204162598
6.190845966339111
6.2144739627838135
6.182473421096802
model saved at unlearnable_36160048_20211101150952_0.5_512_1000
6.221123695373535
6.218697547912598
6.234724998474121
6.221343517303467
6.229420185089111
6.241742134094238
6.245432615280151
6.246376037597656
6.207268714904785
6.199874401092529
model saved at unlearnable_36160048_20211101150952_0.5_512_1000
6.1931822299957275
6.221719026565552
6.196845531463623
6.216243505477905
6.20537543296814
6.220892906188965
6.177228212356567
6.218042373657227
6.206678867340088
6.214878559112549
model saved at unlearnable_36160048_20211101150952_0.5_512_1000
6.210720777511597
6.206050872802734
6.214615345001221
6.208796501159668
6.232995986938477
6.232095718383789
6.229133129119873
6.208492994308472
6.189183950424194
6.238325119018555
model saved at unlearnable_36160048_20211101150952_0.5_512_1000
6.2224507331848145
6.220545768737793
6.235362768173218
6.230228900909424
6.201427936553955
6.196401834487915
6.194006443023682
6.206794261932373
6.262864112854004
6.181156635284424
model saved at unlearnable_36160048_20211101150952_0.5_512_1000
6.212387800216675
6.202148914337158
6.249248504638672
6.230449438095093
6.200747966766357
6.209960699081421
6.215624809265137
6.189326763153076
6.168813705444336
6.222457647323608
model saved at unlearnable_36160048_20211101150952_0.5_512_1000
6.222590923309326
6.200466632843018
6.195651531219482
6.230558156967163
6.175609111785889
6.185011148452759
6.225902080535889
6.197127819061279
6.182464599609375
6.233719348907471
model saved at unlearnable_36160048_20211101150952_0.5_512_1000
6.173917531967163
6.2086708545684814
6.220470666885376
6.2247233390808105
6.229937553405762
6.186494827270508
6.218695163726807
6.196289300918579
6.185895919799805
6.208069086074829
model saved at unlearnable_36160048_20211101150952_0.5_512_1000
6.208624839782715
6.189331531524658
6.213052988052368
6.2043070793151855
6.208584308624268
6.152883529663086
6.2049219608306885
6.210629224777222
6.198544025421143
6.183927536010742
model saved at unlearnable_36160048_20211101150952_0.5_512_1000
6.223760604858398
6.21711802482605
6.221554279327393
6.214827537536621
6.220166206359863
6.222849130630493
6.238189220428467
6.208933115005493
6.1889801025390625
6.207979679107666
model saved at unlearnable_36160048_20211101150952_0.5_512_1000
6.213979005813599
6.156974792480469
6.203266620635986
6.202380418777466
6.1838908195495605
6.17223596572876
6.236638069152832
6.19536566734314
6.203088045120239
6.179246425628662
model saved at unlearnable_36160048_20211101150952_0.5_512_1000
6.221040964126587
6.210411071777344
6.186807632446289
6.198729991912842
6.163471937179565
6.164792060852051
6.174609422683716
6.193000316619873
6.22566556930542
6.201292037963867
model saved at unlearnable_36160048_20211101150952_0.5_512_1000
6.209327936172485
6.177457809448242
6.185884237289429
6.195591449737549
6.175414562225342
6.194896936416626
6.166131496429443
6.185417175292969
6.183611869812012
6.244880676269531
model saved at unlearnable_36160048_20211101150952_0.5_512_1000
6.210214138031006
6.212752342224121
6.225699424743652
6.195495367050171
6.180887699127197
6.223257780075073
6.193646192550659
6.15515398979187
6.159502029418945
6.1990087032318115
model saved at unlearnable_36160048_20211101150952_0.5_512_1000
6.171987533569336
6.185431718826294
6.181105136871338
6.234814405441284
6.164891481399536
6.224869251251221
6.166699171066284
6.144629240036011
6.1912126541137695
6.217181205749512
model saved at unlearnable_36160048_20211101150952_0.5_512_1000
6.177291393280029
6.172101259231567
6.180976152420044
6.162676811218262
6.169997215270996
6.168245077133179
6.197859048843384
6.127904176712036
6.231785774230957
6.168264865875244
model saved at unlearnable_36160048_20211101150952_0.5_512_1000
6.178580045700073
6.1435346603393555
6.181073427200317
6.208520889282227
6.176965713500977
6.19979190826416
6.223488807678223
6.19101881980896
6.149563550949097
6.146595239639282
model saved at unlearnable_36160048_20211101150952_0.5_512_1000
6.215518951416016
6.198091268539429
6.176714897155762
6.1762590408325195
6.164343595504761
6.1988701820373535
6.178772449493408
6.181870460510254
6.150725364685059
6.132022380828857
model saved at unlearnable_36160048_20211101150952_0.5_512_1000
6.164935350418091
6.157138347625732
6.208576202392578
6.178245782852173
6.189558744430542
6.173711776733398
6.1719584465026855
6.13550066947937
6.182647705078125
6.15738320350647
model saved at unlearnable_36160048_20211101150952_0.5_512_1000
6.177758455276489
6.170543432235718
6.175930023193359
6.175624132156372
6.1952478885650635
6.170202970504761
6.159299850463867
6.158004522323608
6.166698455810547
6.174382448196411
model saved at unlearnable_36160048_20211101150952_0.5_512_1000
6.148646116256714
6.1762847900390625
6.20727014541626
6.152313709259033
6.201958417892456
6.126713275909424
6.1814186573028564
6.178857088088989
6.212334156036377
6.1497533321380615
model saved at unlearnable_36160048_20211101150952_0.5_512_1000
6.133122444152832
6.155792951583862
6.151570796966553
6.148036003112793
6.165546894073486
6.1581809520721436
6.1495373249053955
6.164992570877075
6.1311047077178955
6.160285711288452
model saved at unlearnable_36160048_20211101150952_0.5_512_1000
6.144272565841675
6.128609657287598
6.177518129348755
6.179062604904175
6.193276882171631
6.163062334060669
6.146691799163818
6.1526525020599365
6.184511184692383
6.138666152954102
model saved at unlearnable_36160048_20211101150952_0.5_512_1000
6.1487016677856445
6.164034843444824
6.155515909194946
6.163916826248169
6.144699811935425
6.1410698890686035
6.173302412033081
6.177931308746338
6.172992944717407
6.1431639194488525
model saved at unlearnable_36160048_20211101150952_0.5_512_1000
6.155854225158691
6.152798175811768
6.122267484664917
6.21381950378418
6.166443347930908
6.1558380126953125
6.159405946731567
6.196850299835205
6.153706073760986
6.142144203186035
model saved at unlearnable_36160048_20211101150952_0.5_512_1000
6.156688928604126
6.156044244766235
6.155808448791504
6.14702296257019
6.155932664871216
6.121450185775757
6.155793190002441
6.104383707046509
6.201157808303833
6.208388566970825
model saved at unlearnable_36160048_20211101150952_0.5_512_1000
6.150911569595337
6.155472278594971
6.195795297622681
6.149040222167969
6.150336980819702
6.133136510848999
6.136523485183716
6.161968946456909
6.149355173110962
6.1589484214782715
model saved at unlearnable_36160048_20211101150952_0.5_512_1000
6.1730756759643555
6.181352615356445
6.111701965332031
6.124144792556763
6.186364412307739
6.126038074493408
6.144517421722412
6.152122259140015
6.192463636398315
6.117452621459961
model saved at unlearnable_36160048_20211101150952_0.5_512_1000
6.140578746795654
6.142902374267578
6.165815591812134
6.165690660476685
6.160097122192383
6.110661506652832
6.159914016723633
6.132870435714722
6.172773122787476
6.131011486053467
model saved at unlearnable_36160048_20211101150952_0.5_512_1000
6.168273687362671
6.126526594161987
6.176255464553833
6.133562803268433
6.180521488189697
6.148432731628418
6.157344818115234
6.145439624786377
6.124351501464844
6.139865875244141
model saved at unlearnable_36160048_20211101150952_0.5_512_1000
6.1563403606414795
6.156161785125732
6.094339370727539
6.1938817501068115
6.154055118560791
6.107485055923462
6.125592231750488
6.166788816452026
6.130030155181885
6.10339879989624
model saved at unlearnable_36160048_20211101150952_0.5_512_1000
6.13767147064209
6.118493318557739
6.177611351013184
6.117549896240234
6.161155939102173
6.162501811981201
6.15787935256958
6.146289587020874
6.164509296417236
6.146677732467651
model saved at unlearnable_36160048_20211101150952_0.5_512_1000
6.143687963485718
6.157581329345703
6.148305177688599
6.1411659717559814
6.212137937545776
6.133097171783447
6.111546754837036
6.135855436325073
6.155389070510864
6.132956027984619
model saved at unlearnable_36160048_20211101150952_0.5_512_1000
6.160925626754761
6.129781723022461
6.164918899536133
6.10116982460022
6.171597719192505
6.1453351974487305
6.1127331256866455
6.1774609088897705
6.12026309967041
6.12352728843689
model saved at unlearnable_36160048_20211101150952_0.5_512_1000
6.1267547607421875
6.114372253417969
6.19027042388916
6.135004758834839
6.145174741744995
6.1548261642456055
6.138656377792358
6.132757663726807
6.126983880996704
6.111696004867554
model saved at unlearnable_36160048_20211101150952_0.5_512_1000
6.138398170471191
6.10734486579895
6.139036417007446
6.142815113067627
6.166027545928955
6.141871690750122
6.147820472717285
6.137503147125244
6.128822088241577
6.151920557022095
model saved at unlearnable_36160048_20211101150952_0.5_512_1000
6.196009397506714
6.132699728012085
6.132630348205566
6.159792423248291
6.100895166397095
6.120128393173218
6.167896509170532
6.1211607456207275
6.156550168991089
6.12915301322937
model saved at unlearnable_36160048_20211101150952_0.5_512_1000
6.1347856521606445
6.122555255889893
6.093262434005737
6.132098197937012
6.115889310836792
6.1644322872161865
6.161388874053955
6.13765287399292
6.132138729095459
6.10402512550354
model saved at unlearnable_36160048_20211101150952_0.5_512_1000
6.1463329792022705
6.117228984832764
6.143052101135254
6.1435606479644775
6.098814964294434
6.170459747314453
6.09636664390564
6.114701986312866
6.1376917362213135
6.12077260017395
model saved at unlearnable_36160048_20211101150952_0.5_512_1000
6.111884117126465
6.133573293685913
6.106347560882568
6.1688642501831055
6.113596439361572
6.141685962677002
6.126329183578491
6.152437925338745
6.1345055103302
6.081001281738281
model saved at unlearnable_36160048_20211101150952_0.5_512_1000
6.106312274932861
6.1459574699401855
6.151788711547852
6.132104396820068
6.159217596054077
6.1077659130096436
6.121836185455322
6.11486554145813
6.107732057571411
6.1121156215667725
model saved at unlearnable_36160048_20211101150952_0.5_512_1000
6.0970680713653564
6.108976602554321
6.114119052886963
6.151643991470337
6.103734254837036
6.120143413543701
6.133517742156982
6.148133277893066
6.124655485153198
6.130584955215454
model saved at unlearnable_36160048_20211101150952_0.5_512_1000
6.10194730758667
6.110587120056152
6.098508358001709
6.140152454376221
6.12929368019104
6.108099937438965
6.142717361450195
6.1097002029418945
6.1012983322143555
6.069804668426514
model saved at unlearnable_36160048_20211101150952_0.5_512_1000
6.144829750061035
6.10085654258728
6.102914333343506
6.13648247718811
6.0792624950408936
6.0927886962890625
6.083329200744629
6.117348670959473
6.144632577896118
6.118910551071167
model saved at unlearnable_36160048_20211101150952_0.5_512_1000
6.099671840667725
6.0810840129852295
6.171868801116943
6.095219135284424
6.12353253364563
6.110790967941284
6.118313550949097
6.072740316390991
6.116010904312134
6.11583685874939
model saved at unlearnable_36160048_20211101150952_0.5_512_1000
6.09800124168396
6.128934860229492
6.088218450546265
6.093891143798828
6.0921876430511475
6.107426643371582
6.09009051322937
6.116333723068237
6.118715763092041
6.155916690826416
model saved at unlearnable_36160048_20211101150952_0.5_512_1000
6.096087455749512
6.134405851364136
6.125102996826172
6.0732808113098145
6.14504075050354
6.1228814125061035
6.115714073181152
6.11510705947876
6.108185529708862
6.1675190925598145
model saved at unlearnable_36160048_20211101150952_0.5_512_1000
6.1467084884643555
6.160195350646973
6.148895978927612
6.123667240142822
6.11107873916626
6.131200313568115
6.1321258544921875
6.149393081665039
6.134746551513672
6.078795433044434
model saved at unlearnable_36160048_20211101150952_0.5_512_1000
6.1161181926727295
6.0700318813323975
6.114317178726196
6.084866523742676
6.130986452102661
6.096012592315674
6.141839504241943
6.10584831237793
6.0971574783325195
6.123621940612793
model saved at unlearnable_36160048_20211101150952_0.5_512_1000
6.133470296859741
6.086966514587402
6.136711359024048
6.106759071350098
6.069631576538086
6.118807077407837
6.106119632720947
6.1196699142456055
6.12705659866333
6.119954586029053
model saved at unlearnable_36160048_20211101150952_0.5_512_1000
6.098080158233643
6.103574514389038
6.077934980392456
6.1064839363098145
6.105440378189087
6.086419105529785
6.117743253707886
6.094533920288086
6.096267461776733
6.069798231124878
model saved at unlearnable_36160048_20211101150952_0.5_512_1000
6.110672950744629
6.086773633956909
6.123777627944946
6.086975574493408
6.104562044143677
6.10883092880249
6.089187860488892
6.09071683883667
6.0911383628845215
6.087804317474365
model saved at unlearnable_36160048_20211101150952_0.5_512_1000
6.106341123580933
6.0891382694244385
6.1121275424957275
6.0665123462677
6.0683913230896
6.1089372634887695
6.110365152359009
6.081069231033325
6.088961601257324
6.128616809844971
model saved at unlearnable_36160048_20211101150952_0.5_512_1000
6.115133762359619
6.099292278289795
6.056040287017822
6.115165948867798
6.074410438537598
6.122678279876709
6.106782913208008
6.097218990325928
6.115181922912598
6.088332891464233
model saved at unlearnable_36160048_20211101150952_0.5_512_1000
JobId=36160048 JobName=SimCLR
   UserId=renjie3(6007166) GroupId=cse(2010) MCS_label=N/A
   Priority=26183 Nice=0 Account=cmse QOS=normal
   JobState=RUNNING Reason=None Dependency=(null)
   Requeue=1 Restarts=0 BatchFlag=1 Reboot=0 ExitCode=0:0
   RunTime=00:48:17 TimeLimit=05:00:00 TimeMin=N/A
   SubmitTime=2021-11-01T15:07:55 EligibleTime=2021-11-01T15:07:55
   AccrueTime=2021-11-01T15:07:55
   StartTime=2021-11-01T15:09:27 EndTime=2021-11-01T20:09:27 Deadline=N/A
   SuspendTime=None SecsPreSuspend=0 LastSchedEval=2021-11-01T15:09:27
   Partition=cmse-gpu AllocNode:Sid=dev-amd20-v100:81215
   ReqNodeList=nvl-001 ExcNodeList=(null)
   NodeList=nvl-001
   BatchHost=nvl-001
   NumNodes=1 NumCPUs=2 NumTasks=1 CPUs/Task=2 ReqB:S:C:T=0:0:*:*
   TRES=cpu=2,mem=16G,node=1,billing=2490,gres/gpu=1
   Socks/Node=* NtasksPerN:B:S:C=0:0:*:* CoreSpec=*
   MinCPUsNode=2 MinMemoryCPU=8G MinTmpDiskNode=0
   Features=[intel14|intel16|intel18|amr|nvf] DelayBoot=00:00:00
   OverSubscribe=OK Contiguous=0 Licenses=(null) Network=(null)
   Command=/mnt/ufs18/home-145/renjie3/Documents/unlearnable/Unlearnable-Examples/submit.sb
   WorkDir=/mnt/ufs18/home-145/renjie3/Documents/unlearnable/Unlearnable-Examples
   Comment=stdout=/mnt/home/renjie3/Documents/unlearnable/Unlearnable-Examples/logfile/36160048.log 
   StdErr=/mnt/home/renjie3/Documents/unlearnable/Unlearnable-Examples/logfile/36160048.err
   StdIn=/dev/null
   StdOut=/mnt/home/renjie3/Documents/unlearnable/Unlearnable-Examples/logfile/36160048.log
   Power=
   TresPerNode=gpu:1
   NtasksPerTRES:0

