random_baseline
python3 -u ssl_perturbation_save_model_random_noise.py --config_path configs/cifar10 --exp_name path/to/your/experiment/folder --version resnet18 --train_data_type CIFAR10 --noise_shape 4 3 32 32 --epsilon 8 --num_steps 5 --step_size 3.2 --attack_type min-min --perturb_type classwise --universal_train_target 'classwise' --train_step 10 --epochs 1000 --min_min_attack_fn non_eot --strong_aug --random_start --job_id 36190047
check check
__name__ simclr
Files already downloaded and verified
Files already downloaded and verified
Files already downloaded and verified
Files already downloaded and verified
tensor([[[[ 2.5166e-02, -1.5025e-02,  1.7502e-02,  ...,  1.8602e-02,
            1.3915e-02,  1.3289e-02],
          [-1.4288e-02, -1.7389e-02, -3.1184e-02,  ..., -1.5467e-02,
           -1.5316e-02,  3.1028e-02],
          [-7.0195e-03, -1.1226e-02, -1.5001e-02,  ...,  1.7948e-02,
            1.4469e-02,  2.1732e-02],
          ...,
          [-1.3588e-02,  2.0090e-02,  2.3807e-03,  ..., -1.6853e-02,
            1.3302e-02, -1.5234e-02],
          [ 8.6625e-03, -2.5089e-02,  2.4144e-02,  ...,  1.8253e-03,
            5.2192e-03,  1.8338e-02],
          [-1.5736e-02, -4.1329e-03, -2.0417e-02,  ...,  2.1043e-02,
           -1.9849e-02,  3.1159e-02]],

         [[ 6.8684e-03,  1.7445e-02,  1.1876e-02,  ..., -1.3620e-02,
           -1.3607e-04,  1.4163e-02],
          [-2.6084e-02,  2.0682e-02, -9.3843e-03,  ...,  1.2348e-02,
            2.8102e-02, -1.7011e-02],
          [-5.9954e-03, -1.7436e-02, -1.4227e-02,  ..., -1.0977e-02,
            9.8151e-03,  1.9060e-02],
          ...,
          [ 7.8417e-03, -3.9802e-03,  6.9525e-03,  ..., -1.5087e-02,
           -5.6888e-03,  3.0068e-02],
          [-8.7373e-03, -9.4287e-03,  1.9231e-03,  ..., -1.8954e-02,
            2.6906e-02,  1.4340e-02],
          [ 8.4264e-03, -2.0908e-02, -7.3830e-03,  ..., -1.1091e-02,
           -2.0672e-02,  1.2242e-02]],

         [[-5.7437e-03,  2.1452e-02, -2.8853e-03,  ...,  9.9794e-03,
           -2.7595e-02,  6.5209e-03],
          [ 3.0274e-02,  5.5314e-03, -2.3200e-02,  ...,  9.8987e-03,
           -2.8885e-02,  2.6922e-02],
          [ 1.0434e-02, -1.5151e-02, -1.3581e-02,  ...,  1.6189e-02,
           -1.2770e-02, -2.8811e-02],
          ...,
          [ 1.0540e-02, -8.1574e-03,  2.0604e-03,  ...,  2.8566e-02,
            1.5833e-02,  8.4306e-03],
          [-2.9476e-02,  2.1208e-03,  7.9861e-03,  ...,  1.0137e-03,
           -1.4150e-02, -2.4517e-03],
          [ 2.5179e-02,  5.0369e-03, -1.0290e-02,  ..., -1.3837e-02,
           -2.1166e-02, -2.0916e-03]]],


        [[[-2.3778e-02, -2.9345e-02,  1.5227e-02,  ...,  3.9132e-03,
           -1.5325e-02,  5.9401e-03],
          [ 1.1825e-02, -2.3102e-02, -7.0077e-03,  ...,  2.5393e-02,
           -7.8246e-03, -1.7743e-04],
          [-6.9664e-03, -8.3658e-03, -1.2775e-02,  ...,  2.1126e-02,
           -1.8293e-02, -3.0843e-02],
          ...,
          [-2.3716e-02,  2.5995e-02, -1.7556e-02,  ..., -1.5904e-02,
           -2.5997e-02,  1.5022e-02],
          [-2.1224e-02, -8.3025e-04, -1.0335e-02,  ...,  1.4816e-02,
            7.4078e-03,  1.9739e-02],
          [-2.9766e-02,  8.0362e-03, -3.0719e-02,  ..., -2.5962e-02,
           -2.7659e-02,  1.7840e-02]],

         [[ 2.7627e-02,  1.9791e-02, -2.8040e-02,  ..., -1.0568e-03,
            1.3354e-02,  2.7245e-02],
          [-4.0487e-03, -2.2986e-02,  2.8334e-02,  ...,  7.2704e-04,
            3.1005e-02, -7.2166e-03],
          [ 2.1640e-03, -3.7767e-03,  1.0089e-02,  ..., -7.2417e-03,
           -3.9966e-03,  2.1792e-02],
          ...,
          [-2.4458e-02, -3.6207e-03, -2.1282e-04,  ..., -1.2370e-02,
            2.5810e-02,  1.4035e-02],
          [-2.8198e-02,  1.6519e-02, -8.3000e-03,  ..., -3.9801e-03,
            2.8658e-02, -1.6677e-02],
          [-3.0842e-02, -3.7775e-03, -2.9927e-02,  ..., -1.9128e-02,
           -3.7476e-04,  3.0409e-02]],

         [[-5.4559e-03, -1.9628e-02,  2.4718e-02,  ..., -3.0918e-02,
            1.2103e-02, -2.9077e-02],
          [ 1.4279e-02, -2.4180e-03, -2.3195e-02,  ..., -1.9576e-02,
           -9.3735e-03,  1.1108e-02],
          [ 2.7121e-02,  1.8274e-03, -1.9486e-02,  ...,  1.7583e-02,
           -3.1007e-02,  1.1944e-02],
          ...,
          [ 1.1767e-02,  1.0117e-03, -1.9721e-02,  ...,  2.3340e-02,
           -5.7460e-03, -1.0999e-02],
          [ 1.5258e-02, -1.4011e-03,  5.8045e-03,  ...,  3.0482e-02,
            1.4469e-02,  2.5639e-02],
          [-4.5249e-03,  1.1014e-02, -2.7215e-02,  ..., -2.9990e-02,
            2.7449e-03, -5.5921e-03]]],


        [[[ 2.5662e-02,  2.6111e-02, -1.8787e-02,  ...,  1.3886e-02,
           -1.0340e-02, -1.7491e-02],
          [-1.5125e-02,  1.2952e-02, -1.9617e-02,  ..., -1.6195e-02,
           -4.9817e-03,  2.2886e-02],
          [-9.7365e-03,  2.9648e-02, -9.9865e-03,  ..., -3.3749e-03,
           -2.5853e-02,  1.2328e-02],
          ...,
          [ 3.0855e-02,  1.6170e-02, -2.0344e-02,  ...,  2.0239e-02,
           -7.7361e-03, -2.1925e-02],
          [-2.8592e-02,  1.7319e-02, -8.8231e-03,  ..., -6.4525e-03,
            2.6859e-02, -1.5881e-02],
          [ 2.0554e-02,  5.5157e-04,  1.0714e-02,  ...,  2.2633e-02,
            2.2670e-02,  2.9964e-02]],

         [[ 1.0837e-02,  3.0884e-03, -1.0607e-02,  ...,  2.0446e-02,
           -1.4412e-02,  3.1091e-02],
          [-1.7810e-02, -1.3165e-02, -2.5192e-02,  ..., -5.4998e-03,
           -2.1688e-02,  2.0512e-02],
          [-7.3096e-03,  2.0828e-02,  2.0120e-02,  ..., -1.1235e-02,
           -5.3121e-03,  1.9241e-02],
          ...,
          [ 1.5630e-02,  1.6413e-02, -9.5940e-03,  ...,  1.8673e-02,
            2.0078e-03, -7.0840e-03],
          [ 6.3163e-03,  4.4707e-03,  1.7057e-02,  ...,  1.8275e-02,
            8.2515e-03,  2.7327e-02],
          [-1.4551e-02, -2.8252e-02,  4.1066e-03,  ...,  2.4314e-02,
            2.6991e-02,  8.0770e-03]],

         [[-1.6992e-02, -2.2099e-02, -2.5673e-02,  ..., -7.1365e-03,
            1.3838e-02, -6.4287e-03],
          [-2.8730e-02, -1.9260e-02, -8.3474e-03,  ..., -7.0443e-03,
           -1.1571e-02, -2.8580e-03],
          [ 1.1190e-02, -7.7230e-03, -1.0798e-02,  ...,  8.6466e-03,
           -7.6390e-04, -1.2235e-02],
          ...,
          [ 2.3444e-02, -2.0367e-02, -3.1275e-02,  ..., -7.2695e-03,
            2.9056e-02, -2.4579e-02],
          [ 3.0089e-02,  1.2291e-02,  9.6876e-03,  ...,  2.9117e-02,
           -1.4558e-03, -6.7642e-03],
          [-2.5645e-03, -2.7810e-02,  2.3222e-02,  ...,  3.2716e-03,
           -2.1471e-02, -1.1856e-02]]],


        [[[-1.1293e-02, -2.5241e-02, -1.5194e-02,  ...,  5.3791e-03,
           -1.3696e-02,  1.2379e-02],
          [-3.4825e-03, -2.5597e-02, -1.1521e-02,  ..., -2.5058e-02,
           -4.5278e-03,  1.0143e-02],
          [ 7.2654e-03, -7.8805e-03, -1.7516e-02,  ..., -2.8418e-02,
           -2.6959e-02,  2.4427e-02],
          ...,
          [ 1.7188e-02, -4.2275e-03,  2.9716e-02,  ..., -2.0391e-02,
           -2.2393e-02,  2.1748e-02],
          [-1.7945e-02,  2.3292e-02, -2.0248e-02,  ..., -4.4981e-03,
           -1.3266e-03, -2.7457e-02],
          [ 1.9707e-02, -8.0644e-03,  3.2592e-04,  ..., -2.5343e-02,
           -4.1431e-03, -2.8769e-02]],

         [[ 2.1150e-02, -1.8320e-02,  1.7747e-02,  ..., -8.1747e-03,
           -3.0521e-03,  2.6532e-02],
          [-1.3341e-04, -1.2912e-02,  1.7104e-02,  ...,  2.4371e-02,
           -4.2152e-03, -2.3275e-02],
          [ 9.9843e-03, -1.0926e-02,  1.8579e-02,  ...,  2.2178e-02,
           -1.2589e-02,  1.9176e-02],
          ...,
          [-6.2739e-03,  2.7021e-02,  2.0959e-02,  ..., -4.4770e-03,
           -1.2286e-02, -2.1172e-02],
          [ 1.6650e-02,  2.2095e-02, -3.4625e-04,  ..., -1.7368e-02,
            1.8207e-02, -7.4916e-03],
          [ 8.1827e-03,  3.3310e-03, -2.7366e-02,  ..., -4.5473e-03,
            7.4417e-03, -2.0703e-02]],

         [[ 2.7956e-02,  2.9586e-02,  3.5278e-04,  ...,  1.7182e-02,
           -1.5243e-02, -2.2754e-02],
          [-1.7474e-02,  2.2443e-03,  2.2652e-02,  ..., -2.4455e-03,
           -4.6685e-04,  1.9826e-02],
          [ 2.3956e-02, -2.5382e-02,  6.9104e-03,  ..., -1.5969e-06,
            6.5857e-03,  3.1243e-02],
          ...,
          [ 1.9890e-03, -5.4416e-06, -3.1586e-03,  ...,  1.3266e-03,
            2.8821e-02,  2.2750e-02],
          [-1.4859e-02,  2.7541e-02,  5.3874e-04,  ...,  2.2314e-02,
            3.8957e-03,  3.1007e-03],
          [-1.1305e-02, -2.0396e-03,  2.3216e-03,  ..., -5.7485e-03,
           -2.0587e-02, -1.9049e-03]]]], device='cuda:0')
The whole epochs are 1000
6.939860105514526
6.886245012283325
6.868022441864014
6.834326267242432
6.853570461273193
6.8028883934021
6.795670509338379
6.803622484207153
6.8033764362335205
6.806520700454712
model saved at unlearnable_36190047_20211102022342_0.5_512_1000
6.777496337890625
6.7870934009552
6.767517805099487
6.7674174308776855
6.73809289932251
6.720716953277588
6.73507285118103
6.749303340911865
6.712100505828857
6.751639366149902
model saved at unlearnable_36190047_20211102022342_0.5_512_1000
6.723338603973389
6.727817535400391
6.716078519821167
6.710180759429932
6.720564603805542
6.69979453086853
6.727989196777344
6.7163496017456055
6.680297374725342
6.683286905288696
model saved at unlearnable_36190047_20211102022342_0.5_512_1000
6.678203582763672
6.682507276535034
6.65805459022522
6.67014217376709
6.662024021148682
6.66891622543335
6.660065174102783
6.683719635009766
6.631068229675293
6.6601152420043945
model saved at unlearnable_36190047_20211102022342_0.5_512_1000
6.65996789932251
6.638638019561768
6.647788763046265
6.643824577331543
6.62299370765686
6.6819071769714355
6.633249759674072
6.6009204387664795
6.644668817520142
6.618154287338257
model saved at unlearnable_36190047_20211102022342_0.5_512_1000
6.609053134918213
6.612299919128418
6.5660295486450195
6.5770423412323
6.597488641738892
6.549993991851807
6.590139150619507
6.5597758293151855
6.591589450836182
6.5924201011657715
model saved at unlearnable_36190047_20211102022342_0.5_512_1000
6.534940958023071
6.557431936264038
6.569278001785278
6.602804899215698
6.5169525146484375
6.588833570480347
6.594159364700317
6.498718738555908
6.529278516769409
6.549959421157837
model saved at unlearnable_36190047_20211102022342_0.5_512_1000
6.591398239135742
6.575061082839966
6.5600221157073975
6.557328224182129
6.566241264343262
6.527741432189941
6.514906644821167
6.5534889698028564
6.531034469604492
6.531917333602905
model saved at unlearnable_36190047_20211102022342_0.5_512_1000
6.521661758422852
6.51650595664978
6.540353775024414
6.491891384124756
6.453368186950684
6.4818384647369385
6.485853910446167
6.4816203117370605
6.465610980987549
6.452877998352051
model saved at unlearnable_36190047_20211102022342_0.5_512_1000
6.463189601898193
6.425828695297241
6.53165078163147
6.501360893249512
6.499518156051636
6.525558710098267
6.439262866973877
6.466361999511719
6.466333627700806
6.456824779510498
model saved at unlearnable_36190047_20211102022342_0.5_512_1000
6.452258586883545
6.458489656448364
6.462610721588135
6.4789650440216064
6.469567537307739
6.4340291023254395
6.4610755443573
6.475985288619995
6.442249536514282
6.4710023403167725
model saved at unlearnable_36190047_20211102022342_0.5_512_1000
6.411492824554443
6.480161905288696
6.4615819454193115
6.482744932174683
6.437657594680786
6.414690732955933
6.457803249359131
6.428110837936401
6.484729528427124
6.436848878860474
model saved at unlearnable_36190047_20211102022342_0.5_512_1000
6.4091198444366455
6.461641550064087
6.458396673202515
6.441460371017456
6.441491603851318
6.3560216426849365
6.423968553543091
6.400593280792236
6.413064002990723
6.426661491394043
model saved at unlearnable_36190047_20211102022342_0.5_512_1000
6.401008129119873
6.350077152252197
6.450295925140381
6.419317722320557
6.412045240402222
6.367217063903809
6.403748035430908
6.427696466445923
6.383204221725464
6.409604787826538
model saved at unlearnable_36190047_20211102022342_0.5_512_1000
6.374982833862305
6.389632701873779
6.418476819992065
6.339966297149658
6.396914482116699
6.385060548782349
6.347661972045898
6.3726677894592285
6.339043617248535
6.378787517547607
model saved at unlearnable_36190047_20211102022342_0.5_512_1000
6.347074508666992
6.363792657852173
6.36991286277771
6.373288154602051
6.384139776229858
6.370835781097412
6.333948135375977
6.3542160987854
6.357531547546387
6.317698001861572
model saved at unlearnable_36190047_20211102022342_0.5_512_1000
6.38128399848938
6.388515472412109
6.399411916732788
6.350668907165527
6.3510541915893555
6.352728843688965
6.356358528137207
6.3733532428741455
6.37309455871582
6.374905109405518
model saved at unlearnable_36190047_20211102022342_0.5_512_1000
6.377435207366943
6.328767538070679
6.378931999206543
6.366809844970703
6.330889463424683
6.350143671035767
6.317752122879028
6.321087598800659
6.256839990615845
6.343123912811279
model saved at unlearnable_36190047_20211102022342_0.5_512_1000
6.327958106994629
6.375227928161621
6.318500518798828
6.335254430770874
6.331789016723633
6.320727825164795
6.351197719573975
6.293243169784546
6.303323745727539
6.328652381896973
model saved at unlearnable_36190047_20211102022342_0.5_512_1000
6.356431007385254
6.298771858215332
6.299181222915649
6.3150954246521
6.333101749420166
6.337943077087402
6.337005615234375
6.337412118911743
6.295750856399536
6.355697154998779
model saved at unlearnable_36190047_20211102022342_0.5_512_1000
6.313042879104614
6.355742931365967
6.339037895202637
6.3552751541137695
6.287693023681641
6.337904930114746
6.367136478424072
6.3377461433410645
6.299445390701294
6.330094814300537
model saved at unlearnable_36190047_20211102022342_0.5_512_1000
6.274144887924194
6.298990964889526
6.290145397186279
6.28892970085144
6.293843984603882
6.35536527633667
6.311131000518799
6.306929588317871
6.300443649291992
6.286426305770874
model saved at unlearnable_36190047_20211102022342_0.5_512_1000
6.298232793807983
6.283165693283081
6.30527400970459
6.279676675796509
6.3254241943359375
6.288415431976318
6.261430501937866
6.304990291595459
6.266614198684692
6.26204252243042
model saved at unlearnable_36190047_20211102022342_0.5_512_1000
6.2988669872283936
6.291875123977661
6.296008110046387
6.236996173858643
6.270145416259766
6.275388240814209
6.299560546875
6.274401426315308
6.277213096618652
6.298189640045166
model saved at unlearnable_36190047_20211102022342_0.5_512_1000
6.2816455364227295
6.321590423583984
6.30516505241394
6.2582643032073975
6.284787893295288
6.299306631088257
6.269556522369385
6.278198957443237
6.288414478302002
6.2825608253479
model saved at unlearnable_36190047_20211102022342_0.5_512_1000
6.232288599014282
6.272497653961182
6.262427568435669
6.291412115097046
6.289365768432617
6.261790752410889
6.2740044593811035
6.250617504119873
6.255850791931152
6.268766403198242
model saved at unlearnable_36190047_20211102022342_0.5_512_1000
6.278471231460571
6.272805213928223
6.27207088470459
6.294186115264893
6.251867771148682
6.267366886138916
6.274427890777588
6.2439563274383545
6.2701616287231445
6.296944618225098
model saved at unlearnable_36190047_20211102022342_0.5_512_1000
6.215541362762451
6.272345304489136
6.274708032608032
6.2498779296875
6.301772356033325
6.2682273387908936
6.277053356170654
6.2508039474487305
6.269519567489624
6.257974624633789
model saved at unlearnable_36190047_20211102022342_0.5_512_1000
6.250307559967041
6.2545342445373535
6.271622657775879
6.206321716308594
6.276520490646362
6.286696195602417
6.248536109924316
6.25037407875061
6.23482608795166
6.257111549377441
model saved at unlearnable_36190047_20211102022342_0.5_512_1000
6.237343788146973
6.243463516235352
6.2474365234375
6.2376298904418945
6.214859485626221
6.240452766418457
6.238528251647949
6.2512526512146
6.24976921081543
6.1967315673828125
model saved at unlearnable_36190047_20211102022342_0.5_512_1000
6.233308553695679
6.245948076248169
6.27424168586731
6.2202136516571045
6.231572151184082
6.227226972579956
6.254256248474121
6.223592758178711
6.24704647064209
6.283149242401123
model saved at unlearnable_36190047_20211102022342_0.5_512_1000
6.254347801208496
6.253172874450684
6.214712619781494
6.199198246002197
6.244300842285156
6.226172208786011
6.234642028808594
6.178536891937256
6.165245532989502
6.233773946762085
model saved at unlearnable_36190047_20211102022342_0.5_512_1000
6.218869209289551
6.213804483413696
6.217756509780884
6.218310356140137
6.205817699432373
6.237908601760864
6.241848707199097
6.1779937744140625
6.174546480178833
6.211225748062134
model saved at unlearnable_36190047_20211102022342_0.5_512_1000
6.21153450012207
6.219031810760498
6.199031114578247
6.192376613616943
6.178062200546265
6.220105171203613
6.188707113265991
6.253331422805786
6.167018413543701
6.200925827026367
model saved at unlearnable_36190047_20211102022342_0.5_512_1000
6.2187488079071045
6.216265678405762
6.219367504119873
6.19271993637085
6.169358730316162
6.203159332275391
6.19435715675354
6.1964476108551025
6.185268878936768
6.188181638717651
model saved at unlearnable_36190047_20211102022342_0.5_512_1000
6.187013387680054
6.2116005420684814
6.215037822723389
6.186524391174316
6.184242486953735
6.163845062255859
6.147477626800537
6.18292760848999
6.182827949523926
6.213954925537109
model saved at unlearnable_36190047_20211102022342_0.5_512_1000
6.194585800170898
6.195044279098511
6.2052202224731445
6.192683696746826
6.190094947814941
6.210234880447388
6.203611612319946
6.164838075637817
6.1737895011901855
6.1676788330078125
model saved at unlearnable_36190047_20211102022342_0.5_512_1000
6.187999725341797
6.20524001121521
6.216008424758911
6.2125444412231445
6.1542792320251465
6.186734676361084
6.223466873168945
6.170581579208374
6.191656112670898
6.191003322601318
model saved at unlearnable_36190047_20211102022342_0.5_512_1000
6.186275005340576
6.177088499069214
6.1832804679870605
6.194687843322754
6.190688610076904
6.204258441925049
6.200059652328491
6.165892124176025
6.153261184692383
6.199185371398926
model saved at unlearnable_36190047_20211102022342_0.5_512_1000
6.192554235458374
6.186436653137207
6.164475202560425
6.180202007293701
6.183642148971558
6.177308082580566
6.153117895126343
6.151831150054932
6.169384956359863
6.144071817398071
model saved at unlearnable_36190047_20211102022342_0.5_512_1000
6.1807661056518555
6.165079116821289
6.155298709869385
6.139169931411743
6.156037330627441
6.127167224884033
6.204965353012085
6.139130115509033
6.189699172973633
6.168812990188599
model saved at unlearnable_36190047_20211102022342_0.5_512_1000
6.211057424545288
6.1131463050842285
6.16078519821167
6.174102306365967
6.154882192611694
6.189486980438232
6.192329168319702
6.146277904510498
6.161978721618652
6.1665637493133545
model saved at unlearnable_36190047_20211102022342_0.5_512_1000
6.1735007762908936
6.189163684844971
6.195082187652588
6.114503860473633
6.1854541301727295
6.210100412368774
6.173928260803223
6.146434783935547
6.172724485397339
6.142448425292969
model saved at unlearnable_36190047_20211102022342_0.5_512_1000
6.180365562438965
6.181882381439209
6.178120851516724
6.1677165031433105
6.169904708862305
6.1446263790130615
6.159177541732788
6.183730125427246
6.167142152786255
6.128560304641724
model saved at unlearnable_36190047_20211102022342_0.5_512_1000
6.149275779724121
6.164728403091431
6.1552886962890625
6.176746129989624
6.133100271224976
6.135436534881592
6.149882555007935
6.19497013092041
6.170436382293701
6.169111013412476
model saved at unlearnable_36190047_20211102022342_0.5_512_1000
6.122575283050537
6.141008377075195
6.1499693393707275
6.17017936706543
6.140511512756348
6.138544797897339
6.1787590980529785
6.136097431182861
6.146472215652466
6.13100004196167
model saved at unlearnable_36190047_20211102022342_0.5_512_1000
6.114179611206055
6.137846946716309
6.142358779907227
6.150716781616211
6.140042781829834
6.1136980056762695
6.113772392272949
6.141369581222534
6.1269426345825195
6.135663986206055
model saved at unlearnable_36190047_20211102022342_0.5_512_1000
6.132632732391357
6.134806394577026
6.139889478683472
6.0980916023254395
6.10961389541626
6.101536750793457
6.09157133102417
6.159488677978516
6.109196662902832
6.120788812637329
model saved at unlearnable_36190047_20211102022342_0.5_512_1000
6.1391685009002686
6.1346595287323
6.097634553909302
6.126059055328369
6.115392446517944
6.120332479476929
6.131608247756958
6.156529903411865
6.128502130508423
6.159723520278931
model saved at unlearnable_36190047_20211102022342_0.5_512_1000
6.146486282348633
6.136447191238403
6.147372245788574
6.1724114418029785
6.1365978717803955
6.154653549194336
6.119319915771484
6.147459030151367
6.147960186004639
6.1259496212005615
model saved at unlearnable_36190047_20211102022342_0.5_512_1000
6.1679017543792725
6.139420986175537
6.119809150695801
6.115979433059692
6.100760221481323
6.121083736419678
6.13523006439209
6.099402189254761
6.137162208557129
6.1554856300354
model saved at unlearnable_36190047_20211102022342_0.5_512_1000
6.138587951660156
6.1438634395599365
6.129382133483887
6.1374266147613525
6.13088846206665
6.082566261291504
6.1148481369018555
6.141256332397461
6.108119010925293
6.120076417922974
model saved at unlearnable_36190047_20211102022342_0.5_512_1000
6.13314962387085
6.142509460449219
6.1148059368133545
6.117583274841309
6.092177629470825
6.149177551269531
6.160641431808472
6.112424373626709
6.098831415176392
6.104688405990601
model saved at unlearnable_36190047_20211102022342_0.5_512_1000
6.133259296417236
6.09356689453125
6.081249952316284
6.1168577671051025
6.1045026779174805
6.149958610534668
6.13420295715332
6.066209554672241
6.083218336105347
6.089977741241455
model saved at unlearnable_36190047_20211102022342_0.5_512_1000
6.122004508972168
6.113981246948242
6.1334967613220215
6.129317283630371
6.103569746017456
6.112491846084595
6.123627662658691
6.1161744594573975
6.111000061035156
6.108532190322876
model saved at unlearnable_36190047_20211102022342_0.5_512_1000
6.138810634613037
6.094828128814697
6.067480087280273
6.0720624923706055
6.126700401306152
6.116345167160034
6.101265907287598
6.107033729553223
6.100682497024536
6.092378616333008
model saved at unlearnable_36190047_20211102022342_0.5_512_1000
6.125079870223999
6.112246990203857
6.115716457366943
6.100302457809448
6.113013982772827
6.064605712890625
6.128626823425293
6.122755765914917
6.10990047454834
6.118116617202759
model saved at unlearnable_36190047_20211102022342_0.5_512_1000
6.15214204788208
6.13305401802063
6.11492133140564
6.1297783851623535
6.108997583389282
6.075612545013428
6.1129419803619385
6.105363130569458
6.135473966598511
6.119323253631592
model saved at unlearnable_36190047_20211102022342_0.5_512_1000
6.08416485786438
6.093508720397949
6.12989068031311
6.122775077819824
6.073023796081543
6.067265033721924
6.066501140594482
6.094889879226685
6.098128795623779
6.096541166305542
model saved at unlearnable_36190047_20211102022342_0.5_512_1000
6.1128623485565186
6.048416614532471
6.086961030960083
6.111541509628296
6.08463454246521
6.071832180023193
6.109061241149902
6.058111906051636
6.087779521942139
6.0855255126953125
model saved at unlearnable_36190047_20211102022342_0.5_512_1000
6.049253463745117
6.080763101577759
6.092174768447876
6.074965238571167
6.0905280113220215
6.100519180297852
6.098599910736084
6.1266090869903564
6.071682929992676
6.061844825744629
model saved at unlearnable_36190047_20211102022342_0.5_512_1000
6.1156861782073975
6.039430618286133
6.105797290802002
6.09210467338562
6.0533835887908936
6.054105520248413
6.109080076217651
6.106192111968994
6.0946433544158936
6.052937746047974
model saved at unlearnable_36190047_20211102022342_0.5_512_1000
6.057176113128662
6.117049217224121
6.079980373382568
6.141900539398193
6.078799247741699
6.111084699630737
6.109512805938721
6.070071220397949
6.123915195465088
6.067153453826904
model saved at unlearnable_36190047_20211102022342_0.5_512_1000
6.09185528755188
6.080832481384277
6.1072998046875
6.07181978225708
6.052724361419678
6.063671350479126
6.051797389984131
6.081834077835083
6.066735744476318
6.050184965133667
model saved at unlearnable_36190047_20211102022342_0.5_512_1000
6.054875612258911
6.0543272495269775
6.099740982055664
6.073604583740234
6.11111855506897
6.0477354526519775
6.083064079284668
6.062164545059204
6.117995023727417
6.069968223571777
model saved at unlearnable_36190047_20211102022342_0.5_512_1000
6.071256875991821
6.0618932247161865
6.059063196182251
6.07342791557312
6.100817441940308
6.104222297668457
6.078245639801025
6.076489448547363
6.047937631607056
6.071873903274536
model saved at unlearnable_36190047_20211102022342_0.5_512_1000
6.051723957061768
6.063780784606934
6.0636961460113525
6.082891464233398
6.066877126693726
6.0916759967803955
6.014184236526489
6.037477254867554
6.102822780609131
6.066723823547363
model saved at unlearnable_36190047_20211102022342_0.5_512_1000
6.075341463088989
6.0598533153533936
6.105710744857788
6.095322132110596
6.088976621627808
6.066895961761475
6.074863433837891
6.039563894271851
6.0337910652160645
6.072961091995239
model saved at unlearnable_36190047_20211102022342_0.5_512_1000
6.056217670440674
6.04201602935791
6.0768656730651855
6.083034038543701
6.049462080001831
6.04987645149231
6.067417621612549
6.0737810134887695
6.077784538269043
6.050842523574829
model saved at unlearnable_36190047_20211102022342_0.5_512_1000
6.07502555847168
6.081721305847168
6.066187381744385
6.072876453399658
6.046814203262329
6.070572137832642
6.055412769317627
6.112494707107544
6.0011210441589355
6.058570384979248
model saved at unlearnable_36190047_20211102022342_0.5_512_1000
6.058681964874268
6.054294586181641
6.070423126220703
6.079049110412598
6.047799825668335
6.03246545791626
6.063573837280273
6.06706428527832
6.04528284072876
6.069849491119385
model saved at unlearnable_36190047_20211102022342_0.5_512_1000
6.081946849822998
6.044189929962158
6.067321538925171
6.04514741897583
6.065293550491333
6.057501316070557
6.060821533203125
6.061848402023315
6.075414180755615
6.046751499176025
model saved at unlearnable_36190047_20211102022342_0.5_512_1000
6.049760580062866
6.0766589641571045
6.048297643661499
6.04965877532959
6.052746057510376
6.032967567443848
6.084950685501099
6.036890506744385
6.01752495765686
6.0624449253082275
model saved at unlearnable_36190047_20211102022342_0.5_512_1000
6.077898740768433
6.036534547805786
6.062057018280029
6.045167922973633
6.049511671066284
6.030833959579468
6.0245466232299805
6.02507758140564
6.065839529037476
6.030013799667358
model saved at unlearnable_36190047_20211102022342_0.5_512_1000
6.062527179718018
6.075213670730591
6.039911270141602
6.037125587463379
6.053552865982056
6.0228705406188965
6.033788681030273
6.02819037437439
6.018880844116211
6.064848899841309
model saved at unlearnable_36190047_20211102022342_0.5_512_1000
6.047570705413818
6.070949554443359
6.049400806427002
6.0247297286987305
6.052952289581299
6.028544902801514
6.043462753295898
6.052114009857178
6.012379884719849
6.038190841674805
model saved at unlearnable_36190047_20211102022342_0.5_512_1000
6.040774583816528
6.0438008308410645
6.044748544692993
6.048366069793701
6.029483795166016
6.06129002571106
6.025126934051514
6.060431957244873
6.040966033935547
6.066723823547363
model saved at unlearnable_36190047_20211102022342_0.5_512_1000
6.006432056427002
6.077062129974365
6.045381546020508
6.038779258728027
6.055747747421265
5.992892742156982
6.035871744155884
6.032669544219971
6.03901481628418
6.040055274963379
model saved at unlearnable_36190047_20211102022342_0.5_512_1000
6.056520700454712
6.0279295444488525
6.007647275924683
6.067566156387329
6.0456953048706055
6.009686231613159
6.047022104263306
6.004737854003906
6.0018630027771
6.01942777633667
model saved at unlearnable_36190047_20211102022342_0.5_512_1000
6.034597873687744
6.077124118804932
6.0178611278533936
6.023375749588013
6.031796216964722
6.03177809715271
6.020702838897705
6.027151584625244
5.98364782333374
6.038410186767578
model saved at unlearnable_36190047_20211102022342_0.5_512_1000
6.017698764801025
6.056074380874634
6.03758430480957
6.008946895599365
6.0381081104278564
6.0542311668396
6.046521425247192
6.0419182777404785
6.036229372024536
6.013054847717285
model saved at unlearnable_36190047_20211102022342_0.5_512_1000
6.046837568283081
6.0126142501831055
6.014855861663818
6.010734558105469
6.010811805725098
6.035217046737671
6.032483339309692
6.049810409545898
6.0486249923706055
6.0654332637786865
model saved at unlearnable_36190047_20211102022342_0.5_512_1000
6.038717031478882
6.032203674316406
6.045381307601929
6.025338411331177
6.01131534576416
6.037886619567871
6.033955097198486
6.0003342628479
6.027873277664185
6.02269721031189
model saved at unlearnable_36190047_20211102022342_0.5_512_1000
6.040640354156494
6.067367076873779
6.039219856262207
6.053647518157959
6.024316310882568
6.033053159713745
6.0151002407073975
6.022466659545898
6.0244200229644775
5.977384090423584
model saved at unlearnable_36190047_20211102022342_0.5_512_1000
6.024944305419922
6.028136491775513
6.0071611404418945
6.011704444885254
6.038604736328125
5.996177434921265
6.053714752197266
6.048550128936768
6.025844097137451
6.017571449279785
model saved at unlearnable_36190047_20211102022342_0.5_512_1000
6.024903774261475
6.032851219177246
6.03157377243042
6.036938190460205
5.986475944519043
6.032307863235474
6.028387069702148
6.027354717254639
5.983010292053223
5.997679233551025
model saved at unlearnable_36190047_20211102022342_0.5_512_1000
6.032254457473755
6.000465393066406
6.037502765655518
6.020939111709595
6.025809288024902
6.009746074676514
5.973740100860596
6.019927501678467
5.994947671890259
6.033700942993164
model saved at unlearnable_36190047_20211102022342_0.5_512_1000
5.998563289642334
6.030676603317261
5.9908881187438965
6.014056205749512
6.047563076019287
5.98214316368103
6.01405143737793
6.0379478931427
6.0078020095825195
6.025059461593628
model saved at unlearnable_36190047_20211102022342_0.5_512_1000
6.001333236694336
5.979274272918701
6.027897834777832
5.987820148468018
5.992239475250244
6.037482976913452
6.016790390014648
5.982229232788086
6.0079522132873535
6.023385524749756
model saved at unlearnable_36190047_20211102022342_0.5_512_1000
6.006584644317627
5.987273931503296
6.059776306152344
5.9963579177856445
5.9927520751953125
6.009124994277954
6.044692754745483
5.981475114822388
6.0092620849609375
6.002039909362793
model saved at unlearnable_36190047_20211102022342_0.5_512_1000
5.995910167694092
6.0098230838775635
6.017934560775757
6.016286134719849
6.006145477294922
6.036304950714111
5.981740713119507
6.002538442611694
6.003633737564087
6.006768703460693
model saved at unlearnable_36190047_20211102022342_0.5_512_1000
6.0111143589019775
6.012868165969849
5.955796480178833
6.003114461898804
6.001603126525879
5.981910467147827
6.049742937088013
5.9839417934417725
6.038975238800049
6.021106243133545
model saved at unlearnable_36190047_20211102022342_0.5_512_1000
6.006214618682861
5.999608993530273
6.032756567001343
5.974992752075195
5.9937357902526855
5.980186939239502
5.98175048828125
6.000513315200806
5.977355241775513
6.00075626373291
model saved at unlearnable_36190047_20211102022342_0.5_512_1000
6.021124839782715
5.985805511474609
5.939485549926758
5.9867048263549805
5.970258712768555
5.983872890472412
5.990910530090332
5.964882850646973
5.981346607208252
6.00343656539917
model saved at unlearnable_36190047_20211102022342_0.5_512_1000
5.96173095703125
5.981081247329712
5.985968112945557
6.001492023468018
5.988840579986572
6.008751630783081
5.979165077209473
6.004669189453125
5.990471124649048
5.977698802947998
model saved at unlearnable_36190047_20211102022342_0.5_512_1000
5.989522933959961
6.003264904022217
5.990895509719849
6.029017925262451
6.004164695739746
6.003487586975098
6.005311012268066
5.980165958404541
5.997934818267822
6.009047508239746
model saved at unlearnable_36190047_20211102022342_0.5_512_1000
5.98807692527771
5.964118480682373
5.988179445266724
6.018516778945923
5.969604969024658
6.005686044692993
5.977984428405762
5.976168394088745
6.005707263946533
5.966062068939209
model saved at unlearnable_36190047_20211102022342_0.5_512_1000
5.995728492736816
5.999069690704346
5.997687339782715
5.981369495391846
5.9776222705841064
6.00075888633728
5.974273204803467
5.98172664642334
5.996434211730957
6.00056004524231
model saved at unlearnable_36190047_20211102022342_0.5_512_1000
5.9345245361328125
6.004211902618408
6.04233717918396
5.993131160736084
5.949028730392456
5.969181060791016
5.9851975440979
6.013270378112793
5.982051610946655
5.9927897453308105
model saved at unlearnable_36190047_20211102022342_0.5_512_1000
6.030602931976318
5.9873762130737305
5.996102809906006
5.95435643196106
5.994520664215088
6.006263494491577
5.987115859985352
5.97822904586792
6.015302658081055
5.961599826812744
model saved at unlearnable_36190047_20211102022342_0.5_512_1000
JobId=36190047 JobName=SimCLR
   UserId=renjie3(6007166) GroupId=cse(2010) MCS_label=N/A
   Priority=32591 Nice=0 Account=cmse QOS=normal
   JobState=RUNNING Reason=None Dependency=(null)
   Requeue=1 Restarts=0 BatchFlag=1 Reboot=0 ExitCode=0:0
   RunTime=00:47:44 TimeLimit=20:00:00 TimeMin=N/A
   SubmitTime=2021-11-01T23:29:36 EligibleTime=2021-11-01T23:29:36
   AccrueTime=2021-11-01T23:29:36
   StartTime=2021-11-02T02:23:24 EndTime=2021-11-02T22:23:24 Deadline=N/A
   SuspendTime=None SecsPreSuspend=0 LastSchedEval=2021-11-02T02:23:24
   Partition=cmse-gpu AllocNode:Sid=dev-amd20-v100:147823
   ReqNodeList=nvl-001 ExcNodeList=(null)
   NodeList=nvl-001
   BatchHost=nvl-001
   NumNodes=1 NumCPUs=2 NumTasks=1 CPUs/Task=2 ReqB:S:C:T=0:0:*:*
   TRES=cpu=2,mem=16G,node=1,billing=2490,gres/gpu=1
   Socks/Node=* NtasksPerN:B:S:C=0:0:*:* CoreSpec=*
   MinCPUsNode=2 MinMemoryCPU=8G MinTmpDiskNode=0
   Features=[intel14|intel16|intel18|amr|nvf] DelayBoot=00:00:00
   OverSubscribe=OK Contiguous=0 Licenses=(null) Network=(null)
   Command=/mnt/ufs18/home-145/renjie3/Documents/unlearnable/Unlearnable-Examples/submit.sb
   WorkDir=/mnt/ufs18/home-145/renjie3/Documents/unlearnable/Unlearnable-Examples
   Comment=stdout=/mnt/home/renjie3/Documents/unlearnable/Unlearnable-Examples/logfile/36190047.log 
   StdErr=/mnt/home/renjie3/Documents/unlearnable/Unlearnable-Examples/logfile/36190047.err
   StdIn=/dev/null
   StdOut=/mnt/home/renjie3/Documents/unlearnable/Unlearnable-Examples/logfile/36190047.log
   Power=
   TresPerNode=gpu:1
   NtasksPerTRES:0

