random_baseline
python3 -u ssl_perturbation_save_model_random_noise.py --config_path configs/cifar10 --exp_name path/to/your/experiment/folder --version resnet18 --train_data_type CIFAR10 --noise_shape 4 3 32 32 --epsilon 16 --num_steps 5 --step_size 3.2 --attack_type min-min --perturb_type classwise --universal_train_target 'classwise' --train_step 10 --epochs 1000 --min_min_attack_fn non_eot --strong_aug --random_start --job_id 36190046
check check
__name__ simclr
Files already downloaded and verified
Files already downloaded and verified
Files already downloaded and verified
Files already downloaded and verified
tensor([[[[-1.2918e-02, -5.4569e-02,  3.0102e-02,  ...,  5.4243e-02,
            4.9424e-02,  3.2697e-02],
          [-5.8586e-02,  3.9473e-02, -3.2468e-02,  ...,  3.6610e-02,
            2.6595e-02,  2.5390e-02],
          [-1.7546e-02, -2.4023e-02, -3.3214e-02,  ..., -5.2189e-02,
            1.8867e-02,  3.8896e-02],
          ...,
          [ 6.2128e-02,  1.3326e-02, -2.6633e-02,  ...,  3.2443e-02,
           -2.9964e-02, -2.0922e-02],
          [ 3.2380e-02, -9.6750e-03,  3.9964e-02,  ..., -4.4108e-02,
           -2.2584e-02, -2.8043e-04],
          [-5.2596e-02,  6.0507e-02, -2.8588e-02,  ..., -5.5011e-02,
            3.3853e-02,  5.9941e-02]],

         [[-3.8551e-02,  2.7446e-02, -4.9015e-02,  ..., -5.4221e-02,
           -1.6320e-02,  3.9429e-02],
          [-2.8604e-03, -4.6282e-02, -2.5390e-02,  ..., -4.7962e-02,
           -5.0309e-02,  5.4124e-02],
          [ 3.7219e-02,  5.8152e-02, -2.5900e-02,  ...,  5.8173e-02,
           -6.1668e-02,  2.8978e-02],
          ...,
          [ 2.8659e-02,  1.2743e-02, -1.7740e-02,  ..., -5.1025e-02,
           -2.2950e-02,  3.2500e-02],
          [ 3.7935e-02,  6.0976e-03, -6.1646e-02,  ..., -4.9886e-02,
           -2.2275e-02,  4.8382e-03],
          [-2.6566e-02, -4.9168e-02,  9.3208e-03,  ..., -4.5861e-02,
           -5.5026e-02,  6.0592e-02]],

         [[ 4.1666e-02,  5.7143e-02,  3.5982e-02,  ..., -3.2620e-02,
            3.9933e-02, -3.0109e-02],
          [ 5.4281e-02, -2.3221e-02, -3.0188e-02,  ...,  9.6355e-03,
            1.3776e-02, -2.5510e-02],
          [ 3.5520e-02,  3.4808e-02, -8.1653e-03,  ..., -6.0346e-02,
           -5.5061e-02, -3.1332e-02],
          ...,
          [ 1.8809e-02, -3.0469e-02,  9.8163e-03,  ..., -3.5487e-02,
           -2.4839e-02, -3.1031e-02],
          [-3.0096e-03,  2.1698e-02,  3.7571e-02,  ...,  5.2767e-02,
           -2.7193e-02,  3.7336e-02],
          [-2.7446e-02, -3.1967e-02,  3.1755e-02,  ...,  4.7757e-02,
            2.7498e-02,  2.6020e-02]]],


        [[[ 5.7587e-02,  3.8243e-02,  3.9878e-02,  ..., -5.1202e-02,
            5.0495e-02,  7.7883e-03],
          [-2.3758e-02, -1.9739e-02,  3.7036e-02,  ...,  4.7534e-02,
           -4.1979e-02,  3.6251e-02],
          [-2.9396e-02, -2.2385e-02, -3.3368e-02,  ...,  4.9621e-02,
            5.6522e-02, -3.5458e-02],
          ...,
          [ 1.0936e-03, -2.9090e-02, -1.1870e-02,  ...,  1.2377e-02,
            6.1794e-02, -2.5875e-02],
          [-1.6055e-03, -3.9743e-02,  2.3786e-02,  ...,  2.2588e-03,
            3.7489e-02, -2.8139e-03],
          [-3.7438e-02, -3.5416e-02, -2.2621e-03,  ...,  1.4042e-02,
           -4.7466e-03, -4.4640e-02]],

         [[ 4.8937e-03, -3.7556e-02,  5.8221e-02,  ..., -1.6653e-03,
           -2.2677e-02, -5.5258e-02],
          [-4.9094e-02, -2.9965e-02,  6.0717e-02,  ...,  5.8590e-02,
           -2.9588e-02,  2.7617e-03],
          [-3.3625e-02,  1.5694e-02,  1.8993e-02,  ..., -4.0081e-02,
           -6.2597e-02,  5.4992e-02],
          ...,
          [-4.7094e-02,  3.0798e-02,  1.1383e-02,  ...,  5.0259e-02,
           -2.1230e-02,  3.2441e-02],
          [-4.6161e-02, -5.5523e-02,  6.2230e-02,  ..., -5.6034e-02,
           -2.7950e-03,  2.2897e-02],
          [ 2.2732e-02, -2.7313e-02,  3.7035e-02,  ...,  3.1913e-02,
            8.0009e-03,  3.9064e-03]],

         [[ 6.0970e-02,  6.0243e-02,  2.2379e-02,  ...,  3.8939e-02,
            4.0021e-02,  2.6063e-02],
          [ 4.4832e-02,  5.1068e-04,  5.9569e-02,  ...,  2.8612e-02,
            7.5883e-03,  3.2884e-02],
          [ 3.4102e-02, -2.9288e-02,  4.5706e-02,  ..., -4.4726e-03,
            1.3059e-02,  1.0859e-02],
          ...,
          [ 3.6454e-02,  1.7654e-02,  2.3652e-02,  ...,  2.2265e-02,
           -5.0495e-02, -1.9349e-03],
          [-1.8297e-02,  5.8192e-02,  1.0098e-02,  ..., -1.0966e-02,
           -4.2336e-02, -5.0030e-02],
          [ 5.5363e-02, -6.0943e-02,  1.3970e-02,  ..., -5.9155e-04,
            1.8892e-02, -2.8274e-02]]],


        [[[-1.6580e-02, -2.2738e-02,  5.3498e-02,  ...,  5.0021e-02,
           -3.1498e-02, -4.8845e-02],
          [-3.9718e-02, -3.0048e-02, -2.3308e-02,  ...,  3.0869e-02,
           -6.2173e-02,  3.2153e-02],
          [ 2.8472e-03,  4.2271e-02,  4.5186e-02,  ..., -3.7031e-02,
           -5.1467e-03, -3.2495e-02],
          ...,
          [-5.9611e-02,  1.6978e-02,  5.9517e-02,  ...,  3.4391e-02,
            5.6071e-03,  5.9681e-02],
          [ 3.9038e-02,  4.2753e-02, -5.5570e-02,  ...,  5.6999e-02,
            4.9290e-02, -5.9348e-02],
          [ 3.7974e-03, -5.0923e-02, -5.2718e-02,  ..., -4.4593e-02,
           -1.4912e-02,  1.6298e-03]],

         [[ 2.9480e-02,  5.7026e-02, -3.5144e-02,  ..., -1.5810e-03,
            5.3627e-02,  1.4364e-02],
          [ 1.1730e-02, -3.0099e-02,  4.6457e-02,  ...,  5.3474e-02,
           -6.2288e-03, -4.6096e-02],
          [ 5.0272e-02, -2.8781e-02,  1.6415e-02,  ...,  9.4454e-03,
            5.8393e-02, -7.9416e-03],
          ...,
          [-2.9260e-02,  5.7991e-03,  4.7830e-02,  ..., -6.7171e-03,
           -2.9958e-02,  4.2425e-02],
          [ 6.2262e-02,  5.4276e-02,  1.2341e-02,  ...,  3.7990e-02,
            2.4136e-02, -4.5508e-02],
          [ 5.2708e-03,  5.3629e-02, -5.0408e-02,  ...,  2.7335e-02,
            4.8386e-02, -1.2358e-02]],

         [[ 9.6854e-03, -2.8737e-02, -1.0126e-03,  ..., -1.7455e-02,
           -1.5796e-02,  3.3239e-02],
          [ 2.2438e-03, -1.9046e-02,  3.9055e-02,  ...,  4.1605e-02,
           -3.6440e-02,  1.2327e-02],
          [ 3.9379e-02,  4.0439e-02, -6.1759e-03,  ...,  2.3780e-02,
           -6.1020e-02, -1.5214e-02],
          ...,
          [ 4.5533e-02,  5.3894e-02,  3.4107e-02,  ..., -4.2013e-02,
            1.9843e-02, -1.5134e-02],
          [-3.2470e-02, -5.0388e-02,  6.1316e-03,  ...,  6.0614e-02,
           -3.3801e-02,  5.0851e-02],
          [ 4.1030e-02, -1.5868e-02,  5.5534e-02,  ..., -3.4946e-02,
           -1.4212e-02, -3.5579e-02]]],


        [[[-7.2529e-03, -2.8684e-02, -2.6826e-02,  ..., -2.6905e-05,
            2.4414e-02,  4.4223e-02],
          [ 4.7969e-02, -3.8103e-02, -4.1083e-02,  ..., -1.5018e-02,
            3.9181e-02, -4.1592e-02],
          [ 5.3010e-03, -3.7892e-02,  5.4630e-02,  ..., -2.7982e-03,
           -5.1756e-02,  2.2178e-02],
          ...,
          [ 3.0221e-02,  8.3249e-04, -2.0854e-02,  ..., -2.2878e-02,
           -3.4432e-02, -2.0299e-02],
          [-5.7787e-02,  3.9286e-03,  3.8091e-02,  ..., -1.0153e-03,
           -4.9932e-02, -1.8750e-02],
          [-1.1551e-02,  7.4591e-04,  2.5332e-02,  ...,  5.0755e-02,
           -2.9904e-02,  3.6683e-02]],

         [[-1.7286e-02, -2.7246e-02, -4.0400e-02,  ..., -2.5329e-02,
            4.1977e-02,  2.7172e-02],
          [ 3.8525e-02, -3.1822e-02, -1.2200e-02,  ...,  2.8297e-02,
            1.7354e-03,  4.3925e-02],
          [-5.8538e-02, -2.8514e-02, -9.4491e-03,  ..., -9.5363e-03,
            4.7694e-02,  7.9926e-03],
          ...,
          [ 1.4179e-02,  6.2694e-02, -3.7989e-02,  ..., -1.1928e-02,
            4.2093e-02,  3.1152e-02],
          [-1.4932e-02,  4.6566e-02,  2.5652e-02,  ...,  4.3515e-02,
           -5.7877e-02,  6.2402e-02],
          [ 5.4320e-02,  4.8409e-02, -2.5584e-02,  ..., -5.1114e-02,
            2.5939e-02, -8.6326e-03]],

         [[ 2.6043e-02, -1.8516e-02, -2.2196e-02,  ...,  4.5152e-02,
           -4.5684e-03,  2.4803e-02],
          [-1.4230e-02,  2.8677e-02, -4.8345e-02,  ..., -3.0306e-02,
           -4.1150e-02, -1.2982e-02],
          [ 4.5136e-02, -4.5101e-02,  8.8400e-04,  ..., -5.9862e-02,
           -4.1494e-02,  4.7798e-02],
          ...,
          [-3.9178e-02,  5.0871e-02,  5.2088e-02,  ...,  4.1931e-02,
           -1.7327e-02, -5.4399e-02],
          [-6.4842e-03,  4.1050e-03, -5.1137e-02,  ...,  1.0763e-02,
            4.5178e-02, -4.9275e-02],
          [ 4.7087e-02, -5.3491e-02, -5.8706e-02,  ...,  5.7046e-03,
            5.8396e-03, -4.8592e-02]]]], device='cuda:0')
The whole epochs are 1000
6.931384563446045
6.899903297424316
6.881831645965576
6.865243434906006
6.844216823577881
6.8256189823150635
6.83193302154541
6.8030524253845215
6.808633804321289
6.7929956912994385
model saved at unlearnable_36190046_20211102022339_0.5_512_1000
6.845015287399292
6.805483341217041
6.809158802032471
6.785332918167114
6.756332159042358
6.7911176681518555
6.793152093887329
6.788693428039551
6.788381099700928
6.801103353500366
model saved at unlearnable_36190046_20211102022339_0.5_512_1000
6.771846771240234
6.789442539215088
6.749237775802612
6.760583877563477
6.792991399765015
6.78118896484375
6.782207012176514
6.75396203994751
6.7680816650390625
6.778302192687988
model saved at unlearnable_36190046_20211102022339_0.5_512_1000
6.752928018569946
6.733114242553711
6.731260299682617
6.7692766189575195
6.726844310760498
6.762302398681641
6.752612113952637
6.7262914180755615
6.749928712844849
6.726100921630859
model saved at unlearnable_36190046_20211102022339_0.5_512_1000
6.758191347122192
6.746717214584351
6.68953013420105
6.695042848587036
6.734858751296997
6.696700572967529
6.7065958976745605
6.704938888549805
6.663082838058472
6.700290203094482
model saved at unlearnable_36190046_20211102022339_0.5_512_1000
6.656654596328735
6.676357984542847
6.684823274612427
6.664540767669678
6.694271087646484
6.641036510467529
6.629810333251953
6.698849678039551
6.672429084777832
6.649519681930542
model saved at unlearnable_36190046_20211102022339_0.5_512_1000
6.69236159324646
6.674460411071777
6.690464019775391
6.662228107452393
6.638272285461426
6.636632204055786
6.639596939086914
6.6347551345825195
6.6336705684661865
6.653507947921753
model saved at unlearnable_36190046_20211102022339_0.5_512_1000
6.6826207637786865
6.619850158691406
6.624880313873291
6.603521347045898
6.629937648773193
6.617534637451172
6.614093780517578
6.581029176712036
6.589914321899414
6.580091238021851
model saved at unlearnable_36190046_20211102022339_0.5_512_1000
6.593705654144287
6.583961009979248
6.564081907272339
6.569192886352539
6.57021951675415
6.571534633636475
6.592763900756836
6.594114303588867
6.589678525924683
6.543630838394165
model saved at unlearnable_36190046_20211102022339_0.5_512_1000
6.5733606815338135
6.546671152114868
6.531870365142822
6.534885406494141
6.567519903182983
6.5629730224609375
6.615495920181274
6.511680603027344
6.5867228507995605
6.567385673522949
model saved at unlearnable_36190046_20211102022339_0.5_512_1000
6.585341930389404
6.56817626953125
6.541223526000977
6.54004430770874
6.513988256454468
6.5298638343811035
6.532371520996094
6.505717515945435
6.524669647216797
6.47308874130249
model saved at unlearnable_36190046_20211102022339_0.5_512_1000
6.475659370422363
6.491542339324951
6.500970363616943
6.538773536682129
6.533190727233887
6.50894570350647
6.4877166748046875
6.486515283584595
6.494914293289185
6.467825651168823
model saved at unlearnable_36190046_20211102022339_0.5_512_1000
6.516932725906372
6.451213359832764
6.479169845581055
6.47893214225769
6.465090751647949
6.489361763000488
6.449514150619507
6.504057168960571
6.516662359237671
6.479537725448608
model saved at unlearnable_36190046_20211102022339_0.5_512_1000
6.493091344833374
6.507221698760986
6.442601203918457
6.488627195358276
6.435336112976074
6.485795974731445
6.466079950332642
6.468070983886719
6.469399690628052
6.468736171722412
model saved at unlearnable_36190046_20211102022339_0.5_512_1000
6.427522659301758
6.457369804382324
6.4270241260528564
6.472883462905884
6.411457538604736
6.448092222213745
6.46807599067688
6.455077886581421
6.438246011734009
6.461560487747192
model saved at unlearnable_36190046_20211102022339_0.5_512_1000
6.473567485809326
6.42028284072876
6.450209617614746
6.443668842315674
6.423652410507202
6.411933898925781
6.4098992347717285
6.425698757171631
6.4023449420928955
6.419874429702759
model saved at unlearnable_36190046_20211102022339_0.5_512_1000
6.453636646270752
6.420342922210693
6.441359758377075
6.422891139984131
6.413343667984009
6.4534382820129395
6.426847696304321
6.430545091629028
6.4330620765686035
6.41108512878418
model saved at unlearnable_36190046_20211102022339_0.5_512_1000
6.395659446716309
6.378773212432861
6.382652282714844
6.42122220993042
6.419203758239746
6.422058582305908
6.385505676269531
6.440497875213623
6.409770965576172
6.395989418029785
model saved at unlearnable_36190046_20211102022339_0.5_512_1000
6.419286251068115
6.402599334716797
6.366300582885742
6.400424003601074
6.418078422546387
6.363847970962524
6.382127523422241
6.392367839813232
6.372174263000488
6.39143180847168
model saved at unlearnable_36190046_20211102022339_0.5_512_1000
6.364539384841919
6.3867669105529785
6.352118015289307
6.41061544418335
6.359699726104736
6.349330425262451
6.324843883514404
6.366743564605713
6.352978706359863
6.359435081481934
model saved at unlearnable_36190046_20211102022339_0.5_512_1000
6.344752311706543
6.379055738449097
6.3126220703125
6.3260040283203125
6.332024574279785
6.366738319396973
6.332772254943848
6.344078063964844
6.351516246795654
6.3678553104400635
model saved at unlearnable_36190046_20211102022339_0.5_512_1000
6.365834474563599
6.384802579879761
6.382217645645142
6.340775728225708
6.366723537445068
6.398849725723267
6.330347061157227
6.299323320388794
6.343315124511719
6.327744722366333
model saved at unlearnable_36190046_20211102022339_0.5_512_1000
6.356455326080322
6.352832794189453
6.366484642028809
6.286377668380737
6.281708002090454
6.343645811080933
6.331448316574097
6.388931751251221
6.362014293670654
6.3875744342803955
model saved at unlearnable_36190046_20211102022339_0.5_512_1000
6.338756084442139
6.336337566375732
6.294466972351074
6.34691596031189
6.3487443923950195
6.349098443984985
6.3134989738464355
6.311967849731445
6.306573867797852
6.350130081176758
model saved at unlearnable_36190046_20211102022339_0.5_512_1000
6.32503080368042
6.350269317626953
6.296140432357788
6.3344886302948
6.277517795562744
6.293431997299194
6.321041584014893
6.321656703948975
6.269442796707153
6.3499367237091064
model saved at unlearnable_36190046_20211102022339_0.5_512_1000
6.333146095275879
6.292325258255005
6.28792405128479
6.303450107574463
6.292328357696533
6.302133560180664
6.293570041656494
6.3266541957855225
6.283267498016357
6.2619476318359375
model saved at unlearnable_36190046_20211102022339_0.5_512_1000
6.315441131591797
6.311753749847412
6.339993238449097
6.325679540634155
6.302073001861572
6.348823308944702
6.3017988204956055
6.327579736709595
6.327621698379517
6.283861875534058
model saved at unlearnable_36190046_20211102022339_0.5_512_1000
6.274191617965698
6.338545322418213
6.305833339691162
6.3066956996917725
6.275528192520142
6.280211925506592
6.314739942550659
6.2760632038116455
6.233706951141357
6.265576124191284
model saved at unlearnable_36190046_20211102022339_0.5_512_1000
6.30004620552063
6.288533926010132
6.271609783172607
6.241539716720581
6.293571472167969
6.280168294906616
6.273208856582642
6.283195495605469
6.26841402053833
6.261098384857178
model saved at unlearnable_36190046_20211102022339_0.5_512_1000
6.283538103103638
6.274380683898926
6.252593755722046
6.255824565887451
6.238484621047974
6.280223846435547
6.269730567932129
6.227598667144775
6.271806240081787
6.244328022003174
model saved at unlearnable_36190046_20211102022339_0.5_512_1000
6.244363307952881
6.25581955909729
6.2658116817474365
6.277079343795776
6.240032196044922
6.269713640213013
6.276831388473511
6.2668681144714355
6.299676895141602
6.271823167800903
model saved at unlearnable_36190046_20211102022339_0.5_512_1000
6.2902398109436035
6.250339031219482
6.2506654262542725
6.28779411315918
6.237396955490112
6.24642014503479
6.270723342895508
6.2982704639434814
6.234281539916992
6.294745206832886
model saved at unlearnable_36190046_20211102022339_0.5_512_1000
6.251392841339111
6.261260986328125
6.2705652713775635
6.259522199630737
6.293711423873901
6.2682390213012695
6.219222784042358
6.26261305809021
6.257603168487549
6.227815866470337
model saved at unlearnable_36190046_20211102022339_0.5_512_1000
6.217998027801514
6.243050575256348
6.267789125442505
6.228332042694092
6.278608560562134
6.264126777648926
6.260850429534912
6.230217218399048
6.251416921615601
6.238840103149414
model saved at unlearnable_36190046_20211102022339_0.5_512_1000
6.235558748245239
6.211601734161377
6.265368223190308
6.2245707511901855
6.245386600494385
6.245167255401611
6.25002121925354
6.228684425354004
6.289962530136108
6.237997055053711
model saved at unlearnable_36190046_20211102022339_0.5_512_1000
6.2280495166778564
6.2332024574279785
6.264947175979614
6.233412742614746
6.257786989212036
6.193210124969482
6.237131595611572
6.2371745109558105
6.242651700973511
6.214353322982788
model saved at unlearnable_36190046_20211102022339_0.5_512_1000
6.215813398361206
6.228344202041626
6.231975317001343
6.243657112121582
6.248473644256592
6.2524964809417725
6.197235584259033
6.239108085632324
6.214041233062744
6.2408576011657715
model saved at unlearnable_36190046_20211102022339_0.5_512_1000
6.216355323791504
6.256521940231323
6.253040075302124
6.224213600158691
6.194031476974487
6.259920835494995
6.210479259490967
6.274755477905273
6.232775449752808
6.231921672821045
model saved at unlearnable_36190046_20211102022339_0.5_512_1000
6.2176642417907715
6.227582216262817
6.238886117935181
6.241344928741455
6.193712472915649
6.23543381690979
6.213571310043335
6.231284856796265
6.212917804718018
6.203724384307861
model saved at unlearnable_36190046_20211102022339_0.5_512_1000
6.170787572860718
6.221399307250977
6.219479560852051
6.236021518707275
6.202969551086426
6.186594009399414
6.235790252685547
6.237346172332764
6.190598964691162
6.210338592529297
model saved at unlearnable_36190046_20211102022339_0.5_512_1000
6.208715438842773
6.205974340438843
6.229655981063843
6.196660280227661
6.20873498916626
6.214829444885254
6.1955790519714355
6.2173967361450195
6.206284523010254
6.248900890350342
model saved at unlearnable_36190046_20211102022339_0.5_512_1000
6.181417226791382
6.199857711791992
6.209019660949707
6.215147495269775
6.190367221832275
6.211636543273926
6.206839561462402
6.227704048156738
6.174251556396484
6.230235815048218
model saved at unlearnable_36190046_20211102022339_0.5_512_1000
6.207435131072998
6.2001848220825195
6.194787979125977
6.213838577270508
6.1765830516815186
6.219001293182373
6.183486700057983
6.228884696960449
6.211676836013794
6.228027105331421
model saved at unlearnable_36190046_20211102022339_0.5_512_1000
6.2221856117248535
6.201476097106934
6.198346138000488
6.187995910644531
6.159309148788452
6.190475702285767
6.212077856063843
6.18520975112915
6.20230507850647
6.181830406188965
model saved at unlearnable_36190046_20211102022339_0.5_512_1000
6.204676866531372
6.1614227294921875
6.219799757003784
6.1726953983306885
6.16933798789978
6.216964244842529
6.217103719711304
6.208523273468018
6.195855379104614
6.203318119049072
model saved at unlearnable_36190046_20211102022339_0.5_512_1000
6.1621434688568115
6.176342487335205
6.188523054122925
6.199134826660156
6.191681861877441
6.176517486572266
6.177241325378418
6.201481103897095
6.218307256698608
6.221876621246338
model saved at unlearnable_36190046_20211102022339_0.5_512_1000
6.138464450836182
6.176487445831299
6.184553384780884
6.207570314407349
6.182641267776489
6.176443338394165
6.149817228317261
6.206273317337036
6.172717332839966
6.188345670700073
model saved at unlearnable_36190046_20211102022339_0.5_512_1000
6.209527254104614
6.173492908477783
6.235647201538086
6.162964582443237
6.235354661941528
6.164883136749268
6.179924488067627
6.215760946273804
6.21053409576416
6.1944966316223145
model saved at unlearnable_36190046_20211102022339_0.5_512_1000
6.169756174087524
6.162244081497192
6.162481069564819
6.155869245529175
6.18686842918396
6.182013750076294
6.209524631500244
6.1608381271362305
6.174099445343018
6.178569078445435
model saved at unlearnable_36190046_20211102022339_0.5_512_1000
6.214231491088867
6.1674206256866455
6.1695520877838135
6.1580822467803955
6.153957843780518
6.207076072692871
6.138688087463379
6.177907466888428
6.16236138343811
6.1565330028533936
model saved at unlearnable_36190046_20211102022339_0.5_512_1000
6.188467264175415
6.154886960983276
6.134340286254883
6.145495414733887
6.153872489929199
6.197105646133423
6.161527633666992
6.17609715461731
6.148744106292725
6.178493499755859
model saved at unlearnable_36190046_20211102022339_0.5_512_1000
6.163609981536865
6.187746047973633
6.1606764793396
6.157137393951416
6.202852964401245
6.17549467086792
6.17037558555603
6.160546541213989
6.1761474609375
6.182445526123047
model saved at unlearnable_36190046_20211102022339_0.5_512_1000
6.170840740203857
6.1530845165252686
6.168316841125488
6.1387038230896
6.177708148956299
6.134831190109253
6.182374954223633
6.170907258987427
6.135817766189575
6.092409372329712
model saved at unlearnable_36190046_20211102022339_0.5_512_1000
6.135114431381226
6.155648946762085
6.180990934371948
6.164368629455566
6.178173065185547
6.125317096710205
6.151213645935059
6.1705780029296875
6.141775131225586
6.1341331005096436
model saved at unlearnable_36190046_20211102022339_0.5_512_1000
6.154685974121094
6.148781776428223
6.137952089309692
6.132522821426392
6.131931304931641
6.15111231803894
6.149686098098755
6.144093036651611
6.1621739864349365
6.167443037033081
model saved at unlearnable_36190046_20211102022339_0.5_512_1000
6.175153970718384
6.176539897918701
6.145934343338013
6.152055978775024
6.166998386383057
6.120571136474609
6.144963264465332
6.1482579708099365
6.133225917816162
6.152017116546631
model saved at unlearnable_36190046_20211102022339_0.5_512_1000
6.178221940994263
6.1579461097717285
6.1556806564331055
6.1536009311676025
6.156439304351807
6.167425870895386
6.131950855255127
6.17696213722229
6.170554876327515
6.180284738540649
model saved at unlearnable_36190046_20211102022339_0.5_512_1000
6.15347146987915
6.136251449584961
6.1435935497283936
6.13423228263855
6.131092071533203
6.154882907867432
6.117921590805054
6.160152196884155
6.154675483703613
6.15842080116272
model saved at unlearnable_36190046_20211102022339_0.5_512_1000
6.141135931015015
6.134120464324951
6.1219353675842285
6.125865459442139
6.128657341003418
6.175137281417847
6.1338112354278564
6.111074924468994
6.1614086627960205
6.144007205963135
model saved at unlearnable_36190046_20211102022339_0.5_512_1000
6.133373737335205
6.128193140029907
6.170398950576782
6.141305685043335
6.147233963012695
6.169459342956543
6.135514259338379
6.125401496887207
6.132177352905273
6.137758731842041
model saved at unlearnable_36190046_20211102022339_0.5_512_1000
6.104349374771118
6.133888006210327
6.144700527191162
6.067584991455078
6.120509386062622
6.110354423522949
6.116429567337036
6.1573920249938965
6.1228251457214355
6.106224536895752
model saved at unlearnable_36190046_20211102022339_0.5_512_1000
6.129815578460693
6.144212245941162
6.162289381027222
6.123114585876465
6.125826358795166
6.111411809921265
6.091453552246094
6.156251907348633
6.09366512298584
6.130117416381836
model saved at unlearnable_36190046_20211102022339_0.5_512_1000
6.161333322525024
6.119190216064453
6.132463693618774
6.107499599456787
6.1590447425842285
6.135300159454346
6.1350507736206055
6.184484958648682
6.134792327880859
6.141113758087158
model saved at unlearnable_36190046_20211102022339_0.5_512_1000
6.105418920516968
6.097072124481201
6.1121602058410645
6.136627912521362
6.122322082519531
6.157647371292114
6.103784084320068
6.077564239501953
6.150379180908203
6.108626842498779
model saved at unlearnable_36190046_20211102022339_0.5_512_1000
6.119189262390137
6.103970289230347
6.121809482574463
6.127348184585571
6.1310484409332275
6.118410348892212
6.130474328994751
6.10950493812561
6.150278091430664
6.146445989608765
model saved at unlearnable_36190046_20211102022339_0.5_512_1000
6.119086980819702
6.130365610122681
6.137749671936035
6.143378496170044
6.103597164154053
6.076265811920166
6.11612606048584
6.14352822303772
6.114954948425293
6.136763095855713
model saved at unlearnable_36190046_20211102022339_0.5_512_1000
6.146300792694092
6.09122371673584
6.130505323410034
6.1281304359436035
6.1247358322143555
6.106498718261719
6.094848155975342
6.1146440505981445
6.112525463104248
6.111145257949829
model saved at unlearnable_36190046_20211102022339_0.5_512_1000
6.0886008739471436
6.096537828445435
6.117761611938477
6.120420455932617
6.1357808113098145
6.091843366622925
6.129615068435669
6.119576454162598
6.125546455383301
6.10533332824707
model saved at unlearnable_36190046_20211102022339_0.5_512_1000
6.119552135467529
6.141040325164795
6.072696924209595
6.134899377822876
6.084964036941528
6.108999252319336
6.097983360290527
6.121958255767822
6.096543312072754
6.1001293659210205
model saved at unlearnable_36190046_20211102022339_0.5_512_1000
6.066650867462158
6.071228742599487
6.134660243988037
6.093505382537842
6.086132764816284
6.116302967071533
6.107885360717773
6.155027866363525
6.102701902389526
6.135485649108887
model saved at unlearnable_36190046_20211102022339_0.5_512_1000
6.100393295288086
6.119187116622925
6.098862171173096
6.122805833816528
6.091471195220947
6.076444149017334
6.150293350219727
6.101524114608765
6.071255683898926
6.101215600967407
model saved at unlearnable_36190046_20211102022339_0.5_512_1000
6.087438344955444
6.089261054992676
6.096676826477051
6.122684001922607
6.0819854736328125
6.097959041595459
6.097161293029785
6.082988977432251
6.072277307510376
6.1108880043029785
model saved at unlearnable_36190046_20211102022339_0.5_512_1000
6.088685035705566
6.095733404159546
6.100170135498047
6.140588283538818
6.10248327255249
6.117600202560425
6.064631938934326
6.106749534606934
6.0326478481292725
6.133633613586426
model saved at unlearnable_36190046_20211102022339_0.5_512_1000
6.079191207885742
6.1070849895477295
6.105482578277588
6.081532716751099
6.110294580459595
6.096469163894653
6.107183218002319
6.094425201416016
6.123785495758057
6.118194580078125
model saved at unlearnable_36190046_20211102022339_0.5_512_1000
6.060300827026367
6.087747812271118
6.100238084793091
6.0756144523620605
6.113678455352783
6.11415696144104
6.089582920074463
6.0794572830200195
6.062928199768066
6.089585065841675
model saved at unlearnable_36190046_20211102022339_0.5_512_1000
6.080021381378174
6.088693857192993
6.087808132171631
6.099744558334351
6.079460144042969
6.070793867111206
6.0872108936309814
6.072319507598877
6.0525970458984375
6.080024480819702
model saved at unlearnable_36190046_20211102022339_0.5_512_1000
6.090454339981079
6.0585737228393555
6.054138660430908
6.081608295440674
6.113820552825928
6.094146251678467
6.0461273193359375
6.076530456542969
6.084902286529541
6.064971208572388
model saved at unlearnable_36190046_20211102022339_0.5_512_1000
6.100761890411377
6.0595316886901855
6.06348991394043
6.101071834564209
6.062896251678467
6.107952117919922
6.089371919631958
6.063345670700073
6.1119208335876465
6.099267959594727
model saved at unlearnable_36190046_20211102022339_0.5_512_1000
6.078171014785767
6.090621471405029
6.0599799156188965
6.109147548675537
6.07733941078186
6.082627773284912
6.079575777053833
6.055685520172119
6.095711708068848
6.080142021179199
model saved at unlearnable_36190046_20211102022339_0.5_512_1000
6.062630653381348
6.061691045761108
6.076162576675415
6.072681188583374
6.068309783935547
6.0694239139556885
6.096005439758301
6.0705037117004395
6.097358703613281
6.072970628738403
model saved at unlearnable_36190046_20211102022339_0.5_512_1000
6.115028381347656
6.067497968673706
6.09341025352478
6.060365676879883
6.068130016326904
6.069781303405762
6.061407566070557
6.06887412071228
6.063948631286621
6.070098161697388
model saved at unlearnable_36190046_20211102022339_0.5_512_1000
6.0674378871917725
6.066929817199707
6.056864261627197
6.074443340301514
6.0467445850372314
6.074310064315796
6.064944267272949
6.085046291351318
6.081857919692993
6.082307815551758
model saved at unlearnable_36190046_20211102022339_0.5_512_1000
6.054305791854858
6.072356700897217
6.064054012298584
6.039618968963623
6.105821132659912
6.038469552993774
6.042987585067749
6.0368428230285645
6.02937126159668
6.083328485488892
model saved at unlearnable_36190046_20211102022339_0.5_512_1000
6.071704387664795
6.100474119186401
6.054488897323608
6.091497421264648
6.044003248214722
6.02493143081665
6.067909002304077
6.091857671737671
6.0385284423828125
6.09824538230896
model saved at unlearnable_36190046_20211102022339_0.5_512_1000
6.0667383670806885
6.054991960525513
6.05731725692749
6.070445537567139
6.074515342712402
6.05406928062439
6.0789337158203125
6.053184986114502
6.080892562866211
6.0597147941589355
model saved at unlearnable_36190046_20211102022339_0.5_512_1000
6.0756940841674805
6.0659332275390625
6.06245493888855
6.040252685546875
6.055259943008423
6.059246063232422
6.061248064041138
6.083895206451416
6.0748913288116455
6.043708801269531
model saved at unlearnable_36190046_20211102022339_0.5_512_1000
6.067223072052002
6.099111795425415
6.081407308578491
6.026818752288818
6.102481365203857
6.075747489929199
6.0802247524261475
6.0556464195251465
6.062729597091675
6.084423542022705
model saved at unlearnable_36190046_20211102022339_0.5_512_1000
6.038940906524658
6.079939365386963
6.065550804138184
6.067444801330566
6.052091121673584
6.027295112609863
6.059675216674805
6.06649112701416
6.086728572845459
6.086584806442261
model saved at unlearnable_36190046_20211102022339_0.5_512_1000
6.0867650508880615
6.025252103805542
6.0758421421051025
6.05267596244812
6.068878173828125
6.077955722808838
6.029592514038086
6.075613260269165
6.055481433868408
6.063424587249756
model saved at unlearnable_36190046_20211102022339_0.5_512_1000
6.094102144241333
6.100970029830933
6.069364786148071
6.040482044219971
6.073466539382935
6.05536961555481
6.029953956604004
6.093111276626587
6.073269367218018
6.045899868011475
model saved at unlearnable_36190046_20211102022339_0.5_512_1000
6.0754358768463135
6.060080051422119
6.062641143798828
6.033469915390015
6.0846781730651855
6.027683973312378
6.038777828216553
6.024421691894531
6.026707649230957
6.060353994369507
model saved at unlearnable_36190046_20211102022339_0.5_512_1000
6.072811603546143
6.0398759841918945
6.0732645988464355
6.084327220916748
6.064704895019531
6.0243613719940186
6.046069383621216
6.049707412719727
6.073811769485474
6.092951774597168
model saved at unlearnable_36190046_20211102022339_0.5_512_1000
6.051978588104248
6.061932802200317
6.067458391189575
6.042249441146851
6.084958553314209
6.045374631881714
6.047013759613037
6.0565760135650635
6.047889709472656
6.047778606414795
model saved at unlearnable_36190046_20211102022339_0.5_512_1000
6.032382011413574
6.025671720504761
6.037548303604126
6.061624050140381
6.059381008148193
6.046130657196045
6.0567004680633545
6.032022953033447
6.045680046081543
6.069553852081299
model saved at unlearnable_36190046_20211102022339_0.5_512_1000
6.048789978027344
6.0679638385772705
6.029317378997803
6.084920644760132
6.077243804931641
6.041623592376709
6.0347700119018555
6.05472993850708
6.059293031692505
6.066998243331909
model saved at unlearnable_36190046_20211102022339_0.5_512_1000
6.044450283050537
6.022122383117676
6.072646141052246
6.043597221374512
6.067411184310913
6.023275852203369
6.035388946533203
6.0364556312561035
6.057431221008301
6.076484441757202
model saved at unlearnable_36190046_20211102022339_0.5_512_1000
6.0616068840026855
6.023462295532227
6.060070276260376
6.036036968231201
6.061664581298828
6.006618976593018
6.020814895629883
6.065208196640015
6.043973445892334
6.038949489593506
model saved at unlearnable_36190046_20211102022339_0.5_512_1000
6.073986291885376
6.038732051849365
6.04072117805481
6.0220770835876465
6.040408134460449
6.001354932785034
6.054842710494995
6.054002285003662
6.009204387664795
6.036937475204468
model saved at unlearnable_36190046_20211102022339_0.5_512_1000
6.010685205459595
6.086745023727417
6.059965133666992
6.039769887924194
6.044175624847412
6.064750671386719
5.979812145233154
6.039069652557373
5.999914646148682
6.00723934173584
model saved at unlearnable_36190046_20211102022339_0.5_512_1000
6.0130157470703125
6.034417629241943
6.025988340377808
6.046970844268799
6.021871328353882
6.012675046920776
6.031581163406372
6.053243160247803
6.051896095275879
6.0441575050354
model saved at unlearnable_36190046_20211102022339_0.5_512_1000
JobId=36190046 JobName=SimCLR
   UserId=renjie3(6007166) GroupId=cse(2010) MCS_label=N/A
   Priority=32592 Nice=0 Account=cmse QOS=normal
   JobState=RUNNING Reason=None Dependency=(null)
   Requeue=1 Restarts=0 BatchFlag=1 Reboot=0 ExitCode=0:0
   RunTime=00:47:22 TimeLimit=20:00:00 TimeMin=N/A
   SubmitTime=2021-11-01T23:29:17 EligibleTime=2021-11-01T23:29:17
   AccrueTime=2021-11-01T23:29:17
   StartTime=2021-11-02T02:23:24 EndTime=2021-11-02T22:23:24 Deadline=N/A
   SuspendTime=None SecsPreSuspend=0 LastSchedEval=2021-11-02T02:23:24
   Partition=cmse-gpu AllocNode:Sid=dev-amd20-v100:147823
   ReqNodeList=nvl-001 ExcNodeList=(null)
   NodeList=nvl-001
   BatchHost=nvl-001
   NumNodes=1 NumCPUs=2 NumTasks=1 CPUs/Task=2 ReqB:S:C:T=0:0:*:*
   TRES=cpu=2,mem=16G,node=1,billing=2490,gres/gpu=1
   Socks/Node=* NtasksPerN:B:S:C=0:0:*:* CoreSpec=*
   MinCPUsNode=2 MinMemoryCPU=8G MinTmpDiskNode=0
   Features=[intel14|intel16|intel18|amr|nvf] DelayBoot=00:00:00
   OverSubscribe=OK Contiguous=0 Licenses=(null) Network=(null)
   Command=/mnt/ufs18/home-145/renjie3/Documents/unlearnable/Unlearnable-Examples/submit.sb
   WorkDir=/mnt/ufs18/home-145/renjie3/Documents/unlearnable/Unlearnable-Examples
   Comment=stdout=/mnt/home/renjie3/Documents/unlearnable/Unlearnable-Examples/logfile/36190046.log 
   StdErr=/mnt/home/renjie3/Documents/unlearnable/Unlearnable-Examples/logfile/36190046.err
   StdIn=/dev/null
   StdOut=/mnt/home/renjie3/Documents/unlearnable/Unlearnable-Examples/logfile/36190046.log
   Power=
   TresPerNode=gpu:1
   NtasksPerTRES:0

