random_baseline
python3 -u ssl_perturbation_save_model_random_noise.py --config_path configs/cifar10 --exp_name path/to/your/experiment/folder --version resnet18 --train_data_type CIFAR10 --noise_shape 4 3 32 32 --epsilon 32 --num_steps 5 --step_size 3.2 --attack_type min-min --perturb_type classwise --universal_train_target 'classwise' --train_step 10 --epochs 1000 --min_min_attack_fn non_eot --strong_aug --random_start --job_id 36190048
check check
__name__ simclr
Files already downloaded and verified
Files already downloaded and verified
Files already downloaded and verified
Files already downloaded and verified
tensor([[[[-0.1226, -0.0267,  0.0084,  ...,  0.1174, -0.0544, -0.0084],
          [ 0.0496,  0.0673,  0.1247,  ...,  0.0791, -0.1227, -0.0950],
          [ 0.0733,  0.0797,  0.0701,  ..., -0.0313,  0.0830,  0.0957],
          ...,
          [ 0.0454,  0.0356, -0.0734,  ...,  0.0676, -0.0591, -0.0601],
          [-0.0473,  0.0737,  0.0614,  ...,  0.0581,  0.0064, -0.0590],
          [-0.0010, -0.1052,  0.1104,  ...,  0.0605,  0.0181,  0.0122]],

         [[-0.1109,  0.0115, -0.0024,  ..., -0.0843, -0.1048,  0.0754],
          [-0.0126,  0.0465, -0.0288,  ..., -0.0858, -0.0569, -0.0973],
          [ 0.0217, -0.0435, -0.0656,  ..., -0.0576,  0.0049, -0.0938],
          ...,
          [-0.0889, -0.0609,  0.0322,  ..., -0.0263, -0.1004,  0.0590],
          [ 0.0333, -0.0365,  0.0348,  ..., -0.0087,  0.0083, -0.0545],
          [ 0.0287,  0.0821,  0.0919,  ..., -0.0998,  0.0380, -0.0898]],

         [[-0.1013, -0.0448, -0.0466,  ..., -0.0053,  0.0304,  0.0618],
          [-0.0027,  0.0449,  0.0896,  ..., -0.0108,  0.1123, -0.1238],
          [-0.0083, -0.1083, -0.0786,  ..., -0.0964,  0.1251, -0.0897],
          ...,
          [ 0.0890,  0.0163, -0.0529,  ..., -0.1144, -0.0349,  0.1244],
          [-0.0604,  0.1028,  0.1202,  ...,  0.0668, -0.0989,  0.0932],
          [-0.1044, -0.0252, -0.0966,  ...,  0.0128,  0.0919,  0.0503]]],


        [[[-0.0098,  0.1017, -0.1240,  ..., -0.0138, -0.0326,  0.0198],
          [ 0.0190,  0.1105, -0.0976,  ..., -0.0575,  0.1218, -0.0073],
          [ 0.0252, -0.1056, -0.0911,  ..., -0.1146, -0.0385, -0.1223],
          ...,
          [-0.0029,  0.0220,  0.0633,  ...,  0.1179,  0.1183,  0.0221],
          [ 0.0767,  0.1128, -0.0584,  ..., -0.0072,  0.1033,  0.0013],
          [ 0.1065,  0.0879, -0.0248,  ..., -0.0223, -0.0670, -0.1142]],

         [[ 0.0979,  0.0132, -0.0951,  ...,  0.0349,  0.0484, -0.1245],
          [-0.0201,  0.0397,  0.0640,  ..., -0.0444, -0.0381,  0.0071],
          [ 0.1004,  0.0986,  0.0992,  ..., -0.0210, -0.0377,  0.0328],
          ...,
          [ 0.0037, -0.0090, -0.0701,  ...,  0.1003, -0.0453, -0.0709],
          [-0.0331, -0.0202,  0.1080,  ..., -0.0390, -0.0978, -0.0425],
          [-0.1087, -0.0116, -0.0761,  ..., -0.0337,  0.0636,  0.0193]],

         [[ 0.0381,  0.0977,  0.0935,  ..., -0.1227,  0.0052, -0.0395],
          [ 0.0153,  0.0389,  0.0901,  ...,  0.1153, -0.1037,  0.0527],
          [ 0.0221, -0.1092, -0.1160,  ...,  0.0070, -0.0292, -0.0364],
          ...,
          [ 0.0800,  0.1074, -0.0352,  ...,  0.0933, -0.0761, -0.0508],
          [-0.0741, -0.0515, -0.0849,  ...,  0.0986,  0.0047,  0.0713],
          [-0.0737,  0.0799, -0.0233,  ...,  0.1145, -0.0903, -0.0626]]],


        [[[-0.0145, -0.0339,  0.0116,  ...,  0.0866, -0.0915, -0.0735],
          [ 0.0451, -0.0173, -0.0474,  ...,  0.0918, -0.0356,  0.0301],
          [-0.0858, -0.0273, -0.0313,  ..., -0.1143, -0.0823,  0.0694],
          ...,
          [-0.0048, -0.0940,  0.0253,  ..., -0.1220,  0.0280, -0.0193],
          [ 0.0786, -0.0290,  0.0546,  ..., -0.0984,  0.1179, -0.0182],
          [-0.1067, -0.0937, -0.0758,  ...,  0.0932, -0.0915,  0.1111]],

         [[ 0.0897,  0.0613, -0.1091,  ...,  0.0292,  0.0141, -0.0330],
          [-0.0530, -0.0114, -0.1037,  ...,  0.0789,  0.0475,  0.0478],
          [-0.1027, -0.1121,  0.0665,  ...,  0.0167, -0.1014, -0.0819],
          ...,
          [-0.0134,  0.0521,  0.0155,  ..., -0.0844, -0.1239, -0.0343],
          [-0.0469, -0.0816,  0.0248,  ..., -0.0611,  0.0671, -0.0128],
          [ 0.0921, -0.0275, -0.0193,  ...,  0.0937,  0.0530, -0.0068]],

         [[ 0.0054, -0.0848,  0.0395,  ...,  0.1133,  0.0296,  0.0587],
          [ 0.0675,  0.0201,  0.1205,  ..., -0.0810,  0.0841,  0.1038],
          [ 0.1251, -0.0707,  0.0473,  ..., -0.0793, -0.1047, -0.0049],
          ...,
          [-0.0385, -0.1039, -0.0795,  ...,  0.0532, -0.0190, -0.0373],
          [ 0.0912, -0.0062, -0.0404,  ...,  0.0361, -0.0622,  0.0404],
          [-0.1246, -0.0023, -0.0045,  ...,  0.1090,  0.1238,  0.0793]]],


        [[[ 0.1065,  0.0323,  0.1238,  ..., -0.0292,  0.0080, -0.1081],
          [-0.0017,  0.0638, -0.1180,  ...,  0.0710,  0.0020, -0.0672],
          [ 0.1254, -0.0084,  0.0648,  ...,  0.0990,  0.0962,  0.0596],
          ...,
          [ 0.0589,  0.0612, -0.1139,  ..., -0.0513,  0.0680,  0.0633],
          [-0.0434,  0.0533, -0.1217,  ..., -0.0781, -0.0255,  0.0515],
          [-0.0065, -0.1023,  0.0904,  ..., -0.0470, -0.0563,  0.0229]],

         [[-0.0671, -0.0923, -0.0077,  ...,  0.0153,  0.1019,  0.0974],
          [-0.1089, -0.1153, -0.0698,  ...,  0.0972, -0.1183, -0.0689],
          [ 0.1199,  0.0816,  0.0960,  ..., -0.0492,  0.0596, -0.0095],
          ...,
          [-0.0857, -0.0992, -0.0244,  ...,  0.0338,  0.0365, -0.0006],
          [ 0.0039, -0.0016, -0.0942,  ...,  0.1204,  0.1167,  0.0845],
          [-0.0918, -0.0972, -0.0444,  ...,  0.1002, -0.0562,  0.0476]],

         [[-0.1067, -0.0649, -0.0956,  ..., -0.0749,  0.0070,  0.1242],
          [-0.0201, -0.1039, -0.0903,  ...,  0.0223,  0.0274,  0.0171],
          [ 0.1157, -0.1052,  0.0681,  ..., -0.1250, -0.1032,  0.0439],
          ...,
          [ 0.0028, -0.0142, -0.0710,  ...,  0.0488, -0.0263, -0.1063],
          [ 0.1209, -0.0549, -0.1251,  ..., -0.0265,  0.1247, -0.0155],
          [-0.0230,  0.0382, -0.0905,  ..., -0.1136, -0.1080, -0.0845]]]],
       device='cuda:0')
The whole epochs are 1000
6.945758819580078
6.903992652893066
6.830851793289185
6.869476079940796
6.852992534637451
6.813601970672607
6.831593990325928
6.818684816360474
6.7957048416137695
6.822553634643555
model saved at unlearnable_36190048_20211102022343_0.5_512_1000
6.7958903312683105
6.805765151977539
6.809653282165527
6.789838075637817
6.797302722930908
6.806544303894043
6.77896523475647
6.784361124038696
6.7535388469696045
6.7666168212890625
model saved at unlearnable_36190048_20211102022343_0.5_512_1000
6.774753570556641
6.795168876647949
6.806386947631836
6.7805986404418945
6.7528440952301025
6.790871620178223
6.775974750518799
6.76129150390625
6.757668495178223
6.768763780593872
model saved at unlearnable_36190048_20211102022343_0.5_512_1000
6.791008710861206
6.7562150955200195
6.7288103103637695
6.746634006500244
6.768230676651001
6.706388473510742
6.770328521728516
6.741994380950928
6.730883359909058
6.725266218185425
model saved at unlearnable_36190048_20211102022343_0.5_512_1000
6.733779191970825
6.729252338409424
6.761410236358643
6.721564769744873
6.738189697265625
6.704336643218994
6.750051498413086
6.704420566558838
6.709270477294922
6.717676162719727
model saved at unlearnable_36190048_20211102022343_0.5_512_1000
6.747202396392822
6.749836444854736
6.726413726806641
6.7341108322143555
6.681235074996948
6.667222261428833
6.661496162414551
6.684838771820068
6.649422645568848
6.661355257034302
model saved at unlearnable_36190048_20211102022343_0.5_512_1000
6.6431989669799805
6.617474317550659
6.654695510864258
6.654982566833496
6.676650047302246
6.627790689468384
6.683739185333252
6.629589557647705
6.666470050811768
6.624659538269043
model saved at unlearnable_36190048_20211102022343_0.5_512_1000
6.631541967391968
6.6452436447143555
6.670684337615967
6.560041189193726
6.60454249382019
6.597838878631592
6.566664695739746
6.571623802185059
6.579111337661743
6.6009461879730225
model saved at unlearnable_36190048_20211102022343_0.5_512_1000
6.583849668502808
6.5927348136901855
6.541359186172485
6.584027051925659
6.577229976654053
6.522844314575195
6.5419700145721436
6.542439222335815
6.604477882385254
6.574769496917725
model saved at unlearnable_36190048_20211102022343_0.5_512_1000
6.550217866897583
6.550134658813477
6.542853593826294
6.546837568283081
6.5496063232421875
6.541906356811523
6.536264181137085
6.50431227684021
6.525598764419556
6.542318344116211
model saved at unlearnable_36190048_20211102022343_0.5_512_1000
6.529239177703857
6.559467792510986
6.5044028759002686
6.51489782333374
6.542435169219971
6.516748905181885
6.460976600646973
6.524027585983276
6.506646156311035
6.527227878570557
model saved at unlearnable_36190048_20211102022343_0.5_512_1000
6.546896457672119
6.511063098907471
6.500145435333252
6.488470077514648
6.527332782745361
6.498359680175781
6.436798334121704
6.510697841644287
6.47824764251709
6.525338411331177
model saved at unlearnable_36190048_20211102022343_0.5_512_1000
6.483596324920654
6.5040977001190186
6.518348217010498
6.50051212310791
6.487995624542236
6.499948024749756
6.515788316726685
6.463802337646484
6.472695827484131
6.489874362945557
model saved at unlearnable_36190048_20211102022343_0.5_512_1000
6.476539134979248
6.4575183391571045
6.523951530456543
6.479089021682739
6.486607074737549
6.440554141998291
6.479591608047485
6.505099058151245
6.498620510101318
6.508609771728516
model saved at unlearnable_36190048_20211102022343_0.5_512_1000
6.49871301651001
6.477599620819092
6.467183828353882
6.459984064102173
6.490426063537598
6.4805779457092285
6.487126350402832
6.4695885181427
6.456988334655762
6.486368656158447
model saved at unlearnable_36190048_20211102022343_0.5_512_1000
6.429206371307373
6.47313117980957
6.4055421352386475
6.458342552185059
6.481006860733032
6.429937839508057
6.419041633605957
6.436129570007324
6.3985443115234375
6.4557671546936035
model saved at unlearnable_36190048_20211102022343_0.5_512_1000
6.407592058181763
6.408162355422974
6.417647838592529
6.416248083114624
6.42115044593811
6.405526638031006
6.436840534210205
6.448317289352417
6.45090126991272
6.394606828689575
model saved at unlearnable_36190048_20211102022343_0.5_512_1000
6.4199748039245605
6.431797742843628
6.424510478973389
6.4092631340026855
6.392272472381592
6.426152467727661
6.38715934753418
6.3918139934539795
6.401437997817993
6.426784038543701
model saved at unlearnable_36190048_20211102022343_0.5_512_1000
6.461207151412964
6.404281139373779
6.368492126464844
6.388462543487549
6.405704498291016
6.400667428970337
6.443238019943237
6.4163079261779785
6.346022367477417
6.37320876121521
model saved at unlearnable_36190048_20211102022343_0.5_512_1000
6.378818988800049
6.350027084350586
6.413595676422119
6.398164749145508
6.3952555656433105
6.386832237243652
6.409234285354614
6.379371643066406
6.344644546508789
6.415611982345581
model saved at unlearnable_36190048_20211102022343_0.5_512_1000
6.370591640472412
6.405438184738159
6.362735271453857
6.383854627609253
6.413343667984009
6.337773084640503
6.384192943572998
6.398040056228638
6.356546878814697
6.402818918228149
model saved at unlearnable_36190048_20211102022343_0.5_512_1000
6.355139970779419
6.356242418289185
6.380024433135986
6.354877233505249
6.37378454208374
6.389575958251953
6.386463642120361
6.37318229675293
6.3810834884643555
6.38784646987915
model saved at unlearnable_36190048_20211102022343_0.5_512_1000
6.3852009773254395
6.3774733543396
6.349174499511719
6.354496479034424
6.363100290298462
6.371257305145264
6.35173773765564
6.327719211578369
6.339298486709595
6.352841854095459
model saved at unlearnable_36190048_20211102022343_0.5_512_1000
6.364011526107788
6.375537157058716
6.364547491073608
6.342024326324463
6.373762130737305
6.394425868988037
6.346350431442261
6.3918726444244385
6.377590656280518
6.398608684539795
model saved at unlearnable_36190048_20211102022343_0.5_512_1000
6.3691558837890625
6.352408409118652
6.350408315658569
6.34254789352417
6.352865934371948
6.352508068084717
6.330240488052368
6.346482515335083
6.40926456451416
6.349604606628418
model saved at unlearnable_36190048_20211102022343_0.5_512_1000
6.347608804702759
6.3578033447265625
6.291661500930786
6.332993984222412
6.3445210456848145
6.362600564956665
6.319095611572266
6.333850860595703
6.316113471984863
6.338136672973633
model saved at unlearnable_36190048_20211102022343_0.5_512_1000
6.343770980834961
6.33370566368103
6.311020374298096
6.3301122188568115
6.361828327178955
6.330996513366699
6.324028015136719
6.294248819351196
6.339116096496582
6.318427085876465
model saved at unlearnable_36190048_20211102022343_0.5_512_1000
6.296271324157715
6.350409269332886
6.3142476081848145
6.327090740203857
6.316458702087402
6.3542139530181885
6.313887119293213
6.309234619140625
6.331371307373047
6.330336570739746
model saved at unlearnable_36190048_20211102022343_0.5_512_1000
6.354727745056152
6.317967891693115
6.357366323471069
6.303991794586182
6.267574310302734
6.344287157058716
6.316445827484131
6.35536527633667
6.294320106506348
6.319736957550049
model saved at unlearnable_36190048_20211102022343_0.5_512_1000
6.362720012664795
6.344933986663818
6.309309959411621
6.33238959312439
6.318037509918213
6.3039422035217285
6.303467273712158
6.313512325286865
6.297888994216919
6.332273244857788
model saved at unlearnable_36190048_20211102022343_0.5_512_1000
6.3268141746521
6.324550151824951
6.298696994781494
6.340304851531982
6.311946153640747
6.271960735321045
6.3018364906311035
6.257379531860352
6.302466869354248
6.3150434494018555
model saved at unlearnable_36190048_20211102022343_0.5_512_1000
6.3038153648376465
6.308189868927002
6.292573928833008
6.315290451049805
6.309848070144653
6.286699295043945
6.29904580116272
6.311154127120972
6.283720016479492
6.256711959838867
model saved at unlearnable_36190048_20211102022343_0.5_512_1000
6.291956901550293
6.287256717681885
6.301752805709839
6.2817583084106445
6.2443687915802
6.2991557121276855
6.31838321685791
6.326617240905762
6.251732349395752
6.289592504501343
model saved at unlearnable_36190048_20211102022343_0.5_512_1000
6.339102268218994
6.308253765106201
6.28187370300293
6.283097743988037
6.29464054107666
6.311491966247559
6.337028503417969
6.293161153793335
6.3056206703186035
6.330491781234741
model saved at unlearnable_36190048_20211102022343_0.5_512_1000
6.261080026626587
6.311581373214722
6.265684366226196
6.270201206207275
6.253341197967529
6.286146402359009
6.279452562332153
6.2343854904174805
6.295580148696899
6.327755451202393
model saved at unlearnable_36190048_20211102022343_0.5_512_1000
6.26804256439209
6.312983512878418
6.3065667152404785
6.240329265594482
6.2693071365356445
6.256020784378052
6.27530574798584
6.267821311950684
6.269026041030884
6.294260740280151
model saved at unlearnable_36190048_20211102022343_0.5_512_1000
6.286158800125122
6.265980958938599
6.279910087585449
6.328571319580078
6.304595232009888
6.277736663818359
6.267011880874634
6.275595188140869
6.273683071136475
6.260095834732056
model saved at unlearnable_36190048_20211102022343_0.5_512_1000
6.318873405456543
6.305010795593262
6.238773345947266
6.246049404144287
6.241883277893066
6.284756898880005
6.267698764801025
6.283210277557373
6.2530906200408936
6.232738494873047
model saved at unlearnable_36190048_20211102022343_0.5_512_1000
6.234963655471802
6.270329475402832
6.227470874786377
6.268531084060669
6.296260595321655
6.213438510894775
6.253296613693237
6.275534629821777
6.237172365188599
6.257708549499512
model saved at unlearnable_36190048_20211102022343_0.5_512_1000
6.249094724655151
6.248399019241333
6.292702674865723
6.2868428230285645
6.235561370849609
6.24927544593811
6.247843503952026
6.258818626403809
6.237506866455078
6.247972011566162
model saved at unlearnable_36190048_20211102022343_0.5_512_1000
6.229191303253174
6.231842756271362
6.271913290023804
6.260021686553955
6.245170831680298
6.258803367614746
6.260654926300049
6.273816347122192
6.250816106796265
6.250750541687012
model saved at unlearnable_36190048_20211102022343_0.5_512_1000
6.261784076690674
6.202562093734741
6.253124475479126
6.236210346221924
6.246368169784546
6.247148513793945
6.274830341339111
6.2363440990448
6.233559846878052
6.289964199066162
model saved at unlearnable_36190048_20211102022343_0.5_512_1000
6.230238914489746
6.2354278564453125
6.223964691162109
6.251574516296387
6.229189157485962
6.2354209423065186
6.243157625198364
6.231258869171143
6.23413610458374
6.250789642333984
model saved at unlearnable_36190048_20211102022343_0.5_512_1000
6.254881143569946
6.211256980895996
6.233043909072876
6.200599670410156
6.246617078781128
6.2510826587677
6.2305073738098145
6.2445762157440186
6.222803592681885
6.256648302078247
model saved at unlearnable_36190048_20211102022343_0.5_512_1000
6.310293436050415
6.22469162940979
6.222130537033081
6.242265939712524
6.274266004562378
6.265587329864502
6.282384395599365
6.258202314376831
6.243977308273315
6.253142833709717
model saved at unlearnable_36190048_20211102022343_0.5_512_1000
6.227133750915527
6.271716117858887
6.2466394901275635
6.274503231048584
6.255399465560913
6.230698108673096
6.211751222610474
6.221422433853149
6.2300944328308105
6.25832724571228
model saved at unlearnable_36190048_20211102022343_0.5_512_1000
6.256365776062012
6.230131149291992
6.275853157043457
6.237514495849609
6.237397193908691
6.248673915863037
6.28191065788269
6.226274013519287
6.220010280609131
6.24825119972229
model saved at unlearnable_36190048_20211102022343_0.5_512_1000
6.247134208679199
6.200238943099976
6.228349685668945
6.238227605819702
6.230745315551758
6.235588312149048
6.213973522186279
6.237078666687012
6.235332727432251
6.215602397918701
model saved at unlearnable_36190048_20211102022343_0.5_512_1000
6.241377830505371
6.202636003494263
6.201242446899414
6.200334548950195
6.214581727981567
6.2299888134002686
6.229611158370972
6.222883939743042
6.197539567947388
6.22028112411499
model saved at unlearnable_36190048_20211102022343_0.5_512_1000
6.196618556976318
6.218794345855713
6.184442520141602
6.232510089874268
6.201152086257935
6.210764169692993
6.208893299102783
6.198028087615967
6.207885265350342
6.206764459609985
model saved at unlearnable_36190048_20211102022343_0.5_512_1000
6.1849541664123535
6.222437143325806
6.255749702453613
6.199009418487549
6.191765069961548
6.162309646606445
6.200511455535889
6.229787826538086
6.223454475402832
6.205161809921265
model saved at unlearnable_36190048_20211102022343_0.5_512_1000
6.18782377243042
6.225782871246338
6.206623077392578
6.186744689941406
6.242621421813965
6.20437479019165
6.216258525848389
6.209789752960205
6.2317214012146
6.189464807510376
model saved at unlearnable_36190048_20211102022343_0.5_512_1000
6.230225563049316
6.235872268676758
6.218164682388306
6.223814487457275
6.168978929519653
6.214235782623291
6.170009136199951
6.199963569641113
6.241401672363281
6.202394008636475
model saved at unlearnable_36190048_20211102022343_0.5_512_1000
6.217702150344849
6.234940767288208
6.200232028961182
6.187172174453735
6.179670810699463
6.192129611968994
6.19654655456543
6.2341532707214355
6.216280460357666
6.200429916381836
model saved at unlearnable_36190048_20211102022343_0.5_512_1000
6.219030141830444
6.2153239250183105
6.186595439910889
6.21938157081604
6.192893981933594
6.21019172668457
6.158553838729858
6.206900119781494
6.235383033752441
6.193178415298462
model saved at unlearnable_36190048_20211102022343_0.5_512_1000
6.167578458786011
6.192814588546753
6.21165132522583
6.204387664794922
6.1626012325286865
6.196676731109619
6.21268892288208
6.201372146606445
6.176899433135986
6.229731321334839
model saved at unlearnable_36190048_20211102022343_0.5_512_1000
6.215276002883911
6.21310019493103
6.177481174468994
6.237917900085449
6.202990770339966
6.188379764556885
6.209001541137695
6.190308570861816
6.193173408508301
6.214389085769653
model saved at unlearnable_36190048_20211102022343_0.5_512_1000
6.203243017196655
6.210701942443848
6.2096028327941895
6.164933443069458
6.206796169281006
6.196209192276001
6.15423846244812
6.179339408874512
6.157738447189331
6.213736534118652
model saved at unlearnable_36190048_20211102022343_0.5_512_1000
6.208072662353516
6.166743040084839
6.174776554107666
6.191254138946533
6.20990252494812
6.178719520568848
6.212006092071533
6.209714889526367
6.162008047103882
6.212570428848267
model saved at unlearnable_36190048_20211102022343_0.5_512_1000
6.17141318321228
6.15036678314209
6.203069686889648
6.180048227310181
6.182466506958008
6.189038276672363
6.194331884384155
6.158509016036987
6.195687294006348
6.226022958755493
model saved at unlearnable_36190048_20211102022343_0.5_512_1000
6.179920673370361
6.176921367645264
6.198173761367798
6.1439104080200195
6.1827569007873535
6.18576717376709
6.212483167648315
6.150662899017334
6.204105615615845
6.161341667175293
model saved at unlearnable_36190048_20211102022343_0.5_512_1000
6.1846840381622314
6.221941947937012
6.194012641906738
6.169279098510742
6.197089672088623
6.199462890625
6.168109178543091
6.181174278259277
6.196345567703247
6.187864780426025
model saved at unlearnable_36190048_20211102022343_0.5_512_1000
6.148498058319092
6.159497499465942
6.190433025360107
6.186561584472656
6.1890528202056885
6.196657419204712
6.171219110488892
6.185525894165039
6.19150710105896
6.199638605117798
model saved at unlearnable_36190048_20211102022343_0.5_512_1000
6.178834915161133
6.1989500522613525
6.181833744049072
6.191667318344116
6.153264760971069
6.162481784820557
6.217311859130859
6.195581912994385
6.152040004730225
6.183578729629517
model saved at unlearnable_36190048_20211102022343_0.5_512_1000
6.150194883346558
6.142135143280029
6.177560567855835
6.1719114780426025
6.1705334186553955
6.139479398727417
6.170867919921875
6.160985946655273
6.160910129547119
6.150132417678833
model saved at unlearnable_36190048_20211102022343_0.5_512_1000
6.153905391693115
6.139049053192139
6.181745767593384
6.17201042175293
6.136741876602173
6.1836748123168945
6.160472393035889
6.188516616821289
6.164576768875122
6.151358127593994
model saved at unlearnable_36190048_20211102022343_0.5_512_1000
6.166445016860962
6.190117120742798
6.160962343215942
6.190645217895508
6.1998536586761475
6.1888628005981445
6.175806999206543
6.174548625946045
6.163586854934692
6.198947191238403
model saved at unlearnable_36190048_20211102022343_0.5_512_1000
6.200475692749023
6.192834377288818
6.152606725692749
6.173619270324707
6.175360918045044
6.182684898376465
6.198936223983765
6.166884183883667
6.206832408905029
6.15485954284668
model saved at unlearnable_36190048_20211102022343_0.5_512_1000
6.163895845413208
6.199551820755005
6.184645175933838
6.1379804611206055
6.147878646850586
6.1937339305877686
6.147841453552246
6.173222303390503
6.197303533554077
6.182867527008057
model saved at unlearnable_36190048_20211102022343_0.5_512_1000
6.190086841583252
6.182326078414917
6.196802616119385
6.157501220703125
6.133358001708984
6.178551435470581
6.161456346511841
6.104042291641235
6.152861833572388
6.1940553188323975
model saved at unlearnable_36190048_20211102022343_0.5_512_1000
6.178950786590576
6.161457538604736
6.1588661670684814
6.184844493865967
6.165441036224365
6.180757999420166
6.18264627456665
6.162213087081909
6.155967473983765
6.179014682769775
model saved at unlearnable_36190048_20211102022343_0.5_512_1000
6.157520532608032
6.160946369171143
6.163656711578369
6.137784004211426
6.137911796569824
6.15962028503418
6.202736139297485
6.154871702194214
6.19629430770874
6.138392448425293
model saved at unlearnable_36190048_20211102022343_0.5_512_1000
6.1558122634887695
6.114927768707275
6.1252217292785645
6.175829887390137
6.170766353607178
6.166229248046875
6.140122890472412
6.1206793785095215
6.150395631790161
6.129148960113525
model saved at unlearnable_36190048_20211102022343_0.5_512_1000
6.150237798690796
6.1606104373931885
6.13271951675415
6.167521238327026
6.170014381408691
6.137831211090088
6.149860620498657
6.101402997970581
6.143259763717651
6.147992849349976
model saved at unlearnable_36190048_20211102022343_0.5_512_1000
6.154228687286377
6.150143623352051
6.1324992179870605
6.127278804779053
6.162650108337402
6.166712045669556
6.177389860153198
6.1342737674713135
6.171424150466919
6.13616681098938
model saved at unlearnable_36190048_20211102022343_0.5_512_1000
6.191697359085083
6.149564504623413
6.164172649383545
6.161721467971802
6.135923624038696
6.112396240234375
6.129591226577759
6.120666980743408
6.122220993041992
6.135428428649902
model saved at unlearnable_36190048_20211102022343_0.5_512_1000
6.155139446258545
6.154149055480957
6.120982646942139
6.150875568389893
6.138990163803101
6.12933874130249
6.124821901321411
6.154383659362793
6.142173767089844
6.1797943115234375
model saved at unlearnable_36190048_20211102022343_0.5_512_1000
6.1421918869018555
6.158236742019653
6.11811637878418
6.135734558105469
6.135417938232422
6.140636920928955
6.128938913345337
6.109739780426025
6.115740776062012
6.12725043296814
model saved at unlearnable_36190048_20211102022343_0.5_512_1000
6.13052773475647
6.175689697265625
6.126230239868164
6.128848552703857
6.141656398773193
6.146555423736572
6.181696176528931
6.152814626693726
6.110177516937256
6.142923355102539
model saved at unlearnable_36190048_20211102022343_0.5_512_1000
6.186976432800293
6.161101818084717
6.142134428024292
6.182759761810303
6.149887561798096
6.157698631286621
6.1131813526153564
6.1581711769104
6.079269886016846
6.116801977157593
model saved at unlearnable_36190048_20211102022343_0.5_512_1000
6.149267673492432
6.169236660003662
6.180807113647461
6.15324592590332
6.150325536727905
6.143806219100952
6.141511678695679
6.155240058898926
6.160527229309082
6.117069721221924
model saved at unlearnable_36190048_20211102022343_0.5_512_1000
6.143985986709595
6.15858268737793
6.1039063930511475
6.107789516448975
6.155081510543823
6.138701915740967
6.12467360496521
6.129171848297119
6.170474529266357
6.151688575744629
model saved at unlearnable_36190048_20211102022343_0.5_512_1000
6.092962980270386
6.1316139698028564
6.1103386878967285
6.097120523452759
6.127342700958252
6.112239837646484
6.130526781082153
6.147240877151489
6.168139219284058
6.102710485458374
model saved at unlearnable_36190048_20211102022343_0.5_512_1000
6.097064256668091
6.13766884803772
6.117991924285889
6.133629083633423
6.163121938705444
6.108303070068359
6.1504480838775635
6.114168643951416
6.108999967575073
6.129539728164673
model saved at unlearnable_36190048_20211102022343_0.5_512_1000
6.11858606338501
6.117191791534424
6.095597982406616
6.133463621139526
6.113794803619385
6.126086950302124
6.154914379119873
6.162210702896118
6.117203712463379
6.123049259185791
model saved at unlearnable_36190048_20211102022343_0.5_512_1000
6.119029760360718
6.16447901725769
6.123014211654663
6.146228075027466
6.133568048477173
6.126895904541016
6.1128575801849365
6.102594614028931
6.144379615783691
6.122134685516357
model saved at unlearnable_36190048_20211102022343_0.5_512_1000
6.129445791244507
6.103806734085083
6.121680021286011
6.142171382904053
6.09341835975647
6.138286113739014
6.130231142044067
6.134050130844116
6.14450216293335
6.1194908618927
model saved at unlearnable_36190048_20211102022343_0.5_512_1000
6.118520736694336
6.16010856628418
6.124560356140137
6.158902883529663
6.116710662841797
6.130140542984009
6.120036840438843
6.142828702926636
6.121330261230469
6.107336521148682
model saved at unlearnable_36190048_20211102022343_0.5_512_1000
6.121734619140625
6.122349977493286
6.088617563247681
6.135331869125366
6.109891891479492
6.143082618713379
6.079820871353149
6.113661289215088
6.111656427383423
6.120840787887573
model saved at unlearnable_36190048_20211102022343_0.5_512_1000
6.139025688171387
6.113688945770264
6.110201358795166
6.13532280921936
6.127473831176758
6.120279312133789
6.114128112792969
6.13511323928833
6.089329242706299
6.11314058303833
model saved at unlearnable_36190048_20211102022343_0.5_512_1000
6.093742609024048
6.1371400356292725
6.1095123291015625
6.121130704879761
6.142319917678833
6.132451057434082
6.1603844165802
6.0951056480407715
6.08782696723938
6.150197744369507
model saved at unlearnable_36190048_20211102022343_0.5_512_1000
6.109950065612793
6.117783069610596
6.090623378753662
6.104420900344849
6.087417364120483
6.116405487060547
6.13150691986084
6.121898889541626
6.115071773529053
6.119220495223999
model saved at unlearnable_36190048_20211102022343_0.5_512_1000
6.132481336593628
6.101614475250244
6.071209907531738
6.114677906036377
6.077438592910767
6.100721120834351
6.090010166168213
6.109920024871826
6.094515800476074
6.088714599609375
model saved at unlearnable_36190048_20211102022343_0.5_512_1000
6.1028337478637695
6.128100633621216
6.0787177085876465
6.1187989711761475
6.133482933044434
6.133076429367065
6.098387718200684
6.105556488037109
6.108987092971802
6.09260368347168
model saved at unlearnable_36190048_20211102022343_0.5_512_1000
6.108123540878296
6.110813140869141
6.126821756362915
6.1440958976745605
6.08006477355957
6.1226136684417725
6.118427276611328
6.1086955070495605
6.1086719036102295
6.137094497680664
model saved at unlearnable_36190048_20211102022343_0.5_512_1000
6.106595993041992
6.111095666885376
6.120421886444092
6.128225088119507
6.084720134735107
6.106450080871582
6.096747636795044
6.104530096054077
6.112131118774414
6.092564105987549
model saved at unlearnable_36190048_20211102022343_0.5_512_1000
6.07393217086792
6.117946624755859
6.121191501617432
6.080052375793457
6.080402851104736
6.101604223251343
6.089150905609131
6.122134208679199
6.0884904861450195
6.112951755523682
model saved at unlearnable_36190048_20211102022343_0.5_512_1000
6.111539840698242
6.115691184997559
6.129431247711182
6.139646053314209
6.0878682136535645
6.094919919967651
6.114803314208984
6.161591053009033
6.159696817398071
6.147972106933594
model saved at unlearnable_36190048_20211102022343_0.5_512_1000
6.112443208694458
6.126760721206665
6.0925068855285645
6.11222505569458
6.089735746383667
6.1175856590271
6.075796127319336
6.12449836730957
6.128999710083008
6.097383737564087
model saved at unlearnable_36190048_20211102022343_0.5_512_1000
6.1126344203948975
6.127740144729614
6.100456953048706
6.115960597991943
6.1118433475494385
6.100968360900879
6.1096460819244385
6.097365856170654
6.0825514793396
6.077615737915039
model saved at unlearnable_36190048_20211102022343_0.5_512_1000
JobId=36190048 JobName=SimCLR
   UserId=renjie3(6007166) GroupId=cse(2010) MCS_label=N/A
   Priority=32591 Nice=0 Account=cmse QOS=normal
   JobState=RUNNING Reason=None Dependency=(null)
   Requeue=1 Restarts=0 BatchFlag=1 Reboot=0 ExitCode=0:0
   RunTime=00:47:10 TimeLimit=20:00:00 TimeMin=N/A
   SubmitTime=2021-11-01T23:29:41 EligibleTime=2021-11-01T23:29:41
   AccrueTime=2021-11-01T23:29:41
   StartTime=2021-11-02T02:23:24 EndTime=2021-11-02T22:23:24 Deadline=N/A
   SuspendTime=None SecsPreSuspend=0 LastSchedEval=2021-11-02T02:23:24
   Partition=cmse-gpu AllocNode:Sid=dev-amd20-v100:147823
   ReqNodeList=nvl-001 ExcNodeList=(null)
   NodeList=nvl-001
   BatchHost=nvl-001
   NumNodes=1 NumCPUs=2 NumTasks=1 CPUs/Task=2 ReqB:S:C:T=0:0:*:*
   TRES=cpu=2,mem=16G,node=1,billing=2490,gres/gpu=1
   Socks/Node=* NtasksPerN:B:S:C=0:0:*:* CoreSpec=*
   MinCPUsNode=2 MinMemoryCPU=8G MinTmpDiskNode=0
   Features=[intel14|intel16|intel18|amr|nvf] DelayBoot=00:00:00
   OverSubscribe=OK Contiguous=0 Licenses=(null) Network=(null)
   Command=/mnt/ufs18/home-145/renjie3/Documents/unlearnable/Unlearnable-Examples/submit.sb
   WorkDir=/mnt/ufs18/home-145/renjie3/Documents/unlearnable/Unlearnable-Examples
   Comment=stdout=/mnt/home/renjie3/Documents/unlearnable/Unlearnable-Examples/logfile/36190048.log 
   StdErr=/mnt/home/renjie3/Documents/unlearnable/Unlearnable-Examples/logfile/36190048.err
   StdIn=/dev/null
   StdOut=/mnt/home/renjie3/Documents/unlearnable/Unlearnable-Examples/logfile/36190048.log
   Power=
   TresPerNode=gpu:1
   NtasksPerTRES:0

