Files already downloaded and verified
Files already downloaded and verified
Files already downloaded and verified
Files already downloaded and verified
0.013391026954650881
0.013409033781687415
0.013301704931259156
0.013193806117375688
0.013301718505223594
0.013363279716173805
0.013329227345784504
0.013226098388036097
0.013214418368339538
0.013309070413907368
0.013328291738828027
0.01326742223739624
0.013346411010424292
0.013342565760612483
0.013271076035499573
0.013273751918474836
0.013264326613744099
0.013322390650113423
0.013318173931439713
0.013232244834899905
0.01330758826891581
0.013340088834762575
0.01327462746938069
0.013263943905830385
0.013260838419596351
0.013317905098597212
0.013365054612159725
0.01334147432963054
0.013352457145055134
0.013301858514149981
0.013244779081344606
0.01323565525531769
0.013232257827123008
0.013232944032351177
0.01314323597749075
0.013221023999849951
0.013162884063720705
0.013097602238655089
0.013098757494290666
0.013163081515630086
0.013208311419486998
0.013222487198511757
0.013129394103686015
0.013149731429417921
0.013086028168996174
0.013053362291653953
0.013102582362492881
0.013175434061686203
0.013170299065907798
0.011932008890147061
0.013133223417599997
0.013171865930557252
0.013199847970008845
0.013187539594968156
0.013124201421737664
0.013039087635676067
0.013008486852645879
0.013076302248636882
0.013093364572525027
0.013028209964434307
0.013024063835144043
0.013036675230662034
0.013033095149993894
0.013090945955912278
0.013124717273712158
0.013120854058265685
0.01314952442487081
0.013124075379371642
0.013212892805735274
0.013168898973464967
0.013039382006327312
0.012955548386573788
0.01303614944775899
0.013057503143946329
0.013067543141047163
0.013054526071548457
0.013040485038757321
0.013004873038927717
0.012976996852556861
0.012917046063741045
0.012941660973230998
0.012993187061945601
0.013082218898137415
0.01304010610580444
0.013062095610300696
0.013075771931012474
0.013045653479894002
0.01302276762008667
0.013035295198758444
0.013068416698773705
0.013028627792994182
0.013008068860371905
0.013022259589831034
0.013023496198654175
0.013022817041079196
0.01306619410832723
0.013067201426823933
0.013020809542338052
0.013042011588414509
0.011512699584985516
0.012980916628837585
0.012953249301910405
0.012958409229914349
0.012917976876894634
0.012929189332326252
0.012971239034334824
0.01299961441993713
0.012997582712173467
0.012973706205685933
0.012948766783078514
0.012935954877535499
0.012941096897125247
0.012949751784006753
0.012951413861910505
0.012913831578890481
0.012865539658864333
0.012868009484608962
0.012923329906463624
0.013018712129592904
0.013023658545811974
0.012935087316830952
0.012890521383285518
0.01288875231107076
0.01292920510927836
0.012952950919469196
0.012931943047841394
0.01294142113526662
0.012924325680732722
0.012971430667241416
0.012944540936152141
