This save model after 300 epochs
Files already downloaded and verified
Files already downloaded and verified
Files already downloaded and verified
Files already downloaded and verified
0.01322701652336121
0.01342135317611694
0.013303151313781743
0.013254454523086552
0.013322154684066775
0.013288499568939205
0.013074077297210692
0.013255919166564942
0.01320002730751038
0.013141826168060299
0.011879472868497838
0.013151366134643556
0.013058227062225335
0.01296620526313782
0.0130035532245636
0.013039069406509398
0.013047624038696285
0.012829700176239014
0.012899990575790405
0.012954465911865234
0.01289846269416809
0.011460737786111758
0.012822685949325565
0.013098206108093256
0.013012980669021608
0.012939599803924558
0.0128991374168396
0.012985547382354743
0.012876192541122437
0.012911682390213005
0.012976013288497925
0.01294709972763062
0.011272184973217777
0.012964823444366452
0.012920822868347172
0.012966116256713869
0.012890935544967652
0.012968272670745849
0.01289619333267212
0.01288658312797546
0.012828056362152099
0.012859766967773446
0.012937983766555786
0.011160188959431402
0.012901759908676145
0.01280564462852478
0.012938841146469118
0.012844563171386717
0.012984918827056883
0.01283981929206849
0.012865181049346924
0.012870034610748296
0.012938297180175778
0.012813805618286133
0.011094782923914722
0.012872513238906858
0.012811822463989259
0.012747052124023437
0.01295224971008301
0.012896533920288082
0.012855195880889892
0.012876077766418461
0.012785979122161869
0.012808891771316533
0.012822920040130614
0.011030721430157878
0.012829193138122558
0.012967768703460695
0.01288720170021057
0.012738072179794316
0.012828757728576659
0.01287414255142212
0.01285733832550049
0.012908183853149405
0.01286273957443237
0.012873143722534173
0.01097802012275482
0.012809248695373537
0.012826146532058715
0.012813141252517701
0.013005091890335083
0.012918449701309205
0.012776531105041499
0.012813008049011225
0.012876662633895874
0.01281919404029846
0.01290116082382202
0.010949013457086283
0.012918915435791021
0.012911255264282231
0.01275998321914673
0.012905824825286868
0.012765590120315546
0.012886444597244265
0.012878538007736204
0.012859404947280884
0.01293611108779907
0.012816277437210082
0.010917700529482561
0.012917801544189454
0.012717958772659306
0.012833907499313357
0.01290932248115539
0.012861535371780398
0.01280608544921875
0.012799157173156741
0.012737965576171878
0.012810769781112665
0.012740356327056888
0.010892668182087928
0.012810209861755377
0.012846513206481934
0.012835883558273318
0.012796305578231809
0.012762995210647584
0.012832906646728513
0.012771815343856808
0.012785102003097534
0.012801694746017452
0.01273559533500671
0.01087274025050328
0.012858109027862552
0.012800785501480104
0.012870683752059936
0.012837149101257323
0.012818844430923461
0.012826193971633907
0.01267742890357971
0.012768537639617916
0.012911833658218378
0.012685294549942017
0.010858434732504113
0.01288203582000732
0.012750332870483399
0.01284994386482239
0.012772506954193116
0.012864421264648429
0.012837287384033202
0.012846919332504276
0.012740760978698728
0.012835451631546023
0.012772510038375852
0.010833801346418169
0.012815776742935181
0.012746026170730586
0.012813814027786254
0.012858694047927858
0.0128548807888031
0.012809566974639894
0.012846888925552365
0.012850431066513063
0.012815152784347536
0.012887998519897458
0.010815209584291448
0.01278368360900879
0.012908966779708864
0.012813789554595952
0.012790241256713873
0.01287950166130066
0.012813513368606559
0.012851954586029054
0.012801807523727414
0.012824340900421146
0.012809946237564089
0.010800917671282882
0.012818387800216676
0.012817455184936521
0.012871554208755494
0.012852078758239741
0.012881731304168698
0.012802293220520018
0.01300790291786194
0.01289260486412048
0.012796653730392458
0.012870850551605221
0.010792961536148159
0.012870758239746092
0.012780029516220094
0.012843828310012814
0.012830030183792113
0.012747735685348515
0.01285282399749756
0.012884734622955321
0.012833717811584475
0.012861079963684088
0.012763693428039551
0.010784915840426056
0.012880060142517089
0.012854624494552611
0.012819266115188598
0.012785074600219723
0.01278059350585938
0.012731361509323124
0.012790375497817993
0.012831909027099606
0.012832072296142577
0.012837911098480224
0.010767735272031469
0.012859236097335813
0.012889882749557498
0.012787697282791135
0.012863869842529302
0.012799968198776239
0.012809490610122685
0.012764022947311405
0.012805684593200674
0.012786496416091921
0.012796588247299201
0.010757224384656887
0.012968740333557128
0.012740719034194948
0.012829064641952513
0.012852924831390378
0.012805856967926028
0.012869710479736325
0.012839917921066278
0.01293477735900879
0.012793089494705197
0.012824777416229251
0.010753904430906182
0.012789960643768309
0.012727741577148434
0.012848311830520634
0.012804571388244632
0.012770899362564089
0.012853640344619752
0.012890080430984498
0.012683952350616447
0.012766640567779538
0.012707815366745001
0.010742451918801082
0.01277346934890747
0.012872043962478635
0.012811542053222656
0.012862388813018802
0.012741315364837646
0.012885703866958613
0.012776185737609864
0.012864986577987665
0.01283056455802917
0.012844943220138546
0.0107372287545622
0.012811196428298947
0.012893172916412352
0.012675242015838629
0.012813189012527471
0.012768105197906495
0.012779090761184688
0.012784880912780764
0.012833570795059198
0.012729566659927371
0.012848166362762458
0.010737277673000527
0.0128758655166626
0.012770860000610352
0.012751697839736943
0.012741267276763913
0.012826965991973872
0.01278893415641785
0.012700213195800782
0.012764774316787719
0.012827832597732538
0.012812916755676274
0.010721485936995019
0.012755890657424922
0.012761800724029545
0.012655974803924563
0.01279583661460877
0.012798736919403074
0.01289219600868225
0.012861918964385991
0.012773473464965822
0.012780178922653202
0.012774918016433719
0.010703425249564894
0.012851609939575192
0.01281094938850403
0.012844863307952877
0.012788396968841561
0.012762478504180911
0.01280719331741333
0.012778326795578
0.012729490745544433
0.012761525140762335
0.012723655458450315
0.01069692431075364
0.012813239355087285
0.012900940309524532
0.012767190786361696
0.01271786848258972
0.012799050579071049
0.012788149145126345
0.012764410943984986
0.012768609390258794
0.012767557252883914
0.012837434528350825
0.010697624799747443
0.012804283880233759
0.012821107528686518
0.012820442777633662
0.012765449874877927
0.012716107154846192
0.012842789937973022
0.012790997594833375
0.012875852729797367
0.01283452170944214
0.01277154481506348
0.010694806761655611
0.012802727605819703
0.01285754321289062
0.012850007268905646
0.012752557130813602
0.012607686542510982
0.012793077360153199
0.012779875461578364
0.012730369226455693
