This save model after 150 epochs
python3 ssl_perturbation_save_model.py --config_path configs/cifar10 --exp_name path/to/your/experiment/folder --version resnet18 --train_data_type CIFAR10 --noise_shape 10 3 32 32 --epsilon 8 --num_steps 1 --step_size 0.8 --attack_type min-min --perturb_type classwise --universal_train_target 'classwise' --train_step 10 --epochs 150
Files already downloaded and verified
Files already downloaded and verified
Files already downloaded and verified
Files already downloaded and verified
The whole epochs are 150
0.013396219635009766
0.013371363697052002
0.013319210758209228
0.013348409757614135
0.01330235604286194
0.013201510019302368
0.013170116167068481
0.013104564819335937
0.01325397047996521
0.013310117263793945
0.011923300159960678
0.013140014715194702
0.01318055163383484
0.01302259334564209
0.013141101398468018
0.012972586002349854
0.01301674090385437
0.012924969835281372
0.012943474597930908
0.013014017066955567
0.013105467014312745
0.011483376759306057
0.012982238445281983
0.013050497541427612
0.012877129678726196
0.012906343870162963
0.012905001564025879
0.012868585968017578
0.012792967910766602
0.012886222324371338
0.012814011688232423
0.012856799602508545
0.01127907567532714
0.012831183443069457
0.01287903356552124
0.012983320007324219
0.012946575422286987
0.01298876217842102
0.013027813682556153
0.012907021522521973
0.012869873476028443
0.012955121450424194
0.012908065185546875
0.01116691973329205
0.012965618915557862
0.012912847642898559
0.012960130453109741
0.012966539030075074
0.012832658376693725
0.012904544858932495
0.012916810712814331
0.01287559341430664
0.012992128343582153
0.012751082096099854
0.011091312479957477
0.012876635131835937
0.01291718734741211
0.012910346784591674
0.01296185290336609
0.012915749835968018
0.012930969772338867
0.012935618124008178
0.012893976955413819
0.012891972780227662
0.012917584257125855
0.011032497788750633
0.01293437056541443
0.012882318773269653
0.01292976625442505
0.012791961145401001
0.01287120096206665
0.012826942539215088
0.012831444702148437
0.012991582841873168
0.01293943627357483
0.01277881064414978
0.0109883687007673
0.01292997612953186
0.012909264287948608
0.012791689796447753
0.012964255695343017
0.012862987728118896
0.012948775758743286
0.01290570475578308
0.012838675346374511
0.012756644048690795
0.012863613147735596
0.010949803919521803
0.012847316770553589
0.012999406986236573
0.012792859888076782
0.012831664819717406
0.01301285608291626
0.012855728311538696
0.01301609974861145
0.012869634313583374
0.012707128953933717
0.012958651628494263
0.010912467245511787
0.012991343793869018
0.012854041986465455
0.012945521907806396
0.012876828517913818
0.01287166389465332
0.012818267621994018
0.012846314029693603
0.012900338077545166
0.012812962493896485
0.012949335927963258
0.010894164903876707
0.012886500101089477
0.0129632994556427
0.012879493446350098
0.01288602297782898
0.013019995260238648
0.012787715673446656
0.012799797611236572
0.012751228256225586
0.012809141483306885
0.01287618797302246
0.010873707481803968
0.01291573492050171
0.012904730195999145
0.012791648416519166
0.01294309024810791
0.012963172950744629
0.012901888675689697
0.012864351682662964
0.012868871841430663
0.012839894399642945
0.0128181480884552
0.010862929746508598
0.012858549156188965
0.012831381063461303
0.012860643377304077
0.012845562992095947
0.012912154884338379
0.012875740242004394
0.012898852415084839
0.012886146268844604
0.012901774501800536
0.012777867069244385
0.010839549267722159
0.012791535186767579
0.012841169109344483
0.012895716209411622
0.01291353238105774
0.01282195026397705
0.012896499500274659
0.012903838014602662
0.012897028036117553
0.012845140981674195
0.012924935483932495
0.0108222343584465
0.012927968254089355
0.012884705276489258
0.012900830125808716
0.012872362041473389
0.012852173118591308
0.01297281587600708
0.012820664587020874
0.012858303699493407
0.012818294610977173
0.012959773960113526
0.01080586670024186
0.012859083261489868
0.012905240325927735
0.012896270179748535
0.012882420988082885
0.012865935125350952
0.012922575492858886
0.012818134260177612
0.012923662729263305
0.012886353521347045
0.012832276496887207
0.010796223143019626
0.012715820798873902
0.012933649768829346
0.012914526281356812
0.012945071210861206
0.01293239444732666
0.012777301063537598
0.012872857875823974
0.012931043071746827
0.012853392534255981
0.012995237216949463
0.010790675542480553
0.012976350927352906
0.012975265674591065
0.012880152187347413
0.012926775312423706
0.012899300994873047
0.012927764101028442
0.01298496500968933
0.012897538890838623
0.012939249019622803
0.012865499525070191
0.010773556095730398
0.012928955545425416
0.01287051082611084
0.012868354930877686
0.012889282712936401
0.01285791088104248
0.012925642051696778
0.012933778972625732
0.012949719305038453
0.012924879388809204
0.01280134081840515
0.010765725343497758
0.012895165548324585
0.012862943000793457
0.012814200868606568
0.012926664848327636
0.01285288766860962
0.012867514677047729
0.012829679822921753
0.012896987819671631
0.012913468599319458
0.01285014986038208
0.010757647493143672
0.012828777589797974
0.012848934526443482
0.01286136633872986
0.012776665191650391
0.012902770338058471
0.01281161177635193
0.01293848401069641
0.012886019744873047
0.012876503162384033
0.012919883584976196
0.010742167135719786
0.012815953645706177
0.012932076206207276
0.012851147632598876
0.013017182083129884
0.012823941564559937
0.01296698353767395
0.012823416843414306
0.01292407455444336
0.012933800048828124
0.012879792585372925
0.010728741208686656
0.012891145658493043
0.012839104824066161
0.012834959297180176
0.012920040979385376
0.012872734670639038
0.012996672840118408
0.012807465133666993
0.012836822357177735
0.012899222106933594
0.012808946523666383
0.010727703504110734
0.012871725082397461
0.01286148012161255
0.012863916263580322
0.012802752132415772
0.012773062782287598
0.012946794090270997
0.012867617092132569
0.012868400020599365
0.01290477255821228
0.0129263170337677
0.01072227172361514
0.012974459295272828
0.012911909475326538
0.01293801139831543
0.012802315177917481
0.012940404109954834
0.012929798135757446
0.012878862991333008
0.012885130128860474
0.012869346370697022
0.012826491289138793
0.010714380089769658
0.012855632600784301
0.01296620924949646
0.012949175844192504
0.012955008201599122
0.012829798965454102
0.012874219017028808
0.012860601053237915
0.012980483074188233
0.012849052238464356
0.01284972321510315
0.010707491490337038
0.01294047604560852
0.012840966300964355
0.012869391193389892
0.012897040462493896
0.012833802118301391
0.012934473924636841
0.012927943382263184
0.012936628580093383
0.012899341974258422
0.012855722370147706
0.010696781837602252
0.012887448816299439
0.012766360197067261
0.012931359186172485
0.012828619728088379
0.012812873706817628
0.012857652978897094
0.013005938167572022
0.012876152324676513
0.012827998065948486
0.012784012384414673
0.01068924635303082
0.012858421182632446
0.012822189197540284
0.012885251655578613
0.012854587669372558
0.01287994662284851
0.012888661489486695
0.012926838188171386
0.01292584692955017
0.012859971771240234
0.012765072622299194
0.010690060597796416
0.012848819570541382
0.012876084804534912
0.012876540460586549
0.012847998151779175
0.012887587642669679
0.01286701099395752
0.012781407480239869
0.012885083875656128
0.01277599494934082
0.012779815073013305
0.0106840439371227
0.012890397109985352
0.012855846796035767
0.012891430597305298
0.012936065235137939
0.0128601540184021
0.012879133224487305
0.012807427206039428
0.012811167755126952
0.01291169548034668
0.012973857679367066
0.010679893819711258
0.012915936059951783
0.012943788709640502
0.012891077032089233
0.012881309089660644
0.012851047382354736
0.01286182331085205
0.012861212949752808
0.012937384071350097
0.012822614030838012
0.01291589482307434
0.010669340773187961
0.012878301191329955
0.012796306924819947
0.012927420768737792
0.012911450204849243
0.012782287759780884
0.012842761449813844
0.012862810544967651
0.01290851975440979
0.01277792371749878
0.012831316823959351
0.010663150377648393
0.012818524684906006
0.012765850305557252
0.01276491618156433
0.01295317008972168
0.012875260944366454
0.01286835708618164
0.012863398838043213
0.012854802389144897
0.012851014766693114
0.01286148009300232
0.010660990208540996
0.012980047330856323
0.012898851289749146
0.012806250820159912
0.012855949611663819
0.012842362909317017
0.012867010488510132
0.012922612028121947
0.012803824558258056
0.012916198682785034
0.012873784799575806
0.010655907376371707
0.012875412168502808
0.012884479150772095
0.012872120513916016
0.012885439252853393
0.01282792049407959
0.012812639408111573
0.012852175664901733
0.012744654922485351
0.01282812539100647
0.01290796648979187
0.010652634334395226
0.012810591230392456
0.012817798471450806
0.01302896713256836
0.013009226045608521
0.012794604110717773
0.012802531623840332
0.01287857497215271
0.012886210489273072
0.012860436029434204
0.012816888303756714
0.010651587998283278
0.012910391521453858
0.012844397487640382
0.01284352011680603
0.012895182008743285
0.012927930450439454
0.012836882791519165
0.012849512138366699
0.012817715139389039
0.012894328346252442
0.012971495399475098
0.010642949741372127
0.012876374340057372
0.01285412031173706
0.01289871904373169
0.01295891206741333
0.0128941943359375
0.012880852375030517
0.012799840459823608
0.01283409875869751
0.012884309129714966
0.012932899837493897
0.010640010093674832
0.012834438915252686
0.01289259090423584
0.012903128824234009
0.012843104944229126
0.012905040893554688
0.012859980869293212
0.012879985437393188
0.012804111757278443
0.012900749769210816
0.012969564218521119
0.010633886225291133
0.012865436382293701
0.012784557132720947
0.012826652727127075
0.012876160297393798
0.012940419654846191
0.012859046640396119
0.012915405101776124
0.012919142026901245
0.012886262073516846
0.012907762842178344
0.010633705347085121
0.012869615621566773
0.012855775909423828
0.012839233589172364
0.012872070379257201
0.012832269096374511
0.012829328546524047
0.012920255794525147
0.012857884664535522
0.01289781470298767
0.012899151554107665
0.010625569908351628
0.012876430912017822
0.012817490844726562
0.012794173412322998
0.012807224168777465
0.01293521819114685
0.012902303161621094
0.01285010308265686
0.012898893327713013
0.01287249592781067
0.012906215171813964
0.010622708059693734
0.012938959465026855
0.012992957830429077
0.012902530517578125
0.012867025480270385
0.01289259126663208
0.012879048280715942
0.012797868938446045
0.012814395236968994
0.012903752393722535
0.012826446228027344
0.010613979128448619
0.012810963106155395
0.0128897633934021
0.012852988843917846
0.012816574869155883
0.01286967619895935
0.012835829191207886
0.012953665838241576
0.012903674039840699
0.012899070844650268
0.01287253755569458
0.01061958436537342
0.012815149660110473
0.012805872230529786
0.012833992042541504
0.012859477968215943
0.012885576705932617
0.012907184104919433
0.012857814311981202
0.012789554796218872
0.012860098276138305
0.012902296867370605
0.010617633110161909
0.012854192676544189
0.012910072393417358
0.012947726593017577
0.012923782806396484
0.012937048902511596
0.012931768856048584
0.0129154612159729
0.01288582667350769
0.012793121156692506
0.012846562013626099
0.010612477884464656
0.012915152797698974
0.012853765773773193
0.012763237829208374
0.012779071187973022
0.012740853080749511
0.012756106977462768
0.012919999923706054
0.0129151948928833
0.012829270610809327
0.012790130214691163
0.010615241540999142
0.012880766353607178
0.012802656335830689
0.012790474548339844
0.012849383201599122
0.012851247425079346
0.012810932493209838
0.012840214767456054
0.012835447816848755
0.0128367706489563
0.012785968971252441
0.010603108414516007
0.012711259737014771
0.012780541105270386
0.01280913854598999
0.012788860177993775
0.012763412208557128
0.012727339744567872
0.012827401189804077
0.012857281999588013
0.012934455709457398
0.012835434160232544
0.010600946997244334
0.0128315341091156
0.012803667182922362
0.012982105903625488
0.012873629846572875
0.012858821496963501
0.01289852367401123
0.01290621766090393
0.012894489831924438
0.012835537700653077
0.012853853588104248
0.010605695897463671
0.012910866708755494
0.012800521249771117
0.01274748498916626
0.012862436189651489
0.01278725643157959
0.012764436473846435
0.012832207651138306
0.012857751121520995
0.012939521684646606
0.012980974578857421
0.010599925000335752
0.01288287028312683
0.01278298882484436
0.012868469257354737
0.012890163707733155
0.012868956432342529
0.012872275485992431
0.012851583499908448
0.012766270847320557
0.012821678247451783
0.012787066011428833
0.010596833940710603
0.01290537880897522
0.01282982087135315
0.012924005641937256
0.012978751249313355
0.012847275857925415
0.012746334199905396
0.012928089656829834
0.0127861905002594
0.012880317735671998
0.012926397638320923
0.010585087063463079
0.012928311738967895
0.012909784078598023
0.01287017134666443
0.012812840166091919
0.012858977336883544
0.012851494493484498
0.01287714448928833
0.012859278650283813
0.01290680326461792
0.012789896278381348
0.010579524177712263
0.012814906282424926
0.012879045810699463
0.012899530391693115
0.012824182090759277
0.012846573219299317
0.012811839170455933
0.012895805130004883
0.012836149768829345
0.012802617425918579
0.012864260110855102
0.01057998448149445
0.012811397256851197
0.012858570489883423
0.01301179217338562
0.012913903179168702
0.012927320404052735
0.012864503993988037
0.0128919775390625
0.012885518140792846
0.012898014764785767
0.012852714891433716
0.010584560270930073
0.012811909847259521
0.012812441120147705
0.012841789102554322
0.012845302295684815
0.012819341316223145
0.012873246622085572
0.012822035064697266
0.012932298183441162
0.012959711961746216
0.012845841016769409
0.010571297805410685
0.012904024620056152
0.012859020862579345
0.012827288589477539
0.012817428760528564
0.012780802221298218
0.012915956964492797
0.012903285369873048
0.012844624710083007
0.01292686658859253
0.012808480968475342
0.0105750488655008
0.012779599952697753
0.012811109790802001
0.012757111463546753
0.012886143035888671
0.0129342422580719
0.012809301204681397
0.012907262172698974
0.01282132158279419
0.01285058180809021
0.012905653562545777
0.010576092023594478
0.01294354817390442
0.012856146335601807
0.012857957067489625
0.012844295415878296
0.012697306089401245
0.012884289741516113
0.012852486715316773
0.012993401470184325
0.012953689317703247
0.012846192464828491
0.010568564210432707
0.012870015449523925
0.012795753030776978
0.012919809465408326
0.0129244344997406
0.012880681619644166
0.012776881074905395
0.012781202278137208
0.012896847944259644
0.012898172569274903
0.012811248302459716
0.01056762432353091
0.012920237293243408
0.01291967043876648
0.01293704966545105
0.012888657627105712
0.012884370584487916
0.012771161737442017
0.0129228329372406
0.012869284734725952
0.012991468229293823
0.012958737478256226
0.01056316498782217
0.012825630378723144
0.012897047672271728
0.012885778827667236
0.012870085372924805
0.012934222164154052
0.01276187442779541
0.012872431106567384
0.012894495096206665
0.01291213677406311
0.012999645671844482
0.01056115157402975
0.012858580369949342
0.012915560331344604
0.012856149854660034
0.012850833597183227
0.012878094444274903
0.0128577548122406
0.012822397174835205
0.01282897292137146
0.012886445074081421
0.012894016141891479
0.010560387601480656
0.012909552612304687
