This save model after 150 epochs
python3 ssl_perturbation_save_model.py --config_path configs/cifar10 --exp_name path/to/your/experiment/folder --version resnet18 --train_data_type CIFAR10 --noise_shape 10 3 32 32 --epsilon 8 --num_steps 1 --step_size 0.8 --attack_type min-min --perturb_type classwise --universal_train_target 'classwise' --train_step 10 --epochs 150
Files already downloaded and verified
Files already downloaded and verified
Files already downloaded and verified
Files already downloaded and verified
The whole epochs are 150
0.013381084547042846
0.013297253656387328
0.013293124723434448
0.013393618154525756
0.013323848638534546
0.01321204478263855
0.01314706826210022
0.013304629354476929
0.01317990912437439
0.013170602731704712
0.01195318853847452
0.013181465682983399
0.013103220205307006
0.013111291971206664
0.013093012132644653
0.013065166730880737
0.013076587944030762
0.013125757446289063
0.012881299457550049
0.013031819868087768
0.012943765106201172
0.011502040502106407
0.012948695278167725
0.012911813631057738
0.012959305686950683
0.012939877624511719
0.01292711672782898
0.013009882316589356
0.012860074434280395
0.01290438398361206
0.012893247184753417
0.012848400135040284
0.0113003464108429
0.012942507410049438
0.013010985794067382
0.012881319408416749
0.012863225421905518
0.012929033489227295
0.012837944269180298
0.013011511545181275
0.0128869580078125
0.012970053977966309
0.012911969451904298
0.011174903779300218
0.012855592660903931
0.012935973949432373
0.012832913970947265
0.012942332210540771
0.01289768663406372
0.013063072433471679
0.013003504266738892
0.012927619066238403
0.012956090450286865
0.012856246395111084
0.011084025092038912
0.013022934684753419
0.012987361345291137
0.012987122325897217
0.01289397786140442
0.012802339916229248
0.012887845916748047
0.012738106861114502
0.012864390048980713
0.013008875751495362
0.012965265789031982
0.011027426401287625
0.012865049324035644
0.012941958742141723
0.012915086708068848
0.012904986228942872
0.012906790800094605
0.012903187942504883
0.012875216779708862
0.012943965950012208
0.012974288120269776
0.012859526834487916
0.010982280846723575
0.012861960964202881
0.01288231614112854
0.012983104305267334
0.012945101375579833
0.013012357845306396
0.012907129163742065
0.012894160814285278
0.012982418146133422
0.012897607154846192
0.012910702381134034
0.010944618526654145
0.012910518951416016
0.012923810567855834
0.012805537214279175
0.01286693452835083
0.012840747690200806
0.01293683699607849
0.012932223300933838
0.012877528467178346
0.012887077913284303
0.012873176345825195
0.010915451414268655
0.0129058860206604
0.012978269605636597
0.012933846683502198
0.01288153818130493
0.012737286348342895
0.012883742008209229
0.013058618154525756
0.012840989608764649
0.012870940628051757
0.012837259140014648
0.010889140437789185
0.01294581467628479
0.012884671688079835
0.013060263948440553
0.012780952854156494
0.012782817020416259
0.012785628795623779
0.012876301774978638
0.01298222728729248
0.012919674720764161
0.012940782556533813
0.010870442024825774
0.012860623025894165
0.012864451980590821
0.012951801614761352
0.0129485102558136
0.012874089975357056
0.012972304334640503
0.012833852939605712
0.012933576183319091
0.012964539051055908
0.01294664384841919
0.010852711313624972
0.012865652885437012
0.012835288400650024
0.012856406993865966
0.012888535184860229
0.012973032808303833
0.01295145655632019
0.01280911813735962
0.013002115678787231
0.012823792276382447
0.012937635221481324
0.01082804249887614
0.012993525943756103
0.012868266773223877
0.012910156240463258
0.012885432281494141
0.01293160436630249
0.012866357288360596
0.012958484754562377
0.012869880504608154
0.012875061845779419
0.0129691242313385
0.010813460858135494
0.012830104732513429
0.012782112588882446
0.012914254636764527
0.012913202543258668
0.01278959761619568
0.013018633852005005
0.012793610668182373
0.012856156768798829
0.012892442283630371
0.012987213954925537
0.010802512364366005
0.01288759033203125
0.012887827081680297
0.012900717248916626
0.012924447793960571
0.012972211627960206
0.012907169818878173
0.012949523372650146
0.01292573405265808
0.012923963060379028
0.012918530321121216
0.010789344096844344
0.012926018104553223
0.012832815294265746
0.012886344175338744
0.013067194442749024
0.012938913898468017
0.012862228479385377
0.012950705528259278
0.012883145895004272
0.01299286771774292
0.013034296560287475
0.01078233355176203
0.01293626844406128
0.012997181777954102
0.012976721830368042
0.0129342511844635
0.012921868906021119
