Files already downloaded and verified
Files already downloaded and verified
Files already downloaded and verified
Files already downloaded and verified
0.013245001425743103
0.01343620346069336
0.013342442092895508
0.013276523156166077
0.013298614916801453
0.013181194572448731
0.013259914650917054
0.013277444000244141
0.013187153396606446
0.013160656595230103
0.011901671383721927
0.012980109276771545
0.013124027290344238
0.013082917761802672
0.013041817107200622
0.013032897295951843
0.013089963970184327
0.013048356485366822
0.012950288171768189
0.013004609389305114
0.013006021847724914
0.011506733801407912
0.012956553130149841
0.012883231358528138
0.013043906545639038
0.0130288796043396
0.012945527787208557
0.012987048234939576
0.012822705192565918
0.012792700448036194
0.012811668195724487
0.012989821634292603
0.01132303888227829
0.012911553587913514
0.012953820080757142
0.012954343643188477
0.012863256731033326
0.012906863713264466
0.012907585215568543
0.012909959597587586
0.012880284118652344
0.012911397275924682
0.012993123440742493
0.011195973752392936
0.012932573142051696
0.012887796711921692
0.012960857424736023
0.012854234418869018
0.012916706461906433
0.012943164935112
0.012955970273017883
0.012871396803855895
0.012958413081169129
0.012850563049316406
0.01110810986191956
0.012998198618888856
0.012903386631011962
0.012962506146430968
0.012904363079071045
0.012970041732788085
0.012961587505340577
0.012836136870384216
0.012968317656517028
0.012909458451271057
0.01278125774860382
0.01103239259730602
0.01280500418663025
0.012904602308273316
0.012863779788017273
0.012993652801513671
0.012892247505187988
0.012816248002052307
0.012864056615829468
0.012941781344413757
0.012974506039619445
0.012814906606674194
0.010999360352216922
0.012924831132888793
0.012958602519035339
0.012988315076828003
0.012915293922424317
0.012772878141403198
0.012932833995819092
0.012835256400108337
0.012843182287216186
0.012878024559020996
0.012957238297462464
0.010951199059941104
0.01300883318901062
0.01293475823879242
0.012955511226654053
0.012929046983718872
0.01282198829650879
0.012974793710708619
0.012901406869888306
0.012995296769142151
0.012901132011413574
0.012801280522346496
0.010927513817843702
0.01286535750389099
0.012844096093177795
0.012895382318496703
0.012972164902687072
0.012972192239761352
0.012963740530014038
0.012986905899047852
0.012845338559150696
0.012867043080329895
0.012935285630226135
0.010893630439934042
0.012901478505134583
0.012959186606407165
0.012887349843978883
0.012981540870666504
0.0128215257024765
0.012869518208503723
0.012761704530715942
0.013000975389480592
0.012869121356010437
0.01282599455356598
0.010883351317462847
0.013019180889129638
0.012946760897636413
0.012906699962615967
0.012963116297721863
0.01282847828388214
0.012884489369392396
0.012914269676208496
0.01293514286994934
0.012850972123146056
0.012938258504867553
0.010851522062703506
0.012884988927841186
0.012894492654800416
0.012954212818145752
0.01287058035850525
0.01283479024887085
0.012921014099121093
0.012905175528526306
0.012895146207809448
0.012882792172431946
0.01294808897972107
0.010840776933299512
0.013017139105796815
0.012918537282943725
0.012875063738822938
0.012856287145614624
0.0129906893491745
0.01297365683555603
0.012901181960105895
0.01295741440296173
0.01291023320198059
0.012761119923591614
0.010832444073382727
0.012917868838310241
0.012870162153244019
0.01293744448184967
0.012844457468986511
0.01287437219619751
0.012940290775299072
0.012851317067146302
0.012754248738288879
0.01289953818321228
0.012926360416412354
0.010819540752731647
0.012906176066398621
0.012832540578842163
0.012793680448532104
0.012894119868278504
0.012865367250442504
0.012919883828163147
0.012929638175964356
0.012951059551239014
0.012899727287292481
0.012936719393730164
0.010805228033784739
0.0128340886926651
0.012849094977378845
0.012937176184654236
0.013012976145744324
0.012812650141716004
0.012858113121986389
0.012901372590065003
0.01292053394317627
0.0129253204870224
0.012967159552574157
0.010786971557386144
0.01285009560585022
0.01283738013267517
0.0129493820810318
0.012934468531608581
0.012890500192642212
0.012868833193778993
0.012806191806793214
0.012810389304161071
0.012892636871337891
0.012902592816352844
0.0107801484001666
0.012794758825302123
0.012837197127342223
0.012957334265708923
0.012870538473129273
0.01279437451839447
0.012894073276519775
0.012846995482444763
0.012853438053131104
0.012930425748825074
0.012826627826690674
0.010761323615370952
0.012904032788276672
0.012841960926055909
0.012975216069221496
0.012861503710746765
0.012889656772613525
0.012892920813560485
0.012851134419441223
0.012789231095314026
0.012865339760780335
0.012881486783027649
0.010756663920492241
0.012927344341278076
0.01288367401123047
0.012776165757179261
0.012848503322601318
0.012891163468360901
0.012881422777175904
0.012942023062705994
0.012926649994850159
0.01277692723274231
0.012852644138336181
0.010745861221911367
0.0128243625831604
0.012839401874542236
0.012767680006027222
0.012966027455329895
0.01283580674648285
0.012954411787986755
0.0128782799243927
0.012851735076904297
0.012864915556907653
0.012868211913108826
0.010734525403564739
0.012873348746299744
0.01285662857055664
0.012902145171165466
0.01280787670135498
0.012780238757133484
0.012804122190475465
0.012889887828826904
0.012873555059432983
0.012872960658073425
0.012887597312927246
0.010735622242323517
