Files already downloaded and verified
Files already downloaded and verified
Files already downloaded and verified
Files already downloaded and verified
0.013454426949818932
0.013353048308690392
0.013461884884834284
0.013461068156560264
0.013471992956797279
0.013419182551701863
0.01336160208066304
0.01334048051834107
0.01329505068143208
0.013379613461494442
0.013381009403864545
0.013327023003896077
0.013353123997052508
0.013460128836631778
0.013439927142461136
0.01338016159216562
0.013271162130037949
0.013291788654327393
0.013359998157819112
0.013401197776794428
0.013335135873158772
0.013273034316698714
0.013292816462516788
0.013288625650405884
0.013290963961283361
0.013270677436192825
0.013344847003618878
0.013356423581441247
0.01327547707080841
0.013232012432416274
0.013187578147252405
0.0131945206785202
0.013240210984547937
0.013339214747746787
0.013311667032241814
0.013173164483706154
0.013196096990903218
0.013211966514587404
0.013194176715215049
0.013172296624183658
0.013102882766723637
0.013090480060577395
0.01319665428638459
0.013246371359825131
0.013268756130536399
0.013201893278757728
0.013157364239692682
0.013099162925084432
0.013081648286183677
0.011964606735663316
0.01316385240395864
0.013234441515604649
0.013186490057309465
0.013195250471433008
0.013134066071510315
0.013053795650800067
0.013008465676307679
0.012967897334098814
0.012978057448069253
0.012999971855481468
0.013123607080777488
0.013155521008173621
0.013041704651514694
0.012991206959088638
0.01302299783547719
0.013017005090713499
0.013009352369308471
0.01296367072105408
0.012920277730623876
0.012894719858169553
0.012939091097513837
0.012962207401593526
0.013033352276484165
0.013068344504038498
0.01303207899729411
0.013113053704897569
0.01322728920777639
0.013191404442787168
0.013071052217483519
0.013002561753590903
0.013013074150085445
0.013002170740763347
0.012926029879252116
0.01302762592951457
0.013054339106877642
0.013138246431350706
0.013156361759503686
0.013056235143343602
0.012982383861541744
0.012971448276837666
0.012975126450856531
0.012929956498146064
0.012970501702626553
0.013044097024599712
0.013056041480700182
0.012935280410448708
0.012927842884063716
0.01294900566736857
0.012921807111104336
0.011520813315261886
0.012912900152206416
0.01295673736731212
0.012904601753552758
0.012887052194277444
0.012900909622510271
0.012945190617243448
0.012902756951649986
0.012905785648028053
0.012840406228701274
0.012868391790390012
0.01289058479309082
0.012915520432790128
0.0129204229148229
0.012932534842491147
0.01291064646402995
0.012917256244023638
0.012933419404029842
0.012941781864166255
0.0128468439245224
0.01288700650215149
0.01294050204435985
0.013033758478164677
0.013055998438199363
0.013074267983436586
0.012999000501632692
0.01294120030721029
0.012898054738044739
0.01295272760073344
0.012973887594540913
0.012958760205904637
0.013004103566805522
