This gives larger noise with epsilon = 32
Files already downloaded and verified
Files already downloaded and verified
Files already downloaded and verified
Files already downloaded and verified
0.013365733142852783
0.01337195215034485
0.013196321086883544
0.01314418640327454
0.013085153789520269
0.013172032632827756
0.013176824373245235
0.013199695343017577
0.012983769456863397
0.01307516793632507
0.011946946209699837
0.013165826635360724
0.013117363471984868
0.012917852327346806
0.013044723188400269
0.01294314214134216
0.012946755233764647
0.012853048301696774
0.0128649721698761
0.012914770229339597
0.012890477096557613
0.011475236625554636
0.012868820339202888
0.012961086483001708
0.012771056592941284
0.012717297380447388
0.012833881023406987
0.012728898742675783
0.012750092004776
0.01284630775260926
0.012915298658370974
0.012905388044357301
0.011279990435721948
0.012850706176757813
0.012744838785171507
0.012741971950531004
0.012842431777954102
0.012742446374893192
0.012737754337310794
0.012719687612533566
0.01271803801727295
0.0127073215637207
0.012688131303787233
0.011164425305791736
0.012751241424560545
0.012634457576751709
0.01282617215156555
0.012709606384277337
0.012674064598083498
0.012706977373123166
0.012570999643325807
0.012721649862289427
0.012710406227111821
0.012670223581314083
0.011091112293610253
0.0127315336971283
0.012650510232925415
0.012739079938888549
0.012766011482238774
0.012416431041717524
0.01266513215827942
0.012801943798065188
0.012635005245208742
0.012568720624923703
0.012793459547042849
0.011039420981536206
0.01266599866867065
0.01267390639305115
0.01273078338623047
0.012630374790191653
0.0128267574634552
0.01265928769111633
0.012775825584411624
0.012611265375137326
0.012734728269577028
0.012576359024047851
0.011000273499599438
0.012749434341430665
0.012642288225173952
0.012791832027435305
0.012664749143600473
0.012575768407821656
0.012720441507339478
0.012652385980606076
0.01262825004005432
0.012636395933151245
0.012564788557052614
0.010965218133840365
0.012718319187164307
0.012790995634078976
0.012718638280868534
0.012706411991119385
0.012743265626907347
0.01266005511856079
0.012729820438385012
0.012673416561126707
0.012709080696105952
0.012839035894393919
0.010929361475420367
0.012650556539535524
0.012676861711502074
0.012687215387344356
0.012652841653823847
0.012687368923187257
0.012691767311096185
0.012710188936233524
0.012666046550750733
0.012599872684478755
0.012688045063018799
0.010908479178228328
0.012554624073028564
0.01262301382446289
0.01259430377960205
0.01253766958236694
0.01263387215423584
0.012748987031936648
0.012679704944610596
0.012659849081039422
0.01245214812850952
0.01257553559875488
0.01088756328621476
0.012626456800460819
0.012628950258255006
0.012667611354827892
0.012518282926559448
0.01263485403060914
0.012681905700683598
0.01267325196266174
0.012507642795562749
0.01264253555488587
0.012629607416152957
0.010859823641703301
0.012619667978286741
0.012732540073394773
0.012507859407424922
0.01258158251571655
0.01262908134269714
0.012619375116348265
0.012640168479919434
0.012658634769439698
0.012660508090972898
0.012597940502166751
0.010842391059340276
0.012716576679229735
0.012494114063262946
0.012650533033370973
0.012765041120529171
0.012763762966156002
0.012515659975051883
0.012758270404815673
0.012616860084533697
0.0125136248588562
0.012516611581802374
0.010833631778500745
0.012633547159194953
0.01264128709602356
0.012679175270080568
0.012591216007232668
0.012542603143692016
0.012709990531921388
0.012734318437576296
0.012566676527023316
0.012556987709045411
0.012555554691314698
0.010814921901628529
0.012640264484405514
0.01257582894706727
0.012590174396514898
0.012629929018020637
0.012649583824157712
0.012667955659866333
0.012744565395355225
0.012591105236053463
0.012681041702270508
0.01260650665473938
0.010801244248664871
0.012523317359924313
0.012675745370864872
0.012756593023300176
0.012579597208023067
0.01264996471405029
0.012672772102355958
0.012622379770278936
0.01255273648071289
0.012571019992828369
0.012548351593017579
0.010788435193220364
0.012566107673645015
0.012707173273086547
0.012672633531570434
0.012628182802200315
0.012687395614624022
0.01260585383224487
0.01265752877807617
0.012586422613143923
0.012693237869262693
0.01260627751731872
0.010778788486783653
0.012538575502395627
0.012659911697387696
0.012574086380004887
0.012650623786926272
0.012594792825698854
0.012588165857315061
0.012534338031768802
0.012529191547393796
0.012624078245162961
0.012689697381973262
0.010762656059538581
0.012494244562149044
0.012699180065155025
0.012567240327835082
0.01251935012435913
0.012587865539550795
0.012486935783386237
0.01254188356971741
0.012707577709198002
0.012468299058914181
0.012581128061294557
0.010760555235841839
0.012447078298568727
0.012633607824325559
0.012604676185607904
0.012552840559005735
0.012642939729690559
0.01260179284286499
0.012572982599258426
0.012555430131912232
0.012548481069564823
0.012629852846145624
0.01074913432149543
0.012608745372772213
0.012631131429672248
0.012597023591995243
0.012566965614318852
0.012633739353179926
0.012607110443115237
0.012613971652984626
0.012659747409820555
0.012604621210098275
0.012591241950988763
0.010743811476937275
0.012566352855682375
0.012640212444305424
0.012647510959625245
0.01247190743255615
0.012681803224563599
0.012633628229141238
0.012604008081436156
0.012703622934341428
0.012646746112823487
0.012715564027786255
0.010730424636648488
0.012519619630813602
0.012640030221939082
0.012629663967132563
0.01262331939315796
0.012570717691421504
0.012702606573104853
0.012674440994262693
0.012577418384552005
0.012488976144790649
0.012560751247406004
0.010726388543844223
0.01257518288040161
0.012535726154327397
0.012515991842269902
0.01256568605613708
0.012654812364578247
0.012471413440704349
0.012596375410079956
0.012569485654830933
0.012621293693542483
0.012612410634994502
0.010717452801379961
0.012538184045791627
0.012561936326980593
0.012621793300628665
0.012592306114196776
0.012541129451751704
0.012461783227920532
0.01256766291999817
0.012573798274993898
0.012706372863769534
0.012601333436965942
0.010708374748985791
0.012567605127334593
0.012610201351165775
0.01256718020820618
0.01243013961982727
0.012545253160476683
0.012499522287368775
0.012634963750839228
0.0125878023262024
0.012460023857116694
0.01255752125930786
0.01070270642215751
0.012512180776596077
0.012582508760452275
0.012594173221588137
0.012542949628829955
0.012470176214218138
0.012473597530364996
0.012520438377380374
0.012474879051208494
0.012590382341384891
0.012485703371047978
0.010693234170681423
0.012628922050476075
0.012619716993331915
0.01253801617050171
0.01257814215278625
0.01253797714424133
