Files already downloaded and verified
Files already downloaded and verified
Files already downloaded and verified
Files already downloaded and verified
0.013421580848693849
0.013490147733688354
0.013295894231796265
0.013276574192047119
0.01332277859210968
0.01316606056213379
0.013159859199523926
0.013235321021080017
0.013094226837158203
0.013097415595054627
0.011893374576550169
0.012985683150291442
0.013156474204063415
0.013024310088157654
0.013086192541122437
0.01293755337715149
0.013024885239601136
0.01287362190246582
0.012952456226348876
0.012964864807128907
0.012983875770568847
0.011471069072248395
0.012836013369560242
0.012866033782958985
0.012914198846817016
0.012877628092765808
0.012872411732673644
0.012945604524612428
0.012888385372161866
0.012917680912017821
0.01290340784072876
0.012959697661399842
0.011285319511500216
0.01295926296710968
0.012786317811012268
0.012992019085884094
0.012866106939315796
0.012858522229194641
0.012797470440864564
0.012901905169486999
0.012881298356056213
0.013033324975967406
0.012969249572753905
0.011167998233637245
0.012941058802604676
0.012886890316009522
0.0130022589969635
0.012867361660003662
0.012935010843276978
0.012987762598991395
0.012926275730133057
0.012983049693107604
0.012914315271377564
0.012828738241195679
0.011085805358345975
0.012853653326034546
0.012860326180458069
0.01285823453426361
0.012999948673248291
0.012947268290519714
0.012865990152359008
0.012987485098838807
0.01281776267528534
0.012928140983581544
0.012754071259498597
0.011027704578699525
0.012986618456840515
0.012863559613227844
0.012876366972923279
0.012846234164237975
0.012957210083007813
0.012802699213027954
0.01300528823852539
0.012917311868667602
0.012718634872436524
0.012860498433113099
0.010990664641344055
0.012907164268493653
0.012886466364860535
0.012806061973571778
0.012912345137596131
0.012867056303024291
0.012824674348831177
0.013018959894180298
0.012835903248786926
0.012810754270553589
0.012842509450912476
0.010945180584628558
0.012902129821777344
0.012983509836196899
0.012981722536087037
0.012976135096549988
0.01288201732635498
0.012977542252540589
0.012915301976203919
0.013009191098213196
0.01291779751777649
0.012932732191085816
0.010918075103581566
0.012891352834701539
0.012965381565093994
0.01279154881477356
0.012972219128608704
0.012866234436035157
0.01293286391735077
0.012833049511909484
0.012959856963157653
0.012801886801719665
0.013020743432044983
0.01089241538081587
0.01295390058517456
0.012878628492355347
0.012887200241088867
0.012938993830680846
0.0128617156124115
0.01290781524658203
0.01292316517829895
0.01288967037677765
0.013001522693634034
0.012953659524917602
0.010870885747225629
0.012913147282600403
0.01290935555934906
0.012933269777297973
0.012973664598464966
0.012854431676864625
0.012845578804016114
0.0129529900598526
0.012940458731651306
0.0129751926612854
0.013002441430091858
0.010856921842187336
0.012952860779762269
0.01279546178817749
0.012869295873641967
0.012932020816802978
0.012865687446594238
0.012961922264099122
0.012944412684440612
0.012899223446846008
0.012935015969276428
0.012827064204216003
0.010839299126000134
0.012928273582458497
0.01289885937690735
0.012922164883613587
0.013004744462966919
0.012927156219482422
0.01291440728187561
0.012861002631187439
0.012885204119682312
0.012861930198669434
0.012952863879203797
0.010826623508917917
0.012834603390693665
0.012953938007354737
0.012920176753997802
0.01288871850013733
0.012843199276924133
0.012902447609901429
0.012889611496925354
0.01293743932723999
0.012844691872596741
0.01291658851146698
0.010809601322968597
0.012822777562141419
0.012906685857772828
0.01288261332988739
0.01285263011932373
0.012888282318115235
0.012904702153205872
0.012792801585197449
0.012939617586135864
0.012962972989082337
0.012919507956504822
0.010794329005725606
0.012919446349143982
0.012894753336906433
0.012929630393981933
0.012897340822219848
0.01278726553916931
0.012870653467178344
0.012830037441253663
0.012917555079460144
0.012909930534362794
0.01271633991241455
0.010782884817916094
0.012846170597076417
0.012946765360832214
0.012870390000343323
0.012842676405906677
0.012979370050430298
0.012883637371063232
0.012936430554389953
0.01292321843624115
0.012939666285514831
0.012807182865142822
0.010773452066038688
0.012922479705810546
0.012775801305770874
0.012824125280380249
0.012920987339019776
0.012886433362960815
0.012929274501800538
0.01291376712322235
0.01301114282131195
0.012929480028152467
0.012940159797668457
0.010758929626689744
0.012873849778175354
0.012990254397392273
0.012805716981887818
0.012875141701698303
0.012881262431144715
0.012927619943618775
0.012886735067367554
0.01291603705406189
0.012945682821273804
0.012946490077972411
0.010752683294188116
0.012858455252647399
0.012854386277198792
0.012954540014266968
0.012928729600906371
0.01295101016998291
0.01280235065460205
0.012949905185699462
0.012946814136505128
0.012939171495437623
0.01299089063167572
0.010744146647450235
0.012901188440322876
0.012963436188697814
0.01281678948879242
0.012886642956733703
0.012963744673728943
0.012888016276359559
0.012911599802970887
0.012987898187637329
0.012912248558998108
0.012849386096000672
0.010733627032526989
0.012875934343338013
0.012875529899597168
0.01293273046016693
0.012837420921325683
0.01288124951839447
0.012866996326446533
0.012876232089996338
0.01298116804599762
0.012873561639785766
