Files already downloaded and verified
Files already downloaded and verified
Files already downloaded and verified
Files already downloaded and verified
JobId=34496601 JobName=SimCLR
   UserId=renjie3(6007166) GroupId=cse(2010) MCS_label=N/A
   Priority=57436 Nice=0 Account=general QOS=renjie3
   JobState=RUNNING Reason=None Dependency=(null)
   Requeue=1 Restarts=0 BatchFlag=1 Reboot=0 ExitCode=0:0
   RunTime=00:00:43 TimeLimit=05:00:00 TimeMin=N/A
   SubmitTime=2021-09-30T19:33:41 EligibleTime=2021-09-30T19:33:41
   AccrueTime=2021-09-30T19:33:41
   StartTime=2021-09-30T20:25:28 EndTime=2021-10-01T01:25:28 Deadline=N/A
   SuspendTime=None SecsPreSuspend=0 LastSchedEval=2021-09-30T20:25:28
   Partition=general-long-gpu AllocNode:Sid=dev-amd20-v100:24654
   ReqNodeList=(null) ExcNodeList=(null)
   NodeList=nvl-006
   BatchHost=nvl-006
   NumNodes=1 NumCPUs=2 NumTasks=1 CPUs/Task=2 ReqB:S:C:T=0:0:*:*
   TRES=cpu=2,mem=16G,node=1,billing=2490,gres/gpu=1
   Socks/Node=* NtasksPerN:B:S:C=0:0:*:* CoreSpec=*
   MinCPUsNode=2 MinMemoryCPU=8G MinTmpDiskNode=0
   Features=[intel14|intel16|intel18|amr|nvf] DelayBoot=00:00:00
   OverSubscribe=OK Contiguous=0 Licenses=(null) Network=(null)
   Command=/mnt/ufs18/home-145/renjie3/Documents/unlearnable/Unlearnable-Examples/submit.sb
   WorkDir=/mnt/ufs18/home-145/renjie3/Documents/unlearnable/Unlearnable-Examples
   Comment=stdout=/mnt/home/renjie3/Documents/unlearnable/Unlearnable-Examples/logfile/job_34496601.log 
   StdErr=/mnt/home/renjie3/Documents/unlearnable/Unlearnable-Examples/logfile/job_34496601.err
   StdIn=/dev/null
   StdOut=/mnt/home/renjie3/Documents/unlearnable/Unlearnable-Examples/logfile/job_34496601.log
   Power=
   TresPerNode=gpu:v100:1
   NtasksPerTRES:0

