Files already downloaded and verified
Files already downloaded and verified
Files already downloaded and verified
Files already downloaded and verified
0.013413934621810912
0.013316123976707459
0.013349879770278931
0.013272745833396911
0.013336602287292481
0.013208618245124816
0.013284463081359863
0.013223546304702759
0.013117870144844055
0.013191239314079284
0.011938152767564218
0.013163117241859435
0.013163584475517272
0.013164620342254638
0.01317583460330963
0.01308402316570282
0.013010078358650208
0.013035896368026734
0.013073431563377381
0.013001003966331482
0.013090834755897523
0.01152071710099879
0.01292333266735077
0.012986233849525452
0.01306917067527771
0.013013246121406556
0.013093745021820069
0.013017191610336303
0.01299719458580017
0.013007080636024475
0.013022463569641114
0.012874953818321228
0.01131202732740911
0.012933132224082947
0.012959165458679199
0.012900261855125427
0.013037430396080017
0.01291068528175354
0.01310680055141449
0.013022345581054688
0.012989552516937257
0.012905354409217834
0.01291062237739563
0.011186723808575537
0.013034493188858033
0.012781088199615478
0.013023896746635438
0.012881192965507507
0.012963876514434815
0.012978081917762757
0.012901346187591553
0.012892517337799073
0.012954428896903993
0.012908074226379395
0.011092290512679778
0.01287696346282959
0.012954286918640137
0.012956736721992494
0.01290404914855957
0.012960139780044556
0.012901707429885865
0.012911657280921937
0.012833525309562683
0.012836285076141358
0.012864136576652526
0.011052665041433167
0.012987584567070007
0.012829743976593018
0.012896247916221619
0.012950036025047303
0.012900771560668945
0.012975721163749695
0.01300030375957489
0.012822917799949646
0.01298135718345642
0.012911250882148742
0.010997587219648754
0.012952446627616881
0.012812754054069519
0.012857649335861206
0.01302444495677948
0.012857954382896424
0.012918441190719604
0.012878987588882446
0.012974400234222413
0.012754805836677551
0.012930666356086732
0.010959882510000282
0.012979739370346069
0.01284259672164917
0.012865669875144958
0.01274248122692108
0.012901907386779786
0.012904351625442505
0.012995301699638367
0.012892238826751709
0.013003262166976929
0.012825886764526367
0.010917200342051148
0.012857487978935241
0.0130098805809021
0.01282175932407379
0.012806010007858276
0.012858651204109192
0.012821515192985534
0.012985027890205383
0.012830907998085022
0.01283720468044281
0.012860214681625366
0.01090191041609061
0.012918740854263306
0.012959248023033143
0.012912423515319824
0.012812308192253112
0.012834529361724854
0.012901111555099487
0.012772549948692322
0.012789546251296998
0.012862567262649536
0.012887383108139038
0.010886792448762152
0.01286092315196991
0.01276359977722168
0.012972706456184388
0.012872850861549377
0.01284414981842041
0.012871490669250488
0.012836659026145935
0.01289480239868164
0.01289096637248993
0.012926892914772033
0.010853628493538223
0.012909781823158264
0.012925324339866638
0.012964064960479737
0.01294607439994812
0.012755773096084595
0.012859079866409301
0.012854031867980956
0.012782327013015748
0.012818372211456298
0.012917427544593811
0.010847922337731136
0.012910166182518005
0.012821613850593567
0.01285094488143921
0.012845285406112671
0.01288287040233612
0.012789188995361328
0.012862828660011292
0.01285324254989624
0.012838444633483886
0.012920379328727721
0.010827823878102695
0.012779029626846313
0.01288402889251709
0.012844877495765687
0.012930651369094848
0.01287284586429596
0.012926931705474853
0.012972141289710998
0.01289659104347229
0.012906713905334473
0.012878975162506103
0.010809789834179214
0.012881988744735718
0.012883562150001526
0.012909766235351562
0.012764027185440063
0.01288697292804718
0.012795394959449768
0.012959595260620117
0.012812038626670838
0.012893566303253173
0.012921648259162902
0.010795510095572964
0.012914519367218017
0.012934184494018555
0.0128629017162323
0.01292121792793274
0.012869353399276733
0.012797501893043519
0.012843910231590271
0.012936428256034851
0.012880231528282165
0.012833365931510925
0.010784252085867002
0.012815027174949646
0.01296157615661621
0.012969303426742554
0.012769574785232544
0.012921046905517578
0.012853814258575439
0.012965786414146424
0.012836481337547303
0.01290184021949768
0.012801086182594299
0.010772229469928545
0.012886399869918823
0.012878643536567688
0.012860689764022827
0.01294331609249115
0.012727996354103089
0.012806547355651855
0.012855684776306152
0.01293793447971344
0.012897169375419617
0.012895889678001404
0.01076914777153546
0.012865690922737122
0.01290738112449646
0.012878960738182068
0.012890214319229126
0.012802539033889771
0.012841669502258301
0.012826870198249817
0.012875904231071472
0.01296763385772705
0.012908497543334962
0.010759676336166785
0.012793043785095215
0.012842340731620789
0.012861317930221558
0.012814784293174744
0.01275415687084198
0.012848032302856445
0.012835536828041076
0.012864704022407532
0.012890571327209473
0.01290873827457428
0.010748064769527962
0.012817129173278808
0.012754996852874756
0.012799614324569702
0.01285107644557953
0.012873499846458435
0.012972357177734374
0.012776284947395324
0.012851351056098938
0.01283678593635559
0.012857582235336304
0.010735198538558385
0.012848258819580079
0.0128961501121521
0.01280131293773651
0.012920487179756164
