This save model after 300 epochs
Files already downloaded and verified
Files already downloaded and verified
Files already downloaded and verified
Files already downloaded and verified
0.01329738039970398
0.013312778196334838
0.013211562814712524
0.013341338205337524
0.013161950302124024
0.013215447540283204
0.013129087448120117
0.013128943538665772
0.013013685865402221
0.01303650107383728
0.011883037971313466
0.013030144662857056
0.01307013038635254
0.013081000518798827
0.013001804246902466
0.01291843331336975
0.012763856763839721
0.012954908819198608
0.013003347663879394
0.01307246473312378
0.013003002138137817
0.011450507534072571
0.012877719373703004
0.013052269372940064
0.012848796119689941
0.013044592618942261
0.01292855673789978
0.012796337757110596
0.013017543659210205
0.012922943162918091
0.012836953010559081
0.012817443675994872
0.011258875509512793
0.012940608148574829
0.012963341417312622
0.013140694484710693
0.012906347608566284
0.012896958484649659
0.012739290590286254
0.012915476484298706
0.012868194208145141
0.012913842363357544
0.012888970375061036
0.011158427857246595
0.013069380521774292
0.012940191822052001
0.012918290271759033
0.012847374019622803
0.012889499931335448
0.012910050497055054
0.01298434913635254
0.012853570947647094
0.012927443370819091
0.012834395732879639
0.011082071474916542
0.012896003551483154
0.0128989617061615
0.012984733924865722
0.01291046459197998
0.01281671983718872
0.012963503141403198
0.012943995332717895
0.012967569122314454
0.01286721076965332
0.013004475831985473
0.011027011069824401
0.012838570795059205
0.012957087182998657
0.012968314256668091
0.012877168416976928
0.012822913370132446
0.013001403894424439
0.012988477926254273
0.0129351051902771
0.012899633893966676
0.012890157585144044
0.010988511529165445
0.012887555685043335
0.012866001310348511
0.012883536977767944
0.012974217500686646
0.01294671534538269
0.012936416015625
0.012861371612548828
0.012954245386123657
0.012981328067779541
0.012909564304351806
0.010951572232255615
0.012975387439727783
0.012961622791290284
0.012854600296020507
0.012891047639846802
0.012990717897415162
0.012907442150115966
0.012946222229003906
0.012959789972305298
0.012838621559143067
0.012898024559020995
0.010921168160269555
0.012879830856323242
0.01293794644355774
0.012923132123947143
0.012895263080596924
0.012889157371520996
0.012969718523025513
0.012877232913970946
0.012858221454620362
0.012883273611068726
0.012937194128036499
0.010888448618736463
0.012990015287399292
0.012980253648757935
0.012894715929031372
0.01281523964881897
0.012849751539230347
0.013069476232528687
0.012931827936172485
0.012939725341796875
0.012858751182556152
0.01295927453994751
0.010875862783070692
0.012854773530960083
0.012866332025527954
0.012836406326293945
0.012795372381210326
0.012882725629806519
0.012816079568862914
0.012778121290206909
0.012805269794464112
0.012902944211959838
0.012883324499130249
0.01084931423292332
0.012867577171325684
0.012966954832077026
0.012880660438537597
0.012943280954360962
0.012956331014633178
0.012883270254135132
0.012908298234939575
0.012861782550811768
0.012894044361114501
0.012862374658584594
0.010839018394652102
0.012885092239379883
0.01288268726348877
0.012813670272827149
0.012922220249176025
0.012991704359054565
0.012942956552505493
0.012790042934417725
0.012868755760192871
0.012963966121673585
0.01288205677986145
0.010811852224017541
0.01285693621635437
0.012829452381134034
0.012851167144775391
0.012898478908538819
0.012817931995391846
0.012901884365081787
0.013004311695098877
0.01285194031715393
0.012951559009552001
0.012847670984268188
0.010805231855087673
0.012824430875778198
0.01291714942932129
0.012879847888946533
0.012846204223632812
0.01291483853340149
0.012877139911651611
0.012798657884597778
0.012881098918914795
0.012873408660888671
0.012867861881256104
0.01080072639490833
0.012828814964294433
0.012889060735702515
0.012828534202575683
0.012879708852767945
0.012887172145843506
0.012928421983718873
0.012823599729537965
0.012906061878204346
0.012817287483215332
0.01292320839881897
0.01077851285370662
0.01287481845855713
0.012851368656158447
0.01295774263381958
0.012809405841827392
0.012801778383255006
0.0128188294506073
0.012891594667434692
0.012856762199401855
0.012823180351257324
0.012783100271224975
0.010771157863290654
0.012899200916290283
0.012897504577636719
0.012928979530334473
0.012900372724533081
0.012923652429580688
0.012934959497451782
0.012922088823318481
0.012893538455963135
0.012824453115463257
0.012860170764923096
0.010766049923816906
0.012799133253097535
0.01287389998435974
0.012815182151794434
0.012892946557998657
0.012869646453857422
0.012762695655822755
0.012968380365371705
0.012920652494430541
0.012809969348907472
0.013000947294235229
0.01075792700513122
0.012837006502151489
0.012879505815505982
0.012876419477462769
0.012903149976730347
0.012887216358184815
0.012994895677566528
0.012976801176071168
0.012872581453323364
0.012865747623443604
0.012942134885787963
0.010739970558620606
0.012875824508666991
0.012823221340179443
0.012791425695419311
0.012942836484909058
0.012877239751815796
0.012833581895828247
0.012873196125030517
0.012840730590820313
0.012818620023727417
0.012855453443527221
0.010729056783020496
0.012815253190994262
0.012834978609085083
0.012883251066207886
0.012939071168899537
0.012969058227539063
0.01287210783958435
0.012856473007202149
0.012878581218719482
0.012835136966705322
0.012858609809875488
0.01072021363514293
0.012901308422088623
0.012854652328491211
0.012919265213012695
0.012954312400817871
0.012946311159133911
0.012800972337722778
0.012852373218536377
0.012801794891357422
0.012949092254638672
0.012873112955093384
0.010719967967609769
0.012912847137451172
0.012932419404983521
0.012739178390502929
0.012885695323944091
0.012881211023330688
0.01300748701095581
0.012872387208938598
0.01290960057258606
0.012907642068862916
0.012929234580993652
0.010713722518424397
0.012944756803512572
0.012901364135742187
0.012892744445800781
0.012991076498031617
0.012947483148574829
0.012848622131347655
0.012858218278884889
0.01284970127105713
0.012830047035217285
0.012708551683425903
0.010704368362491279
0.012768847389221192
0.012889311456680298
0.012897433290481567
0.012808777828216553
0.012816277704238892
0.012819670734405517
0.012870719833374024
0.012894741382598877
0.012852411842346192
0.012845483722686768
0.01070005240245271
0.012820726976394654
0.012923099956512451
0.012790724134445191
0.012861227598190307
0.012840730638504029
0.012839402770996093
0.012907369356155395
0.012879311971664429
0.01284927544593811
0.012909724941253663
0.010693727454804267
0.012913143157958985
0.012910884494781494
0.012795488414764404
0.012824166078567505
0.012945691909790039
0.01293199179649353
0.012887664365768433
0.012832240123748779
0.012849839134216308
0.012825052661895752
0.010688245027642889
0.012889141130447387
0.012849469404220581
0.012893007755279542
0.012919185228347778
0.01282550799369812
0.01286710618019104
0.012875680561065674
0.012887122859954834
0.012893520517349244
0.012881928062438965
0.010682942163314401
0.012907277736663818
0.012841969871520996
0.012874516954421997
0.012838198986053467
0.012769833145141601
0.0128541978931427
0.012794611921310425
0.012897203979492188
0.0129297017288208
0.012869294443130494
0.01067356662536712
0.012893578157424927
0.012833286046981812
0.012974248361587525
0.012923687515258788
0.012983789854049682
0.012866048698425293
0.012826911630630494
0.012949534845352172
0.012916761236190797
0.01295949288368225
0.010668638824802084
0.012794887351989746
0.01288125925064087
0.012812100839614869
0.01276329626083374
0.012843002262115478
0.012883166494369507
0.012957889947891236
0.012844981203079224
0.01288887568473816
0.01281827754020691
0.010669810130961776
0.01276321063041687
0.01288311692237854
0.01290527247428894
0.012922914562225342
0.012933217744827271
0.012907881689071655
0.012873460502624511
0.012865710554122925
0.012877981777191162
0.012870589513778686
0.010664651660037409
0.012893809804916383
0.012774294948577881
0.012781393918991088
0.012756302452087403
0.012840808181762696
0.012836334571838378
0.012885482702255249
0.012806024198532105
0.012892823734283448
0.012905939464569091
0.010656297955777227
0.01277295069694519
0.012762839269638062
0.01280711552619934
0.012895578126907349
0.012908532361984254
0.012891513967514038
0.012766529321670533
0.012838480405807495
0.012778208293914795
0.012783926410675049
0.010653535211362789
0.012762939987182618
0.012754830465316773
0.012848578691482544
0.012823049087524414
0.012839476690292359
0.012880431261062622
0.012949067430496217
0.01285159761428833
0.01278255539894104
0.012844407930374146
0.010652732449708525
0.012841605644226074
0.01288770173072815
0.012863778390884399
0.012847693920135498
0.012818107824325561
0.012810005311965942
0.012765355863571167
0.012798155088424683
0.01275011884689331
0.012738210620880127
0.010642008519894684
0.012807451887130738
0.01279219449043274
0.012772484788894653
0.012891933679580688
0.012886181859970093
0.012891160535812378
0.012806778211593628
0.01293386549949646
0.01270245509147644
0.012796759195327759
0.01064552713339169
0.012715264635086059
0.012879633312225343
0.012797800455093385
0.012893581438064575
0.012786709337234498
0.01285346227645874
0.012862635278701783
0.012795594892501832
0.012820837049484253
0.012825312280654907
0.010634436646533995
0.012923088607788086
0.01277766158103943
0.012876019992828369
0.012749847650527954
0.01285752914428711
0.012749150733947754
0.012813080415725708
0.012811162548065186
0.012793276529312133
0.012799526147842407
0.0106335956142428
0.012873411417007445
0.012717312755584716
0.012805889434814453
0.012816006574630737
0.012802777309417725
0.012830934972763062
0.01275722785949707
0.012786527109146118
0.012802773609161378
0.012779159631729126
0.010625718238273846
0.012876306838989257
0.01284345326423645
0.012803229322433472
0.012833071308135987
0.012758364372253419
0.012820930728912354
0.012764082660675049
0.01278191915512085
0.012823437004089356
0.012780909729003906
0.010620513662081403
0.012847067270278931
0.012882599420547486
0.012804093284606934
0.012816108484268188
0.012777177238464355
0.012860668992996215
0.012796173410415649
0.012790971126556397
0.012872573137283325
0.0129644495677948
0.010618373866855484
0.012815721731185913
0.012904207563400268
0.012826699724197388
0.012818522262573242
0.012891077270507813
0.012879143953323364
0.012877098331451417
0.012917350416183472
0.012842853107452392
0.012874567565917969
0.010613023063417562
0.012812547597885133
0.012774858293533324
0.012849912185668945
0.012903191547393798
0.012763580989837646
0.012857341861724854
0.012815410289764404
0.012777703008651733
0.012758065509796142
