This save model after 150 epochs
python3 ssl_perturbation_save_model.py --config_path configs/cifar10 --exp_name path/to/your/experiment/folder --version resnet18 --train_data_type CIFAR10 --noise_shape 10 3 32 32 --epsilon 8 --num_steps 1 --step_size 0.8 --attack_type min-min --perturb_type classwise --universal_train_target 'classwise' --train_step 10 --epochs 150
Files already downloaded and verified
Files already downloaded and verified
Files already downloaded and verified
Files already downloaded and verified
The whole epochs are 150
0.013281945686340332
0.01331726194381714
0.013282252397537232
0.013257819261550903
0.013081006698608398
0.013284383392333985
0.013165905008316041
0.013056281070709228
0.013281515560150146
0.013151280279159546
0.011921474172436084
0.013180925807952881
0.013045555067062379
0.012918590698242187
0.012995420541763305
0.012985613288879394
0.013045364894866943
0.0129601171875
0.012993589191436767
0.012924804430007935
0.012825721549987793
0.011491727160731541
0.013094947938919067
0.013094890470504762
0.012924427309036255
0.012758561697006225
0.012816600980758666
0.012851443662643432
0.012928156814575195
0.012924119329452515
0.013016462125778198
0.012964329948425293
0.011296615628621628
0.012934868803024292
0.012930813417434692
