This save model after 150 epochs
Files already downloaded and verified
Files already downloaded and verified
Files already downloaded and verified
Files already downloaded and verified
The whole epochs are 150
0.013423631353378295
0.013402246427536011
0.013447061319351196
0.013249192085266114
0.01323216791152954
0.013230890150070191
0.013245131597518922
0.013204847593307496
0.013163661861419677
0.013263051633834838
0.011901844475303115
0.01309815523147583
0.013163705930709839
0.013115392999649048
0.013098215503692627
0.01301635474205017
0.013104540891647339
0.01305672462463379
0.012974390230178833
0.012996217432022094
0.012892836999893189
0.01148687929068644
0.012970543212890625
0.012891768922805786
0.012853796882629394
0.012932483615875245
0.01297568377494812
0.013000964937210082
0.012984689083099365
0.013006121225357055
0.012969574213027954
0.012914925041198731
0.011295384448981777
0.013002041177749633
0.012949322786331176
0.01299908639907837
0.012852280569076538
0.012962994441986083
0.013006252422332764
0.0129927476978302
0.012972421932220458
0.012992389173507691
0.013023857440948486
0.011173983238944687
0.012866388034820557
0.012987773513793946
0.012974194049835205
0.012945816087722778
0.012815143985748291
0.012897654008865356
0.012952136840820312
0.012964552812576293
0.013001904592514038
0.012992469758987426
0.01108854740243597
0.013046424980163574
0.012997399978637695
0.013008962860107422
0.012824433526992798
0.012914248476028442
0.012868822412490846
0.012897715148925782
0.012976564197540284
0.012930262145996093
0.01289162826538086
0.011025657810117166
0.012963697090148926
0.012871917095184326
0.012920704164505005
0.012955306730270386
0.012917684030532837
0.012936434783935547
0.01299694125175476
0.012842046689987183
0.012936811590194702
0.01289171160697937
0.01097694097912496
0.012955384998321533
0.012945816793441773
0.012930649242401122
0.012965636253356934
0.013010987596511842
0.012889311857223511
0.012856460199356079
0.012982383060455321
0.012851433038711549
0.012948222904205322
0.010946757227336009
0.012885818252563477
0.012906844635009766
0.012865785188674927
0.01294232361793518
0.012884508972167969
0.012856306324005126
0.012968215713500977
0.01293378797531128
0.01283352855682373
0.01282181707382202
0.010913737185453017
0.012786518230438233
0.012829981346130372
0.012925262155532836
0.013029553337097167
0.01285616108894348
0.012940092477798463
0.01298147466659546
0.012937563562393188
0.012871147661209106
0.012937732057571412
0.010888189586244294
0.012862257843017578
0.01295526035308838
0.012971999597549438
0.01291941925048828
0.01296087215423584
0.012876004514694214
0.012894010467529297
0.012839435520172119
0.012936187877655029
0.012829865427017213
0.01086966148049561
0.012870599231719971
0.012862067441940307
0.012897723302841186
0.012865710277557374
0.012899251441955566
0.01284848422050476
0.012919558248519897
0.01281891718864441
0.012895671977996827
0.012913239088058472
0.010849224893165003
0.012829099922180176
0.012971638841629027
0.012888886461257935
0.012840722770690918
0.012825232906341553
0.012937713155746459
0.01287402985572815
0.012834909858703614
0.012785672454833984
0.012942317581176758
0.010835324394871894
0.012754644765853881
0.012951162872314454
0.012918445062637328
0.012827713079452515
0.0129115452003479
0.01288914545059204
0.012904519300460816
0.01284801905632019
0.01289448094367981
0.012978763761520386
0.010814342302145417
0.012890339746475219
0.012859472579956054
0.012881735219955445
0.012875693912506104
0.012870473442077637
0.012814752016067505
0.012911021413803101
0.012896539764404297
0.012882125415802002
0.01291455629348755
0.010800185306093743
0.012921104364395142
0.012848240528106689
0.012842833738327026
0.012844987878799438
0.012847883424758911
0.012883419046401978
0.012775380659103393
0.012997285299301147
0.012896607427597045
0.013001459217071533
0.01079376242555601
0.012807079248428345
0.01283073667526245
0.012917093639373779
0.012857243595123292
0.012836173095703125
0.012888056163787841
0.012900886850357056
0.012910835132598877
0.012874459218978881
0.012881791772842406
0.010782317911303536
0.012922134370803834
0.01282334955215454
0.012842109670639038
0.01296042356491089
0.01285834077835083
0.012879147491455079
0.012927053718566894
0.012924378995895386
0.012840780086517335
0.012792760553359985
0.010762926114281429
0.012931468238830566
0.012941545076370239
0.01287076374053955
0.012905164728164673
0.012913425092697144
0.012965860528945923
0.01294967480659485
0.012842987670898438
0.012957700300216675
0.012893910102844238
0.01076299088440605
0.012822039337158203
