Mon Nov  1 13:33:31 EDT 2021
36145478
New small dataset
python3 -u ssl_perturbation_save_model.py --config_path configs/cifar10 --exp_name path/to/your/experiment/folder --version resnet18 --train_data_type CIFAR10 --noise_shape 4 3 32 32 --epsilon 32 --num_steps 5 --step_size 3.2 --attack_type min-min --perturb_type classwise --universal_train_target 'classwise' --train_step 10 --epochs 1000 --min_min_attack_fn non_eot --strong_aug --job_id 36145478
Mon Nov  1 13:47:43 EDT 2021
36145064
New small dataset
python3 -u ssl_perturbation_save_model.py --config_path configs/cifar10 --exp_name path/to/your/experiment/folder --version resnet18 --train_data_type CIFAR10 --noise_shape 4 3 32 32 --epsilon 16 --num_steps 5 --step_size 3.2 --attack_type min-min --perturb_type classwise --universal_train_target 'classwise' --train_step 10 --epochs 1000 --min_min_attack_fn non_eot --strong_aug --job_id 36145064
Mon Nov  1 14:40:50 EDT 2021
36143824
New small dataset
python3 -u ssl_perturbation_save_model.py --config_path configs/cifar10 --exp_name path/to/your/experiment/folder --version resnet18 --train_data_type CIFAR10 --noise_shape 4 3 32 32 --epsilon 32 --num_steps 10 --step_size 3.2 --attack_type min-min --perturb_type classwise --universal_train_target 'classwise' --train_step 10 --epochs 1000 --min_min_attack_fn non_eot --strong_aug --job_id 36143824
Mon Nov  1 14:41:28 EDT 2021
36143808
New small dataset
python3 -u ssl_perturbation_save_model.py --config_path configs/cifar10 --exp_name path/to/your/experiment/folder --version resnet18 --train_data_type CIFAR10 --noise_shape 4 3 32 32 --epsilon 32 --num_steps 10 --step_size 3.2 --attack_type min-min --perturb_type classwise --universal_train_target 'classwise' --train_step 10 --epochs 1000 --min_min_attack_fn non_eot --strong_aug --job_id 36143808
Mon Nov  1 15:57:44 EDT 2021
36160048
New small dataset
python3 -u ssl_perturbation_save_model_random_noise.py --config_path configs/cifar10 --exp_name path/to/your/experiment/folder --version resnet18 --train_data_type CIFAR10 --noise_shape 4 3 32 32 --epsilon 32 --num_steps 5 --step_size 3.2 --attack_type min-min --perturb_type classwise --universal_train_target 'classwise' --train_step 10 --epochs 1000 --min_min_attack_fn non_eot --strong_aug --random_start --job_id 36160048
Mon Nov  1 15:59:26 EDT 2021
36160453
New small dataset
python3 -u ssl_perturbation_save_model.py --config_path configs/cifar10 --exp_name path/to/your/experiment/folder --version resnet18 --train_data_type CIFAR10 --noise_shape 4 3 32 32 --epsilon 16 --num_steps 5 --step_size 3.2 --attack_type min-min --perturb_type classwise --universal_train_target 'classwise' --train_step 10 --epochs 1000 --min_min_attack_fn non_eot --strong_aug --random_start --job_id 36160453
Mon Nov  1 16:00:13 EDT 2021
36160455
New small dataset
python3 -u ssl_perturbation_save_model.py --config_path configs/cifar10 --exp_name path/to/your/experiment/folder --version resnet18 --train_data_type CIFAR10 --noise_shape 4 3 32 32 --epsilon 32 --num_steps 5 --step_size 3.2 --attack_type min-min --perturb_type classwise --universal_train_target 'classwise' --train_step 10 --epochs 1000 --min_min_attack_fn non_eot --strong_aug --random_start --job_id 36160455
Mon Nov  1 17:57:39 EDT 2021
36160138
New small dataset
python3 -u ssl_perturbation_save_model.py --config_path configs/cifar10 --exp_name path/to/your/experiment/folder --version resnet18 --train_data_type CIFAR10 --noise_shape 4 3 32 32 --epsilon 32 --num_steps 5 --step_size 3.2 --attack_type min-min --perturb_type classwise --universal_train_target 'classwise' --train_step 10 --epochs 1000 --min_min_attack_fn neg --strong_aug --job_id 36160138
Mon Nov  1 17:59:46 EDT 2021
36160133
New small dataset
python3 -u ssl_perturbation_save_model.py --config_path configs/cifar10 --exp_name path/to/your/experiment/folder --version resnet18 --train_data_type CIFAR10 --noise_shape 4 3 32 32 --epsilon 32 --num_steps 5 --step_size 3.2 --attack_type min-min --perturb_type classwise --universal_train_target 'classwise' --train_step 10 --epochs 1000 --min_min_attack_fn pos --strong_aug --job_id 36160133
Mon Nov  1 18:49:08 EDT 2021
36162960
New small dataset
python3 -u ssl_perturbation_save_model.py --config_path configs/cifar10 --exp_name path/to/your/experiment/folder --version resnet18 --train_data_type CIFAR10 --noise_shape 4 3 32 32 --epsilon 32 --num_steps 5 --step_size 3.2 --attack_type min-min --perturb_type classwise --universal_train_target 'classwise' --train_step 10 --epochs 1000 --min_min_attack_fn non_eot --strong_aug --random_start --job_id 36162960
Mon Nov  1 19:09:49 EDT 2021
36162961
New small dataset
python3 -u ssl_perturbation_save_model.py --config_path configs/cifar10 --exp_name path/to/your/experiment/folder --version resnet18 --train_data_type CIFAR10 --noise_shape 4 3 32 32 --epsilon 16 --num_steps 5 --step_size 3.2 --attack_type min-min --perturb_type classwise --universal_train_target 'classwise' --train_step 10 --epochs 1000 --min_min_attack_fn non_eot --strong_aug --random_start --job_id 36162961
Mon Nov  1 19:45:35 EDT 2021
36163770
New small dataset
python3 -u ssl_perturbation_save_model.py --config_path configs/cifar10 --exp_name path/to/your/experiment/folder --version resnet18 --train_data_type CIFAR10 --noise_shape 4 3 32 32 --epsilon 16 --num_steps 5 --step_size 3.2 --attack_type min-min --perturb_type classwise --universal_train_target 'classwise' --train_step 10 --epochs 1000 --min_min_attack_fn non_eot --strong_aug --org_label_noise --job_id 36163770
Mon Nov  1 19:45:53 EDT 2021
36163771
New small dataset
python3 -u ssl_perturbation_save_model.py --config_path configs/cifar10 --exp_name path/to/your/experiment/folder --version resnet18 --train_data_type CIFAR10 --noise_shape 4 3 32 32 --epsilon 32 --num_steps 5 --step_size 3.2 --attack_type min-min --perturb_type classwise --universal_train_target 'classwise' --train_step 10 --epochs 1000 --min_min_attack_fn non_eot --strong_aug --org_label_noise --job_id 36163771
Tue Nov  2 03:10:33 EDT 2021
36190048
random_baseline
python3 -u ssl_perturbation_save_model_random_noise.py --config_path configs/cifar10 --exp_name path/to/your/experiment/folder --version resnet18 --train_data_type CIFAR10 --noise_shape 4 3 32 32 --epsilon 32 --num_steps 5 --step_size 3.2 --attack_type min-min --perturb_type classwise --universal_train_target 'classwise' --train_step 10 --epochs 1000 --min_min_attack_fn non_eot --strong_aug --random_start --job_id 36190048
---------------------------------------------------------------
Tue Nov  2 03:10:46 EDT 2021
36190046
random_baseline
python3 -u ssl_perturbation_save_model_random_noise.py --config_path configs/cifar10 --exp_name path/to/your/experiment/folder --version resnet18 --train_data_type CIFAR10 --noise_shape 4 3 32 32 --epsilon 16 --num_steps 5 --step_size 3.2 --attack_type min-min --perturb_type classwise --universal_train_target 'classwise' --train_step 10 --epochs 1000 --min_min_attack_fn non_eot --strong_aug --random_start --job_id 36190046
---------------------------------------------------------------
Tue Nov  2 03:11:08 EDT 2021
36190047
random_baseline
python3 -u ssl_perturbation_save_model_random_noise.py --config_path configs/cifar10 --exp_name path/to/your/experiment/folder --version resnet18 --train_data_type CIFAR10 --noise_shape 4 3 32 32 --epsilon 8 --num_steps 5 --step_size 3.2 --attack_type min-min --perturb_type classwise --universal_train_target 'classwise' --train_step 10 --epochs 1000 --min_min_attack_fn non_eot --strong_aug --random_start --job_id 36190047
---------------------------------------------------------------
Tue Nov  2 05:12:46 EDT 2021
36176425
New small dataset
python3 -u ssl_perturbation_save_model.py --config_path configs/cifar10 --exp_name path/to/your/experiment/folder --version resnet18 --train_data_type CIFAR10 --noise_shape 4 3 32 32 --epsilon 32 --num_steps 5 --step_size 3.2 --attack_type min-min --perturb_type classwise --universal_train_target 'classwise' --train_step 10 --epochs 1000 --min_min_attack_fn non_eot --strong_aug --random_start --job_id 36176425
---------------------------------------------------------------
Tue Nov  2 05:43:25 EDT 2021
36176479
New small dataset
python3 -u ssl_perturbation_save_model.py --config_path configs/cifar10 --exp_name path/to/your/experiment/folder --version resnet18 --train_data_type CIFAR10 --noise_shape 4 3 32 32 --epsilon 16 --num_steps 5 --step_size 3.2 --attack_type min-min --perturb_type classwise --universal_train_target 'classwise' --train_step 10 --epochs 1000 --min_min_attack_fn non_eot --strong_aug --random_start --job_id 36176479
---------------------------------------------------------------
Tue Nov  2 06:17:54 EDT 2021
36166308
New small dataset
python3 -u ssl_perturbation_save_model.py --config_path configs/cifar10 --exp_name path/to/your/experiment/folder --version resnet18 --train_data_type CIFAR10 --noise_shape 4 3 32 32 --epsilon 32 --num_steps 10 --step_size 3.2 --attack_type min-min --perturb_type classwise --universal_train_target 'classwise' --train_step 10 --epochs 1000 --min_min_attack_fn non_eot --strong_aug --model_group 3 --job_id 36166308
Tue Nov  2 07:02:35 EDT 2021
36166303
New small dataset
python3 -u ssl_perturbation_save_model.py --config_path configs/cifar10 --exp_name path/to/your/experiment/folder --version resnet18 --train_data_type CIFAR10 --noise_shape 4 3 32 32 --epsilon 32 --num_steps 10 --step_size 3.2 --attack_type min-min --perturb_type classwise --universal_train_target 'classwise' --train_step 10 --epochs 1000 --min_min_attack_fn non_eot --strong_aug --model_group 3 --job_id 36166303
Tue Nov  2 09:48:03 EDT 2021
36176516
New small dataset
python3 -u ssl_perturbation_save_model.py --config_path configs/cifar10 --exp_name path/to/your/experiment/folder --version resnet18 --train_data_type CIFAR10 --noise_shape 4 3 32 32 --epsilon 8 --num_steps 20 --step_size 0.8 --attack_type min-min --perturb_type classwise --universal_train_target 'classwise' --train_step 10 --epochs 1000 --min_min_attack_fn non_eot --strong_aug --random_start --job_id 36176516
---------------------------------------------------------------
Tue Nov  2 23:55:28 EDT 2021
103337156
New small dataset
python3 -u ssl_perturbation_save_model.py --config_path configs/cifar10 --exp_name path/to/your/experiment/folder --version resnet18 --train_data_type CIFAR10 --noise_shape 4 3 32 32 --epsilon 32 --num_steps 10 --step_size 3.2 --attack_type min-min --perturb_type classwise --universal_train_target 'classwise' --train_step 10 --epochs 1200 --min_min_attack_fn non_eot --strong_aug --model_group 3 --job_id 103337156
---------------------------------------------------------------
Wed Nov  3 04:29:17 EDT 2021
103337441
New small dataset
python3 -u ssl_perturbation_save_model.py --config_path configs/cifar10 --exp_name path/to/your/experiment/folder --version resnet18 --train_data_type CIFAR10 --noise_shape 4 3 32 32 --epsilon 32 --num_steps 10 --step_size 3.2 --attack_type min-min --perturb_type classwise --universal_train_target 'classwise' --train_step 10 --epochs 1200 --min_min_attack_fn non_eot --strong_aug --model_group 3 --job_id 103337441
---------------------------------------------------------------
Wed Nov  3 09:07:08 EDT 2021
103341068
New small dataset
python3 -u ssl_perturbation_save_model.py --config_path configs/cifar10 --exp_name path/to/your/experiment/folder --version resnet18 --train_data_type CIFAR10 --noise_shape 4 3 32 32 --epsilon 32 --num_steps 10 --step_size 3.2 --attack_type min-min --perturb_type classwise --universal_train_target 'classwise' --train_step 10 --epochs 1200 --min_min_attack_fn non_eot --strong_aug --model_group 3 --job_id 103341068
---------------------------------------------------------------
Wed Nov  3 12:52:33 EDT 2021
103343532
New small dataset
python3 -u ssl_perturbation_save_model.py --config_path configs/cifar10 --exp_name path/to/your/experiment/folder --version resnet18 --train_data_type CIFAR10 --noise_shape 4 3 32 32 --epsilon 32 --num_steps 10 --step_size 3.2 --attack_type min-min --perturb_type classwise --universal_train_target 'classwise' --train_step 10 --epochs 1000 --min_min_attack_fn non_eot --strong_aug --random_start --org_label_noise --job_id 103343532
---------------------------------------------------------------
Wed Nov  3 12:54:03 EDT 2021
103343531
New small dataset
python3 -u ssl_perturbation_save_model.py --config_path configs/cifar10 --exp_name path/to/your/experiment/folder --version resnet18 --train_data_type CIFAR10 --noise_shape 4 3 32 32 --epsilon 32 --num_steps 10 --step_size 3.2 --attack_type min-min --perturb_type classwise --universal_train_target 'classwise' --train_step 10 --epochs 1000 --min_min_attack_fn neg --strong_aug --random_start --org_label_noise --job_id 103343531
---------------------------------------------------------------
Wed Nov  3 13:15:24 EDT 2021
103341079
New small dataset
python3 -u ssl_perturbation_save_model.py --config_path configs/cifar10 --exp_name path/to/your/experiment/folder --version resnet18 --train_data_type CIFAR10 --noise_shape 4 3 32 32 --epsilon 32 --num_steps 10 --step_size 3.2 --attack_type min-min --perturb_type classwise --universal_train_target 'classwise' --train_step 10 --epochs 1200 --min_min_attack_fn non_eot --strong_aug --model_group 3 --job_id 103341079
---------------------------------------------------------------
Wed Nov  3 17:31:01 EDT 2021
103371785
New small dataset
python3 -u ssl_perturbation_save_model.py --config_path configs/cifar10 --exp_name path/to/your/experiment/folder --version resnet18 --train_data_type CIFAR10 --noise_shape 4 3 32 32 --epsilon 32 --num_steps 10 --step_size 3.2 --attack_type min-min --perturb_type classwise --universal_train_target 'classwise' --train_step 10 --epochs 1200 --min_min_attack_fn non_eot --strong_aug --model_group 3 --job_id 103371785
---------------------------------------------------------------
Wed Nov  3 19:50:53 EDT 2021
Wed Nov  3 19:50:53 EDT 2021
103408228
Retrain SimCLR to test the transferability.
103408226
python -u simclr_transfer.py --batch_size 512 --epochs 1000 --arch resnet18 --perturbation_budget 64 --pre_load_name unlearnable_20211025164521_0.5_512_151 --job_id 103408228
Retrain SimCLR to test the transferability.
---------------------------------------------------------------
python -u simclr_transfer.py --batch_size 512 --epochs 1000 --arch resnet18 --perturbation_budget 32 --pre_load_name unlearnable_20211025164521_0.5_512_151 --job_id 103408226
---------------------------------------------------------------
Thu Nov  4 00:24:42 EDT 2021
103408656
Retrain SimCLR to test the transferability.
python -u simclr_transfer.py --batch_size 512 --epochs 1000 --arch resnet18 --perturbation_budget 32 --pre_load_name unlearnable_20211025164521_0.5_512_151 --job_id 103408656
---------------------------------------------------------------
Thu Nov  4 07:50:56 EDT 2021
103408231
Retrain SimCLR to test the transferability.
python -u simclr_transfer.py --batch_size 512 --epochs 1000 --arch resnet18 --perturbation_budget 16 --pre_load_name unlearnable_20211025164521_0.5_512_151 --job_id 103408231
---------------------------------------------------------------
Thu Nov  4 08:09:41 EDT 2021
103408341
Retrain SimCLR to test the transferability.
python -u simclr_transfer.py --batch_size 512 --epochs 1000 --arch resnet18 --perturbation_budget 2 --pre_load_name unlearnable_20211025164521_0.5_512_151 --job_id 103408341
---------------------------------------------------------------
Thu Nov  4 09:16:26 EDT 2021
103408253
Retrain SimCLR to test the transferability.
python -u simclr_transfer.py --batch_size 512 --epochs 1000 --arch resnet18 --perturbation_budget 8 --pre_load_name unlearnable_20211025164521_0.5_512_151 --job_id 103408253
---------------------------------------------------------------
Thu Nov  4 09:42:02 EDT 2021
103408340
Retrain SimCLR to test the transferability.
python -u simclr_transfer.py --batch_size 512 --epochs 1000 --arch resnet18 --perturbation_budget 4 --pre_load_name unlearnable_20211025164521_0.5_512_151 --job_id 103408340
---------------------------------------------------------------
Thu Nov  4 10:01:41 EDT 2021
103408655
Retrain SimCLR to test the transferability.
python -u simclr_transfer.py --batch_size 512 --epochs 1000 --arch resnet18 --perturbation_budget 64 --pre_load_name unlearnable_20211025164521_0.5_512_151 --job_id 103408655
---------------------------------------------------------------
Thu Nov  4 23:18:01 EDT 2021
103465379
Retrain SimCLR with perturbation from supervised
python simclr_transfer.py --batch_size 512 --epochs 1000 --arch resnet18 --perturbation_budget 1 --pre_load_name randomassign_supervised_10class_classwise_8_1_0.8 --job_id 103465379
---------------------------------------------------------------
Fri Nov  5 14:07:36 EDT 2021
103477833
Retrain SimCLR with perturbation from supervised using larger steps and larger parameters
python3 perturbation.py --config_path configs/cifar10 --exp_name my_experiments/class_wise_cifar10_random_assign_8_10_0.8 --version resnet18 --train_data_type CIFAR10 --noise_shape 10 3 32 32 --epsilon 8 --num_steps 10 --step_size 0.8 --attack_type min-min --perturb_type classwise --universal_train_target 'train_dataset' --universal_stop_error 0.1 --job_id 103477833
---------------------------------------------------------------
Fri Nov  5 14:08:16 EDT 2021
103477985
Retrain SimCLR with perturbation from supervised using larger steps and larger parameters
python3 perturbation.py --config_path configs/cifar10 --exp_name my_experiments/class_wise_cifar10_random_assign_32_10_0.8 --version resnet18 --train_data_type CIFAR10 --noise_shape 10 3 32 32 --epsilon 32 --num_steps 10 --step_size 0.8 --attack_type min-min --perturb_type classwise --universal_train_target 'train_dataset' --universal_stop_error 0.1 --job_id 103477985
---------------------------------------------------------------
Fri Nov  5 14:08:28 EDT 2021
103478006
Retrain SimCLR with perturbation from supervised using larger steps and larger parameters
python3 perturbation.py --config_path configs/cifar10 --exp_name my_experiments/class_wise_cifar10_random_assign_32_10_1.6 --version resnet18 --train_data_type CIFAR10 --noise_shape 10 3 32 32 --epsilon 32 --num_steps 10 --step_size 1.6 --attack_type min-min --perturb_type classwise --universal_train_target 'train_dataset' --universal_stop_error 0.1 --job_id 103478006
---------------------------------------------------------------
Fri Nov  5 14:11:29 EDT 2021
103478008
Retrain SimCLR with perturbation from supervised using larger steps and larger parameters
python3 perturbation.py --config_path configs/cifar10 --exp_name my_experiments/class_wise_cifar10_random_assign_32_10_1.6 --version resnet18 --train_data_type CIFAR10 --noise_shape 10 3 32 32 --epsilon 32 --num_steps 10 --step_size 1.6 --attack_type min-min --perturb_type classwise --universal_train_target 'train_dataset' --universal_stop_error 0.1 --job_id 103478008
---------------------------------------------------------------
Fri Nov  5 14:11:45 EDT 2021
103478009
Retrain SimCLR with perturbation from supervised using larger steps and larger parameters
python3 perturbation.py --config_path configs/cifar10 --exp_name my_experiments/class_wise_cifar10_random_assign_32_10_0.8 --version resnet18 --train_data_type CIFAR10 --noise_shape 10 3 32 32 --epsilon 32 --num_steps 10 --step_size 0.8 --attack_type min-min --perturb_type classwise --universal_train_target 'train_dataset' --universal_stop_error 0.1 --job_id 103478009
---------------------------------------------------------------
Fri Nov  5 14:11:52 EDT 2021
103478010
Retrain SimCLR with perturbation from supervised using larger steps and larger parameters
python3 perturbation.py --config_path configs/cifar10 --exp_name my_experiments/class_wise_cifar10_random_assign_8_10_0.8 --version resnet18 --train_data_type CIFAR10 --noise_shape 10 3 32 32 --epsilon 8 --num_steps 10 --step_size 0.8 --attack_type min-min --perturb_type classwise --universal_train_target 'train_dataset' --universal_stop_error 0.1 --job_id 103478010
---------------------------------------------------------------
Fri Nov  5 17:30:29 EDT 2021
103482142
Retrain SimCLR with perturbation from supervised using larger steps and larger parameters
python3 perturbation.py --config_path configs/cifar10 --exp_name my_experiments/class_wise_cifar10_random_assign_8_10_0.8 --version resnet18 --train_data_type CIFAR10 --noise_shape 10 3 32 32 --epsilon 8 --num_steps 10 --step_size 0.8 --attack_type min-min --perturb_type classwise --universal_train_target 'train_dataset' --universal_stop_error 0.1 --job_id 103482142
---------------------------------------------------------------
Fri Nov  5 17:42:29 EDT 2021
103482143
Retrain SimCLR with perturbation from supervised using larger steps and larger parameters
python3 perturbation.py --config_path configs/cifar10 --exp_name my_experiments/class_wise_cifar10_random_assign_32_10_0.8 --version resnet18 --train_data_type CIFAR10 --noise_shape 10 3 32 32 --epsilon 32 --num_steps 10 --step_size 0.8 --attack_type min-min --perturb_type classwise --universal_train_target 'train_dataset' --universal_stop_error 0.1 --job_id 103482143
---------------------------------------------------------------
Fri Nov  5 17:57:44 EDT 2021
103482153
Retrain SimCLR with perturbation from supervised using larger steps and larger parameters
python3 perturbation.py --config_path configs/cifar10 --exp_name my_experiments/class_wise_cifar10_random_assign_32_10_1.6 --version resnet18 --train_data_type CIFAR10 --noise_shape 10 3 32 32 --epsilon 32 --num_steps 10 --step_size 1.6 --attack_type min-min --perturb_type classwise --universal_train_target 'train_dataset' --universal_stop_error 0.1 --job_id 103482153
---------------------------------------------------------------
Fri Nov  5 18:11:24 EDT 2021
103482154
Retrain SimCLR with perturbation from supervised using larger steps and larger parameters
python3 perturbation.py --config_path configs/cifar10 --exp_name my_experiments/class_wise_cifar10_random_assign_32_1_0.8 --version resnet18 --train_data_type CIFAR10 --noise_shape 10 3 32 32 --epsilon 32 --num_steps 1 --step_size 0.8 --attack_type min-min --perturb_type classwise --universal_train_target 'train_dataset' --universal_stop_error 0.1 --job_id 103482154
---------------------------------------------------------------
Fri Nov  5 21:16:36 EDT 2021
103465371
Retrain SimCLR with perturbation from supervised
python simclr_transfer.py --batch_size 512 --epochs 1000 --arch resnet18 --perturbation_budget 16 --pre_load_name randomassign_supervised_10class_classwise_8_1_0.8 --job_id 103465371
---------------------------------------------------------------
Fri Nov  5 21:22:37 EDT 2021
103465373
Retrain SimCLR with perturbation from supervised
python simclr_transfer.py --batch_size 512 --epochs 1000 --arch resnet18 --perturbation_budget 32 --pre_load_name randomassign_supervised_10class_classwise_8_1_0.8 --job_id 103465373
---------------------------------------------------------------
Fri Nov  5 21:51:21 EDT 2021
103465376
Retrain SimCLR with perturbation from supervised
python simclr_transfer.py --batch_size 512 --epochs 1000 --arch resnet18 --perturbation_budget 8 --pre_load_name randomassign_supervised_10class_classwise_8_1_0.8 --job_id 103465376
---------------------------------------------------------------
Sat Nov  6 10:48:21 EDT 2021
103495385
Retrain SimCLR with perturbation from supervised using larger steps and larger parameters
python3 perturbation.py --config_path configs/cifar10 --exp_name my_experiments/class_wise_cifar10_random_assign_8_10_0.8 --version resnet18 --train_data_type CIFAR10 --noise_shape 10 3 32 32 --epsilon 8 --num_steps 10 --step_size 0.8 --attack_type min-min --perturb_type classwise --universal_train_target 'train_subset' --universal_stop_error 0.1 --use_subset --job_id 103495385
---------------------------------------------------------------
Sat Nov  6 10:48:28 EDT 2021
103495386
Retrain SimCLR with perturbation from supervised using larger steps and larger parameters
python3 perturbation.py --config_path configs/cifar10 --exp_name my_experiments/class_wise_cifar10_random_assign_32_10_0.8 --version resnet18 --train_data_type CIFAR10 --noise_shape 10 3 32 32 --epsilon 32 --num_steps 10 --step_size 0.8 --attack_type min-min --perturb_type classwise --universal_train_target 'train_subset' --universal_stop_error 0.1 --use_subset --job_id 103495386
---------------------------------------------------------------
Sat Nov  6 10:48:44 EDT 2021
103495387
Retrain SimCLR with perturbation from supervised using larger steps and larger parameters
python3 perturbation.py --config_path configs/cifar10 --exp_name my_experiments/class_wise_cifar10_random_assign_32_10_1.6 --version resnet18 --train_data_type CIFAR10 --noise_shape 10 3 32 32 --epsilon 32 --num_steps 10 --step_size 1.6 --attack_type min-min --perturb_type classwise --universal_train_target 'train_subset' --universal_stop_error 0.1 --use_subset --job_id 103495387
---------------------------------------------------------------
Sat Nov  6 10:48:58 EDT 2021
103495388
Retrain SimCLR with perturbation from supervised using larger steps and larger parameters
python3 perturbation.py --config_path configs/cifar10 --exp_name my_experiments/class_wise_cifar10_random_assign_32_10_0.8 --version resnet18 --train_data_type CIFAR10 --noise_shape 10 3 32 32 --epsilon 32 --num_steps 10 --step_size 0.8 --attack_type min-min --perturb_type classwise --universal_train_target 'train_subset' --universal_stop_error 0.1 --use_subset --job_id 103495388
---------------------------------------------------------------
Sat Nov  6 10:51:14 EDT 2021
103495553
Retrain SimCLR with perturbation from supervised using larger steps and larger parameters
python3 perturbation.py --config_path configs/cifar10 --exp_name my_experiments/class_wise_cifar10_random_assign_32_10_0.8 --version resnet18 --train_data_type CIFAR10 --noise_shape 10 3 32 32 --epsilon 32 --num_steps 10 --step_size 0.8 --attack_type min-min --perturb_type classwise --universal_train_target 'train_subset' --universal_stop_error 0.1 --use_subset --job_id 103495553
---------------------------------------------------------------
Sat Nov  6 10:53:16 EDT 2021
103495647
Retrain SimCLR with perturbation from supervised using larger steps and larger parameters
python3 perturbation.py --config_path configs/cifar10 --exp_name my_experiments/class_wise_cifar10_random_assign_32_10_0.8 --version resnet18 --train_data_type CIFAR10 --noise_shape 10 3 32 32 --epsilon 32 --num_steps 10 --step_size 0.8 --attack_type min-min --perturb_type classwise --universal_train_target 'train_subset' --universal_stop_error 0.1 --use_subset --job_id 103495647
---------------------------------------------------------------
Sat Nov  6 10:58:23 EDT 2021
103495714
Retrain SimCLR with perturbation from supervised using larger steps and larger parameters
python3 perturbation.py --config_path configs/cifar10 --exp_name my_experiments/class_wise_cifar10_random_assign_32_10_0.8 --version resnet18 --train_data_type CIFAR10 --noise_shape 10 3 32 32 --epsilon 32 --num_steps 10 --step_size 0.8 --attack_type min-min --perturb_type classwise --universal_train_target 'train_dataset' --universal_stop_error 0.1 --use_subset --job_id 103495714
---------------------------------------------------------------
Sat Nov  6 10:59:18 EDT 2021
103495741
Retrain SimCLR with perturbation from supervised using larger steps and larger parameters
python3 perturbation.py --config_path configs/cifar10 --exp_name my_experiments/class_wise_cifar10_random_assign_32_10_0.8 --version resnet18 --train_data_type CIFAR10 --noise_shape 10 3 32 32 --epsilon 32 --num_steps 10 --step_size 0.8 --attack_type min-min --perturb_type classwise --universal_train_target 'train_dataset' --universal_stop_error 0.1 --use_subset --job_id 103495741
---------------------------------------------------------------
Sat Nov  6 11:22:32 EDT 2021
103495747
Retrain SimCLR with perturbation from supervised using larger steps and larger parameters
python3 perturbation.py --config_path configs/cifar10 --exp_name my_experiments/class_wise_cifar10_random_assign_32_10_0.8 --version resnet18 --train_data_type CIFAR10 --noise_shape 10 3 32 32 --epsilon 32 --num_steps 10 --step_size 0.8 --attack_type min-min --perturb_type classwise --universal_train_target train_dataset --universal_stop_error 0.1 --job_id 103495747
---------------------------------------------------------------
Sat Nov  6 11:30:13 EDT 2021
103495746
Retrain SimCLR with perturbation from supervised using larger steps and larger parameters
python3 perturbation.py --config_path configs/cifar10 --exp_name my_experiments/class_wise_cifar10_random_assign_32_10_1.6 --version resnet18 --train_data_type CIFAR10 --noise_shape 10 3 32 32 --epsilon 32 --num_steps 10 --step_size 1.6 --attack_type min-min --perturb_type classwise --universal_train_target train_dataset --universal_stop_error 0.1 --job_id 103495746
---------------------------------------------------------------
Sat Nov  6 11:36:40 EDT 2021
103495750
Retrain SimCLR with perturbation from supervised using larger steps and larger parameters
python3 perturbation.py --config_path configs/cifar10 --exp_name my_experiments/class_wise_cifar10_random_assign_32_1_0.8 --version resnet18 --train_data_type CIFAR10 --noise_shape 10 3 32 32 --epsilon 32 --num_steps 1 --step_size 0.8 --attack_type min-min --perturb_type classwise --universal_train_target train_dataset --universal_stop_error 0.1 --job_id 103495750
---------------------------------------------------------------
Sat Nov  6 11:52:15 EDT 2021
103495749
Retrain SimCLR with perturbation from supervised using larger steps and larger parameters
python3 perturbation.py --config_path configs/cifar10 --exp_name my_experiments/class_wise_cifar10_random_assign_8_10_0.8 --version resnet18 --train_data_type CIFAR10 --noise_shape 10 3 32 32 --epsilon 8 --num_steps 10 --step_size 0.8 --attack_type min-min --perturb_type classwise --universal_train_target train_dataset --universal_stop_error 0.1 --job_id 103495749
---------------------------------------------------------------
Sat Nov  6 12:12:22 EDT 2021
103477543
86.37%
Retrain SimCLR with perturbation from supervised
python simclr_transfer.py --batch_size 512 --epochs 1000 --arch resnet18 --perturbation_budget 1 --pre_load_name randomassign_supervised_10class_classwise_8_1_0.8 --job_id 103477543
---------------------------------------------------------------
Sat Nov  6 20:09:52 EDT 2021
103499492
Retrain SimCLR with perturbation from supervised
python simclr_transfer.py --batch_size 512 --epochs 1000 --arch resnet18 --perturbation_budget 1 --pre_load_name randomassign_supervised_10class_classwise_32_10_0.8 --job_id 103499492
---------------------------------------------------------------
Sat Nov  6 20:10:03 EDT 2021
103499493
Retrain SimCLR with perturbation from supervised
python simclr_transfer.py --batch_size 512 --epochs 1000 --arch resnet18 --perturbation_budget 2 --pre_load_name randomassign_supervised_10class_classwise_32_10_0.8 --job_id 103499493
---------------------------------------------------------------
Sat Nov  6 20:10:13 EDT 2021
103499494
Retrain SimCLR with perturbation from supervised
python simclr_transfer.py --batch_size 512 --epochs 1000 --arch resnet18 --perturbation_budget 4 --pre_load_name randomassign_supervised_10class_classwise_32_10_0.8 --job_id 103499494
---------------------------------------------------------------
Sat Nov  6 20:10:24 EDT 2021
103499495
Retrain SimCLR with perturbation from supervised
python simclr_transfer.py --batch_size 512 --epochs 1000 --arch resnet18 --perturbation_budget 8 --pre_load_name randomassign_supervised_10class_classwise_32_10_0.8 --job_id 103499495
---------------------------------------------------------------
Sat Nov  6 20:10:37 EDT 2021
103499496
Retrain SimCLR with perturbation from supervised
python simclr_transfer.py --batch_size 512 --epochs 1000 --arch resnet18 --perturbation_budget 16 --pre_load_name randomassign_supervised_10class_classwise_32_10_0.8 --job_id 103499496
---------------------------------------------------------------
Sat Nov  6 20:10:48 EDT 2021
103499497
Retrain SimCLR with perturbation from supervised
python simclr_transfer.py --batch_size 512 --epochs 1000 --arch resnet18 --perturbation_budget 32 --pre_load_name randomassign_supervised_10class_classwise_32_10_1.6 --job_id 103499497
---------------------------------------------------------------
Sat Nov  6 20:11:00 EDT 2021
103499498
Retrain SimCLR with perturbation from supervised
python simclr_transfer.py --batch_size 512 --epochs 1000 --arch resnet18 --perturbation_budget 16 --pre_load_name randomassign_supervised_10class_classwise_32_10_1.6 --job_id 103499498
---------------------------------------------------------------
Sat Nov  6 20:11:13 EDT 2021
103499499
Retrain SimCLR with perturbation from supervised
python simclr_transfer.py --batch_size 512 --epochs 1000 --arch resnet18 --perturbation_budget 8 --pre_load_name randomassign_supervised_10class_classwise_32_10_1.6 --job_id 103499499
---------------------------------------------------------------
Sat Nov  6 20:11:25 EDT 2021
103499500
Retrain SimCLR with perturbation from supervised
python simclr_transfer.py --batch_size 512 --epochs 1000 --arch resnet18 --perturbation_budget 4 --pre_load_name randomassign_supervised_10class_classwise_32_10_1.6 --job_id 103499500
---------------------------------------------------------------
Sat Nov  6 20:23:01 EDT 2021
103499514
Retrain SimCLR with perturbation from supervised
python simclr_transfer.py --batch_size 512 --epochs 1000 --arch resnet18 --perturbation_budget 4 --pre_load_name randomassign_supervised_10class_classwise_32_10_1.6 --job_id 103499514
---------------------------------------------------------------
Sat Nov  6 20:31:38 EDT 2021
103499536
Retrain SimCLR with perturbation from supervised
Sat Nov  6 20:31:38 EDT 2021
python simclr_transfer.py --batch_size 512 --epochs 1000 --arch resnet18 --class_4 --perturbation_budget 4 --pre_load_name randomassign_supervised_10class_classwise_8_10_0.8 --job_id 103499536
---------------------------------------------------------------
Sat Nov  6 20:31:38 EDT 2021
103499535
103499534
Retrain SimCLR with perturbation from supervised
Retrain SimCLR with perturbation from supervised
python simclr_transfer.py --batch_size 512 --epochs 1000 --arch resnet18 --class_4 --perturbation_budget 2 --pre_load_name randomassign_supervised_10class_classwise_8_10_0.8 --job_id 103499535
python simclr_transfer.py --batch_size 512 --epochs 1000 --arch resnet18 --class_4 --perturbation_budget 1 --pre_load_name randomassign_supervised_10class_classwise_8_10_0.8 --job_id 103499534
---------------------------------------------------------------
---------------------------------------------------------------
Sat Nov  6 20:32:18 EDT 2021
103499541
Retrain SimCLR with perturbation from supervised
python simclr_transfer.py --batch_size 512 --epochs 1000 --arch resnet18 --class_4 --perturbation_budget 32 --pre_load_name randomassign_supervised_10class_classwise_8_10_0.8 --job_id 103499541
---------------------------------------------------------------
Sat Nov  6 20:32:18 EDT 2021
103499540
Retrain SimCLR with perturbation from supervised
python simclr_transfer.py --batch_size 512 --epochs 1000 --arch resnet18 --class_4 --perturbation_budget 16 --pre_load_name randomassign_supervised_10class_classwise_8_10_0.8 --job_id 103499540
---------------------------------------------------------------
Sat Nov  6 20:32:18 EDT 2021
103499539
Retrain SimCLR with perturbation from supervised
python simclr_transfer.py --batch_size 512 --epochs 1000 --arch resnet18 --class_4 --perturbation_budget 8 --pre_load_name randomassign_supervised_10class_classwise_8_10_0.8 --job_id 103499539
---------------------------------------------------------------
Sat Nov  6 20:33:18 EDT 2021
103499544
Retrain SimCLR with perturbation from supervised
python simclr_transfer.py --batch_size 512 --epochs 1000 --arch resnet18 --class_4 --perturbation_budget 16 --pre_load_name randomassign_supervised_10class_classwise_32_1_0.8 --job_id 103499544
---------------------------------------------------------------
Sat Nov  6 20:33:18 EDT 2021
103499543
Sat Nov  6 20:33:18 EDT 2021
Retrain SimCLR with perturbation from supervised
python simclr_transfer.py --batch_size 512 --epochs 1000 --arch resnet18 --class_4 --perturbation_budget 32 --pre_load_name randomassign_supervised_10class_classwise_32_1_0.8 --job_id 103499543
103499548
---------------------------------------------------------------
Sat Nov  6 20:33:18 EDT 2021
Retrain SimCLR with perturbation from supervised
103499545
python simclr_transfer.py --batch_size 512 --epochs 1000 --arch resnet18 --class_4 --perturbation_budget 4 --pre_load_name randomassign_supervised_10class_classwise_32_1_0.8 --job_id 103499548
Retrain SimCLR with perturbation from supervised
---------------------------------------------------------------
python simclr_transfer.py --batch_size 512 --epochs 1000 --arch resnet18 --class_4 --perturbation_budget 8 --pre_load_name randomassign_supervised_10class_classwise_32_1_0.8 --job_id 103499545
---------------------------------------------------------------
Sat Nov  6 21:32:48 EDT 2021
103499558
Retrain SimCLR with perturbation from supervised
python simclr_transfer.py --batch_size 512 --epochs 1000 --arch resnet18 --class_4 --perturbation_budget 32 --pre_load_name randomassign_supervised_10class_classwise_8_10_0.8 --job_id 103499558
---------------------------------------------------------------
Sat Nov  6 21:32:59 EDT 2021
103499555
Retrain SimCLR with perturbation from supervised
python simclr_transfer.py --batch_size 512 --epochs 1000 --arch resnet18 --class_4 --perturbation_budget 4 --pre_load_name randomassign_supervised_10class_classwise_8_10_0.8 --job_id 103499555
---------------------------------------------------------------
Sat Nov  6 21:33:07 EDT 2021
103499553
Retrain SimCLR with perturbation from supervised
python simclr_transfer.py --batch_size 512 --epochs 1000 --arch resnet18 --class_4 --perturbation_budget 1 --pre_load_name randomassign_supervised_10class_classwise_8_10_0.8 --job_id 103499553
---------------------------------------------------------------
Sat Nov  6 21:33:23 EDT 2021
103499557
Retrain SimCLR with perturbation from supervised
python simclr_transfer.py --batch_size 512 --epochs 1000 --arch resnet18 --class_4 --perturbation_budget 16 --pre_load_name randomassign_supervised_10class_classwise_8_10_0.8 --job_id 103499557
---------------------------------------------------------------
Sat Nov  6 21:33:39 EDT 2021
103499556
Retrain SimCLR with perturbation from supervised
python simclr_transfer.py --batch_size 512 --epochs 1000 --arch resnet18 --class_4 --perturbation_budget 8 --pre_load_name randomassign_supervised_10class_classwise_8_10_0.8 --job_id 103499556
---------------------------------------------------------------
Sat Nov  6 21:34:44 EDT 2021
103499561
Retrain SimCLR with perturbation from supervised
python simclr_transfer.py --batch_size 512 --epochs 1000 --arch resnet18 --class_4 --perturbation_budget 16 --pre_load_name randomassign_supervised_10class_classwise_32_1_0.8 --job_id 103499561
---------------------------------------------------------------
Sat Nov  6 21:35:11 EDT 2021
103499554
Retrain SimCLR with perturbation from supervised
python simclr_transfer.py --batch_size 512 --epochs 1000 --arch resnet18 --class_4 --perturbation_budget 2 --pre_load_name randomassign_supervised_10class_classwise_8_10_0.8 --job_id 103499554
---------------------------------------------------------------
Sat Nov  6 21:35:25 EDT 2021
103499560
Retrain SimCLR with perturbation from supervised
python simclr_transfer.py --batch_size 512 --epochs 1000 --arch resnet18 --class_4 --perturbation_budget 32 --pre_load_name randomassign_supervised_10class_classwise_32_1_0.8 --job_id 103499560
---------------------------------------------------------------
Sat Nov  6 21:35:56 EDT 2021
103499564
Retrain SimCLR with perturbation from supervised
python simclr_transfer.py --batch_size 512 --epochs 1000 --arch resnet18 --class_4 --perturbation_budget 2 --pre_load_name randomassign_supervised_10class_classwise_32_1_0.8 --job_id 103499564
---------------------------------------------------------------
Sat Nov  6 21:35:56 EDT 2021
103499562
Retrain SimCLR with perturbation from supervised
python simclr_transfer.py --batch_size 512 --epochs 1000 --arch resnet18 --class_4 --perturbation_budget 8 --pre_load_name randomassign_supervised_10class_classwise_32_1_0.8 --job_id 103499562
---------------------------------------------------------------
Sat Nov  6 21:36:10 EDT 2021
103499565
Retrain SimCLR with perturbation from supervised
python simclr_transfer.py --batch_size 512 --epochs 1000 --arch resnet18 --class_4 --perturbation_budget 1 --pre_load_name randomassign_supervised_10class_classwise_32_1_0.8 --job_id 103499565
---------------------------------------------------------------
Sat Nov  6 21:36:20 EDT 2021
103499563
Retrain SimCLR with perturbation from supervised
python simclr_transfer.py --batch_size 512 --epochs 1000 --arch resnet18 --class_4 --perturbation_budget 4 --pre_load_name randomassign_supervised_10class_classwise_32_1_0.8 --job_id 103499563
---------------------------------------------------------------
Sun Nov  7 17:42:32 EST 2021
103499522
Retrain SimCLR with perturbation from supervised
python simclr_transfer.py --batch_size 512 --epochs 1000 --arch resnet18 --perturbation_budget 1 --pre_load_name randomassign_supervised_10class_classwise_8_10_0.8 --job_id 103499522
---------------------------------------------------------------
Sun Nov  7 19:15:49 EST 2021
103499526
Retrain SimCLR with perturbation from supervised
python simclr_transfer.py --batch_size 512 --epochs 1000 --arch resnet18 --perturbation_budget 16 --pre_load_name randomassign_supervised_10class_classwise_8_10_0.8 --job_id 103499526
---------------------------------------------------------------
Sun Nov  7 19:45:31 EST 2021
103499529
Retrain SimCLR with perturbation from supervised
python simclr_transfer.py --batch_size 512 --epochs 1000 --arch resnet18 --perturbation_budget 2 --pre_load_name randomassign_supervised_10class_classwise_32_1_0.8 --job_id 103499529
---------------------------------------------------------------
Sun Nov  7 19:51:00 EST 2021
103499523
Retrain SimCLR with perturbation from supervised
python simclr_transfer.py --batch_size 512 --epochs 1000 --arch resnet18 --perturbation_budget 2 --pre_load_name randomassign_supervised_10class_classwise_8_10_0.8 --job_id 103499523
---------------------------------------------------------------
Sun Nov  7 19:58:33 EST 2021
103499527
Retrain SimCLR with perturbation from supervised
python simclr_transfer.py --batch_size 512 --epochs 1000 --arch resnet18 --perturbation_budget 32 --pre_load_name randomassign_supervised_10class_classwise_8_10_0.8 --job_id 103499527
---------------------------------------------------------------
Sun Nov  7 20:01:01 EST 2021
103499525
Retrain SimCLR with perturbation from supervised
python simclr_transfer.py --batch_size 512 --epochs 1000 --arch resnet18 --perturbation_budget 8 --pre_load_name randomassign_supervised_10class_classwise_8_10_0.8 --job_id 103499525
---------------------------------------------------------------
Sun Nov  7 20:03:32 EST 2021
103499524
Retrain SimCLR with perturbation from supervised
python simclr_transfer.py --batch_size 512 --epochs 1000 --arch resnet18 --perturbation_budget 4 --pre_load_name randomassign_supervised_10class_classwise_8_10_0.8 --job_id 103499524
---------------------------------------------------------------
Sun Nov  7 20:06:45 EST 2021
103499528
Retrain SimCLR with perturbation from supervised
python simclr_transfer.py --batch_size 512 --epochs 1000 --arch resnet18 --perturbation_budget 1 --pre_load_name randomassign_supervised_10class_classwise_32_1_0.8 --job_id 103499528
---------------------------------------------------------------
Sun Nov  7 20:09:41 EST 2021
103499530
Retrain SimCLR with perturbation from supervised
python simclr_transfer.py --batch_size 512 --epochs 1000 --arch resnet18 --perturbation_budget 4 --pre_load_name randomassign_supervised_10class_classwise_32_1_0.8 --job_id 103499530
---------------------------------------------------------------
Mon Nov  8 00:34:14 EST 2021
103499531
Retrain SimCLR with perturbation from supervised
python simclr_transfer.py --batch_size 512 --epochs 1000 --arch resnet18 --perturbation_budget 8 --pre_load_name randomassign_supervised_10class_classwise_32_1_0.8 --job_id 103499531
---------------------------------------------------------------
Mon Nov  8 00:38:22 EST 2021
103499532
Retrain SimCLR with perturbation from supervised
python simclr_transfer.py --batch_size 512 --epochs 1000 --arch resnet18 --perturbation_budget 16 --pre_load_name randomassign_supervised_10class_classwise_32_1_0.8 --job_id 103499532
---------------------------------------------------------------
Mon Nov  8 06:06:08 EST 2021
103522399
Retrain SimCLR with perturbation from feature space
python3 ssl_perturbation_feature_space.py --pre_load_name differentiable_20211102231654_0.5_200_512 --noise_shape 1024 3 32 32 --epsilon 32 --num_steps 30 --step_size 0.8 --batch_size=512 --model_group 10 --job_id 103522399
---------------------------------------------------------------
Mon Nov  8 11:23:45 EST 2021
103553557
Retrain SimCLR with perturbation from supervised
Mon Nov  8 11:23:45 EST 2021
Mon Nov  8 11:23:45 EST 2021
103553555
103553556
python simclr_transfer.py --batch_size 512 --epochs 1000 --arch resnet18 --perturbation_budget 8 --class_4 --pre_load_name randomassign_supervised_10class_classwise_8_1_0.8 --job_id 103553557
Retrain SimCLR with perturbation from supervised
---------------------------------------------------------------
Retrain SimCLR with perturbation from supervised
python simclr_transfer.py --batch_size 512 --epochs 1000 --arch resnet18 --perturbation_budget 4 --class_4 --pre_load_name randomassign_supervised_10class_classwise_8_1_0.8 --job_id 103553556
python simclr_transfer.py --batch_size 512 --epochs 1000 --arch resnet18 --perturbation_budget 2 --class_4 --pre_load_name randomassign_supervised_10class_classwise_8_1_0.8 --job_id 103553555
---------------------------------------------------------------
---------------------------------------------------------------
Mon Nov  8 11:23:45 EST 2021
103553552
Retrain SimCLR with perturbation from supervised
python simclr_transfer.py --batch_size 512 --epochs 1000 --arch resnet18 --perturbation_budget 1 --class_4 --pre_load_name randomassign_supervised_10class_classwise_8_1_0.8 --job_id 103553552
---------------------------------------------------------------
Mon Nov  8 11:24:05 EST 2021
103553559
Retrain SimCLR with perturbation from supervised
python simclr_transfer.py --batch_size 512 --epochs 1000 --arch resnet18 --perturbation_budget 16 --class_4 --pre_load_name randomassign_supervised_10class_classwise_8_1_0.8 --job_id 103553559
---------------------------------------------------------------
Mon Nov  8 11:24:05 EST 2021
103553558
Retrain SimCLR with perturbation from supervised
python simclr_transfer.py --batch_size 512 --epochs 1000 --arch resnet18 --perturbation_budget 16 --class_4 --pre_load_name randomassign_supervised_10class_classwise_8_1_0.8 --job_id 103553558
---------------------------------------------------------------
Mon Nov  8 12:28:19 EST 2021
103553606
Retrain SimCLR with perturbation from supervised
python simclr_transfer.py --batch_size 512 --epochs 1000 --arch resnet18 --perturbation_budget 1 --class_4 --pre_load_name randomassign_supervised_10class_classwise_8_1_0.8_checkpoint_perturbation --job_id 103553606
---------------------------------------------------------------
Mon Nov  8 12:28:48 EST 2021
103553607
Retrain SimCLR with perturbation from supervised
python simclr_transfer.py --batch_size 512 --epochs 1000 --arch resnet18 --perturbation_budget 2 --class_4 --pre_load_name randomassign_supervised_10class_classwise_8_1_0.8_checkpoint_perturbation --job_id 103553607
---------------------------------------------------------------
Mon Nov  8 12:29:18 EST 2021
103553610
Retrain SimCLR with perturbation from supervised
python simclr_transfer.py --batch_size 512 --epochs 1000 --arch resnet18 --perturbation_budget 16 --class_4 --pre_load_name randomassign_supervised_10class_classwise_8_1_0.8_checkpoint_perturbation --job_id 103553610
---------------------------------------------------------------
Mon Nov  8 12:30:04 EST 2021
103553611
Retrain SimCLR with perturbation from supervised
python simclr_transfer.py --batch_size 512 --epochs 1000 --arch resnet18 --perturbation_budget 32 --class_4 --pre_load_name randomassign_supervised_10class_classwise_8_1_0.8_checkpoint_perturbation --job_id 103553611
---------------------------------------------------------------
Mon Nov  8 12:30:28 EST 2021
103553608
Retrain SimCLR with perturbation from supervised
python simclr_transfer.py --batch_size 512 --epochs 1000 --arch resnet18 --perturbation_budget 4 --class_4 --pre_load_name randomassign_supervised_10class_classwise_8_1_0.8_checkpoint_perturbation --job_id 103553608
---------------------------------------------------------------
Mon Nov  8 12:31:33 EST 2021
103553609
Retrain SimCLR with perturbation from supervised
python simclr_transfer.py --batch_size 512 --epochs 1000 --arch resnet18 --perturbation_budget 4 --class_4 --pre_load_name randomassign_supervised_10class_classwise_8_1_0.8_checkpoint_perturbation --job_id 103553609
---------------------------------------------------------------
Mon Nov  8 12:44:26 EST 2021
103555343
Retrain SimCLR to test the transferability.
python -u simclr_transfer.py --batch_size 512 --epochs 1000 --arch resnet18 --class_4 --perturbation_budget 4 --pre_load_name unlearnable_20211025164521_0.5_512_151_checkpoint_perturbation --job_id 103555343
---------------------------------------------------------------
Mon Nov  8 12:44:31 EST 2021
103555344
Retrain SimCLR to test the transferability.
python -u simclr_transfer.py --batch_size 512 --epochs 1000 --arch resnet18 --class_4 --perturbation_budget 2 --pre_load_name unlearnable_20211025164521_0.5_512_151_checkpoint_perturbation --job_id 103555344
---------------------------------------------------------------
Mon Nov  8 12:44:42 EST 2021
103555345
Retrain SimCLR to test the transferability.
python -u simclr_transfer.py --batch_size 512 --epochs 1000 --arch resnet18 --class_4 --perturbation_budget 1 --pre_load_name unlearnable_20211025164521_0.5_512_151_checkpoint_perturbation --job_id 103555345
---------------------------------------------------------------
Mon Nov  8 12:56:21 EST 2021
103555546
Retrain SimCLR with perturbation from supervised
python simclr_transfer.py --batch_size 512 --epochs 1000 --arch resnet18 --perturbation_budget 8 --class_4 --pre_load_name randomassign_supervised_10class_classwise_32_10_1.6_checkpoint_perturbation --job_id 103555546
---------------------------------------------------------------
Mon Nov  8 12:57:01 EST 2021
103555543
Retrain SimCLR with perturbation from supervised
python simclr_transfer.py --batch_size 512 --epochs 1000 --arch resnet18 --perturbation_budget 32 --class_4 --pre_load_name randomassign_supervised_10class_classwise_32_10_1.6_checkpoint_perturbation --job_id 103555543
---------------------------------------------------------------
Mon Nov  8 12:57:23 EST 2021
103555548
Retrain SimCLR with perturbation from supervised
python simclr_transfer.py --batch_size 512 --epochs 1000 --arch resnet18 --perturbation_budget 2 --class_4 --pre_load_name randomassign_supervised_10class_classwise_32_10_1.6_checkpoint_perturbation --job_id 103555548
---------------------------------------------------------------
Mon Nov  8 12:57:48 EST 2021
103555545
Retrain SimCLR with perturbation from supervised
python simclr_transfer.py --batch_size 512 --epochs 1000 --arch resnet18 --perturbation_budget 16 --class_4 --pre_load_name randomassign_supervised_10class_classwise_32_10_1.6_checkpoint_perturbation --job_id 103555545
---------------------------------------------------------------
Mon Nov  8 12:58:04 EST 2021
103555547
Retrain SimCLR with perturbation from supervised
python simclr_transfer.py --batch_size 512 --epochs 1000 --arch resnet18 --perturbation_budget 4 --class_4 --pre_load_name randomassign_supervised_10class_classwise_32_10_1.6_checkpoint_perturbation --job_id 103555547
---------------------------------------------------------------
Mon Nov  8 12:58:47 EST 2021
103555554
Retrain SimCLR with perturbation from supervised
python simclr_transfer.py --batch_size 512 --epochs 1000 --arch resnet18 --perturbation_budget 16 --class_4 --pre_load_name randomassign_supervised_10class_classwise_32_10_0.8_checkpoint_perturbation --job_id 103555554
---------------------------------------------------------------
Mon Nov  8 12:58:47 EST 2021
103555549
Retrain SimCLR with perturbation from supervised
python simclr_transfer.py --batch_size 512 --epochs 1000 --arch resnet18 --perturbation_budget 1 --class_4 --pre_load_name randomassign_supervised_10class_classwise_32_10_1.6_checkpoint_perturbation --job_id 103555549
---------------------------------------------------------------
Mon Nov  8 12:58:54 EST 2021
103555550
Retrain SimCLR with perturbation from supervised
python simclr_transfer.py --batch_size 512 --epochs 1000 --arch resnet18 --perturbation_budget 1 --class_4 --pre_load_name randomassign_supervised_10class_classwise_32_10_0.8_checkpoint_perturbation --job_id 103555550
---------------------------------------------------------------
Mon Nov  8 12:59:09 EST 2021
103555552
Retrain SimCLR with perturbation from supervised
python simclr_transfer.py --batch_size 512 --epochs 1000 --arch resnet18 --perturbation_budget 4 --class_4 --pre_load_name randomassign_supervised_10class_classwise_32_10_0.8_checkpoint_perturbation --job_id 103555552
---------------------------------------------------------------
Mon Nov  8 12:59:28 EST 2021
103555553
Retrain SimCLR with perturbation from supervised
python simclr_transfer.py --batch_size 512 --epochs 1000 --arch resnet18 --perturbation_budget 8 --class_4 --pre_load_name randomassign_supervised_10class_classwise_32_10_0.8_checkpoint_perturbation --job_id 103555553
---------------------------------------------------------------
Mon Nov  8 12:59:35 EST 2021
103555555
Retrain SimCLR with perturbation from supervised
python simclr_transfer.py --batch_size 512 --epochs 1000 --arch resnet18 --perturbation_budget 32 --class_4 --pre_load_name randomassign_supervised_10class_classwise_32_10_0.8_checkpoint_perturbation --job_id 103555555
---------------------------------------------------------------
Mon Nov  8 13:00:25 EST 2021
103555551
Retrain SimCLR with perturbation from supervised
python simclr_transfer.py --batch_size 512 --epochs 1000 --arch resnet18 --perturbation_budget 2 --class_4 --pre_load_name randomassign_supervised_10class_classwise_32_10_0.8_checkpoint_perturbation --job_id 103555551
---------------------------------------------------------------
Tue Nov  9 01:48:05 EST 2021
103583645
Retrain SimCLR with perturbation from supervised
python simclr_transfer.py --batch_size 512 --epochs 1000 --arch resnet18 --perturbation_budget 4 --class_4 --pre_load_name randomassign_supervised_10class_classwise_32_10_0.8_checkpoint_perturbation --job_id 103583645
---------------------------------------------------------------
Tue Nov  9 01:48:18 EST 2021
103583648
Retrain SimCLR with perturbation from supervised
python simclr_transfer.py --batch_size 512 --epochs 1000 --arch resnet18 --perturbation_budget 16 --class_4 --pre_load_name randomassign_supervised_10class_classwise_32_10_0.8_checkpoint_perturbation --job_id 103583648
---------------------------------------------------------------
Tue Nov  9 01:48:37 EST 2021
103583644
Retrain SimCLR with perturbation from supervised
python simclr_transfer.py --batch_size 512 --epochs 1000 --arch resnet18 --perturbation_budget 2 --class_4 --pre_load_name randomassign_supervised_10class_classwise_32_10_0.8_checkpoint_perturbation --job_id 103583644
---------------------------------------------------------------
Tue Nov  9 01:49:03 EST 2021
103583633
Retrain SimCLR with perturbation from supervised
python simclr_transfer.py --batch_size 512 --epochs 1000 --arch resnet18 --perturbation_budget 1 --class_4 --pre_load_name randomassign_supervised_10class_classwise_32_10_0.8_checkpoint_perturbation --job_id 103583633
---------------------------------------------------------------
Tue Nov  9 01:49:51 EST 2021
103583649
Retrain SimCLR with perturbation from supervised
python simclr_transfer.py --batch_size 512 --epochs 1000 --arch resnet18 --perturbation_budget 32 --class_4 --pre_load_name randomassign_supervised_10class_classwise_32_10_0.8_checkpoint_perturbation --job_id 103583649
---------------------------------------------------------------
Tue Nov  9 01:50:15 EST 2021
103583647
Retrain SimCLR with perturbation from supervised
python simclr_transfer.py --batch_size 512 --epochs 1000 --arch resnet18 --perturbation_budget 8 --class_4 --pre_load_name randomassign_supervised_10class_classwise_32_10_0.8_checkpoint_perturbation --job_id 103583647
---------------------------------------------------------------
Tue Nov  9 01:51:46 EST 2021
103583704
Retrain SimCLR with perturbation from supervised
python simclr_transfer.py --batch_size 512 --epochs 1000 --arch resnet18 --perturbation_budget 2 --orglabel --class_4 --pre_load_name supervised_orglabel_4class_perturbation --job_id 103583704
---------------------------------------------------------------
Tue Nov  9 01:52:20 EST 2021
103583703
Retrain SimCLR with perturbation from supervised
python simclr_transfer.py --batch_size 512 --epochs 1000 --arch resnet18 --perturbation_budget 1 --orglabel --class_4 --pre_load_name supervised_orglabel_4class_perturbation --job_id 103583703
---------------------------------------------------------------
Tue Nov  9 01:53:03 EST 2021
103583705
Retrain SimCLR with perturbation from supervised
python simclr_transfer.py --batch_size 512 --epochs 1000 --arch resnet18 --perturbation_budget 4 --orglabel --class_4 --pre_load_name supervised_orglabel_4class_perturbation --job_id 103583705
---------------------------------------------------------------
Tue Nov  9 01:53:13 EST 2021
103583732
Retrain SimCLR with perturbation from supervised
python simclr_transfer.py --batch_size 512 --epochs 1000 --arch resnet18 --perturbation_budget 16 --orglabel --class_4 --pre_load_name supervised_orglabel_4class_perturbation --job_id 103583732
---------------------------------------------------------------
Tue Nov  9 01:53:20 EST 2021
103583733
Retrain SimCLR with perturbation from supervised
python simclr_transfer.py --batch_size 512 --epochs 1000 --arch resnet18 --perturbation_budget 32 --orglabel --class_4 --pre_load_name supervised_orglabel_4class_perturbation --job_id 103583733
---------------------------------------------------------------
Tue Nov  9 01:53:27 EST 2021
103583721
Retrain SimCLR with perturbation from supervised
python simclr_transfer.py --batch_size 512 --epochs 1000 --arch resnet18 --perturbation_budget 8 --orglabel --class_4 --pre_load_name supervised_orglabel_4class_perturbation --job_id 103583721
---------------------------------------------------------------
Tue Nov  9 01:53:29 EST 2021
103584059
Retrain SimCLR with perturbation from supervised
python simclr_transfer.py --batch_size 512 --epochs 1000 --arch resnet18 --perturbation_budget 28 --class_4 --pre_load_name randomassign_supervised_10class_classwise_32_10_0.8_checkpoint_perturbation --job_id 103584059
---------------------------------------------------------------
Tue Nov  9 01:53:30 EST 2021
103584051
Retrain SimCLR with perturbation from supervised
python simclr_transfer.py --batch_size 512 --epochs 1000 --arch resnet18 --perturbation_budget 10 --class_4 --pre_load_name randomassign_supervised_10class_classwise_32_10_0.8_checkpoint_perturbation --job_id 103584051
---------------------------------------------------------------
Tue Nov  9 01:53:30 EST 2021
103584053
Retrain SimCLR with perturbation from supervised
python simclr_transfer.py --batch_size 512 --epochs 1000 --arch resnet18 --perturbation_budget 14 --class_4 --pre_load_name randomassign_supervised_10class_classwise_32_10_0.8_checkpoint_perturbation --job_id 103584053
---------------------------------------------------------------
Tue Nov  9 01:54:03 EST 2021
103584057
Retrain SimCLR with perturbation from supervised
python simclr_transfer.py --batch_size 512 --epochs 1000 --arch resnet18 --perturbation_budget 24 --class_4 --pre_load_name randomassign_supervised_10class_classwise_32_10_0.8_checkpoint_perturbation --job_id 103584057
---------------------------------------------------------------
Tue Nov  9 01:54:10 EST 2021
103584050
Retrain SimCLR with perturbation from supervised
python simclr_transfer.py --batch_size 512 --epochs 1000 --arch resnet18 --perturbation_budget 6 --class_4 --pre_load_name randomassign_supervised_10class_classwise_32_10_0.8_checkpoint_perturbation --job_id 103584050
---------------------------------------------------------------
Tue Nov  9 01:54:38 EST 2021
103584060
Retrain SimCLR with perturbation from supervised
python simclr_transfer.py --batch_size 512 --epochs 1000 --arch resnet18 --perturbation_budget 30 --class_4 --pre_load_name randomassign_supervised_10class_classwise_32_10_0.8_checkpoint_perturbation --job_id 103584060
---------------------------------------------------------------
Tue Nov  9 01:54:48 EST 2021
103584052
Retrain SimCLR with perturbation from supervised
python simclr_transfer.py --batch_size 512 --epochs 1000 --arch resnet18 --perturbation_budget 12 --class_4 --pre_load_name randomassign_supervised_10class_classwise_32_10_0.8_checkpoint_perturbation --job_id 103584052
---------------------------------------------------------------
Tue Nov  9 01:55:11 EST 2021
103584056
Retrain SimCLR with perturbation from supervised
python simclr_transfer.py --batch_size 512 --epochs 1000 --arch resnet18 --perturbation_budget 22 --class_4 --pre_load_name randomassign_supervised_10class_classwise_32_10_0.8_checkpoint_perturbation --job_id 103584056
---------------------------------------------------------------
Tue Nov  9 01:55:28 EST 2021
103584058
Retrain SimCLR with perturbation from supervised
python simclr_transfer.py --batch_size 512 --epochs 1000 --arch resnet18 --perturbation_budget 26 --class_4 --pre_load_name randomassign_supervised_10class_classwise_32_10_0.8_checkpoint_perturbation --job_id 103584058
---------------------------------------------------------------
Tue Nov  9 01:55:28 EST 2021
103584055
Retrain SimCLR with perturbation from supervised
python simclr_transfer.py --batch_size 512 --epochs 1000 --arch resnet18 --perturbation_budget 20 --class_4 --pre_load_name randomassign_supervised_10class_classwise_32_10_0.8_checkpoint_perturbation --job_id 103584055
---------------------------------------------------------------
Tue Nov  9 01:55:44 EST 2021
103584054
Retrain SimCLR with perturbation from supervised
python simclr_transfer.py --batch_size 512 --epochs 1000 --arch resnet18 --perturbation_budget 18 --class_4 --pre_load_name randomassign_supervised_10class_classwise_32_10_0.8_checkpoint_perturbation --job_id 103584054
---------------------------------------------------------------
Tue Nov  9 10:24:16 EST 2021
103553605
Retrain SimCLR with perturbation from supervised
python simclr_transfer.py --batch_size 512 --epochs 1000 --arch resnet18 --perturbation_budget 4 --pre_load_name randomassign_supervised_10class_classwise_8_1_0.8_checkpoint_perturbation --job_id 103553605
---------------------------------------------------------------
Tue Nov  9 10:55:38 EST 2021
103591444
Retrain SimCLR with perturbation from feature space
python simclr_transfer.py --batch_size 512 --epochs 1000 --arch resnet18 --class_4 --perturbation_budget 1 --pre_load_name differentiable_20211102231654_0.5_200_512_32.0_30_0.8_perturb_on_random_initial_model --samplewise --job_id 103591444
---------------------------------------------------------------
Tue Nov  9 10:56:19 EST 2021
103591454
Retrain SimCLR with perturbation from feature space
python simclr_transfer.py --batch_size 512 --epochs 1000 --arch resnet18 --class_4 --perturbation_budget 32 --pre_load_name differentiable_20211102231654_0.5_200_512_32.0_30_0.8_perturb_on_random_initial_model --samplewise --job_id 103591454
---------------------------------------------------------------
Tue Nov  9 10:56:19 EST 2021
103591449
Retrain SimCLR with perturbation from feature space
python simclr_transfer.py --batch_size 512 --epochs 1000 --arch resnet18 --class_4 --perturbation_budget 8 --pre_load_name differentiable_20211102231654_0.5_200_512_32.0_30_0.8_perturb_on_random_initial_model --samplewise --job_id 103591449
---------------------------------------------------------------
Tue Nov  9 10:56:20 EST 2021
103591446
Retrain SimCLR with perturbation from feature space
python simclr_transfer.py --batch_size 512 --epochs 1000 --arch resnet18 --class_4 --perturbation_budget 2 --pre_load_name differentiable_20211102231654_0.5_200_512_32.0_30_0.8_perturb_on_random_initial_model --samplewise --job_id 103591446
---------------------------------------------------------------
Tue Nov  9 10:56:50 EST 2021
103591447
Retrain SimCLR with perturbation from feature space
python simclr_transfer.py --batch_size 512 --epochs 1000 --arch resnet18 --class_4 --perturbation_budget 4 --pre_load_name differentiable_20211102231654_0.5_200_512_32.0_30_0.8_perturb_on_random_initial_model --samplewise --job_id 103591447
---------------------------------------------------------------
Tue Nov  9 10:57:43 EST 2021
103553604
Retrain SimCLR with perturbation from supervised
python simclr_transfer.py --batch_size 512 --epochs 1000 --arch resnet18 --perturbation_budget 2 --pre_load_name randomassign_supervised_10class_classwise_8_1_0.8_checkpoint_perturbation --job_id 103553604
---------------------------------------------------------------
Tue Nov  9 10:58:09 EST 2021
103591450
Retrain SimCLR with perturbation from feature space
python simclr_transfer.py --batch_size 512 --epochs 1000 --arch resnet18 --class_4 --perturbation_budget 16 --pre_load_name differentiable_20211102231654_0.5_200_512_32.0_30_0.8_perturb_on_random_initial_model --samplewise --job_id 103591450
---------------------------------------------------------------
Tue Nov  9 11:12:58 EST 2021
103555451
Retrain SimCLR to test the transferability.
python -u simclr_transfer.py --batch_size 512 --epochs 1000 --arch resnet18 --perturbation_budget 1 --pre_load_name unlearnable_20211025164521_0.5_512_151_checkpoint_perturbation --job_id 103555451
---------------------------------------------------------------
Tue Nov  9 12:09:06 EST 2021
103592148
Retrain SimCLR with perturbation from supervised
python simclr_transfer.py --batch_size 512 --epochs 1000 --arch resnet18 --perturbation_budget 32 --class_4 --pre_load_name randomassign_supervised_10class_classwise_8_10_0.8_checkpoint_perturbation --job_id 103592148
---------------------------------------------------------------
Tue Nov  9 12:09:44 EST 2021
103592144
Retrain SimCLR with perturbation from supervised
python simclr_transfer.py --batch_size 512 --epochs 1000 --arch resnet18 --perturbation_budget 4 --class_4 --pre_load_name randomassign_supervised_10class_classwise_8_10_0.8_checkpoint_perturbation --job_id 103592144
---------------------------------------------------------------
Tue Nov  9 12:09:52 EST 2021
103592129
Retrain SimCLR with perturbation from supervised
python simclr_transfer.py --batch_size 512 --epochs 1000 --arch resnet18 --perturbation_budget 1 --class_4 --pre_load_name randomassign_supervised_10class_classwise_8_10_0.8_checkpoint_perturbation --job_id 103592129
---------------------------------------------------------------
Tue Nov  9 12:09:56 EST 2021
103592146
Retrain SimCLR with perturbation from supervised
python simclr_transfer.py --batch_size 512 --epochs 1000 --arch resnet18 --perturbation_budget 8 --class_4 --pre_load_name randomassign_supervised_10class_classwise_8_10_0.8_checkpoint_perturbation --job_id 103592146
---------------------------------------------------------------
Tue Nov  9 12:10:07 EST 2021
103592147
Retrain SimCLR with perturbation from supervised
python simclr_transfer.py --batch_size 512 --epochs 1000 --arch resnet18 --perturbation_budget 16 --class_4 --pre_load_name randomassign_supervised_10class_classwise_8_10_0.8_checkpoint_perturbation --job_id 103592147
---------------------------------------------------------------
Tue Nov  9 12:10:07 EST 2021
103592140
Retrain SimCLR with perturbation from supervised
python simclr_transfer.py --batch_size 512 --epochs 1000 --arch resnet18 --perturbation_budget 2 --class_4 --pre_load_name randomassign_supervised_10class_classwise_8_10_0.8_checkpoint_perturbation --job_id 103592140
---------------------------------------------------------------
Tue Nov  9 12:12:00 EST 2021
103592707
Retrain SimCLR to test the transferability.
python -u simclr_transfer.py --batch_size 512 --epochs 1000 --arch resnet18 --perturbation_budget 2 --class_4 --pre_load_name unlearnable_20211025164521_0.5_512_151_checkpoint_perturbation --job_id 103592707
---------------------------------------------------------------
Tue Nov  9 12:12:32 EST 2021
103592710
Retrain SimCLR to test the transferability.
python -u simclr_transfer.py --batch_size 512 --epochs 1000 --arch resnet18 --perturbation_budget 16 --class_4 --pre_load_name unlearnable_20211025164521_0.5_512_151_checkpoint_perturbation --job_id 103592710
---------------------------------------------------------------
Tue Nov  9 12:12:51 EST 2021
103592708
Retrain SimCLR to test the transferability.
python -u simclr_transfer.py --batch_size 512 --epochs 1000 --arch resnet18 --perturbation_budget 4 --class_4 --pre_load_name unlearnable_20211025164521_0.5_512_151_checkpoint_perturbation --job_id 103592708
---------------------------------------------------------------
Tue Nov  9 12:13:28 EST 2021
103592706
Retrain SimCLR to test the transferability.
python -u simclr_transfer.py --batch_size 512 --epochs 1000 --arch resnet18 --perturbation_budget 1 --class_4 --pre_load_name unlearnable_20211025164521_0.5_512_151_checkpoint_perturbation --job_id 103592706
---------------------------------------------------------------
Tue Nov  9 12:13:45 EST 2021
103592716
Retrain SimCLR to test the transferability.
python -u simclr_transfer.py --batch_size 512 --epochs 1000 --arch resnet18 --perturbation_budget 32 --class_4 --pre_load_name unlearnable_20211025164521_0.5_512_151_checkpoint_perturbation --job_id 103592716
---------------------------------------------------------------
Tue Nov  9 12:15:10 EST 2021
103592709
Retrain SimCLR to test the transferability.
python -u simclr_transfer.py --batch_size 512 --epochs 1000 --arch resnet18 --perturbation_budget 8 --class_4 --pre_load_name unlearnable_20211025164521_0.5_512_151_checkpoint_perturbation --job_id 103592709
---------------------------------------------------------------
Tue Nov  9 18:02:48 EST 2021
103611123
Retrain SimCLR to test the transferability.
python -u simclr_transfer.py --batch_size 512 --epochs 1000 --arch resnet18 --perturbation_budget 1 --class_4 --pre_load_name random_noise32_perturbation --job_id 103611123
---------------------------------------------------------------
Tue Nov  9 18:03:50 EST 2021
103611119
Retrain SimCLR to test the transferability.
python -u simclr_transfer.py --batch_size 512 --epochs 1000 --arch resnet18 --perturbation_budget 8 --class_4 --pre_load_name random_noise32_perturbation --job_id 103611119
---------------------------------------------------------------
Tue Nov  9 18:03:52 EST 2021
103611121
Retrain SimCLR to test the transferability.
python -u simclr_transfer.py --batch_size 512 --epochs 1000 --arch resnet18 --perturbation_budget 4 --class_4 --pre_load_name random_noise32_perturbation --job_id 103611121
---------------------------------------------------------------
Tue Nov  9 18:04:22 EST 2021
103611118
Retrain SimCLR to test the transferability.
python -u simclr_transfer.py --batch_size 512 --epochs 1000 --arch resnet18 --perturbation_budget 16 --class_4 --pre_load_name random_noise32_perturbation --job_id 103611118
---------------------------------------------------------------
Tue Nov  9 18:04:23 EST 2021
103611117
Retrain SimCLR to test the transferability.
python -u simclr_transfer.py --batch_size 512 --epochs 1000 --arch resnet18 --perturbation_budget 32 --class_4 --pre_load_name random_noise32_perturbation --job_id 103611117
---------------------------------------------------------------
Tue Nov  9 18:04:36 EST 2021
103611122
Retrain SimCLR to test the transferability.
python -u simclr_transfer.py --batch_size 512 --epochs 1000 --arch resnet18 --perturbation_budget 2 --class_4 --pre_load_name random_noise32_perturbation --job_id 103611122
---------------------------------------------------------------
Tue Nov  9 19:11:43 EST 2021
103568699
Retrain SimCLR with perturbation from supervised
python simclr_transfer.py --batch_size 512 --epochs 1000 --arch resnet18 --perturbation_budget 1 --pre_load_name randomassign_supervised_10class_classwise_32_10_0.8_checkpoint_perturbation --job_id 103568699
---------------------------------------------------------------
Tue Nov  9 20:14:56 EST 2021
103568701
Retrain SimCLR with perturbation from supervised
python simclr_transfer.py --batch_size 512 --epochs 1000 --arch resnet18 --perturbation_budget 4 --pre_load_name randomassign_supervised_10class_classwise_32_10_0.8_checkpoint_perturbation --job_id 103568701
---------------------------------------------------------------
Tue Nov  9 20:26:28 EST 2021
103568702
Retrain SimCLR with perturbation from supervised
python simclr_transfer.py --batch_size 512 --epochs 1000 --arch resnet18 --perturbation_budget 8 --pre_load_name randomassign_supervised_10class_classwise_32_10_0.8_checkpoint_perturbation --job_id 103568702
---------------------------------------------------------------
Tue Nov  9 20:42:44 EST 2021
103568703
Retrain SimCLR with perturbation from supervised
python simclr_transfer.py --batch_size 512 --epochs 1000 --arch resnet18 --perturbation_budget 16 --pre_load_name randomassign_supervised_10class_classwise_32_10_0.8_checkpoint_perturbation --job_id 103568703
---------------------------------------------------------------
Tue Nov  9 20:55:15 EST 2021
103568700
Retrain SimCLR with perturbation from supervised
python simclr_transfer.py --batch_size 512 --epochs 1000 --arch resnet18 --perturbation_budget 2 --pre_load_name randomassign_supervised_10class_classwise_32_10_0.8_checkpoint_perturbation --job_id 103568700
---------------------------------------------------------------
Wed Nov 10 08:48:58 EST 2021
103568704
Retrain SimCLR with perturbation from supervised
python simclr_transfer.py --batch_size 512 --epochs 1000 --arch resnet18 --perturbation_budget 32 --pre_load_name randomassign_supervised_10class_classwise_32_10_0.8_checkpoint_perturbation --job_id 103568704
---------------------------------------------------------------
Wed Nov 10 14:45:39 EST 2021
103610129
Retrain SimCLR with perturbation from feature space
python3 ssl_perturbation_feature_space.py --pre_load_name differentiable_20211102231654_0.5_200_512 --noise_shape 1024 3 32 32 --epsilon 8 --num_steps 30 --step_size 0.8 --batch_size=512 --model_group 10 --job_id 103610129
---------------------------------------------------------------
Wed Nov 10 15:52:00 EST 2021
103610131
Retrain SimCLR with perturbation from feature space
python3 ssl_perturbation_feature_space.py --pre_load_name differentiable_20211102231654_0.5_200_512 --noise_shape 1024 3 32 32 --epsilon 8 --num_steps 30 --step_size 0.4 --batch_size=512 --model_group 10 --job_id 103610131
---------------------------------------------------------------
Wed Nov 10 18:58:19 EST 2021
103610130
Retrain SimCLR with perturbation from feature space
python3 ssl_perturbation_feature_space.py --pre_load_name differentiable_20211102231654_0.5_200_512 --noise_shape 1024 3 32 32 --epsilon 8 --num_steps 50 --step_size 0.8 --batch_size=512 --model_group 10 --job_id 103610130
---------------------------------------------------------------
Thu Nov 11 06:37:22 EST 2021
103672420
Samplewise
python3 -u ssl_perturbation_save_model.py --config_path configs/cifar10 --exp_name path/to/your/experiment/folder --version resnet18 --train_data_type CIFAR10 --noise_shape 1024 3 32 32 --epsilon 32 --num_steps 5 --step_size 3.2 --attack_type min-min --perturb_type samplewise --train_step 10 --epochs 1000 --min_min_attack_fn non_eot --strong_aug --job_id 103672420
---------------------------------------------------------------
