Tue Apr 12 16:22:49 EDT 2022
51247220
cifar10 baseline
python3 -u -m torch.distributed.launch --nproc_per_node=2 ssl_perturbation_v2_ddp.py --config_path configs/cifar10 --exp_name path/to/your/experiment/folder --version resnet18 --train_data_type CIFAR10 --noise_shape 1024 3 32 32 --epsilon 8 --num_steps 12 --step_size 0.8 --attack_type min-min --perturb_type samplewise --train_step 1 --epochs 3 --min_min_attack_fn eot_v1 --strong_aug --not_shuffle_train_data --eot_size 1 --pytorch_aug --batch_size 512 --dbindex_weight 0.3 --num_workers 8 --gpu_num 2 --class_4 --piermaro_whole_epoch 12 --load_piermaro_model --load_piermaro_model_path --piermaro_restart_epoch 9
51247220 51247221 51247222 51247223
---------------------------------------------------------------
Tue Apr 12 17:06:57 EDT 2022
51249494
cifar10 baseline
python3 -u -m torch.distributed.launch --nproc_per_node=2 ssl_perturbation_v2_ddp.py --config_path configs/cifar10 --exp_name path/to/your/experiment/folder --version resnet18 --train_data_type CIFAR10 --noise_shape 1024 3 32 32 --epsilon 8 --num_steps 12 --step_size 0.8 --attack_type min-min --perturb_type samplewise --train_step 1 --epochs 3 --min_min_attack_fn eot_v1 --strong_aug --not_shuffle_train_data --eot_size 1 --pytorch_aug --batch_size 512 --dbindex_weight 0.3 --num_workers 8 --gpu_num 2 --class_4 --piermaro_whole_epoch 12 --load_piermaro_model --load_piermaro_model_path --piermaro_restart_epoch 9
51249494 51249495 51249497 51249498
---------------------------------------------------------------
Tue Apr 12 18:01:15 EDT 2022
51249657
cifar10 baseline
python3 -u -m torch.distributed.launch --nproc_per_node=2 ssl_perturbation_v2_ddp.py --config_path configs/cifar10 --exp_name path/to/your/experiment/folder --version resnet18 --train_data_type CIFAR10 --noise_shape 1024 3 32 32 --epsilon 8 --num_steps 12 --step_size 0.8 --attack_type min-min --perturb_type samplewise --train_step 1 --epochs 3 --min_min_attack_fn eot_v1 --strong_aug --not_shuffle_train_data --eot_size 1 --pytorch_aug --batch_size 512 --dbindex_weight 0.3 --num_workers 8 --gpu_num 2 --class_4 --piermaro_whole_epoch 12 --load_piermaro_model --load_piermaro_model_path unlearnable_samplewise_51249657_1_20220412172137_0.5_512_3_piermaro_model --piermaro_restart_epoch 9
51249657 51249858 51250512 51250814
---------------------------------------------------------------
Tue Apr 12 20:17:00 EDT 2022
51254653
cifar10 baseline
python3 -u -m torch.distributed.launch --nproc_per_node=2 ssl_perturbation_v2_ddp.py --config_path configs/cifar10 --exp_name path/to/your/experiment/folder --version resnet18 --train_data_type CIFAR10 --noise_shape 1024 3 32 32 --epsilon 8 --num_steps 12 --step_size 0.8 --attack_type min-min --perturb_type samplewise --train_step 1 --epochs 3 --min_min_attack_fn eot_v1 --strong_aug --not_shuffle_train_data --eot_size 1 --pytorch_aug --batch_size 512 --dbindex_weight 0.3 --num_workers 8 --gpu_num 2 --class_4 --piermaro_whole_epoch 12 --load_piermaro_model --load_piermaro_model_path unlearnable_samplewise_51254653_1_20220412194118_0.5_512_3_piermaro_model --piermaro_restart_epoch 9
51254653 51254864 51255208 51255335
---------------------------------------------------------------
Tue Apr 12 21:26:03 EDT 2022
51258004
cifar10 baseline
python3 -u -m torch.distributed.launch --nproc_per_node=2 ssl_perturbation_v2_ddp.py --config_path configs/cifar10 --exp_name path/to/your/experiment/folder --version resnet18 --train_data_type CIFAR10 --noise_shape 1024 3 32 32 --epsilon 8 --num_steps 12 --step_size 0.8 --attack_type min-min --perturb_type samplewise --train_step 1 --epochs 3 --min_min_attack_fn eot_v1 --strong_aug --not_shuffle_train_data --eot_size 1 --pytorch_aug --batch_size 512 --dbindex_weight 0.3 --num_workers 8 --gpu_num 2 --class_4 --piermaro_whole_epoch 12 --load_piermaro_model --load_piermaro_model_path unlearnable_samplewise_51258004_1_20220412204906_0.5_512_3_piermaro_model --piermaro_restart_epoch 9
51258004 51258136 51258433 51258768
---------------------------------------------------------------
Tue Apr 12 23:33:41 EDT 2022
51262791
cifar10 baseline
python3 -u -m torch.distributed.launch --nproc_per_node=2 ssl_perturbation_v2_ddp.py --config_path configs/cifar10 --exp_name path/to/your/experiment/folder --version resnet18 --train_data_type CIFAR10 --noise_shape 1024 3 32 32 --epsilon 8 --num_steps 12 --step_size 0.8 --attack_type min-min --perturb_type samplewise --train_step 1 --epochs 3 --min_min_attack_fn eot_v1 --strong_aug --not_shuffle_train_data --eot_size 1 --pytorch_aug --batch_size 512 --dbindex_weight 0.3 --num_workers 8 --gpu_num 2 --class_4 --piermaro_whole_epoch 12 --load_piermaro_model --load_piermaro_model_path unlearnable_samplewise_51262791_1_20220412222154_0.5_512_3_piermaro_model --piermaro_restart_epoch 9
51262791 51263141 51265046 51266753
---------------------------------------------------------------
Wed Apr 13 02:36:36 EDT 2022
51269615
cifar10 baseline
python3 -u -m torch.distributed.launch --nproc_per_node=4 ssl_perturbation_v2_ddp.py --piermaro_whole_epoch 30 --epochs 3 --config_path configs/cifar10 --exp_name path/to/your/experiment/folder --version resnet18 --train_data_type CIFAR10 --noise_shape 50000 3 32 32 --epsilon 8 --num_steps 12 --step_size 0.8 --attack_type min-min --perturb_type samplewise --train_step 10 --min_min_attack_fn eot_v1 --strong_aug --not_shuffle_train_data --eot_size 3 --batch_size 1024 --num_workers 8 --gpu_num 4 --dbindex_weight 0.3 --simclr_weight 0 --load_piermaro_model --load_piermaro_model_path --piermaro_restart_epoch 27
51269615 51270282 51271004 51271431 51272125 51272210 51272294 51272379 51272738 51272812
---------------------------------------------------------------
Wed Apr 13 02:43:00 EDT 2022
51270119
cifar10 baseline
python3 -u -m torch.distributed.launch --nproc_per_node=4 ssl_perturbation_v2_ddp.py --piermaro_whole_epoch 30 --epochs 3 --config_path configs/cifar10 --exp_name path/to/your/experiment/folder --version resnet18 --train_data_type CIFAR10 --noise_shape 50000 3 32 32 --epsilon 8 --num_steps 12 --step_size 0.8 --attack_type min-min --perturb_type samplewise --train_step 10 --min_min_attack_fn eot_v1 --strong_aug --not_shuffle_train_data --eot_size 3 --batch_size 1024 --num_workers 8 --gpu_num 4 --dbindex_weight 0.3 --simclr_weight 0 --train_simclr_dbindex --pytorch_aug --load_piermaro_model --load_piermaro_model_path --piermaro_restart_epoch 27
51270119 51271002 51271429 51272133 51272208 51272297 51272377 51272741 51272821 51273062
---------------------------------------------------------------
Wed Apr 13 02:43:06 EDT 2022
51270115
cifar10 baseline
python3 -u -m torch.distributed.launch --nproc_per_node=4 ssl_perturbation_v2_ddp.py --piermaro_whole_epoch 30 --epochs 3 --config_path configs/cifar10 --exp_name path/to/your/experiment/folder --version resnet18 --train_data_type CIFAR10 --noise_shape 50000 3 32 32 --epsilon 8 --num_steps 12 --step_size 0.8 --attack_type min-min --perturb_type samplewise --train_step 10 --min_min_attack_fn eot_v1 --strong_aug --not_shuffle_train_data --eot_size 3 --batch_size 1024 --num_workers 8 --gpu_num 4 --dbindex_weight 0.3 --simclr_weight 0 --train_simclr_dbindex --load_piermaro_model --load_piermaro_model_path --piermaro_restart_epoch 27
51270115 51271003 51271430 51272124 51272209 51272293 51272378 51272739 51272813 51273063
---------------------------------------------------------------
Wed Apr 13 02:43:22 EDT 2022
51269614
cifar10 baseline
python3 -u -m torch.distributed.launch --nproc_per_node=4 ssl_perturbation_v2_ddp.py --piermaro_whole_epoch 30 --epochs 3 --config_path configs/cifar10 --exp_name path/to/your/experiment/folder --version resnet18 --train_data_type CIFAR10 --noise_shape 50000 3 32 32 --epsilon 8 --num_steps 12 --step_size 0.8 --attack_type min-min --perturb_type samplewise --train_step 10 --min_min_attack_fn eot_v1 --strong_aug --not_shuffle_train_data --eot_size 3 --batch_size 1024 --num_workers 8 --gpu_num 4 --dbindex_weight 0.3 --load_piermaro_model --load_piermaro_model_path --piermaro_restart_epoch 27
51269614 51270283 51271554 51272132 51272211 51272296 51272380 51272740 51272820 51273061
---------------------------------------------------------------
Wed Apr 13 14:02:05 EDT 2022
51288486
cifar10 baseline
python3 -u -m torch.distributed.launch --nproc_per_node=4 ssl_perturbation_v2_ddp.py --piermaro_whole_epoch 20 --epochs 2 --config_path configs/cifar10 --exp_name path/to/your/experiment/folder --version resnet18 --train_data_type CIFAR10 --noise_shape 50000 3 32 32 --epsilon 8 --num_steps 12 --step_size 0.8 --attack_type min-min --perturb_type samplewise --train_step 10 --min_min_attack_fn eot_v1 --strong_aug --not_shuffle_train_data --eot_size 3 --batch_size 1024 --num_workers 8 --gpu_num 4 --dbindex_weight 0.3 --simclr_weight 0 --use_dbindex_train_model --pytorch_aug --load_piermaro_model --load_piermaro_model_path unlearnable_samplewise_51288486_1_20220413103934_0.5_1024_2_piermaro_model --piermaro_restart_epoch 18
51288486 51289361 51291324 51294630 51295387 51295553 51296698 51299415 51299540 51299547
---------------------------------------------------------------
Wed Apr 13 20:13:46 EDT 2022
51310022
cifar10 baseline
python3 -u -m torch.distributed.launch --nproc_per_node=2 ssl_perturbation_v2_ddp.py --epochs 1000 --config_path configs/cifar10 --exp_name path/to/your/experiment/folder --version resnet18 --train_data_type CIFAR10 --noise_shape 50000 3 32 32 --epsilon 8 --num_steps 20 --step_size 0.8 --attack_type min-min --perturb_type samplewise --train_step 10 --min_min_attack_fn eot_v1 --strong_aug --not_shuffle_train_data --eot_size 3 --batch_size 512 --num_workers 8 --gpu_num 2 --dbindex_weight 0.3 --simclr_weight 0 --class_4 --load_piermaro_model --load_piermaro_model_path --piermaro_restart_epoch 450
51310022 51310569 51310600 51310645 51310656 51310662 51310692 51310752 51310823 51310921
---------------------------------------------------------------
Wed Apr 13 22:10:20 EDT 2022
51300542
cifar10 baseline
python3 -u -m torch.distributed.launch --nproc_per_node=4 ssl_perturbation_v2_ddp.py --piermaro_whole_epoch 20 --epochs 2 --config_path configs/cifar10 --exp_name path/to/your/experiment/folder --version resnet18 --train_data_type CIFAR10 --noise_shape 50000 3 32 32 --epsilon 8 --num_steps 12 --step_size 0.8 --attack_type min-min --perturb_type samplewise --train_step 10 --min_min_attack_fn eot_v1 --strong_aug --not_shuffle_train_data --eot_size 3 --batch_size 1024 --num_workers 8 --gpu_num 4 --dbindex_weight 0.3 --simclr_weight 0 --use_dbindex_train_model --pytorch_aug --load_piermaro_model --load_piermaro_model_path unlearnable_samplewise_51300542_1_20220413142749_0.5_1024_2_piermaro_model --piermaro_restart_epoch 18
51300542 51301409 51302245 51303520 51304441 51305261 51306276 51307739 51308942 51310637
---------------------------------------------------------------
Fri Apr 15 00:43:53 EDT 2022
51302079
cifar10 baseline
python3 -u -m torch.distributed.launch --nproc_per_node=4 ssl_perturbation_v2_ddp.py --piermaro_whole_epoch 20 --epochs 2 --config_path configs/cifar10 --exp_name path/to/your/experiment/folder --version resnet18 --train_data_type CIFAR10 --noise_shape 50000 3 32 32 --epsilon 8 --num_steps 12 --step_size 0.8 --attack_type min-min --perturb_type samplewise --train_step 10 --min_min_attack_fn eot_v1 --strong_aug --not_shuffle_train_data --eot_size 3 --batch_size 1024 --num_workers 8 --gpu_num 4 --dbindex_weight 0.3 --simclr_weight 0 --use_dbindex_train_model --load_piermaro_model --load_piermaro_model_path unlearnable_samplewise_51302079_1_20220413150038_0.5_1024_2_piermaro_model --piermaro_restart_epoch 18
51302079 51308611 51317718 51326813 51329994 51332491 51339306 51350069 51356959 51361803
---------------------------------------------------------------
Sat Apr 16 17:38:12 EDT 2022
51416291
cifar10 baseline
python3 -u ssl_perturbation_v2.py --piermaro_whole_epoch 12 --epochs 3 --config_path configs/cifar10 --exp_name path/to/your/experiment/folder --version resnet18 --train_data_type CIFAR10 --noise_shape 50000 3 32 32 --epsilon 8 --num_steps 12 --step_size 0.8 --attack_type min-min --perturb_type samplewise --train_step 3 --min_min_attack_fn eot_v1 --strong_aug --eot_size 1 --not_shuffle_train_data --batch_size 512 --dbindex_weight 0.3 --kmeans_index 2 --class_4 --load_piermaro_model --load_piermaro_model_path unlearnable_samplewise_51416291_1_20220416165503_0.5_512_3_piermaro_model --piermaro_restart_epoch 9
51416291 51416432 51416536 51416577
---------------------------------------------------------------
Sun Apr 17 05:58:32 EDT 2022
51420695
cifar10 baseline
python3 -u ssl_perturbation_v2.py --piermaro_whole_epoch 10 --epochs 1 --config_path configs/cifar10 --exp_name path/to/your/experiment/folder --version resnet18 --train_data_type CIFAR10 --noise_shape 50000 3 32 32 --epsilon 8 --num_steps 12 --step_size 0.8 --attack_type min-min --perturb_type samplewise --train_step 20 --min_min_attack_fn eot_v1 --strong_aug --eot_size 1 --not_shuffle_train_data --batch_size 512 --dbindex_weight 0 --single_noise_after_transform --load_piermaro_model --load_piermaro_model_path unlearnable_samplewise_51420695_1_20220416213400_0.5_512_1_piermaro_model --piermaro_restart_epoch 9
51420695 51421592 51422593 51423542 51423990 51424434 51424787 51425095 51425296 51425477
---------------------------------------------------------------
Sun Apr 17 08:05:49 EDT 2022
51420694
cifar10 baseline
python3 -u ssl_perturbation_v2.py --piermaro_whole_epoch 10 --epochs 1 --config_path configs/cifar10 --exp_name path/to/your/experiment/folder --version resnet18 --train_data_type CIFAR10 --noise_shape 50000 3 32 32 --epsilon 8 --num_steps 12 --step_size 0.8 --attack_type min-min --perturb_type samplewise --train_step 20 --min_min_attack_fn eot_v1 --strong_aug --eot_size 1 --not_shuffle_train_data --batch_size 512 --dbindex_weight 0 --split_transform --load_piermaro_model --load_piermaro_model_path unlearnable_samplewise_51420694_1_20220416213400_0.5_512_1_piermaro_model --piermaro_restart_epoch 9
51420694 51422028 51423201 51423989 51424570 51424893 51425253 51425476 51425776 51425997
---------------------------------------------------------------
Mon Apr 18 16:11:20 EDT 2022
51428360
cifar10 baseline
python3 -u ssl_perturbation_v2.py --piermaro_whole_epoch 40 --epochs 4 --config_path configs/cifar10 --exp_name path/to/your/experiment/folder --version resnet18 --train_data_type CIFAR10 --noise_shape 50000 3 32 32 --epsilon 8 --num_steps 12 --step_size 0.8 --attack_type min-min --perturb_type samplewise --train_step 20 --min_min_attack_fn eot_v1 --strong_aug --eot_size 1 --not_shuffle_train_data --batch_size 512 --dbindex_weight 0 --single_noise_after_transform --load_piermaro_model --load_piermaro_model_path unlearnable_samplewise_51428360_1_20220417110249_0.5_512_4_piermaro_model --piermaro_restart_epoch 36
51428360 51429739 51433479 51434373 51436215 51447912 51451482 51453220 51456032 51468889
---------------------------------------------------------------
Mon May  2 15:28:23 EDT 2022
52267079
cifar10 baseline
python3 -u ssl_perturbation_v2.py --piermaro_whole_epoch 12 --epochs 3 --config_path configs/cifar10 --exp_name path/to/your/experiment/folder --version resnet18 --train_data_type CIFAR10 --noise_shape 50000 3 32 32 --epsilon 8 --num_steps 20 --step_size 8 --attack_type min-min --perturb_type samplewise --train_step 20 --min_min_attack_fn eot_v1 --strong_aug --eot_size 1 --shuffle_train_perturb_data --class_4 --load_piermaro_model --load_piermaro_model_path unlearnable_samplewise_52267079_1_20220502151735_0.5_512_3_piermaro_model --piermaro_restart_epoch 9
52267079 52267141 52267208 52267287
---------------------------------------------------------------
Mon May  2 16:13:55 EDT 2022
52268121
cifar10 baseline
python simclr_transfer.py --batch_size 512 --piermaro_whole_epoch 12 --epochs 3 --arch resnet18 --perturbation_budget 1 --pre_load_name unlearnable_samplewise_51508204_1_20220419160917_0.5_512_300_checkpoint_perturbation --samplewise --pytorch_aug --clean_train --load_piermaro_model --load_piermaro_model_path --piermaro_restart_epoch 9
52268121 52268149 52268159 52268167
---------------------------------------------------------------
Mon May  2 16:33:27 EDT 2022
52268244
cifar10 baseline
python simclr_transfer.py --batch_size 512 --piermaro_whole_epoch 12 --epochs 3 --arch resnet18 --perturbation_budget 1 --pre_load_name unlearnable_samplewise_51508204_1_20220419160917_0.5_512_300_checkpoint_perturbation --samplewise --pytorch_aug --clean_train --load_piermaro_model --load_piermaro_model_path transfer_52268244_1_20220502162420_piermaro_model --piermaro_restart_epoch 9
52268244 52268284 52268290 52268308
---------------------------------------------------------------
Mon May  2 23:23:33 EDT 2022
52281771
cifar10 baseline
python simclr_transfer.py --batch_size 512 --piermaro_whole_epoch 51 --epochs 2 --arch resnet18 --perturbation_budget 1 --pre_load_name unlearnable_samplewise_51508204_1_20220419160917_0.5_512_300_checkpoint_perturbation --samplewise --pytorch_aug --load_piermaro_model --load_piermaro_model_path transfer_52281771_1_20220502223659_piermaro_model --piermaro_restart_epoch 48
52281771 52281935 52281991 52282028 52282044 52282095 52282138 52282150 52282178 52282184 52282205 52282224 52282286 52282386 52282487 52282587 52282670 52282761 52282846 52282953 52283016 52283092 52283136 52283180 52283226
---------------------------------------------------------------
Tue May  3 11:18:01 EDT 2022
52301568
cifar10 baseline
python simclr_transfer.py --batch_size 512 --piermaro_whole_epoch 12 --epochs 3 --arch resnet18 --perturbation_budget 1 --pre_load_name unlearnable_samplewise_51508204_1_20220419160917_0.5_512_300_checkpoint_perturbation --samplewise --pytorch_aug --load_piermaro_model --load_piermaro_model_path transfer_52301568_1_20220503110625_piermaro_model --piermaro_restart_epoch 9
52301568 52303298 52303386 52303502
---------------------------------------------------------------
