Mon Oct 25 16:44:13 EDT 2021
35699738
Train unlearnable simclr with differentiable data augmentation. Larger step 3.2
python3 ssl_perturbation_save_model.py --config_path configs/cifar10 --exp_name path/to/your/experiment/folder --version resnet18 --train_data_type CIFAR10 --noise_shape 10 3 32 32 --epsilon 16 --num_steps 1 --step_size 3.2 --attack_type min-min --perturb_type classwise --universal_train_target 'classwise' --train_step 10 --epochs 151 --min_min_attack_fn non_eot
---------------------------------------------------------------
用的是8_1_0.8
Fri Nov  5 21:16:36 EDT 2021
103465371
Retrain SimCLR with perturbation from supervised
python simclr_transfer.py --batch_size 512 --epochs 1000 --arch resnet18 --perturbation_budget 16 --pre_load_name randomassign_supervised_10class_classwise_8_1_0.8 --job_id 103465371
---------------------------------------------------------------
Fri Nov  5 21:22:37 EDT 2021
103465373
Retrain SimCLR with perturbation from supervised
python simclr_transfer.py --batch_size 512 --epochs 1000 --arch resnet18 --perturbation_budget 32 --pre_load_name randomassign_supervised_10class_classwise_8_1_0.8 --job_id 103465373
---------------------------------------------------------------
Fri Nov  5 21:51:21 EDT 2021
103465376
Retrain SimCLR with perturbation from supervised
python simclr_transfer.py --batch_size 512 --epochs 1000 --arch resnet18 --perturbation_budget 8 --pre_load_name randomassign_supervised_10class_classwise_8_1_0.8 --job_id 103465376
---------------------------------------------------------------
Sat Nov  6 12:12:22 EDT 2021
103477543
86.37%
Retrain SimCLR with perturbation from supervised
python simclr_transfer.py --batch_size 512 --epochs 1000 --arch resnet18 --perturbation_budget 1 --pre_load_name randomassign_supervised_10class_classwise_8_1_0.8 --job_id 103477543
---------------------------------------------------------------

107351014
no shuffle
python3 -u ssl_perturbation_save_model.py --config_path configs/cifar10 --exp_name path/to/your/experiment/folder --version resnet18 --train_data_type CIFAR10 --noise_shape 1024 3 32 32 --epsilon 8 --num_steps 20 --step_size 0.8 --attack_type min-min --perturb_type samplewise --train_step 10 --epochs 1000 --min_min_attack_fn eot_v1 --strong_aug --class_4 --not_shuffle_train_data
107535314
samplewise_myshuffle 500 1000 shuffle_step
python3 -u ssl_perturbation_save_model.py --config_path configs/cifar10 --exp_name path/to/your/experiment/folder --version resnet18 --train_data_type CIFAR10 --noise_shape 1024 3 32 32 --epsilon 32 --num_steps 20 --step_size 0.8 --attack_type min-min --perturb_type samplewise --train_step 10 --epochs 1000 --min_min_attack_fn non_eot --strong_aug --class_4 --not_shuffle_train_data