---------------------------------------------------------------
Wed Apr 13 10:31:25 EDT 2022
51288486
cifar10 baseline
python3 -u -m torch.distributed.launch --nproc_per_node=4 ssl_perturbation_v2_ddp.py --piermaro_whole_epoch 20 --epochs 2 --config_path configs/cifar10 --exp_name path/to/your/experiment/folder --version resnet18 --train_data_type CIFAR10 --noise_shape 50000 3 32 32 --epsilon 8 --num_steps 12 --step_size 0.8 --attack_type min-min --perturb_type samplewise --train_step 10 --min_min_attack_fn eot_v1 --strong_aug --not_shuffle_train_data --eot_size 3 --batch_size 1024 --num_workers 8 --gpu_num 4 --dbindex_weight 0.3 --simclr_weight 0 --use_dbindex_train_model --pytorch_aug
---------------------------------------------------------------
Wed Apr 13 14:21:28 EDT 2022
51300451
cifar10 baseline
python3 -u -m torch.distributed.launch --nproc_per_node=4 ssl_perturbation_v2_ddp.py --piermaro_whole_epoch 20 --epochs 2 --config_path configs/cifar10 --exp_name path/to/your/experiment/folder --version resnet18 --train_data_type CIFAR10 --noise_shape 50000 3 32 32 --epsilon 8 --num_steps 12 --step_size 0.8 --attack_type min-min --perturb_type samplewise --train_step 10 --min_min_attack_fn eot_v1 --strong_aug --not_shuffle_train_data --eot_size 3 --batch_size 1024 --num_workers 8 --gpu_num 4 --use_dbindex_train_model --pytorch_aug
---------------------------------------------------------------
Wed Apr 13 14:25:36 EDT 2022
51300542
cifar10 baseline
python3 -u -m torch.distributed.launch --nproc_per_node=4 ssl_perturbation_v2_ddp.py --piermaro_whole_epoch 20 --epochs 2 --config_path configs/cifar10 --exp_name path/to/your/experiment/folder --version resnet18 --train_data_type CIFAR10 --noise_shape 50000 3 32 32 --epsilon 8 --num_steps 12 --step_size 0.8 --attack_type min-min --perturb_type samplewise --train_step 10 --min_min_attack_fn eot_v1 --strong_aug --not_shuffle_train_data --eot_size 3 --batch_size 1024 --num_workers 8 --gpu_num 4 --dbindex_weight 0.3 --simclr_weight 0 --use_dbindex_train_model --pytorch_aug
---------------------------------------------------------------
Wed Apr 13 14:59:26 EDT 2022
51302079
cifar10 baseline
python3 -u -m torch.distributed.launch --nproc_per_node=4 ssl_perturbation_v2_ddp.py --piermaro_whole_epoch 20 --epochs 2 --config_path configs/cifar10 --exp_name path/to/your/experiment/folder --version resnet18 --train_data_type CIFAR10 --noise_shape 50000 3 32 32 --epsilon 8 --num_steps 12 --step_size 0.8 --attack_type min-min --perturb_type samplewise --train_step 10 --min_min_attack_fn eot_v1 --strong_aug --not_shuffle_train_data --eot_size 3 --batch_size 1024 --num_workers 8 --gpu_num 4 --dbindex_weight 0.3 --simclr_weight 0 --use_dbindex_train_model
---------------------------------------------------------------
Wed Apr 13 15:26:16 EDT 2022
51303222
cifar10 baseline
python3 -u -m torch.distributed.launch --nproc_per_node=4 ssl_perturbation_v2_ddp.py --piermaro_whole_epoch 20 --epochs 2 --config_path configs/cifar10 --exp_name path/to/your/experiment/folder --version resnet18 --train_data_type CIFAR10 --noise_shape 50000 3 32 32 --epsilon 8 --num_steps 12 --step_size 0.8 --attack_type min-min --perturb_type samplewise --train_step 10 --min_min_attack_fn eot_v1 --strong_aug --not_shuffle_train_data --eot_size 3 --batch_size 1024 --num_workers 8 --gpu_num 4 --dbindex_weight 0.3 --simclr_weight 0
---------------------------------------------------------------
Wed Apr 13 18:57:11 EDT 2022
51310022
cifar10 baseline
python3 -u -m torch.distributed.launch --nproc_per_node=2 ssl_perturbation_v2_ddp.py --epochs 1000 --config_path configs/cifar10 --exp_name path/to/your/experiment/folder --version resnet18 --train_data_type CIFAR10 --noise_shape 50000 3 32 32 --epsilon 8 --num_steps 20 --step_size 0.8 --attack_type min-min --perturb_type samplewise --train_step 10 --min_min_attack_fn eot_v1 --strong_aug --not_shuffle_train_data --eot_size 3 --batch_size 512 --num_workers 8 --gpu_num 2 --dbindex_weight 0.3 --simclr_weight 0 --class_4
---------------------------------------------------------------
Thu Apr 14 00:00:23 EDT 2022
51319980
cifar10 baseline
python3 -u -m torch.distributed.launch --nproc_per_node=2 ssl_perturbation_v2_ddp_pos.py --epochs 1000 --config_path configs/cifar10 --exp_name path/to/your/experiment/folder --version resnet18 --train_data_type CIFAR10 --noise_shape 50000 3 32 32 --epsilon 8 --num_steps 20 --step_size 0.8 --attack_type min-min --perturb_type samplewise --train_step 10 --min_min_attack_fn eot_v1 --strong_aug --not_shuffle_train_data --eot_size 3 --batch_size 512 --num_workers 8 --gpu_num 2 --dbindex_weight 0 --simclr_weight 1 --class_4
---------------------------------------------------------------
Thu Apr 14 00:00:45 EDT 2022
51319982
cifar10 baseline
python3 -u -m torch.distributed.launch --nproc_per_node=2 ssl_perturbation_v2_ddp_pos.py --epochs 1000 --config_path configs/cifar10 --exp_name path/to/your/experiment/folder --version resnet18 --train_data_type CIFAR10 --noise_shape 50000 3 32 32 --epsilon 8 --num_steps 20 --step_size 0.8 --attack_type min-min --perturb_type samplewise --train_step 10 --min_min_attack_fn eot_v1 --strong_aug --not_shuffle_train_data --eot_size 3 --batch_size 512 --num_workers 8 --gpu_num 2 --dbindex_weight 0 --simclr_weight 1 --pytorch_aug --class_4
---------------------------------------------------------------
