Sun Oct 24 00:20:13 EDT 2021
35667778
Train unlearnable simclr with differentiable data augmentation. Larger step 3.2
python3 ssl_perturbation_save_model.py --config_path configs/cifar10 --exp_name path/to/your/experiment/folder --version resnet18 --train_data_type CIFAR10 --noise_shape 10 3 32 32 --epsilon 8 --num_steps 1 --step_size 6 --attack_type min-min --perturb_type classwise --universal_train_target 'classwise' --train_step 10 --epochs 151
---------------------------------------------------------------
Sun Oct 24 10:23:06 EDT 2021
35672028
Train unlearnable simclr with differentiable data augmentation. Larger step 3.2
python3 ssl_perturbation_save_model.py --config_path configs/cifar10 --exp_name path/to/your/experiment/folder --version resnet18 --train_data_type CIFAR10 --noise_shape 10 3 32 32 --epsilon 8 --num_steps 1 --step_size 6 --attack_type min-min --perturb_type classwise --universal_train_target 'classwise' --train_step 10 --epochs 151
---------------------------------------------------------------
Sun Oct 24 10:24:09 EDT 2021
35672034
Train unlearnable simclr with differentiable data augmentation. Larger step 3.2
python3 ssl_perturbation_save_model.py --config_path configs/cifar10 --exp_name path/to/your/experiment/folder --version resnet18 --train_data_type CIFAR10 --noise_shape 10 3 32 32 --epsilon 8 --num_steps 1 --step_size 6 --attack_type min-min --perturb_type classwise --universal_train_target 'classwise' --train_step 10 --epochs 151
---------------------------------------------------------------
Sun Oct 24 10:28:04 EDT 2021
35672052
Train unlearnable simclr with differentiable data augmentation. Larger step 3.2
python3 ssl_perturbation_save_model.py --config_path configs/cifar10 --exp_name path/to/your/experiment/folder --version resnet18 --train_data_type CIFAR10 --noise_shape 10 3 32 32 --epsilon 8 --num_steps 1 --step_size 6 --attack_type min-min --perturb_type classwise --universal_train_target 'classwise' --train_step 10 --epochs 151
---------------------------------------------------------------
Sun Oct 24 10:30:32 EDT 2021
35672106
Train unlearnable simclr with differentiable data augmentation. Larger step 3.2
python3 ssl_perturbation_save_model.py --config_path configs/cifar10 --exp_name path/to/your/experiment/folder --version resnet18 --train_data_type CIFAR10 --noise_shape 10 3 32 32 --epsilon 8 --num_steps 1 --step_size 6 --attack_type min-min --perturb_type classwise --universal_train_target 'classwise' --train_step 10 --epochs 151
---------------------------------------------------------------
Sun Oct 24 10:33:27 EDT 2021
35672121
Train unlearnable simclr with differentiable data augmentation. Larger step 3.2
python3 ssl_perturbation_save_model.py --config_path configs/cifar10 --exp_name path/to/your/experiment/folder --version resnet18 --train_data_type CIFAR10 --noise_shape 10 3 32 32 --epsilon 8 --num_steps 1 --step_size 6 --attack_type min-min --perturb_type classwise --universal_train_target 'classwise' --train_step 10 --epochs 151
---------------------------------------------------------------
Sun Oct 24 10:41:51 EDT 2021
35672152
Train unlearnable simclr with differentiable data augmentation. Larger step 3.2
python3 ssl_perturbation_save_model.py --config_path configs/cifar10 --exp_name path/to/your/experiment/folder --version resnet18 --train_data_type CIFAR10 --noise_shape 10 3 32 32 --epsilon 8 --num_steps 1 --step_size 6 --attack_type min-min --perturb_type classwise --universal_train_target 'classwise' --train_step 10 --epochs 151
---------------------------------------------------------------
Sun Oct 24 10:42:28 EDT 2021
35672155
Train unlearnable simclr with differentiable data augmentation. Larger step 3.2
Sun Oct 24 13:16:52 EDT 2021
35675835
Train unlearnable simclr with differentiable data augmentation. Larger step 3.2
python3 ssl_perturbation_save_model.py --config_path configs/cifar10 --exp_name path/to/your/experiment/folder --version resnet18 --train_data_type CIFAR10 --noise_shape 10 3 32 32 --epsilon 8 --num_steps 1 --step_size 6 --attack_type min-min --perturb_type classwise --universal_train_target 'classwise' --train_step 10 --epochs 151 --no_save
---------------------------------------------------------------
