check check
__name__ simclr
Files already downloaded and verified
Files already downloaded and verified
Files already downloaded and verified
Files already downloaded and verified
The whole epochs are 151
Training images:   0%|          | 0/98 [00:00<?, ?it/s]
min_min_attack_simclr_return_loss_tensor_eot_v2: 6.966191291809082
min_min_attack_simclr_return_loss_tensor_eot_v2: 6.932830810546875
min_min_attack_simclr_return_loss_tensor_eot_v2: 6.927857875823975
min_min_attack_simclr_return_loss_tensor_eot_v2: 6.918391704559326
min_min_attack_simclr_return_loss_tensor_eot_v2: 6.902676582336426
Training images:   1%|          | 1/98 [00:19<32:02, 19.82s/it]
min_min_attack_simclr_return_loss_tensor_eot_v2: 6.984173774719238
min_min_attack_simclr_return_loss_tensor_eot_v2: 6.954504489898682
min_min_attack_simclr_return_loss_tensor_eot_v2: 6.9348602294921875
min_min_attack_simclr_return_loss_tensor_eot_v2: 6.933624267578125
min_min_attack_simclr_return_loss_tensor_eot_v2: 6.929832458496094
Training images:   2%|▏         | 2/98 [00:34<29:29, 18.43s/it]
min_min_attack_simclr_return_loss_tensor_eot_v2: 6.964697360992432
min_min_attack_simclr_return_loss_tensor_eot_v2: 6.923859596252441
min_min_attack_simclr_return_loss_tensor_eot_v2: 6.9368133544921875
min_min_attack_simclr_return_loss_tensor_eot_v2: 6.929267883300781
min_min_attack_simclr_return_loss_tensor_eot_v2: 6.938783168792725
Training images:   3%|▎         | 3/98 [00:50<27:39, 17.47s/it]
min_min_attack_simclr_return_loss_tensor_eot_v2: 6.965578556060791
min_min_attack_simclr_return_loss_tensor_eot_v2: 6.95053243637085
min_min_attack_simclr_return_loss_tensor_eot_v2: 6.934680938720703
min_min_attack_simclr_return_loss_tensor_eot_v2: 6.947308540344238
min_min_attack_simclr_return_loss_tensor_eot_v2: 6.928776741027832
Training images:   4%|▍         | 4/98 [01:05<26:11, 16.72s/it]
min_min_attack_simclr_return_loss_tensor_eot_v2: 6.962182521820068
min_min_attack_simclr_return_loss_tensor_eot_v2: 6.940931797027588
min_min_attack_simclr_return_loss_tensor_eot_v2: 6.921961307525635
min_min_attack_simclr_return_loss_tensor_eot_v2: 6.927470684051514
min_min_attack_simclr_return_loss_tensor_eot_v2: 6.922548770904541
Training images:   5%|▌         | 5/98 [01:20<25:12, 16.27s/it]
min_min_attack_simclr_return_loss_tensor_eot_v2: 6.960519313812256
min_min_attack_simclr_return_loss_tensor_eot_v2: 6.924126625061035
min_min_attack_simclr_return_loss_tensor_eot_v2: 6.936514377593994
min_min_attack_simclr_return_loss_tensor_eot_v2: 6.914399147033691
min_min_attack_simclr_return_loss_tensor_eot_v2: 6.903794288635254
Training images:   6%|▌         | 6/98 [01:35<24:33, 16.02s/it]
min_min_attack_simclr_return_loss_tensor_eot_v2: 6.962820529937744
min_min_attack_simclr_return_loss_tensor_eot_v2: 6.924019813537598
min_min_attack_simclr_return_loss_tensor_eot_v2: 6.930461406707764
min_min_attack_simclr_return_loss_tensor_eot_v2: 6.91914701461792
min_min_attack_simclr_return_loss_tensor_eot_v2: 6.915399074554443
Training images:   7%|▋         | 7/98 [01:50<23:48, 15.70s/it]
min_min_attack_simclr_return_loss_tensor_eot_v2: 6.971039772033691
min_min_attack_simclr_return_loss_tensor_eot_v2: 6.965370178222656
min_min_attack_simclr_return_loss_tensor_eot_v2: 6.953017711639404
min_min_attack_simclr_return_loss_tensor_eot_v2: 6.94788122177124
min_min_attack_simclr_return_loss_tensor_eot_v2: 6.9325385093688965
Training images:   8%|▊         | 8/98 [02:05<23:13, 15.48s/it]
min_min_attack_simclr_return_loss_tensor_eot_v2: 6.949866771697998
min_min_attack_simclr_return_loss_tensor_eot_v2: 6.928613185882568
min_min_attack_simclr_return_loss_tensor_eot_v2: 6.922618389129639
min_min_attack_simclr_return_loss_tensor_eot_v2: 6.900187969207764
min_min_attack_simclr_return_loss_tensor_eot_v2: 6.928783416748047
Training images:   9%|▉         | 9/98 [02:20<22:35, 15.23s/it]
min_min_attack_simclr_return_loss_tensor_eot_v2: 6.975599765777588
min_min_attack_simclr_return_loss_tensor_eot_v2: 6.937819957733154
min_min_attack_simclr_return_loss_tensor_eot_v2: 6.9196343421936035
min_min_attack_simclr_return_loss_tensor_eot_v2: 6.922109127044678
min_min_attack_simclr_return_loss_tensor_eot_v2: 6.920029640197754
Training images:  10%|█         | 10/98 [02:35<22:19, 15.22s/it]
min_min_attack_simclr_return_loss_tensor_eot_v2: 6.985511779785156
min_min_attack_simclr_return_loss_tensor_eot_v2: 6.939769268035889
min_min_attack_simclr_return_loss_tensor_eot_v2: 6.941866397857666
min_min_attack_simclr_return_loss_tensor_eot_v2: 6.930152893066406
min_min_attack_simclr_return_loss_tensor_eot_v2: 6.925631999969482
Training images:  11%|█         | 11/98 [02:50<21:50, 15.07s/it]
min_min_attack_simclr_return_loss_tensor_eot_v2: 6.9525041580200195
min_min_attack_simclr_return_loss_tensor_eot_v2: 6.9370436668396
min_min_attack_simclr_return_loss_tensor_eot_v2: 6.9394850730896
min_min_attack_simclr_return_loss_tensor_eot_v2: 6.951629638671875
min_min_attack_simclr_return_loss_tensor_eot_v2: 6.935190677642822
Training images:  12%|█▏        | 12/98 [03:05<21:39, 15.11s/it]
min_min_attack_simclr_return_loss_tensor_eot_v2: 6.9615478515625
min_min_attack_simclr_return_loss_tensor_eot_v2: 6.945544719696045
min_min_attack_simclr_return_loss_tensor_eot_v2: 6.912543773651123
min_min_attack_simclr_return_loss_tensor_eot_v2: 6.9275221824646
min_min_attack_simclr_return_loss_tensor_eot_v2: 6.931798458099365
Training images:  13%|█▎        | 13/98 [03:20<21:22, 15.09s/it]
min_min_attack_simclr_return_loss_tensor_eot_v2: 6.953346252441406
min_min_attack_simclr_return_loss_tensor_eot_v2: 6.960816860198975
min_min_attack_simclr_return_loss_tensor_eot_v2: 6.932436466217041
min_min_attack_simclr_return_loss_tensor_eot_v2: 6.933488368988037
min_min_attack_simclr_return_loss_tensor_eot_v2: 6.926930904388428
Training images:  14%|█▍        | 14/98 [03:35<20:59, 15.00s/it]
min_min_attack_simclr_return_loss_tensor_eot_v2: 6.971477031707764
min_min_attack_simclr_return_loss_tensor_eot_v2: 6.940722942352295
min_min_attack_simclr_return_loss_tensor_eot_v2: 6.921181678771973
min_min_attack_simclr_return_loss_tensor_eot_v2: 6.9160966873168945
min_min_attack_simclr_return_loss_tensor_eot_v2: 6.8979010581970215
Training images:  15%|█▌        | 15/98 [03:50<20:45, 15.01s/it]
min_min_attack_simclr_return_loss_tensor_eot_v2: 6.955594062805176
min_min_attack_simclr_return_loss_tensor_eot_v2: 6.932685852050781
min_min_attack_simclr_return_loss_tensor_eot_v2: 6.918351650238037
min_min_attack_simclr_return_loss_tensor_eot_v2: 6.925523281097412
min_min_attack_simclr_return_loss_tensor_eot_v2: 6.918919563293457
Training images:  16%|█▋        | 16/98 [04:05<20:25, 14.95s/it]
min_min_attack_simclr_return_loss_tensor_eot_v2: 6.9803667068481445
min_min_attack_simclr_return_loss_tensor_eot_v2: 6.9316887855529785
min_min_attack_simclr_return_loss_tensor_eot_v2: 6.933288097381592
min_min_attack_simclr_return_loss_tensor_eot_v2: 6.923166751861572
min_min_attack_simclr_return_loss_tensor_eot_v2: 6.929851055145264
Training images:  17%|█▋        | 17/98 [04:19<20:02, 14.85s/it]
min_min_attack_simclr_return_loss_tensor_eot_v2: 6.968792915344238
min_min_attack_simclr_return_loss_tensor_eot_v2: 6.945089817047119
min_min_attack_simclr_return_loss_tensor_eot_v2: 6.930369853973389
min_min_attack_simclr_return_loss_tensor_eot_v2: 6.926628112792969
min_min_attack_simclr_return_loss_tensor_eot_v2: 6.928415775299072
Training images:  18%|█▊        | 18/98 [04:34<19:54, 14.93s/it]
min_min_attack_simclr_return_loss_tensor_eot_v2: 6.975789546966553
