check check
__name__ simclr
Files already downloaded and verified
Files already downloaded and verified
Files already downloaded and verified
Files already downloaded and verified
The whole epochs are 151

min_min_attack_simclr_return_loss_tensor_eot_v2: 6.9324631690979

min_min_attack_simclr_return_loss_tensor_eot_v2: 6.93197774887085

min_min_attack_simclr_return_loss_tensor_eot_v2: 6.948737621307373

min_min_attack_simclr_return_loss_tensor_eot_v2: 6.922386169433594

min_min_attack_simclr_return_loss_tensor_eot_v2: 6.913057804107666

min_min_attack_simclr_return_loss_tensor_eot_v2: 6.910911560058594

min_min_attack_simclr_return_loss_tensor_eot_v2: 6.920567512512207

min_min_attack_simclr_return_loss_tensor_eot_v2: 6.92244291305542

min_min_attack_simclr_return_loss_tensor_eot_v2: 6.9207892417907715

min_min_attack_simclr_return_loss_tensor_eot_v2: 6.926158905029297

min_min_attack_simclr_return_loss_tensor_eot_v2: 6.923349857330322

min_min_attack_simclr_return_loss_tensor_eot_v2: 6.931180000305176

min_min_attack_simclr_return_loss_tensor_eot_v2: 6.923791408538818

min_min_attack_simclr_return_loss_tensor_eot_v2: 6.931022644042969

min_min_attack_simclr_return_loss_tensor_eot_v2: 6.926041603088379

min_min_attack_simclr_return_loss_tensor_eot_v2: 6.9070634841918945

min_min_attack_simclr_return_loss_tensor_eot_v2: 6.9249162673950195

min_min_attack_simclr_return_loss_tensor_eot_v2: 6.928872585296631

min_min_attack_simclr_return_loss_tensor_eot_v2: 6.925551891326904

min_min_attack_simclr_return_loss_tensor_eot_v2: 6.918610572814941

min_min_attack_simclr_return_loss_tensor_eot_v2: 6.922917366027832

min_min_attack_simclr_return_loss_tensor_eot_v2: 6.91207218170166

min_min_attack_simclr_return_loss_tensor_eot_v2: 6.905777931213379

min_min_attack_simclr_return_loss_tensor_eot_v2: 6.930844783782959

min_min_attack_simclr_return_loss_tensor_eot_v2: 6.930942058563232

min_min_attack_simclr_return_loss_tensor_eot_v2: 6.916813850402832

min_min_attack_simclr_return_loss_tensor_eot_v2: 6.901275157928467

min_min_attack_simclr_return_loss_tensor_eot_v2: 6.913239479064941

min_min_attack_simclr_return_loss_tensor_eot_v2: 6.932660102844238

min_min_attack_simclr_return_loss_tensor_eot_v2: 6.905152797698975

min_min_attack_simclr_return_loss_tensor_eot_v2: 6.922591686248779

min_min_attack_simclr_return_loss_tensor_eot_v2: 6.916630744934082

min_min_attack_simclr_return_loss_tensor_eot_v2: 6.920770168304443

min_min_attack_simclr_return_loss_tensor_eot_v2: 6.923121929168701

min_min_attack_simclr_return_loss_tensor_eot_v2: 6.9132280349731445

min_min_attack_simclr_return_loss_tensor_eot_v2: 6.9106764793396

min_min_attack_simclr_return_loss_tensor_eot_v2: 6.923605442047119

min_min_attack_simclr_return_loss_tensor_eot_v2: 6.90856409072876

min_min_attack_simclr_return_loss_tensor_eot_v2: 6.925467014312744

min_min_attack_simclr_return_loss_tensor_eot_v2: 6.909071445465088

min_min_attack_simclr_return_loss_tensor_eot_v2: 6.911691188812256

min_min_attack_simclr_return_loss_tensor_eot_v2: 6.9145026206970215

min_min_attack_simclr_return_loss_tensor_eot_v2: 6.9263505935668945

min_min_attack_simclr_return_loss_tensor_eot_v2: 6.9296698570251465

min_min_attack_simclr_return_loss_tensor_eot_v2: 6.88845682144165

min_min_attack_simclr_return_loss_tensor_eot_v2: 6.9105401039123535

min_min_attack_simclr_return_loss_tensor_eot_v2: 6.9282145500183105

min_min_attack_simclr_return_loss_tensor_eot_v2: 6.905045986175537

min_min_attack_simclr_return_loss_tensor_eot_v2: 6.905124187469482

min_min_attack_simclr_return_loss_tensor_eot_v2: 6.894179821014404

min_min_attack_simclr_return_loss_tensor_eot_v2: 6.905246257781982

min_min_attack_simclr_return_loss_tensor_eot_v2: 6.907785892486572

min_min_attack_simclr_return_loss_tensor_eot_v2: 6.923314094543457

min_min_attack_simclr_return_loss_tensor_eot_v2: 6.896995544433594

min_min_attack_simclr_return_loss_tensor_eot_v2: 6.893747806549072

min_min_attack_simclr_return_loss_tensor_eot_v2: 6.896602630615234

min_min_attack_simclr_return_loss_tensor_eot_v2: 6.913656711578369

min_min_attack_simclr_return_loss_tensor_eot_v2: 6.894375801086426

min_min_attack_simclr_return_loss_tensor_eot_v2: 6.887889385223389

min_min_attack_simclr_return_loss_tensor_eot_v2: 6.896470069885254

min_min_attack_simclr_return_loss_tensor_eot_v2: 6.906864166259766

min_min_attack_simclr_return_loss_tensor_eot_v2: 6.892505168914795

min_min_attack_simclr_return_loss_tensor_eot_v2: 6.886695861816406

min_min_attack_simclr_return_loss_tensor_eot_v2: 6.895750522613525

min_min_attack_simclr_return_loss_tensor_eot_v2: 6.900088787078857

min_min_attack_simclr_return_loss_tensor_eot_v2: 6.906867980957031

min_min_attack_simclr_return_loss_tensor_eot_v2: 6.89107084274292

min_min_attack_simclr_return_loss_tensor_eot_v2: 6.902435302734375

min_min_attack_simclr_return_loss_tensor_eot_v2: 6.910585880279541

min_min_attack_simclr_return_loss_tensor_eot_v2: 6.89638090133667

min_min_attack_simclr_return_loss_tensor_eot_v2: 6.90002965927124

min_min_attack_simclr_return_loss_tensor_eot_v2: 6.886193752288818

min_min_attack_simclr_return_loss_tensor_eot_v2: 6.90596342086792

min_min_attack_simclr_return_loss_tensor_eot_v2: 6.90700626373291

min_min_attack_simclr_return_loss_tensor_eot_v2: 6.907498359680176

min_min_attack_simclr_return_loss_tensor_eot_v2: 6.908927917480469

min_min_attack_simclr_return_loss_tensor_eot_v2: 6.927703380584717

min_min_attack_simclr_return_loss_tensor_eot_v2: 6.910682201385498

min_min_attack_simclr_return_loss_tensor_eot_v2: 6.904908657073975

min_min_attack_simclr_return_loss_tensor_eot_v2: 6.894540309906006

min_min_attack_simclr_return_loss_tensor_eot_v2: 6.906369209289551

min_min_attack_simclr_return_loss_tensor_eot_v2: 6.910295009613037

min_min_attack_simclr_return_loss_tensor_eot_v2: 6.897956371307373

min_min_attack_simclr_return_loss_tensor_eot_v2: 6.8978190422058105

min_min_attack_simclr_return_loss_tensor_eot_v2: 6.9104437828063965

min_min_attack_simclr_return_loss_tensor_eot_v2: 6.893136024475098

min_min_attack_simclr_return_loss_tensor_eot_v2: 6.907924175262451

min_min_attack_simclr_return_loss_tensor_eot_v2: 6.893163204193115

min_min_attack_simclr_return_loss_tensor_eot_v2: 6.906534671783447

min_min_attack_simclr_return_loss_tensor_eot_v2: 6.912068843841553

min_min_attack_simclr_return_loss_tensor_eot_v2: 6.908609867095947

min_min_attack_simclr_return_loss_tensor_eot_v2: 6.901466369628906

min_min_attack_simclr_return_loss_tensor_eot_v2: 6.881103038787842

min_min_attack_simclr_return_loss_tensor_eot_v2: 6.890068054199219

min_min_attack_simclr_return_loss_tensor_eot_v2: 6.892027378082275

min_min_attack_simclr_return_loss_tensor_eot_v2: 6.91211462020874

min_min_attack_simclr_return_loss_tensor_eot_v2: 6.930850982666016

min_min_attack_simclr_return_loss_tensor_eot_v2: 6.486456394195557

min_min_attack_simclr_return_loss_tensor_eot_v2: 6.838489055633545

min_min_attack_simclr_return_loss_tensor_eot_v2: 6.785193920135498

min_min_attack_simclr_return_loss_tensor_eot_v2: 6.793127536773682

min_min_attack_simclr_return_loss_tensor_eot_v2: 6.863328456878662

min_min_attack_simclr_return_loss_tensor_eot_v2: 6.828128814697266

min_min_attack_simclr_return_loss_tensor_eot_v2: 6.808041572570801

min_min_attack_simclr_return_loss_tensor_eot_v2: 6.791230201721191

min_min_attack_simclr_return_loss_tensor_eot_v2: 6.754006862640381

min_min_attack_simclr_return_loss_tensor_eot_v2: 6.8335113525390625

min_min_attack_simclr_return_loss_tensor_eot_v2: 6.796423435211182

min_min_attack_simclr_return_loss_tensor_eot_v2: 6.767327308654785

min_min_attack_simclr_return_loss_tensor_eot_v2: 6.782638072967529

min_min_attack_simclr_return_loss_tensor_eot_v2: 6.809180736541748

min_min_attack_simclr_return_loss_tensor_eot_v2: 6.806128025054932

min_min_attack_simclr_return_loss_tensor_eot_v2: 6.7630295753479

min_min_attack_simclr_return_loss_tensor_eot_v2: 6.7987284660339355

min_min_attack_simclr_return_loss_tensor_eot_v2: 6.802595615386963

min_min_attack_simclr_return_loss_tensor_eot_v2: 6.81338357925415

min_min_attack_simclr_return_loss_tensor_eot_v2: 6.774959087371826

min_min_attack_simclr_return_loss_tensor_eot_v2: 6.778199195861816

min_min_attack_simclr_return_loss_tensor_eot_v2: 6.757379055023193

min_min_attack_simclr_return_loss_tensor_eot_v2: 6.781954288482666

min_min_attack_simclr_return_loss_tensor_eot_v2: 6.796824932098389

min_min_attack_simclr_return_loss_tensor_eot_v2: 6.789708137512207

min_min_attack_simclr_return_loss_tensor_eot_v2: 6.746514797210693

min_min_attack_simclr_return_loss_tensor_eot_v2: 6.717309474945068

min_min_attack_simclr_return_loss_tensor_eot_v2: 6.759031772613525

min_min_attack_simclr_return_loss_tensor_eot_v2: 6.7915263175964355

min_min_attack_simclr_return_loss_tensor_eot_v2: 6.784966468811035

min_min_attack_simclr_return_loss_tensor_eot_v2: 6.780548095703125

min_min_attack_simclr_return_loss_tensor_eot_v2: 6.750068664550781

min_min_attack_simclr_return_loss_tensor_eot_v2: 6.763749599456787

min_min_attack_simclr_return_loss_tensor_eot_v2: 6.775197505950928

min_min_attack_simclr_return_loss_tensor_eot_v2: 6.743152618408203

min_min_attack_simclr_return_loss_tensor_eot_v2: 6.803657054901123

min_min_attack_simclr_return_loss_tensor_eot_v2: 6.7615647315979

min_min_attack_simclr_return_loss_tensor_eot_v2: 6.7833757400512695

min_min_attack_simclr_return_loss_tensor_eot_v2: 6.7742743492126465

min_min_attack_simclr_return_loss_tensor_eot_v2: 6.769248962402344

min_min_attack_simclr_return_loss_tensor_eot_v2: 6.77174711227417

min_min_attack_simclr_return_loss_tensor_eot_v2: 6.786590099334717

min_min_attack_simclr_return_loss_tensor_eot_v2: 6.822542667388916

min_min_attack_simclr_return_loss_tensor_eot_v2: 6.771946907043457

min_min_attack_simclr_return_loss_tensor_eot_v2: 6.751791477203369

min_min_attack_simclr_return_loss_tensor_eot_v2: 6.779941082000732

min_min_attack_simclr_return_loss_tensor_eot_v2: 6.7756781578063965

min_min_attack_simclr_return_loss_tensor_eot_v2: 6.757820129394531

min_min_attack_simclr_return_loss_tensor_eot_v2: 6.779262065887451

min_min_attack_simclr_return_loss_tensor_eot_v2: 6.757152557373047

min_min_attack_simclr_return_loss_tensor_eot_v2: 6.782071113586426

min_min_attack_simclr_return_loss_tensor_eot_v2: 6.775096893310547

min_min_attack_simclr_return_loss_tensor_eot_v2: 6.7727251052856445

min_min_attack_simclr_return_loss_tensor_eot_v2: 6.752377510070801

min_min_attack_simclr_return_loss_tensor_eot_v2: 6.789180755615234

min_min_attack_simclr_return_loss_tensor_eot_v2: 6.735313415527344

min_min_attack_simclr_return_loss_tensor_eot_v2: 6.753593444824219

min_min_attack_simclr_return_loss_tensor_eot_v2: 6.755978584289551

min_min_attack_simclr_return_loss_tensor_eot_v2: 6.7846221923828125

min_min_attack_simclr_return_loss_tensor_eot_v2: 6.726451396942139

min_min_attack_simclr_return_loss_tensor_eot_v2: 6.7518205642700195

min_min_attack_simclr_return_loss_tensor_eot_v2: 6.783364772796631

min_min_attack_simclr_return_loss_tensor_eot_v2: 6.78151273727417

min_min_attack_simclr_return_loss_tensor_eot_v2: 6.77236270904541

min_min_attack_simclr_return_loss_tensor_eot_v2: 6.7525315284729

min_min_attack_simclr_return_loss_tensor_eot_v2: 6.744997501373291

min_min_attack_simclr_return_loss_tensor_eot_v2: 6.764549255371094

min_min_attack_simclr_return_loss_tensor_eot_v2: 6.741698741912842

min_min_attack_simclr_return_loss_tensor_eot_v2: 6.7743706703186035

min_min_attack_simclr_return_loss_tensor_eot_v2: 6.737636089324951

min_min_attack_simclr_return_loss_tensor_eot_v2: 6.757815837860107

min_min_attack_simclr_return_loss_tensor_eot_v2: 6.748939514160156

min_min_attack_simclr_return_loss_tensor_eot_v2: 6.774022579193115

min_min_attack_simclr_return_loss_tensor_eot_v2: 6.760872840881348

min_min_attack_simclr_return_loss_tensor_eot_v2: 6.780432224273682

min_min_attack_simclr_return_loss_tensor_eot_v2: 6.768731117248535

min_min_attack_simclr_return_loss_tensor_eot_v2: 6.79199743270874

min_min_attack_simclr_return_loss_tensor_eot_v2: 6.76653528213501

min_min_attack_simclr_return_loss_tensor_eot_v2: 6.747315883636475

min_min_attack_simclr_return_loss_tensor_eot_v2: 6.7526469230651855

min_min_attack_simclr_return_loss_tensor_eot_v2: 6.776588439941406

min_min_attack_simclr_return_loss_tensor_eot_v2: 6.78070068359375

min_min_attack_simclr_return_loss_tensor_eot_v2: 6.788128852844238

min_min_attack_simclr_return_loss_tensor_eot_v2: 6.787284851074219

min_min_attack_simclr_return_loss_tensor_eot_v2: 6.737908840179443

min_min_attack_simclr_return_loss_tensor_eot_v2: 6.739850044250488

min_min_attack_simclr_return_loss_tensor_eot_v2: 6.77590799331665

min_min_attack_simclr_return_loss_tensor_eot_v2: 6.744389533996582

min_min_attack_simclr_return_loss_tensor_eot_v2: 6.755082607269287

min_min_attack_simclr_return_loss_tensor_eot_v2: 6.780264377593994

min_min_attack_simclr_return_loss_tensor_eot_v2: 6.739335536956787

min_min_attack_simclr_return_loss_tensor_eot_v2: 6.776715278625488

min_min_attack_simclr_return_loss_tensor_eot_v2: 6.749438762664795

min_min_attack_simclr_return_loss_tensor_eot_v2: 6.7688212394714355

min_min_attack_simclr_return_loss_tensor_eot_v2: 6.741288661956787

min_min_attack_simclr_return_loss_tensor_eot_v2: 6.759202480316162

min_min_attack_simclr_return_loss_tensor_eot_v2: 6.772284984588623

min_min_attack_simclr_return_loss_tensor_eot_v2: 6.751368999481201

min_min_attack_simclr_return_loss_tensor_eot_v2: 6.334102630615234
